+ source /home/dminh/.bashrc
+++ /opt/packages/anaconda/anaconda3-2019.10/bin/conda shell.bash hook
++ __conda_setup='export CONDA_EXE='\''/opt/packages/anaconda/anaconda3-2019.10/bin/conda'\''
export _CE_M='\'''\''
export _CE_CONDA='\'''\''
export CONDA_PYTHON_EXE='\''/opt/packages/anaconda/anaconda3-2019.10/bin/python'\''

# Copyright (C) 2012 Anaconda, Inc
# SPDX-License-Identifier: BSD-3-Clause

__add_sys_prefix_to_path() {
    # In dev-mode CONDA_EXE is python.exe and on Windows
    # it is in a different relative location to condabin.
    if [ -n "${_CE_CONDA}" ] && [ -n "${WINDIR+x}" ]; then
        SYSP=$(\dirname "${CONDA_EXE}")
    else
        SYSP=$(\dirname "${CONDA_EXE}")
        SYSP=$(\dirname "${SYSP}")
    fi

    if [ -n "${WINDIR+x}" ]; then
        PATH="${SYSP}/bin:${PATH}"
        PATH="${SYSP}/Scripts:${PATH}"
        PATH="${SYSP}/Library/bin:${PATH}"
        PATH="${SYSP}/Library/usr/bin:${PATH}"
        PATH="${SYSP}/Library/mingw-w64/bin:${PATH}"
        PATH="${SYSP}:${PATH}"
    else
        PATH="${SYSP}/bin:${PATH}"
    fi
    \export PATH
}

__conda_hashr() {
    if [ -n "${ZSH_VERSION:+x}" ]; then
        \rehash
    elif [ -n "${POSH_VERSION:+x}" ]; then
        :  # pass
    else
        \hash -r
    fi
}

__conda_activate() {
    if [ -n "${CONDA_PS1_BACKUP:+x}" ]; then
        # Handle transition from shell activated with conda <= 4.3 to a subsequent activation
        # after conda updated to >= 4.4. See issue #6173.
        PS1="$CONDA_PS1_BACKUP"
        \unset CONDA_PS1_BACKUP
    fi

    \local cmd="$1"
    shift
    \local ask_conda
    OLDPATH="${PATH}"
    __add_sys_prefix_to_path
    ask_conda="$(PS1="$PS1" "$CONDA_EXE" $_CE_M $_CE_CONDA shell.posix "$cmd" "$@")" || \return $?
    PATH="${OLDPATH}"
    \eval "$ask_conda"
    __conda_hashr
}

__conda_reactivate() {
    \local ask_conda
    OLDPATH="${PATH}"
    __add_sys_prefix_to_path
    ask_conda="$(PS1="$PS1" "$CONDA_EXE" $_CE_M $_CE_CONDA shell.posix reactivate)" || \return $?
    PATH="${OLDPATH}"
    \eval "$ask_conda"
    __conda_hashr
}

conda() {
    if [ "$#" -lt 1 ]; then
        "$CONDA_EXE" $_CE_M $_CE_CONDA
    else
        \local cmd="$1"
        shift
        case "$cmd" in
            activate|deactivate)
                __conda_activate "$cmd" "$@"
                ;;
            install|update|upgrade|remove|uninstall)
                OLDPATH="${PATH}"
                __add_sys_prefix_to_path
                "$CONDA_EXE" $_CE_M $_CE_CONDA "$cmd" "$@"
                \local t1=$?
                PATH="${OLDPATH}"
                if [ $t1 = 0 ]; then
                    __conda_reactivate
                else
                    return $t1
                fi
                ;;
            *)
                OLDPATH="${PATH}"
                __add_sys_prefix_to_path
                "$CONDA_EXE" $_CE_M $_CE_CONDA "$cmd" "$@"
                \local t1=$?
                PATH="${OLDPATH}"
                return $t1
                ;;
        esac
    fi
}

if [ -z "${CONDA_SHLVL+x}" ]; then
    \export CONDA_SHLVL=0
    # In dev-mode CONDA_EXE is python.exe and on Windows
    # it is in a different relative location to condabin.
    if [ -n "${_CE_CONDA+x}" ] && [ -n "${WINDIR+x}" ]; then
        PATH="$(\dirname "$CONDA_EXE")/condabin${PATH:+":${PATH}"}"
    else
        PATH="$(\dirname "$(\dirname "$CONDA_EXE")")/condabin${PATH:+":${PATH}"}"
    fi
    \export PATH

    # We'\''re not allowing PS1 to be unbound. It must at least be set.
    # However, we'\''re not exporting it, which can cause problems when starting a second shell
    # via a first shell (i.e. starting zsh from bash).
    if [ -z "${PS1+x}" ]; then
        PS1=
    fi
fi


conda activate base'
++ '[' 0 -eq 0 ']'
++ eval 'export CONDA_EXE='\''/opt/packages/anaconda/anaconda3-2019.10/bin/conda'\''
export _CE_M='\'''\''
export _CE_CONDA='\'''\''
export CONDA_PYTHON_EXE='\''/opt/packages/anaconda/anaconda3-2019.10/bin/python'\''

# Copyright (C) 2012 Anaconda, Inc
# SPDX-License-Identifier: BSD-3-Clause

__add_sys_prefix_to_path() {
    # In dev-mode CONDA_EXE is python.exe and on Windows
    # it is in a different relative location to condabin.
    if [ -n "${_CE_CONDA}" ] && [ -n "${WINDIR+x}" ]; then
        SYSP=$(\dirname "${CONDA_EXE}")
    else
        SYSP=$(\dirname "${CONDA_EXE}")
        SYSP=$(\dirname "${SYSP}")
    fi

    if [ -n "${WINDIR+x}" ]; then
        PATH="${SYSP}/bin:${PATH}"
        PATH="${SYSP}/Scripts:${PATH}"
        PATH="${SYSP}/Library/bin:${PATH}"
        PATH="${SYSP}/Library/usr/bin:${PATH}"
        PATH="${SYSP}/Library/mingw-w64/bin:${PATH}"
        PATH="${SYSP}:${PATH}"
    else
        PATH="${SYSP}/bin:${PATH}"
    fi
    \export PATH
}

__conda_hashr() {
    if [ -n "${ZSH_VERSION:+x}" ]; then
        \rehash
    elif [ -n "${POSH_VERSION:+x}" ]; then
        :  # pass
    else
        \hash -r
    fi
}

__conda_activate() {
    if [ -n "${CONDA_PS1_BACKUP:+x}" ]; then
        # Handle transition from shell activated with conda <= 4.3 to a subsequent activation
        # after conda updated to >= 4.4. See issue #6173.
        PS1="$CONDA_PS1_BACKUP"
        \unset CONDA_PS1_BACKUP
    fi

    \local cmd="$1"
    shift
    \local ask_conda
    OLDPATH="${PATH}"
    __add_sys_prefix_to_path
    ask_conda="$(PS1="$PS1" "$CONDA_EXE" $_CE_M $_CE_CONDA shell.posix "$cmd" "$@")" || \return $?
    PATH="${OLDPATH}"
    \eval "$ask_conda"
    __conda_hashr
}

__conda_reactivate() {
    \local ask_conda
    OLDPATH="${PATH}"
    __add_sys_prefix_to_path
    ask_conda="$(PS1="$PS1" "$CONDA_EXE" $_CE_M $_CE_CONDA shell.posix reactivate)" || \return $?
    PATH="${OLDPATH}"
    \eval "$ask_conda"
    __conda_hashr
}

conda() {
    if [ "$#" -lt 1 ]; then
        "$CONDA_EXE" $_CE_M $_CE_CONDA
    else
        \local cmd="$1"
        shift
        case "$cmd" in
            activate|deactivate)
                __conda_activate "$cmd" "$@"
                ;;
            install|update|upgrade|remove|uninstall)
                OLDPATH="${PATH}"
                __add_sys_prefix_to_path
                "$CONDA_EXE" $_CE_M $_CE_CONDA "$cmd" "$@"
                \local t1=$?
                PATH="${OLDPATH}"
                if [ $t1 = 0 ]; then
                    __conda_reactivate
                else
                    return $t1
                fi
                ;;
            *)
                OLDPATH="${PATH}"
                __add_sys_prefix_to_path
                "$CONDA_EXE" $_CE_M $_CE_CONDA "$cmd" "$@"
                \local t1=$?
                PATH="${OLDPATH}"
                return $t1
                ;;
        esac
    fi
}

if [ -z "${CONDA_SHLVL+x}" ]; then
    \export CONDA_SHLVL=0
    # In dev-mode CONDA_EXE is python.exe and on Windows
    # it is in a different relative location to condabin.
    if [ -n "${_CE_CONDA+x}" ] && [ -n "${WINDIR+x}" ]; then
        PATH="$(\dirname "$CONDA_EXE")/condabin${PATH:+":${PATH}"}"
    else
        PATH="$(\dirname "$(\dirname "$CONDA_EXE")")/condabin${PATH:+":${PATH}"}"
    fi
    \export PATH

    # We'\''re not allowing PS1 to be unbound. It must at least be set.
    # However, we'\''re not exporting it, which can cause problems when starting a second shell
    # via a first shell (i.e. starting zsh from bash).
    if [ -z "${PS1+x}" ]; then
        PS1=
    fi
fi


conda activate base'
+++ export CONDA_EXE=/opt/packages/anaconda/anaconda3-2019.10/bin/conda
+++ CONDA_EXE=/opt/packages/anaconda/anaconda3-2019.10/bin/conda
+++ export _CE_M=
+++ _CE_M=
+++ export _CE_CONDA=
+++ _CE_CONDA=
+++ export CONDA_PYTHON_EXE=/opt/packages/anaconda/anaconda3-2019.10/bin/python
+++ CONDA_PYTHON_EXE=/opt/packages/anaconda/anaconda3-2019.10/bin/python
+++ '[' -z x ']'
+++ conda activate base
+++ '[' 2 -lt 1 ']'
+++ local cmd=activate
+++ shift
+++ case "$cmd" in
+++ __conda_activate activate base
+++ '[' -n '' ']'
+++ local cmd=activate
+++ shift
+++ local ask_conda
+++ OLDPATH=/home/dminh/.conda/envs/yank/bin:/opt/packages/anaconda/anaconda3-2019.10/condabin:/usr/lib64/qt-3.3/bin:/opt/packages/xdusage/2.1-1/bin:/opt/intel/advisor_2019.5.0.602216/bin64:/opt/intel/vtune_amplifier_2019.6.0.602217/bin64:/opt/intel/inspector_2019.5.0.602103/bin64:/opt/intel/itac/2019.5.041/intel64/bin:/opt/intel/clck/2019.5/bin/intel64:/opt/intel/compilers_and_libraries_2019.5.281/linux/bin/intel64:/opt/intel/compilers_and_libraries_2019.5.281/linux/mpi/intel64/libfabric/bin:/opt/intel/compilers_and_libraries_2019.5.281/linux/mpi/intel64/bin:/opt/intel/debugger_2019/gdb/intel64/bin:/opt/packages/slurm/default/bin:/opt/packages/allocations:/opt/packages/interact/bin:/usr/lib64/ccache:/usr/local/bin:/usr/bin:/usr/local/sbin:/usr/sbin:/opt/puppetlabs/puppet/bin:/opt/intel/parallel_studio_xe_2019.5.075/bin:/bin:/sbin:/opt/puppetlabs/bin
+++ __add_sys_prefix_to_path
+++ '[' -n '' ']'
++++ dirname /opt/packages/anaconda/anaconda3-2019.10/bin/conda
+++ SYSP=/opt/packages/anaconda/anaconda3-2019.10/bin
++++ dirname /opt/packages/anaconda/anaconda3-2019.10/bin
+++ SYSP=/opt/packages/anaconda/anaconda3-2019.10
+++ '[' -n '' ']'
+++ PATH=/opt/packages/anaconda/anaconda3-2019.10/bin:/home/dminh/.conda/envs/yank/bin:/opt/packages/anaconda/anaconda3-2019.10/condabin:/usr/lib64/qt-3.3/bin:/opt/packages/xdusage/2.1-1/bin:/opt/intel/advisor_2019.5.0.602216/bin64:/opt/intel/vtune_amplifier_2019.6.0.602217/bin64:/opt/intel/inspector_2019.5.0.602103/bin64:/opt/intel/itac/2019.5.041/intel64/bin:/opt/intel/clck/2019.5/bin/intel64:/opt/intel/compilers_and_libraries_2019.5.281/linux/bin/intel64:/opt/intel/compilers_and_libraries_2019.5.281/linux/mpi/intel64/libfabric/bin:/opt/intel/compilers_and_libraries_2019.5.281/linux/mpi/intel64/bin:/opt/intel/debugger_2019/gdb/intel64/bin:/opt/packages/slurm/default/bin:/opt/packages/allocations:/opt/packages/interact/bin:/usr/lib64/ccache:/usr/local/bin:/usr/bin:/usr/local/sbin:/usr/sbin:/opt/puppetlabs/puppet/bin:/opt/intel/parallel_studio_xe_2019.5.075/bin:/bin:/sbin:/opt/puppetlabs/bin
+++ export PATH
++++ PS1=
++++ /opt/packages/anaconda/anaconda3-2019.10/bin/conda shell.posix activate base
+++ ask_conda='export PATH='\''/opt/packages/anaconda/anaconda3-2019.10/bin:/opt/packages/anaconda/anaconda3-2019.10/condabin:/usr/lib64/qt-3.3/bin:/opt/packages/xdusage/2.1-1/bin:/opt/intel/advisor_2019.5.0.602216/bin64:/opt/intel/vtune_amplifier_2019.6.0.602217/bin64:/opt/intel/inspector_2019.5.0.602103/bin64:/opt/intel/itac/2019.5.041/intel64/bin:/opt/intel/clck/2019.5/bin/intel64:/opt/intel/compilers_and_libraries_2019.5.281/linux/bin/intel64:/opt/intel/compilers_and_libraries_2019.5.281/linux/mpi/intel64/libfabric/bin:/opt/intel/compilers_and_libraries_2019.5.281/linux/mpi/intel64/bin:/opt/intel/debugger_2019/gdb/intel64/bin:/opt/packages/slurm/default/bin:/opt/packages/allocations:/opt/packages/interact/bin:/usr/lib64/ccache:/usr/local/bin:/usr/bin:/usr/local/sbin:/usr/sbin:/opt/puppetlabs/puppet/bin:/opt/intel/parallel_studio_xe_2019.5.075/bin:/bin:/sbin:/opt/puppetlabs/bin'\''
. "/home/dminh/.conda/envs/yank/etc/conda/deactivate.d/ambertools.sh"
unset CONDA_PREFIX_1
PS1='\''(base) '\''
export CONDA_PREFIX='\''/opt/packages/anaconda/anaconda3-2019.10'\''
export CONDA_SHLVL='\''1'\''
export CONDA_DEFAULT_ENV='\''base'\''
export CONDA_PROMPT_MODIFIER='\''(base) '\''
export CONDA_EXE='\''/opt/packages/anaconda/anaconda3-2019.10/bin/conda'\''
export _CE_M='\'''\''
export _CE_CONDA='\'''\''
export CONDA_PYTHON_EXE='\''/opt/packages/anaconda/anaconda3-2019.10/bin/python'\'''
+++ PATH=/home/dminh/.conda/envs/yank/bin:/opt/packages/anaconda/anaconda3-2019.10/condabin:/usr/lib64/qt-3.3/bin:/opt/packages/xdusage/2.1-1/bin:/opt/intel/advisor_2019.5.0.602216/bin64:/opt/intel/vtune_amplifier_2019.6.0.602217/bin64:/opt/intel/inspector_2019.5.0.602103/bin64:/opt/intel/itac/2019.5.041/intel64/bin:/opt/intel/clck/2019.5/bin/intel64:/opt/intel/compilers_and_libraries_2019.5.281/linux/bin/intel64:/opt/intel/compilers_and_libraries_2019.5.281/linux/mpi/intel64/libfabric/bin:/opt/intel/compilers_and_libraries_2019.5.281/linux/mpi/intel64/bin:/opt/intel/debugger_2019/gdb/intel64/bin:/opt/packages/slurm/default/bin:/opt/packages/allocations:/opt/packages/interact/bin:/usr/lib64/ccache:/usr/local/bin:/usr/bin:/usr/local/sbin:/usr/sbin:/opt/puppetlabs/puppet/bin:/opt/intel/parallel_studio_xe_2019.5.075/bin:/bin:/sbin:/opt/puppetlabs/bin
+++ eval 'export PATH='\''/opt/packages/anaconda/anaconda3-2019.10/bin:/opt/packages/anaconda/anaconda3-2019.10/condabin:/usr/lib64/qt-3.3/bin:/opt/packages/xdusage/2.1-1/bin:/opt/intel/advisor_2019.5.0.602216/bin64:/opt/intel/vtune_amplifier_2019.6.0.602217/bin64:/opt/intel/inspector_2019.5.0.602103/bin64:/opt/intel/itac/2019.5.041/intel64/bin:/opt/intel/clck/2019.5/bin/intel64:/opt/intel/compilers_and_libraries_2019.5.281/linux/bin/intel64:/opt/intel/compilers_and_libraries_2019.5.281/linux/mpi/intel64/libfabric/bin:/opt/intel/compilers_and_libraries_2019.5.281/linux/mpi/intel64/bin:/opt/intel/debugger_2019/gdb/intel64/bin:/opt/packages/slurm/default/bin:/opt/packages/allocations:/opt/packages/interact/bin:/usr/lib64/ccache:/usr/local/bin:/usr/bin:/usr/local/sbin:/usr/sbin:/opt/puppetlabs/puppet/bin:/opt/intel/parallel_studio_xe_2019.5.075/bin:/bin:/sbin:/opt/puppetlabs/bin'\''
. "/home/dminh/.conda/envs/yank/etc/conda/deactivate.d/ambertools.sh"
unset CONDA_PREFIX_1
PS1='\''(base) '\''
export CONDA_PREFIX='\''/opt/packages/anaconda/anaconda3-2019.10'\''
export CONDA_SHLVL='\''1'\''
export CONDA_DEFAULT_ENV='\''base'\''
export CONDA_PROMPT_MODIFIER='\''(base) '\''
export CONDA_EXE='\''/opt/packages/anaconda/anaconda3-2019.10/bin/conda'\''
export _CE_M='\'''\''
export _CE_CONDA='\'''\''
export CONDA_PYTHON_EXE='\''/opt/packages/anaconda/anaconda3-2019.10/bin/python'\'''
++++ export PATH=/opt/packages/anaconda/anaconda3-2019.10/bin:/opt/packages/anaconda/anaconda3-2019.10/condabin:/usr/lib64/qt-3.3/bin:/opt/packages/xdusage/2.1-1/bin:/opt/intel/advisor_2019.5.0.602216/bin64:/opt/intel/vtune_amplifier_2019.6.0.602217/bin64:/opt/intel/inspector_2019.5.0.602103/bin64:/opt/intel/itac/2019.5.041/intel64/bin:/opt/intel/clck/2019.5/bin/intel64:/opt/intel/compilers_and_libraries_2019.5.281/linux/bin/intel64:/opt/intel/compilers_and_libraries_2019.5.281/linux/mpi/intel64/libfabric/bin:/opt/intel/compilers_and_libraries_2019.5.281/linux/mpi/intel64/bin:/opt/intel/debugger_2019/gdb/intel64/bin:/opt/packages/slurm/default/bin:/opt/packages/allocations:/opt/packages/interact/bin:/usr/lib64/ccache:/usr/local/bin:/usr/bin:/usr/local/sbin:/usr/sbin:/opt/puppetlabs/puppet/bin:/opt/intel/parallel_studio_xe_2019.5.075/bin:/bin:/sbin:/opt/puppetlabs/bin
++++ PATH=/opt/packages/anaconda/anaconda3-2019.10/bin:/opt/packages/anaconda/anaconda3-2019.10/condabin:/usr/lib64/qt-3.3/bin:/opt/packages/xdusage/2.1-1/bin:/opt/intel/advisor_2019.5.0.602216/bin64:/opt/intel/vtune_amplifier_2019.6.0.602217/bin64:/opt/intel/inspector_2019.5.0.602103/bin64:/opt/intel/itac/2019.5.041/intel64/bin:/opt/intel/clck/2019.5/bin/intel64:/opt/intel/compilers_and_libraries_2019.5.281/linux/bin/intel64:/opt/intel/compilers_and_libraries_2019.5.281/linux/mpi/intel64/libfabric/bin:/opt/intel/compilers_and_libraries_2019.5.281/linux/mpi/intel64/bin:/opt/intel/debugger_2019/gdb/intel64/bin:/opt/packages/slurm/default/bin:/opt/packages/allocations:/opt/packages/interact/bin:/usr/lib64/ccache:/usr/local/bin:/usr/bin:/usr/local/sbin:/usr/sbin:/opt/puppetlabs/puppet/bin:/opt/intel/parallel_studio_xe_2019.5.075/bin:/bin:/sbin:/opt/puppetlabs/bin
++++ . /home/dminh/.conda/envs/yank/etc/conda/deactivate.d/ambertools.sh
+++++ unset AMBERHOME
++++ unset CONDA_PREFIX_1
++++ PS1='(base) '
++++ export CONDA_PREFIX=/opt/packages/anaconda/anaconda3-2019.10
++++ CONDA_PREFIX=/opt/packages/anaconda/anaconda3-2019.10
++++ export CONDA_SHLVL=1
++++ CONDA_SHLVL=1
++++ export CONDA_DEFAULT_ENV=base
++++ CONDA_DEFAULT_ENV=base
++++ export 'CONDA_PROMPT_MODIFIER=(base) '
++++ CONDA_PROMPT_MODIFIER='(base) '
++++ export CONDA_EXE=/opt/packages/anaconda/anaconda3-2019.10/bin/conda
++++ CONDA_EXE=/opt/packages/anaconda/anaconda3-2019.10/bin/conda
++++ export _CE_M=
++++ _CE_M=
++++ export _CE_CONDA=
++++ _CE_CONDA=
++++ export CONDA_PYTHON_EXE=/opt/packages/anaconda/anaconda3-2019.10/bin/python
++++ CONDA_PYTHON_EXE=/opt/packages/anaconda/anaconda3-2019.10/bin/python
+++ __conda_hashr
+++ '[' -n '' ']'
+++ '[' -n '' ']'
+++ hash -r
++ unset __conda_setup
+ module load anaconda3
++ /usr/bin/modulecmd bash load anaconda3
+ eval _CE_CONDA= ';export' '_CE_CONDA;_CE_M=' ';export' '_CE_M;'
++ _CE_CONDA=
++ export _CE_CONDA
++ _CE_M=
++ export _CE_M
+ conda activate yank
+ '[' 2 -lt 1 ']'
+ local cmd=activate
+ shift
+ case "$cmd" in
+ __conda_activate activate yank
+ '[' -n '' ']'
+ local cmd=activate
+ shift
+ local ask_conda
+ OLDPATH=/opt/packages/anaconda/anaconda3-2019.10/bin:/opt/packages/anaconda/anaconda3-2019.10/condabin:/usr/lib64/qt-3.3/bin:/opt/packages/xdusage/2.1-1/bin:/opt/intel/advisor_2019.5.0.602216/bin64:/opt/intel/vtune_amplifier_2019.6.0.602217/bin64:/opt/intel/inspector_2019.5.0.602103/bin64:/opt/intel/itac/2019.5.041/intel64/bin:/opt/intel/clck/2019.5/bin/intel64:/opt/intel/compilers_and_libraries_2019.5.281/linux/bin/intel64:/opt/intel/compilers_and_libraries_2019.5.281/linux/mpi/intel64/libfabric/bin:/opt/intel/compilers_and_libraries_2019.5.281/linux/mpi/intel64/bin:/opt/intel/debugger_2019/gdb/intel64/bin:/opt/packages/slurm/default/bin:/opt/packages/allocations:/opt/packages/interact/bin:/usr/lib64/ccache:/usr/local/bin:/usr/bin:/usr/local/sbin:/usr/sbin:/opt/puppetlabs/puppet/bin:/opt/intel/parallel_studio_xe_2019.5.075/bin:/bin:/sbin:/opt/puppetlabs/bin
+ __add_sys_prefix_to_path
+ '[' -n '' ']'
++ dirname /opt/packages/anaconda/anaconda3-2019.10/bin/conda
+ SYSP=/opt/packages/anaconda/anaconda3-2019.10/bin
++ dirname /opt/packages/anaconda/anaconda3-2019.10/bin
+ SYSP=/opt/packages/anaconda/anaconda3-2019.10
+ '[' -n '' ']'
+ PATH=/opt/packages/anaconda/anaconda3-2019.10/bin:/opt/packages/anaconda/anaconda3-2019.10/bin:/opt/packages/anaconda/anaconda3-2019.10/condabin:/usr/lib64/qt-3.3/bin:/opt/packages/xdusage/2.1-1/bin:/opt/intel/advisor_2019.5.0.602216/bin64:/opt/intel/vtune_amplifier_2019.6.0.602217/bin64:/opt/intel/inspector_2019.5.0.602103/bin64:/opt/intel/itac/2019.5.041/intel64/bin:/opt/intel/clck/2019.5/bin/intel64:/opt/intel/compilers_and_libraries_2019.5.281/linux/bin/intel64:/opt/intel/compilers_and_libraries_2019.5.281/linux/mpi/intel64/libfabric/bin:/opt/intel/compilers_and_libraries_2019.5.281/linux/mpi/intel64/bin:/opt/intel/debugger_2019/gdb/intel64/bin:/opt/packages/slurm/default/bin:/opt/packages/allocations:/opt/packages/interact/bin:/usr/lib64/ccache:/usr/local/bin:/usr/bin:/usr/local/sbin:/usr/sbin:/opt/puppetlabs/puppet/bin:/opt/intel/parallel_studio_xe_2019.5.075/bin:/bin:/sbin:/opt/puppetlabs/bin
+ export PATH
++ PS1='(base) '
++ /opt/packages/anaconda/anaconda3-2019.10/bin/conda shell.posix activate yank
+ ask_conda='PS1='\''(yank) '\''
export PATH='\''/home/dminh/.conda/envs/yank/bin:/opt/packages/anaconda/anaconda3-2019.10/condabin:/usr/lib64/qt-3.3/bin:/opt/packages/xdusage/2.1-1/bin:/opt/intel/advisor_2019.5.0.602216/bin64:/opt/intel/vtune_amplifier_2019.6.0.602217/bin64:/opt/intel/inspector_2019.5.0.602103/bin64:/opt/intel/itac/2019.5.041/intel64/bin:/opt/intel/clck/2019.5/bin/intel64:/opt/intel/compilers_and_libraries_2019.5.281/linux/bin/intel64:/opt/intel/compilers_and_libraries_2019.5.281/linux/mpi/intel64/libfabric/bin:/opt/intel/compilers_and_libraries_2019.5.281/linux/mpi/intel64/bin:/opt/intel/debugger_2019/gdb/intel64/bin:/opt/packages/slurm/default/bin:/opt/packages/allocations:/opt/packages/interact/bin:/usr/lib64/ccache:/usr/local/bin:/usr/bin:/usr/local/sbin:/usr/sbin:/opt/puppetlabs/puppet/bin:/opt/intel/parallel_studio_xe_2019.5.075/bin:/bin:/sbin:/opt/puppetlabs/bin'\''
export CONDA_PREFIX='\''/home/dminh/.conda/envs/yank'\''
export CONDA_SHLVL='\''2'\''
export CONDA_DEFAULT_ENV='\''yank'\''
export CONDA_PROMPT_MODIFIER='\''(yank) '\''
export CONDA_EXE='\''/opt/packages/anaconda/anaconda3-2019.10/bin/conda'\''
export _CE_M='\'''\''
export _CE_CONDA='\'''\''
export CONDA_PYTHON_EXE='\''/opt/packages/anaconda/anaconda3-2019.10/bin/python'\''
export CONDA_PREFIX_1='\''/opt/packages/anaconda/anaconda3-2019.10'\''
. "/home/dminh/.conda/envs/yank/etc/conda/activate.d/ambertools.sh"'
+ PATH=/opt/packages/anaconda/anaconda3-2019.10/bin:/opt/packages/anaconda/anaconda3-2019.10/condabin:/usr/lib64/qt-3.3/bin:/opt/packages/xdusage/2.1-1/bin:/opt/intel/advisor_2019.5.0.602216/bin64:/opt/intel/vtune_amplifier_2019.6.0.602217/bin64:/opt/intel/inspector_2019.5.0.602103/bin64:/opt/intel/itac/2019.5.041/intel64/bin:/opt/intel/clck/2019.5/bin/intel64:/opt/intel/compilers_and_libraries_2019.5.281/linux/bin/intel64:/opt/intel/compilers_and_libraries_2019.5.281/linux/mpi/intel64/libfabric/bin:/opt/intel/compilers_and_libraries_2019.5.281/linux/mpi/intel64/bin:/opt/intel/debugger_2019/gdb/intel64/bin:/opt/packages/slurm/default/bin:/opt/packages/allocations:/opt/packages/interact/bin:/usr/lib64/ccache:/usr/local/bin:/usr/bin:/usr/local/sbin:/usr/sbin:/opt/puppetlabs/puppet/bin:/opt/intel/parallel_studio_xe_2019.5.075/bin:/bin:/sbin:/opt/puppetlabs/bin
+ eval 'PS1='\''(yank) '\''
export PATH='\''/home/dminh/.conda/envs/yank/bin:/opt/packages/anaconda/anaconda3-2019.10/condabin:/usr/lib64/qt-3.3/bin:/opt/packages/xdusage/2.1-1/bin:/opt/intel/advisor_2019.5.0.602216/bin64:/opt/intel/vtune_amplifier_2019.6.0.602217/bin64:/opt/intel/inspector_2019.5.0.602103/bin64:/opt/intel/itac/2019.5.041/intel64/bin:/opt/intel/clck/2019.5/bin/intel64:/opt/intel/compilers_and_libraries_2019.5.281/linux/bin/intel64:/opt/intel/compilers_and_libraries_2019.5.281/linux/mpi/intel64/libfabric/bin:/opt/intel/compilers_and_libraries_2019.5.281/linux/mpi/intel64/bin:/opt/intel/debugger_2019/gdb/intel64/bin:/opt/packages/slurm/default/bin:/opt/packages/allocations:/opt/packages/interact/bin:/usr/lib64/ccache:/usr/local/bin:/usr/bin:/usr/local/sbin:/usr/sbin:/opt/puppetlabs/puppet/bin:/opt/intel/parallel_studio_xe_2019.5.075/bin:/bin:/sbin:/opt/puppetlabs/bin'\''
export CONDA_PREFIX='\''/home/dminh/.conda/envs/yank'\''
export CONDA_SHLVL='\''2'\''
export CONDA_DEFAULT_ENV='\''yank'\''
export CONDA_PROMPT_MODIFIER='\''(yank) '\''
export CONDA_EXE='\''/opt/packages/anaconda/anaconda3-2019.10/bin/conda'\''
export _CE_M='\'''\''
export _CE_CONDA='\'''\''
export CONDA_PYTHON_EXE='\''/opt/packages/anaconda/anaconda3-2019.10/bin/python'\''
export CONDA_PREFIX_1='\''/opt/packages/anaconda/anaconda3-2019.10'\''
. "/home/dminh/.conda/envs/yank/etc/conda/activate.d/ambertools.sh"'
++ PS1='(yank) '
++ export PATH=/home/dminh/.conda/envs/yank/bin:/opt/packages/anaconda/anaconda3-2019.10/condabin:/usr/lib64/qt-3.3/bin:/opt/packages/xdusage/2.1-1/bin:/opt/intel/advisor_2019.5.0.602216/bin64:/opt/intel/vtune_amplifier_2019.6.0.602217/bin64:/opt/intel/inspector_2019.5.0.602103/bin64:/opt/intel/itac/2019.5.041/intel64/bin:/opt/intel/clck/2019.5/bin/intel64:/opt/intel/compilers_and_libraries_2019.5.281/linux/bin/intel64:/opt/intel/compilers_and_libraries_2019.5.281/linux/mpi/intel64/libfabric/bin:/opt/intel/compilers_and_libraries_2019.5.281/linux/mpi/intel64/bin:/opt/intel/debugger_2019/gdb/intel64/bin:/opt/packages/slurm/default/bin:/opt/packages/allocations:/opt/packages/interact/bin:/usr/lib64/ccache:/usr/local/bin:/usr/bin:/usr/local/sbin:/usr/sbin:/opt/puppetlabs/puppet/bin:/opt/intel/parallel_studio_xe_2019.5.075/bin:/bin:/sbin:/opt/puppetlabs/bin
++ PATH=/home/dminh/.conda/envs/yank/bin:/opt/packages/anaconda/anaconda3-2019.10/condabin:/usr/lib64/qt-3.3/bin:/opt/packages/xdusage/2.1-1/bin:/opt/intel/advisor_2019.5.0.602216/bin64:/opt/intel/vtune_amplifier_2019.6.0.602217/bin64:/opt/intel/inspector_2019.5.0.602103/bin64:/opt/intel/itac/2019.5.041/intel64/bin:/opt/intel/clck/2019.5/bin/intel64:/opt/intel/compilers_and_libraries_2019.5.281/linux/bin/intel64:/opt/intel/compilers_and_libraries_2019.5.281/linux/mpi/intel64/libfabric/bin:/opt/intel/compilers_and_libraries_2019.5.281/linux/mpi/intel64/bin:/opt/intel/debugger_2019/gdb/intel64/bin:/opt/packages/slurm/default/bin:/opt/packages/allocations:/opt/packages/interact/bin:/usr/lib64/ccache:/usr/local/bin:/usr/bin:/usr/local/sbin:/usr/sbin:/opt/puppetlabs/puppet/bin:/opt/intel/parallel_studio_xe_2019.5.075/bin:/bin:/sbin:/opt/puppetlabs/bin
++ export CONDA_PREFIX=/home/dminh/.conda/envs/yank
++ CONDA_PREFIX=/home/dminh/.conda/envs/yank
++ export CONDA_SHLVL=2
++ CONDA_SHLVL=2
++ export CONDA_DEFAULT_ENV=yank
++ CONDA_DEFAULT_ENV=yank
++ export 'CONDA_PROMPT_MODIFIER=(yank) '
++ CONDA_PROMPT_MODIFIER='(yank) '
++ export CONDA_EXE=/opt/packages/anaconda/anaconda3-2019.10/bin/conda
++ CONDA_EXE=/opt/packages/anaconda/anaconda3-2019.10/bin/conda
++ export _CE_M=
++ _CE_M=
++ export _CE_CONDA=
++ _CE_CONDA=
++ export CONDA_PYTHON_EXE=/opt/packages/anaconda/anaconda3-2019.10/bin/python
++ CONDA_PYTHON_EXE=/opt/packages/anaconda/anaconda3-2019.10/bin/python
++ export CONDA_PREFIX_1=/opt/packages/anaconda/anaconda3-2019.10
++ CONDA_PREFIX_1=/opt/packages/anaconda/anaconda3-2019.10
++ . /home/dminh/.conda/envs/yank/etc/conda/activate.d/ambertools.sh
+++ export AMBERHOME=/home/dminh/.conda/envs/yank
+++ AMBERHOME=/home/dminh/.conda/envs/yank
+ __conda_hashr
+ '[' -n '' ']'
+ '[' -n '' ']'
+ hash -r
+ cd /pylon5/mc4s8bp/dminh/3cl-pro/YANK_GAFF/yaml
+ yank script -y MPro_ZINC000002015152.yaml
2020-03-24 22:43:41,678: Setting CUDA platform to use precision model 'mixed'.
2020-03-24 22:43:41,815: Node 1/1: executing <function ExperimentBuilder._check_resume at 0x7f341c350f80>
2020-03-24 22:43:41,828: Node 1/1: waiting for barrier after <function ExperimentBuilder._check_resume at 0x7f341c350f80>
2020-03-24 22:43:41,862: Node 1/1: waiting for barrier after _setup_molecules
2020-03-24 22:43:41,882: Node 1/1: waiting for barrier after get_system
2020-03-24 22:43:41,884: Group 1/1 Node 1/1: execute _generate_experiment_protocol(('', {'system': 'rec-lig', 'protocol': 'absolute-binding', 'restraint': {'type': 'Harmonic'}}))
2020-03-24 22:43:41,890: DSL string for the ligand: "resname UNL"
2020-03-24 22:43:41,891: DSL string for the solvent: "auto"
2020-03-24 22:43:41,892: Reading phase complex
2020-03-24 22:43:41,892: prmtop: ../output_GAFF/ZINC000002015152/setup/systems/rec-lig/complex.prmtop
2020-03-24 22:43:41,892: inpcrd: ../output_GAFF/ZINC000002015152/setup/systems/rec-lig/complex.inpcrd
2020-03-24 22:43:58,564: Node 1/1: executing <function find_alchemical_counterions at 0x7f7047749cb0>
2020-03-24 22:43:58,570: ligand_atoms net charge: 0
2020-03-24 22:43:58,570: Node 1/1: waiting for broadcast of <function find_alchemical_counterions at 0x7f7047749cb0>
2020-03-24 22:43:58,572: WARNING - openmmtools.multistate.multistatesampler - Warning: The openmmtools.multistate API is experimental and may change in future releases
2020-03-24 22:43:58,573: Reading phase solvent
2020-03-24 22:43:58,574: prmtop: ../output_GAFF/ZINC000002015152/setup/systems/rec-lig/solvent.prmtop
2020-03-24 22:43:58,574: inpcrd: ../output_GAFF/ZINC000002015152/setup/systems/rec-lig/solvent.inpcrd
2020-03-24 22:43:59,682: Node 1/1: executing <function find_alchemical_counterions at 0x7f7047749cb0>
2020-03-24 22:43:59,684: solute_atoms net charge: 0
2020-03-24 22:43:59,684: Node 1/1: waiting for broadcast of <function find_alchemical_counterions at 0x7f7047749cb0>
2020-03-24 22:43:59,685: WARNING - openmmtools.multistate.multistatesampler - Warning: The openmmtools.multistate API is experimental and may change in future releases
2020-03-24 22:43:59,685: Node 1/1: executing <function ExperimentBuilder._save_analysis_script at 0x7f341c2c97a0>
2020-03-24 22:43:59,688: Generating alchemical path for .complex
2020-03-24 22:44:06,578: Creating receptor-ligand restraints...
2020-03-24 22:44:06,578: There are undefined restraint parameters. Trying automatic parametrization.
2020-03-24 22:44:06,579: Restraint Harmonic: Automatically picked restrained ligand_atoms atom: ligand_atoms
2020-03-24 22:44:06,591: Restraint Harmonic: Automatically picked restrained receptor_atoms atom: receptor_atoms
2020-03-24 22:44:06,602: Spring constant sigma, s = 0.763 nm
2020-03-24 22:44:06,602: K = 0.0 kcal/mol/A^2
2020-03-24 22:44:15,246: Standard state correction: 1.437 kT
2020-03-24 22:44:15,246: Restraint Harmonic: Computing standard state correction took    0.005s
2020-03-24 22:44:15,246: Creating alchemically-modified states...
2020-03-24 22:44:17,994: Dictionary of interacting alchemical regions: frozenset()
2020-03-24 22:44:17,994: Using 1 alchemical regions
2020-03-24 22:44:32,907: Adding steric interaction groups between  and the environment.
2020-03-24 22:44:32,927: Adding a steric interaction group between group  and .
2020-03-24 22:44:35,094: Create alchemically modified system took   17.092s
2020-03-24 22:45:01,059: Creating expanded cutoff states...
2020-03-24 22:45:04,312: Setting cutoff for fully interacting system to 16 A. The minimum box dimension is 11.462461500000002 nm.
2020-03-24 22:45:34,199: Setting cutoff for fully interacting system to 16 A. The minimum box dimension is 11.462461500000002 nm.
2020-03-24 22:45:48,512: Creating sampler object...
2020-03-24 22:45:48,516: Node 1/1: executing <bound method ExperimentBuilder._generate_experiment_protocol.<locals>.DummyReporter.nothing of <yank.experiment.ExperimentBuilder._generate_experiment_protocol.<locals>.DummyReporter object at 0x7f341bd88350>>
2020-03-24 22:45:48,518: Node 1/1: waiting for broadcast of <bound method ExperimentBuilder._generate_experiment_protocol.<locals>.DummyReporter.nothing of <yank.experiment.ExperimentBuilder._generate_experiment_protocol.<locals>.DummyReporter object at 0x7f341bd88350>>
2020-03-24 22:45:48,536: Node 1/1: executing <function ReplicaExchangeSampler._display_citations at 0x7f341e2a2050>
2020-03-24 22:45:48,540: Node 1/1: executing <function MultiStateSampler._display_citations at 0x7f341e345440>
2020-03-24 22:45:48,542: Node 1/1: executing <function MultiStateSampler._initialize_reporter at 0x7f341e345710>
2020-03-24 22:45:48,544: Storing general ReplicaExchange options...
2020-03-24 22:45:48,560: Node 1/1: executing <function MultiStateSampler._report_iteration at 0x7f341e345830>
2020-03-24 22:45:48,561: Node 1/1: executing <function MultiStateSampler._report_iteration_items at 0x7f341e345b00>
2020-03-24 22:45:48,561: Writing iteration information to storage took    0.000s
2020-03-24 22:45:48,561: Node 1/1: waiting for barrier after <function MultiStateSampler._initialize_reporter at 0x7f341e345710>
2020-03-24 22:45:49,651: Minimizing 1 sampler states in the reference thermodynamic state
2020-03-24 22:45:49,651: Node 1/1: execute _minimize_sampler_state(0)
2020-03-24 22:46:05,671: Sampler state 1/1: initial energy -643084.721kT
2020-03-24 22:46:05,673: Using FIRE: tolerance 1.0 kJ/(nm mol) max_iterations 1000
2020-03-24 22:46:06,257: Sampler state 1/1: final energy -645115.593kT
2020-03-24 22:46:06,398: Node 1/1: allgather results of _minimize_sampler_state
2020-03-24 22:46:06,408: Node 1/1: executing <bound method ExperimentBuilder._generate_experiment_protocol.<locals>.DummyReporter.nothing of <yank.experiment.ExperimentBuilder._generate_experiment_protocol.<locals>.DummyReporter object at 0x7f341bd88350>>
2020-03-24 22:46:06,408: Minimizing all replicas...
2020-03-24 22:46:06,408: Node 1/1: execute _minimize_replica(0)
