2020-04-02 16:13:47,314 - DEBUG - yank.experiment - DSL string for the ligand: "resname LIG"
2020-04-02 16:13:47,314 - DEBUG - yank.experiment - DSL string for the solvent: "resname HOH or resname NA or resname CL"
2020-04-02 16:13:47,315 - INFO - yank.experiment - Reading phase complex
2020-04-02 16:13:47,315 - DEBUG - yank.pipeline - prmtop: ../complexes/0-build/ZINC000013985228_complex.prmtop
2020-04-02 16:13:47,315 - DEBUG - yank.pipeline - inpcrd: ../complexes/1-equilibrate/ZINC000013985228_complex.inpcrd
2020-04-02 16:14:06,756 - DEBUG - mpiplus.mpiplus - Single node: executing <function find_alchemical_counterions at 0x2b7b406f4a70>
2020-04-02 16:14:06,762 - DEBUG - yank.pipeline - ligand_atoms net charge: 0
2020-04-02 16:14:06,766 - WARNING - openmmtools.multistate.multistatesampler - Warning: The openmmtools.multistate API is experimental and may change in future releases
2020-04-02 16:14:06,767 - INFO - yank.experiment - Reading phase solvent
2020-04-02 16:14:06,767 - DEBUG - yank.pipeline - prmtop: ../ligands/0-build/ZINC000013985228_solv.prmtop
2020-04-02 16:14:06,767 - DEBUG - yank.pipeline - inpcrd: ../ligands/1-equilibrate/ZINC000013985228_solv.inpcrd
2020-04-02 16:14:07,636 - DEBUG - mpiplus.mpiplus - Single node: executing <function find_alchemical_counterions at 0x2b7b406f4a70>
2020-04-02 16:14:07,638 - DEBUG - yank.pipeline - solute_atoms net charge: 0
2020-04-02 16:14:07,640 - WARNING - openmmtools.multistate.multistatesampler - Warning: The openmmtools.multistate API is experimental and may change in future releases
2020-04-02 16:14:07,640 - DEBUG - mpiplus.mpiplus - Single node: executing <function ExperimentBuilder._save_analysis_script at 0x2b7b4ba883b0>
2020-04-02 16:14:07,643 - DEBUG - yank.experiment - Generating alchemical path for .complex
2020-04-02 16:14:15,373 - DEBUG - yank.yank - Creating receptor-ligand restraints...
2020-04-02 16:14:15,374 - DEBUG - yank.yank - There are undefined restraint parameters. Trying automatic parametrization.
2020-04-02 16:14:15,375 - DEBUG - yank.restraints - Restraint Harmonic: Automatically picked restrained ligand_atoms atom: ligand_atoms
2020-04-02 16:14:15,386 - DEBUG - yank.restraints - Restraint Harmonic: Automatically picked restrained receptor_atoms atom: receptor_atoms
2020-04-02 16:14:15,397 - DEBUG - yank.restraints - Spring constant sigma, s = 0.806 nm
2020-04-02 16:14:15,397 - DEBUG - yank.restraints - K = 0.0 kcal/mol/A^2
2020-04-02 16:14:25,246 - DEBUG - yank.restraints - Standard state correction: 1.604 kT
2020-04-02 16:14:25,247 - DEBUG - openmmtools.utils - Restraint Harmonic: Computing standard state correction took    0.017s
2020-04-02 16:14:25,248 - DEBUG - yank.yank - Creating alchemically-modified states...
2020-04-02 16:14:28,382 - DEBUG - openmmtools.alchemy - Dictionary of interacting alchemical regions: frozenset()
2020-04-02 16:14:28,382 - DEBUG - openmmtools.alchemy - Using 1 alchemical regions
2020-04-02 16:14:47,530 - DEBUG - openmmtools.alchemy - Adding steric interaction groups between  and the environment.
2020-04-02 16:14:47,550 - DEBUG - openmmtools.alchemy - Adding a steric interaction group between group  and .
2020-04-02 16:14:50,758 - DEBUG - openmmtools.utils - Create alchemically modified system took   22.368s
2020-04-02 16:15:17,100 - DEBUG - yank.yank - Creating expanded cutoff states...
2020-04-02 16:15:20,291 - DEBUG - yank.yank - Setting cutoff for fully interacting system to 16 A. The minimum box dimension is 8.01789703 nm.
2020-04-02 16:15:50,025 - DEBUG - yank.yank - Setting cutoff for fully interacting system to 16 A. The minimum box dimension is 8.01789703 nm.
2020-04-02 16:16:03,911 - DEBUG - yank.yank - Creating sampler object...
2020-04-02 16:16:03,914 - DEBUG - mpiplus.mpiplus - Single node: executing <bound method ExperimentBuilder._generate_experiment_protocol.<locals>.DummyReporter.nothing of <yank.experiment.ExperimentBuilder._generate_experiment_protocol.<locals>.DummyReporter object at 0x2b7b5701bdd0>>
2020-04-02 16:16:03,929 - DEBUG - mpiplus.mpiplus - Single node: executing <function ReplicaExchangeSampler._display_citations at 0x2b7b49376b00>
2020-04-02 16:16:03,932 - DEBUG - mpiplus.mpiplus - Single node: executing <function MultiStateSampler._display_citations at 0x2b7b49316ef0>
2020-04-02 16:16:03,934 - DEBUG - mpiplus.mpiplus - Single node: executing <function MultiStateSampler._initialize_reporter at 0x2b7b4931a200>
2020-04-02 16:16:03,938 - DEBUG - openmmtools.multistate.multistatesampler - Storing general ReplicaExchange options...
2020-04-02 16:16:03,940 - DEBUG - mpiplus.mpiplus - Single node: executing <function MultiStateSampler._report_iteration at 0x2b7b4931a320>
2020-04-02 16:16:03,940 - DEBUG - mpiplus.mpiplus - Single node: executing <function MultiStateSampler._report_iteration_items at 0x2b7b4931a5f0>
2020-04-02 16:16:03,941 - DEBUG - openmmtools.utils - Writing iteration information to storage took    0.000s
2020-04-02 16:16:04,496 - DEBUG - yank.yank - Minimizing 1 sampler states in the reference thermodynamic state
2020-04-02 16:16:04,496 - DEBUG - mpiplus.mpiplus - Running _minimize_sampler_state serially.
2020-04-02 16:16:09,096 - DEBUG - yank.yank - Sampler state 1/1: initial energy -2157497.269kT
2020-04-02 16:16:09,096 - DEBUG - yank.yank - Using FIRE: tolerance 1.0 kJ/(nm mol) max_iterations 1000
2020-04-02 16:16:34,394 - DEBUG - yank.yank - Sampler state 1/1: final energy -2231665.786kT
2020-04-02 16:16:34,630 - DEBUG - mpiplus.mpiplus - Single node: executing <bound method ExperimentBuilder._generate_experiment_protocol.<locals>.DummyReporter.nothing of <yank.experiment.ExperimentBuilder._generate_experiment_protocol.<locals>.DummyReporter object at 0x2b7b5701bdd0>>
2020-04-02 16:16:34,633 - DEBUG - openmmtools.multistate.multistatesampler - Minimizing all replicas...
2020-04-02 16:16:34,634 - DEBUG - mpiplus.mpiplus - Running _minimize_replica serially.
2020-04-02 16:16:43,629 - DEBUG - openmmtools.multistate.multistatesampler - Replica 1/1: initial energy -2231340.714kT
2020-04-02 16:16:43,629 - DEBUG - openmmtools.multistate.multistatesampler - Using FIRE: tolerance 1.0 kJ/(nm mol) max_iterations 1000
