#"Progress (%)"	"Step"	"Time (ps)"	"Potential Energy (kJ/mole)"	"Kinetic Energy (kJ/mole)"	"Total Energy (kJ/mole)"	"Temperature (K)"	"Box Volume (nm^3)"	"Density (g/mL)"	"Speed (ns/day)"	"Elapsed Time (s)"	"Time Remaining"
0.4%	1000	100004.00001853849	-232097.38914389402	43639.644888347866	-188457.74425554616	301.6371164072737	171.3066809947516	1.0122971925951483	0	0.0009701251983642578	--
0.8%	2000	100008.0000185393	-232468.3216782416	42845.35949924894	-189622.96217899266	296.1470177828415	171.3066809947516	1.0122971925951483	306	1.1277129650115967	4:39
1.2%	3000	100012.00001854011	-231417.6348982813	44134.56836625068	-187283.06653203064	305.0580262496616	171.3066809947516	1.0122971925951483	314	2.2019190788269043	4:31
1.6%	4000	100016.00001854093	-232604.20162601094	43061.231007112256	-189542.9706188987	297.63912110570254	171.3066809947516	1.0122971925951483	314	3.3033485412597656	4:30
2.0%	5000	100020.00001854174	-231633.87107428582	43241.93149851077	-188391.93957577506	298.8881224506557	171.3066809947516	1.0122971925951483	314	4.398676872253418	4:29
2.4%	6000	100024.00001854256	-231580.60968923976	43605.0661504576	-187975.54353878216	301.3981082573928	171.3066809947516	1.0122971925951483	314	5.498509407043457	4:28
2.8%	7000	100028.00001854337	-231553.36031837313	43556.9812333392	-187996.37908503393	301.0657454304407	171.3066809947516	1.0122971925951483	315	6.589777946472168	4:26
3.2%	8000	100032.00001854419	-232068.8173189552	43380.53512494348	-188688.28219401173	299.8461503701707	171.3066809947516	1.0122971925951483	314	7.698049306869507	4:26
3.6%	9000	100036.000018545	-231838.3610407682	43942.53060838036	-187895.83043238785	303.7306617471886	171.3066809947516	1.0122971925951483	315	8.77705717086792	4:24
4.0%	10000	100040.00001854582	-231231.57542970532	43285.38079067041	-187946.19463903492	299.18844384947784	171.3066809947516	1.0122971925951483	314	9.903096675872803	4:24
4.4%	11000	100044.00001854663	-232460.9605724375	42807.487428642205	-189653.4731437953	295.88524612545484	171.3066809947516	1.0122971925951483	314	11.013040781021118	4:23
4.8%	12000	100048.00001854745	-232280.29841311212	43568.60558922812	-188711.692823884	301.14609294929426	171.3066809947516	1.0122971925951483	314	12.109543561935425	4:22
5.2%	13000	100052.00001854826	-232593.9720332428	42979.263096698705	-189614.7089365441	297.07255911377223	171.3066809947516	1.0122971925951483	314	13.205911874771118	4:20
5.6%	14000	100056.00001854908	-232620.95883220923	43260.11327105905	-189360.84556115017	299.01379481707085	171.3066809947516	1.0122971925951483	314	14.309373378753662	4:19
6.0%	15000	100060.0000185499	-231625.8610913098	43863.20515091924	-187762.65594039057	303.1823643834617	171.3066809947516	1.0122971925951483	314	15.395408391952515	4:18
6.4%	16000	100064.00001855071	-231949.89140592632	42719.76514028664	-189230.12626563967	295.27890988757025	171.3066809947516	1.0122971925951483	314	16.50884509086609	4:17
6.8%	17000	100068.00001855152	-231401.19864295702	43567.96706537552	-187833.2315775815	301.14167947402075	171.3066809947516	1.0122971925951483	314	17.59625482559204	4:16
7.2%	18000	100072.00001855234	-232809.4530919937	43312.237420334866	-189497.21567165884	299.3740768066005	171.3066809947516	1.0122971925951483	314	18.69552993774414	4:15
7.6%	19000	100076.00001855315	-231495.05002266943	42696.387090177894	-188798.66293249154	295.1173208636433	171.3066809947516	1.0122971925951483	314	19.799164295196533	4:14
8.0%	20000	100080.00001855397	-231995.44711601955	43067.90282629584	-188927.5442897237	297.6852367032257	171.3066809947516	1.0122971925951483	314	20.904198169708252	4:13
8.4%	21000	100084.00001855478	-232997.3559866231	43163.581792260025	-189833.77419436307	298.3465694768564	171.3066809947516	1.0122971925951483	314	22.014991283416748	4:12
8.8%	22000	100088.0000185556	-232565.10462442006	43443.37582121088	-189121.72880320917	300.2805051057241	170.3182164143	1.0181721949339286	314	23.119991064071655	4:11
9.2%	23000	100092.00001855641	-233302.1255510999	44047.75297055961	-189254.37258054028	304.4579584516076	170.3182164143	1.0181721949339286	314	24.205057382583618	4:09
9.6%	24000	100096.00001855723	-232072.65377332806	43437.04979720673	-188635.60397612132	300.2367796436169	170.3182164143	1.0181721949339286	314	25.32731533050537	4:08
10.0%	25000	100100.00001855804	-232708.05246726982	43422.06508320491	-189285.9873840649	300.133205337885	170.42982206640713	1.0175054467651212	314	26.405706882476807	4:07
10.4%	26000	100104.00001855886	-231506.46752273722	43443.82906089881	-188062.63846183842	300.28363789731435	170.89668952175265	1.0147257546595525	314	27.506158113479614	4:06
10.8%	27000	100108.00001855967	-231835.43834564963	43601.18967068529	-188234.24867496433	301.37131403889447	171.1760646152431	1.013069628826701	314	28.602609157562256	4:05
11.2%	28000	100112.00001856049	-232818.97318073234	43440.23878024987	-189378.73440048247	300.25882188644147	171.1760646152431	1.013069628826701	314	29.70046377182007	4:04
11.6%	29000	100116.0000185613	-232087.88115572953	42892.335865686444	-189195.54529004308	296.4717183102576	171.70297625397052	1.0099607824344257	314	30.785736799240112	4:02
12.0%	30000	100120.00001856212	-232500.4560692911	43844.166899830016	-188656.2891694611	303.05077203951197	171.70297625397052	1.0099607824344257	314	31.90151810646057	4:02
12.4%	31000	100124.00001856293	-231663.44264993002	43619.24676231922	-188044.19588761078	301.49612461114117	171.70297625397052	1.0099607824344257	314	33.007718086242676	4:00
12.8%	32000	100128.00001856375	-232905.75606294977	43893.283412175566	-189012.4726507742	303.39026525009604	171.04760405540313	1.0138304666787985	314	34.100499391555786	3:59
13.2%	33000	100132.00001856456	-231685.91952861985	43382.34244965661	-188303.57707896325	299.85864259407106	171.04760405540313	1.0138304666787985	314	35.21250867843628	3:58
13.6%	34000	100136.00001856538	-231803.86792608968	43049.20717575304	-188754.66075033662	297.55601241339673	171.04760405540313	1.0138304666787985	314	36.309722900390625	3:57
14.0%	35000	100140.00001856619	-231984.8875850453	43246.05038912574	-188738.83719591956	298.91659221229276	171.31066433103305	1.0122736545384217	314	37.42102289199829	3:56
14.4%	36000	100144.000018567	-232019.71041529335	43119.11275497182	-188900.5976603215	298.0391996022541	171.31066433103305	1.0122736545384217	314	38.512537240982056	3:55
14.8%	37000	100148.00001856782	-232236.5388285137	43214.081386172955	-189022.45744234073	298.6956225437777	171.31066433103305	1.0122736545384217	314	39.60302186012268	3:54
15.2%	38000	100152.00001856864	-231446.39057597687	42830.95922069241	-188615.43135528447	296.0474830934469	171.31066433103305	1.0122736545384217	314	40.711283683776855	3:53
15.6%	39000	100156.00001856945	-231692.41189287184	43197.00230528372	-188495.4095875881	298.5775719793541	171.27974304722426	1.012456401198402	314	41.792722940444946	3:52
16.0%	40000	100160.00001857027	-232374.84919908294	42702.9172923897	-189671.93190669324	295.16245760501147	171.27974304722426	1.012456401198402	314	42.89625358581543	3:50
16.4%	41000	100164.00001857108	-232732.6142462429	43349.47447032534	-189383.13977591757	299.6314592030745	171.27974304722426	1.012456401198402	314	44.015807151794434	3:49
16.8%	42000	100168.0000185719	-232507.5416042111	43642.85211696794	-188864.68948724316	301.6592847634804	171.27974304722426	1.012456401198402	314	45.11455965042114	3:48
17.2%	43000	100172.00001857271	-232373.7001296312	43691.434509777355	-188682.26561985386	301.99508614116553	171.27974304722426	1.012456401198402	314	46.19047665596008	3:47
17.6%	44000	100176.00001857353	-231935.62426865962	43493.89237691435	-188441.73189174526	300.6296754124992	171.27974304722426	1.012456401198402	314	47.3058979511261	3:46
18.0%	45000	100180.00001857434	-231784.65419451793	43562.20800881281	-188222.44618570514	301.10187288945195	171.27974304722426	1.012456401198402	314	48.38448786735535	3:45
18.4%	46000	100184.00001857516	-231664.0418406101	43164.470846074895	-188499.5709945352	298.3527146146029	171.27974304722426	1.012456401198402	314	49.49494194984436	3:44
18.8%	47000	100188.00001857597	-232251.09020260663	42785.50083694335	-189465.5893656633	295.7332748585796	170.9129162077287	1.0146294153275814	314	50.572986364364624	3:43
19.2%	48000	100192.00001857679	-232123.95943797362	43099.847460547295	-189024.11197742634	297.90603793533813	170.9129162077287	1.0146294153275814	314	51.671486139297485	3:42
19.6%	49000	100196.0000185776	-232077.1546276186	44033.73253799232	-188043.42208962629	304.36104925674135	170.9129162077287	1.0146294153275814	314	52.77524662017822	3:40
20.0%	50000	100200.00001857842	-232273.75305672712	43592.169884439005	-188681.5831722881	301.3089692989017	170.9129162077287	1.0146294153275814	314	53.871851444244385	3:39
20.4%	51000	100204.00001857923	-232097.17190954072	42878.767638580335	-189218.40427096037	296.3779347584089	170.9129162077287	1.0146294153275814	314	54.97153615951538	3:38
20.8%	52000	100208.00001858005	-231580.28563514096	43127.35307899592	-188452.93255614504	298.096156701315	171.36765073787788	1.0119370341899054	314	56.085421562194824	3:37
21.2%	53000	100212.00001858086	-232006.36450774432	43200.40829290796	-188805.95621483636	298.6011141573008	171.36765073787788	1.0119370341899054	314	57.16928315162659	3:36
21.6%	54000	100216.00001858168	-232330.42965802306	43104.07867240589	-189226.35098561717	297.9352840611304	171.36765073787788	1.0119370341899054	314	58.267377853393555	3:35
22.0%	55000	100220.00001858249	-230857.81180586235	43402.05962830596	-187455.7521775564	299.9949276836196	171.36765073787788	1.0119370341899054	314	59.362632513046265	3:34
22.4%	56000	100224.0000185833	-232631.30899175856	43481.840660270725	-189149.46833148785	300.5463739771772	170.8366664611077	1.0150822761649858	314	60.46523880958557	3:33
22.8%	57000	100228.00001858412	-232328.17646205076	43791.61902787802	-188536.55743417275	302.68756127990355	170.8366664611077	1.0150822761649858	314	61.54227042198181	3:32
23.2%	58000	100232.00001858493	-232865.0616089772	42960.61260938445	-189904.44899959274	296.9436469920661	170.8366664611077	1.0150822761649858	314	62.66671562194824	3:31
23.6%	59000	100236.00001858575	-231981.11754046485	43464.06424195436	-188517.0532985105	300.4235034182	170.8366664611077	1.0150822761649858	314	63.74347734451294	3:29
24.0%	60000	100240.00001858656	-231811.0554109995	43078.12638410257	-188732.92902689695	297.7559019092359	170.8366664611077	1.0150822761649858	314	64.8572769165039	3:28
24.4%	61000	100244.00001858738	-231876.00758215605	42874.23683889145	-189001.77074326458	296.3466178822824	170.8366664611077	1.0150822761649858	314	65.95401906967163	3:27
24.8%	62000	100248.0000185882	-232617.34935650305	43532.958715260465	-189084.3906412426	300.8997018455158	171.46017615723343	1.0113909604569356	314	67.05493235588074	3:26
25.2%	63000	100252.00001858901	-231698.33966130193	43549.51636092369	-188148.82330037822	301.01414825096043	171.46017615723343	1.0113909604569356	314	68.16011214256287	3:25
25.6%	64000	100256.00001858982	-231145.1055944371	43303.623254541664	-187841.48233989545	299.31453571416574	171.46017615723343	1.0113909604569356	314	69.25426459312439	3:24
26.0%	65000	100260.00001859064	-232226.4086796125	44353.2482212828	-187873.16045832972	306.56954086113507	171.46017615723343	1.0113909604569356	314	70.3422338962555	3:23
26.4%	66000	100264.00001859145	-232486.46340508637	42972.61228475991	-189513.85112032646	297.02658871827254	171.36755396915962	1.011937605615753	314	71.45714044570923	3:22
26.8%	67000	100268.00001859227	-232309.4105703981	43222.521530296195	-189086.8890401019	298.7539607988645	171.36755396915962	1.011937605615753	314	72.53702330589294	3:21
27.2%	68000	100272.00001859308	-232086.75700416206	43094.22678926586	-188992.5302148962	297.86718786948757	171.36755396915962	1.011937605615753	314	73.64373779296875	3:20
27.6%	69000	100276.0000185939	-231959.25909346138	43335.87622480721	-188623.38286865418	299.5374681640369	171.36755396915962	1.011937605615753	314	74.74821639060974	3:18
28.0%	70000	100280.00001859471	-232286.62544005347	43802.91849327928	-188483.70694677418	302.76566315651826	171.36755396915962	1.011937605615753	314	75.84402513504028	3:17
28.4%	71000	100284.00001859553	-232016.86735190655	43809.31376703738	-188207.55358486917	302.80986727275166	171.36755396915962	1.011937605615753	314	76.96267509460449	3:16
28.8%	72000	100288.00001859634	-231383.84471303556	43692.054212731084	-187691.7905003045	301.999369526433	171.36755396915962	1.011937605615753	314	78.06103444099426	3:15
29.2%	73000	100292.00001859716	-232308.40323223948	43229.73449949445	-189078.66873274502	298.80381682393676	171.36755396915962	1.011937605615753	314	79.15650868415833	3:14
29.6%	74000	100296.00001859797	-232084.809846989	43413.13586764778	-188671.67397934123	300.0714866222694	171.36755396915962	1.011937605615753	314	80.26826572418213	3:13
30.0%	75000	100300.00001859879	-232170.38544335286	42803.599413246426	-189366.78603010642	295.8583721727559	171.36755396915962	1.011937605615753	314	81.34913921356201	3:12
30.4%	76000	100304.0000185996	-231457.41793089185	43619.69840910001	-187837.71952179185	301.4992463925613	171.36755396915962	1.011937605615753	314	82.44964742660522	3:11
30.8%	77000	100308.00001860042	-232052.31281738752	43498.90953598138	-188553.40328140615	300.664354003432	171.36755396915962	1.011937605615753	314	83.55134582519531	3:10
31.2%	78000	100312.00001860123	-232042.25175251183	43289.14765977051	-188753.10409274133	299.21448043928393	171.36755396915962	1.011937605615753	314	84.64878177642822	3:09
31.6%	79000	100316.00001860205	-231649.55378568423	43358.137825841826	-188291.4159598424	299.6913402947537	171.36755396915962	1.011937605615753	314	85.73696303367615	3:07
32.0%	80000	100320.00001860286	-231411.76093742665	42772.216939566344	-188639.5439978603	295.6414565931079	171.36755396915962	1.011937605615753	314	86.84843397140503	3:06
32.4%	81000	100324.00001860368	-231709.8193164788	43592.164997670756	-188117.65431880805	301.30893552157175	171.36755396915962	1.011937605615753	314	87.94392704963684	3:05
32.8%	82000	100328.00001860449	-230995.34358433733	43280.37293966818	-187714.97064466914	299.1538295958657	171.67294445934982	1.0101374610303953	314	89.06345844268799	3:04
33.2%	83000	100332.00001860531	-232273.43662273878	43928.65822493377	-188344.778397805	303.6347758674746	171.46450898648433	1.0113654030727082	314	90.14831495285034	3:03
33.6%	84000	100336.00001860612	-231396.80435104482	43810.95468274993	-187585.8496682949	302.82120927805596	171.6518607217573	1.010261534681978	314	91.23382019996643	3:02
34.0%	85000	100340.00001860694	-232697.83048476395	42995.53346846165	-189702.2970163023	297.185019882736	171.51622447371366	1.011060456676253	314	92.33524489402771	3:01
34.4%	86000	100344.00001860775	-232361.5596247604	43960.51209620143	-188401.047528559	303.85494974606985	171.51622447371366	1.011060456676253	314	93.42319059371948	3:00
34.8%	87000	100348.00001860857	-232365.57830865995	43598.77147780314	-188766.80683085683	301.35459949573635	171.51622447371366	1.011060456676253	314	94.50809526443481	2:59
35.2%	88000	100352.00001860938	-232041.85435927915	43538.95229984791	-188502.90205943125	300.9411294872055	171.51622447371366	1.011060456676253	314	95.6175971031189	2:58
35.6%	89000	100356.0000186102	-231937.02595075325	43207.454685298224	-188729.57126545502	298.6498188038925	171.51622447371366	1.011060456676253	315	96.69701814651489	2:56
36.0%	90000	100360.00001861101	-232310.83344276203	43664.97472954755	-188645.85871321446	301.8121962063435	171.51622447371366	1.011060456676253	314	97.80626702308655	2:55
36.4%	91000	100364.00001861183	-231403.46527889435	43977.01986493165	-187426.4454139627	303.9690514022782	171.51622447371366	1.011060456676253	314	98.93232464790344	2:54
36.8%	92000	100368.00001861264	-232082.34575544612	43093.446217138335	-188988.8995383078	297.8617925568929	171.51622447371366	1.011060456676253	314	100.03724956512451	2:53
37.2%	93000	100372.00001861346	-231206.256803244	42706.58961899623	-188499.66718424778	295.18784071733825	171.51622447371366	1.011060456676253	314	101.10815930366516	2:52
37.6%	94000	100376.00001861427	-231558.97877357889	43623.760099870895	-187935.21867370798	301.527320789019	171.51622447371366	1.011060456676253	314	102.22021007537842	2:51
38.0%	95000	100380.00001861509	-231649.18073504482	44023.26035649475	-187625.92037855007	304.28866556440147	171.51622447371366	1.011060456676253	314	103.29911851882935	2:50
38.4%	96000	100384.0000186159	-232228.19237649534	42877.209630211066	-189350.98274628428	296.3671658084542	171.51622447371366	1.011060456676253	314	104.4073851108551	2:49
38.8%	97000	100388.00001861672	-231670.80102452717	43461.211272444765	-188209.58975208242	300.4037837000796	171.51622447371366	1.011060456676253	315	105.48844790458679	2:48
39.2%	98000	100392.00001861753	-231604.11340904748	44021.40186768749	-187582.71154135998	304.27581969441025	171.51622447371366	1.011060456676253	315	106.58490514755249	2:47
39.6%	99000	100396.00001861835	-231579.01475494768	43121.223712114406	-188457.79104283327	298.05379053274805	171.51622447371366	1.011060456676253	315	107.68058466911316	2:45
40.0%	100000	100400.00001861916	-232008.28131682466	42900.92994342435	-189107.3513734003	296.53112055410435	171.51622447371366	1.011060456676253	315	108.77428078651428	2:44
40.4%	101000	100404.00001861998	-231381.69112315704	43381.30377818167	-188000.38734497537	299.85146329943206	171.51622447371366	1.011060456676253	315	109.87535619735718	2:43
40.8%	102000	100408.00001862079	-232149.8446237868	42987.64480583121	-189162.1998179556	297.13049346634915	171.51622447371366	1.011060456676253	314	110.99424123764038	2:42
41.2%	103000	100412.0000186216	-233041.0484640916	42945.68193608263	-190095.36652800898	296.8404462155175	170.85532417551525	1.0149714273207942	315	112.07347178459167	2:41
41.6%	104000	100416.00001862242	-233097.51687406888	44448.1617461039	-188649.35512796498	307.2255829074976	170.85532417551525	1.0149714273207942	315	113.16826462745667	2:40
42.0%	105000	100420.00001862324	-232019.18021447991	43361.58755265982	-188657.5926618201	299.71518479789836	170.85532417551525	1.0149714273207942	315	114.26690626144409	2:39
42.4%	106000	100424.00001862405	-231966.47494996904	43472.07003655708	-188494.40491341194	300.47883945048653	170.71485717539923	1.0158065625513073	315	115.35789179801941	2:38
42.8%	107000	100428.00001862487	-232033.63627678575	43447.93102552107	-188585.70525126468	300.3119906665321	170.71485717539923	1.0158065625513073	315	116.47205996513367	2:37
43.2%	108000	100432.00001862568	-231912.28322598652	43720.43637312821	-188191.84685285832	302.19554694816725	170.60597231204295	1.0164548749008746	315	117.5716540813446	2:36
43.6%	109000	100436.0000186265	-232133.34389095946	43386.867897300224	-188746.47599365923	299.889922476874	170.60597231204295	1.0164548749008746	315	118.66903591156006	2:34
44.0%	110000	100440.00001862731	-232679.42578497634	43211.1648916243	-189468.26089335204	298.67546374074607	170.60597231204295	1.0164548749008746	314	119.78862762451172	2:33
44.4%	111000	100444.00001862812	-232328.80454080575	42941.80980916317	-189386.9947316426	296.8136820839271	170.81520005259353	1.0152098419249937	314	120.87798380851746	2:32
44.8%	112000	100448.00001862894	-232216.50109951297	43745.994874193064	-188470.5062253199	302.3722072436537	170.81520005259353	1.0152098419249937	314	121.9790518283844	2:31
45.2%	113000	100452.00001862975	-232324.97162437113	43510.00064545263	-188814.97097891849	300.74101572437917	170.68343614641756	1.015993561876856	314	123.08484387397766	2:30
45.6%	114000	100456.00001863057	-231844.08541414165	43138.21928235632	-188705.86613178533	298.17126387178604	170.75054458901926	1.0155942557089312	314	124.18919396400452	2:29
46.0%	115000	100460.00001863138	-232599.1736938086	43326.95549577082	-189272.2181980378	299.47580810723144	170.75054458901926	1.0155942557089312	314	125.2801456451416	2:28
46.4%	116000	100464.0000186322	-231878.30535623198	43471.91611893903	-188406.38923729295	300.47777557229523	170.5549958039626	1.0167586790779344	314	126.39211440086365	2:27
46.8%	117000	100468.00001863301	-232213.82484101038	44073.021580234	-188140.8032607764	304.6326150185276	170.68823691481862	1.0159649860952105	314	127.48860144615173	2:26
47.2%	118000	100472.00001863383	-232232.05408057448	43707.75630155416	-188524.29777902033	302.1079023251366	170.90257196570775	1.0146908279330968	314	128.6113612651825	2:25
47.6%	119000	100476.00001863464	-231588.4883934193	43119.70810629415	-188468.78028712515	298.0433146691061	170.90257196570775	1.0146908279330968	314	129.69887280464172	2:23
48.0%	120000	100480.00001863546	-231797.1017999428	43344.49061561167	-188452.61118433112	299.59701081174893	170.90257196570775	1.0146908279330968	314	130.79582715034485	2:22
48.4%	121000	100484.00001863627	-232126.8483432635	43778.075997816195	-188348.7723454473	302.593951889962	170.9199802606724	1.014587481108439	314	131.92490792274475	2:21
48.8%	122000	100488.00001863709	-232462.0642143162	43336.31788153926	-189125.74633277694	299.54052089426517	170.9199802606724	1.014587481108439	314	133.03249311447144	2:20
49.2%	123000	100492.0000186379	-231362.2613839266	43320.28937813546	-188041.97200579115	299.4297319187953	170.9199802606724	1.014587481108439	314	134.12902426719666	2:19
49.6%	124000	100496.00001863872	-231680.37765082542	42977.08565539978	-188703.29199542565	297.0575086449558	170.9199802606724	1.014587481108439	314	135.2421395778656	2:18
50.0%	125000	100500.00001863953	-232322.26328735624	43246.3916150525	-189075.87167230374	298.91895076504574	170.9199802606724	1.014587481108439	314	136.32156324386597	2:17
50.4%	126000	100504.00001864035	-232411.28403982136	42974.609951896404	-189436.67408792494	297.0403965885275	170.9199802606724	1.014587481108439	314	137.41850638389587	2:16
50.8%	127000	100508.00001864116	-231373.59852480597	43254.593780628245	-188119.00474417774	298.97564411300704	170.9199802606724	1.014587481108439	314	138.52209901809692	2:15
51.2%	128000	100512.00001864198	-231732.52340358414	43638.167600539	-188094.35580304515	301.62690539763076	170.86428761343078	1.0149181825292586	314	139.6158001422882	2:14
51.6%	129000	100516.0000186428	-233282.2553962071	43694.396448474894	-189587.8589477322	302.01555905404064	170.86428761343078	1.0149181825292586	314	140.70189666748047	2:13
52.0%	130000	100520.00001864361	-232332.21981106268	43653.87149805021	-188678.34831301245	301.7354506979822	170.86428761343078	1.0149181825292586	314	141.8152093887329	2:11
52.4%	131000	100524.00001864442	-231839.9228542504	43389.73807333597	-188450.18478091445	299.9097611264602	170.86428761343078	1.0149181825292586	314	142.91071915626526	2:10
52.8%	132000	100528.00001864524	-232631.66964570538	42960.01819961581	-189671.65144608956	296.9395384332307	170.73062847119633	1.015712727098852	314	144.02682733535767	2:09
53.2%	133000	100532.00001864605	-231459.19708457252	43162.236210699106	-188296.9608738734	298.33726882047006	171.13891091994714	1.0132895629147507	314	145.11811995506287	2:08
53.6%	134000	100536.00001864687	-231639.60238129226	43114.5622426193	-188525.04013867298	298.00774647224574	170.9633615810656	1.0143300332893397	314	146.22270488739014	2:07
54.0%	135000	100540.00001864768	-232835.62693223543	43753.13391293251	-189082.49301930293	302.4215522615794	171.14569813774904	1.0132493783408192	314	147.3228485584259	2:06
54.4%	136000	100544.0000186485	-231673.2180558418	43304.92182930594	-188368.29622653587	299.32351145969113	171.19918781344117	1.0129327975127502	314	148.42927980422974	2:05
54.8%	137000	100548.00001864931	-232425.33225051675	43403.86675868674	-189021.46549183002	300.00741856429534	171.19918781344117	1.0129327975127502	314	149.5194447040558	2:04
55.2%	138000	100552.00001865013	-231977.4933385494	43467.57434786453	-188509.91899068485	300.44776526147893	171.30343826027277	1.0123163551469487	314	150.6402792930603	2:03
55.6%	139000	100556.00001865094	-231864.5094574903	44312.949400216436	-187551.56005727386	306.2909955106362	171.30343826027277	1.0123163551469487	314	151.72497534751892	2:02
56.0%	140000	100560.00001865176	-232187.35756170878	43417.9131791745	-188769.44438253428	300.104507387603	171.30343826027277	1.0123163551469487	314	152.8212766647339	2:00
56.4%	141000	100564.00001865257	-232781.67790514103	43379.57208691031	-189402.10581823072	299.8394938536921	171.30343826027277	1.0123163551469487	314	153.94269919395447	1:59
56.8%	142000	100568.00001865339	-230981.73572688823	43374.39888477672	-187607.33684211152	299.80373669347324	171.30343826027277	1.0123163551469487	314	155.05339527130127	1:58
57.2%	143000	100572.0000186542	-233005.18132440193	43413.142219251095	-189592.03910515085	300.0715305245356	171.02779480421583	1.0139478933368382	314	156.16197609901428	1:57
57.6%	144000	100576.00001865502	-232223.227310611	43090.59674849756	-189132.63056211342	297.8420970367691	171.54707312653156	1.0108786415485598	314	157.256493806839	1:56
58.0%	145000	100580.00001865583	-231879.8251667514	43171.499431427415	-188708.32573532398	298.4012961789942	171.77273499341533	1.0095506265905776	314	158.3488700389862	1:55
58.4%	146000	100584.00001865665	-232046.97832862887	43598.22749777991	-188448.75083084896	301.3508395071753	171.77273499341533	1.0095506265905776	314	159.4600739479065	1:54
58.8%	147000	100588.00001865746	-231787.51490965392	43830.982009370804	-187956.5329002831	302.9596381096086	171.77273499341533	1.0095506265905776	314	160.54558682441711	1:53
59.2%	148000	100592.00001865828	-231474.64994482748	43375.770281249796	-188098.87966357768	299.81321578246786	171.77273499341533	1.0095506265905776	314	161.6404778957367	1:52
59.6%	149000	100596.00001865909	-232301.40019944927	43133.98930524451	-189167.41089420475	298.1420262805605	171.77273499341533	1.0095506265905776	314	162.74028062820435	1:51
60.0%	150000	100600.0000186599	-231666.1637677569	43426.90623217972	-188239.25753557717	300.16666734750027	172.0049608225364	1.0081876209529579	314	163.83332180976868	1:49
60.4%	151000	100604.00001866072	-231577.94290649856	42750.80966974613	-188827.13323675242	295.49348959761005	172.0049608225364	1.0081876209529579	314	164.9339189529419	1:48
60.8%	152000	100608.00001866154	-232237.61473231798	43385.95545328262	-188851.65927903535	299.8836156661047	172.0049608225364	1.0081876209529579	314	166.0480887889862	1:47
61.2%	153000	100612.00001866235	-232526.22888081195	42965.660806938286	-189560.56807387367	296.97854012094206	171.218058030163	1.0128211605649093	314	167.13137316703796	1:46
61.6%	154000	100616.00001866317	-232322.72964069777	42931.30579410042	-189391.42384659735	296.74107835806427	170.86320443596514	1.0149246165447532	314	168.24095058441162	1:45
62.0%	155000	100620.00001866398	-232249.3620471476	43516.5919637415	-188732.7700834061	300.7865748999193	170.86320443596514	1.0149246165447532	314	169.32771182060242	1:44
62.4%	156000	100624.0000186648	-231693.15761883766	43518.7814214813	-188174.37619735638	300.80170842634504	170.86320443596514	1.0149246165447532	314	170.42846608161926	1:43
62.8%	157000	100628.00001866561	-232190.4176900041	43395.19590434131	-188795.2217856628	299.94748564072927	170.46926463811732	1.017270019976399	314	171.52438068389893	1:42
63.2%	158000	100632.00001866643	-231419.98798515642	43343.15558925453	-188076.8323959019	299.5877831129048	170.74755136722675	1.0156120591786395	314	172.6123263835907	1:41
63.6%	159000	100636.00001866724	-232433.05727891438	43295.030460756396	-189138.026818158	299.25514234499644	170.74755136722675	1.0156120591786395	314	173.70041966438293	1:40
64.0%	160000	100640.00001866806	-232632.49788832827	43814.30920593329	-188818.18868239498	302.844395733916	170.68943683393263	1.015957844025797	314	174.8277657032013	1:38
64.4%	161000	100644.00001866887	-232456.12730877235	43527.53869860219	-188928.58861017018	300.8622387039191	170.84346076992585	1.0150419071486418	314	175.92440605163574	1:37
64.8%	162000	100648.00001866969	-232563.36474402953	42856.647451845136	-189706.7172921844	296.22504008297636	170.84346076992585	1.0150419071486418	314	177.01892590522766	1:36
65.2%	163000	100652.0000186705	-231713.3741500536	43984.54277543268	-187728.8313746209	304.0210497408605	170.84346076992585	1.0150419071486418	314	178.11431407928467	1:35
65.6%	164000	100656.00001867132	-231787.89442976308	42917.49482015932	-188870.39960960374	296.64561694069874	170.84346076992585	1.0150419071486418	314	179.2219045162201	1:34
66.0%	165000	100660.00001867213	-231577.6247513747	42804.25233219547	-188773.37241917924	295.8628851468999	170.84346076992585	1.0150419071486418	314	180.29958367347717	1:33
66.4%	166000	100664.00001867294	-231743.73572902422	43284.713703069596	-188459.02202595462	299.1838329416482	170.84346076992585	1.0150419071486418	314	181.4283847808838	1:32
66.8%	167000	100668.00001867376	-231881.92920100928	44200.079654819725	-187681.84954618954	305.5108401125299	170.84346076992585	1.0150419071486418	314	182.50796675682068	1:31
67.2%	168000	100672.00001867457	-232290.70036502543	43262.00782125003	-189028.6925437754	299.0268899432562	170.84346076992585	1.0150419071486418	314	183.62014055252075	1:30
67.6%	169000	100676.00001867539	-231937.7019266314	43530.6061337721	-188407.0957928593	300.8834408081476	170.84346076992585	1.0150419071486418	314	184.71889567375183	1:29
68.0%	170000	100680.0000186762	-231868.55220614333	43331.17408151115	-188537.37812463217	299.50496696132586	171.28775071977853	1.0124090690377412	314	185.8180193901062	1:27
68.4%	171000	100684.00001867702	-232155.42157262837	43918.87842504017	-188236.5431475882	303.567177915051	171.27869305267504	1.0124626078881171	314	186.93664598464966	1:26
68.8%	172000	100688.00001867783	-233257.04505919223	43177.0799210368	-190079.96513815544	298.4398685092279	171.27869305267504	1.0124626078881171	314	188.02551198005676	1:25
69.2%	173000	100692.00001867865	-232365.54066519171	42615.48868110245	-189750.05198408925	294.55815126228913	171.27869305267504	1.0124626078881171	314	189.11795806884766	1:24
69.6%	174000	100696.00001867946	-232156.78851068264	43496.3553262788	-188660.43318440384	300.646699312351	171.27869305267504	1.0124626078881171	314	190.23792958259583	1:23
70.0%	175000	100700.00001868028	-231112.77501373267	43466.52480475855	-187646.25020897412	300.44051082215327	171.27869305267504	1.0124626078881171	314	191.31501698493958	1:22
70.4%	176000	100704.0000186811	-231969.64588392433	43785.17302430467	-188184.47285961965	302.64300651931393	171.27869305267504	1.0124626078881171	314	192.41637778282166	1:21
70.8%	177000	100708.00001868191	-232545.8323204575	43921.40177744409	-188624.4305430134	303.5846193205607	171.32938387499632	1.0121630529547914	314	193.5227415561676	1:20
71.2%	178000	100712.00001868272	-232181.49901350192	43062.86208963206	-189118.63692386987	297.6503951440031	171.4861302125362	1.0112378886202344	314	194.61581158638	1:19
71.6%	179000	100716.00001868354	-232020.35680349404	43075.68846697139	-188944.66833652265	297.73905103211786	171.4861302125362	1.0112378886202344	314	195.71179795265198	1:18
72.0%	180000	100720.00001868435	-231340.8572101568	43648.434263907984	-187692.42294624881	301.6978685491795	171.4861302125362	1.0112378886202344	314	196.8118827342987	1:16
72.4%	181000	100724.00001868517	-231938.6838987302	43174.02418858794	-188764.65971014227	298.418747294178	171.4861302125362	1.0112378886202344	314	197.919659614563	1:15
72.8%	182000	100728.00001868598	-231684.56791498564	43096.86240082969	-188587.70551415597	297.8854052100301	171.4861302125362	1.0112378886202344	314	199.02872967720032	1:14
73.2%	183000	100732.0000186868	-231280.3212634722	42779.34829341545	-188500.97297005676	295.6907484930907	171.4861302125362	1.0112378886202344	314	200.10855722427368	1:13
73.6%	184000	100736.00001868761	-230857.03247286368	42984.65447683378	-187872.3779960299	297.1098243197921	171.4861302125362	1.0112378886202344	314	201.21069741249084	1:12
74.0%	185000	100740.00001868843	-231702.71938877978	43337.27112711008	-188365.4482616697	299.54710972526834	171.6011095074463	1.0105603206269174	314	202.30662202835083	1:11
74.4%	186000	100744.00001868924	-232933.52540231578	43975.45032757932	-188958.07507473647	303.9582027640213	171.6011095074463	1.0105603206269174	314	203.40087127685547	1:10
74.8%	187000	100748.00001869006	-232339.97185238905	43261.53911297761	-189078.43273941142	299.02365023284864	171.6011095074463	1.0105603206269174	314	204.48356699943542	1:09
75.2%	188000	100752.00001869087	-231654.78457944572	43539.20226955188	-188115.58230989386	300.94285727717465	171.6011095074463	1.0105603206269174	314	205.59651708602905	1:08
75.6%	189000	100756.00001869169	-232291.5313562191	43709.51359591841	-188582.01776030066	302.1200487393906	171.6011095074463	1.0105603206269174	314	206.68427205085754	1:07
76.0%	190000	100760.0000186925	-231671.07644656382	43819.05108784063	-187852.0253587232	302.8771716098089	171.5388598713347	1.010927042268154	314	207.77398133277893	1:05
76.4%	191000	100764.00001869332	-231633.09586930694	43186.64640312585	-188446.4494661811	298.5059920095196	171.4695097721207	1.011335907323945	314	208.89512991905212	1:04
76.8%	192000	100768.00001869413	-231626.59372224705	43901.481528331715	-187725.11219391535	303.44693060847925	171.36242153640973	1.0119679139042408	314	209.99162912368774	1:03
77.2%	193000	100772.00001869495	-231805.348195337	43128.00992224122	-188677.33827309578	298.100696800185	171.36242153640973	1.0119679139042408	314	211.09697437286377	1:02
77.6%	194000	100776.00001869576	-232201.32338545442	43206.80012694313	-188994.5232585113	298.645294498178	171.36242153640973	1.0119679139042408	314	212.1882472038269	1:01
78.0%	195000	100780.00001869658	-231109.5172740608	43633.55668183983	-187475.96059222097	301.5950347391053	171.36242153640973	1.0119679139042408	314	213.2833490371704	1:00
78.4%	196000	100784.00001869739	-231394.88088823704	43671.18972692719	-187723.69116130983	301.85515425269944	171.36242153640973	1.0119679139042408	314	214.41089510917664	0:59
78.8%	197000	100788.0000186982	-232652.26458399545	43281.58877243713	-189370.67581155832	299.1622334289262	170.9189966466532	1.0145933199121395	314	215.49249696731567	0:58
79.2%	198000	100792.00001869902	-232266.35927117278	43514.90673218015	-188751.45253899263	300.77492658357886	170.9189966466532	1.0145933199121395	314	216.60005450248718	0:57
79.6%	199000	100796.00001869984	-231310.2751357879	42907.634090780986	-188402.64104500692	296.5774596038789	170.9189966466532	1.0145933199121395	314	217.6982021331787	0:56
80.0%	200000	100800.00001870065	-232542.21911678137	43631.69454681725	-188910.52456996412	301.582163666483	170.9189966466532	1.0145933199121395	314	218.80690670013428	0:54
80.4%	201000	100804.00001870147	-231702.39200384397	43708.29771234624	-187994.09429149772	302.1116445551784	170.9189966466532	1.0145933199121395	314	219.91285228729248	0:53
80.8%	202000	100808.00001870228	-231485.76049149653	43787.36142601456	-187698.39906548196	302.6581327464636	170.9746442222236	1.0142630975057711	314	221.02967143058777	0:52
81.2%	203000	100812.0000187031	-231598.03962703026	43580.29045545131	-188017.74917157897	301.22685871542694	170.9746442222236	1.0142630975057711	314	222.12071466445923	0:51
81.6%	204000	100816.00001870391	-231337.23843885522	42641.85349094228	-188695.38494791294	294.7403847620131	170.9746442222236	1.0142630975057711	314	223.2343077659607	0:50
82.0%	205000	100820.00001870473	-232088.40426444623	44104.67191034871	-187983.73235409753	304.85138202118225	171.1867160767238	1.013006594308743	314	224.3243691921234	0:49
82.4%	206000	100824.00001870554	-232216.6566091361	43700.38882162282	-188516.26778751326	302.05697832226343	171.1867160767238	1.013006594308743	314	225.42349219322205	0:48
82.8%	207000	100828.00001870636	-231960.84475008154	43878.12890990663	-188082.7158401749	303.28551736828615	171.18486474502023	1.0130175497820946	314	226.51625180244446	0:47
83.2%	208000	100832.00001870717	-231471.5717343004	42602.36041538311	-188869.21131891728	294.4674087224463	171.18486474502023	1.0130175497820946	314	227.6027319431305	0:46
83.6%	209000	100836.00001870799	-231565.76771783567	43378.58615889205	-188187.18155894362	299.8326791216939	171.18486474502023	1.0130175497820946	314	228.6875295639038	0:45
84.0%	210000	100840.0000187088	-232366.498027866	43110.7209190833	-189255.7771087827	297.98119525356486	171.10877634700114	1.0134680169303831	314	229.8049647808075	0:43
84.4%	211000	100844.00001870962	-231280.29239166796	43172.74475409176	-188107.5476375762	298.4099038461379	171.10877634700114	1.0134680169303831	314	230.9174461364746	0:42
84.8%	212000	100848.00001871043	-232000.18524202902	43255.33387650385	-188744.85136552516	298.98075965384965	171.10877634700114	1.0134680169303831	314	232.00947761535645	0:41
85.2%	213000	100852.00001871125	-232123.28407827416	43413.80340421819	-188709.48067405596	300.07610063337575	171.11531446751727	1.0134292934762343	314	233.12560415267944	0:40
85.6%	214000	100856.00001871206	-232526.36445252004	43270.21379772596	-189256.15065479407	299.0836096321501	171.11531446751727	1.0134292934762343	314	234.2177186012268	0:39
86.0%	215000	100860.00001871288	-232549.0108194846	43121.213757689766	-189427.79706179484	298.0537217277898	171.11531446751727	1.0134292934762343	314	235.33150601387024	0:38
86.4%	216000	100864.00001871369	-231768.80469686422	43344.66500514569	-188424.13969171853	299.5982161917722	171.11531446751727	1.0134292934762343	314	236.4254605770111	0:37
86.8%	217000	100868.0000187145	-231934.5346460963	43711.90506377328	-188222.62958232302	302.13657855922685	170.7181576170023	1.0157869242756459	314	237.51076745986938	0:36
87.2%	218000	100872.00001871532	-231895.49048690277	43444.189985908786	-188451.30050099397	300.28613261008127	170.85758040569192	1.0149580242914562	314	238.63307666778564	0:35
87.6%	219000	100876.00001871613	-232017.7938094756	43038.88531281575	-188978.90849665986	297.48466772256984	170.85758040569192	1.0149580242914562	314	239.72738218307495	0:34
88.0%	220000	100880.00001871695	-232377.9424562686	43679.01799173313	-188698.92446453546	301.9092631994743	170.85758040569192	1.0149580242914562	314	240.8340938091278	0:32
88.4%	221000	100884.00001871776	-232603.28284696536	43545.141816250034	-189058.1410307153	300.9839114091086	170.89687143638344	1.0147246745142025	314	241.95338034629822	0:31
88.8%	222000	100888.00001871858	-231677.55670637195	43276.21735225906	-188401.3393541129	299.1251061860792	170.8338968200409	1.0150987331656782	314	243.0505666732788	0:30
89.2%	223000	100892.0000187194	-232645.175650626	43625.56609115659	-189019.60955946942	301.5398037962723	170.3931430772474	1.017724475950086	314	244.13902282714844	0:29
89.6%	224000	100896.00001872021	-232636.1206247114	43139.1901436624	-189496.930481049	298.1779744627074	170.3931430772474	1.017724475950086	314	245.25912928581238	0:28
90.0%	225000	100900.00001872102	-232144.62455923337	43389.75407097083	-188754.87048826256	299.90987170207234	170.3931430772474	1.017724475950086	314	246.33945608139038	0:27
90.4%	226000	100904.00001872184	-232188.04207244702	43490.31021128236	-188697.73186116465	300.60491549260314	169.9969376453375	1.0200964478876062	314	247.43419361114502	0:26
90.8%	227000	100908.00001872265	-232549.8226726764	43806.3353336846	-188743.4873389918	302.7892803488607	169.67313839301	1.0220431700986545	314	248.54885601997375	0:25
91.2%	228000	100912.00001872347	-232477.41991874017	43022.92046952986	-189454.4994492103	297.37431876567587	169.98307824716676	1.0201796204185993	314	249.64652943611145	0:24
91.6%	229000	100916.00001872428	-232277.21624151536	42922.57540668698	-189354.64083482837	296.6807339420809	169.98307824716676	1.0201796204185993	314	250.7549877166748	0:23
92.0%	230000	100920.0000187251	-231503.72818016662	42789.58993288722	-188714.1382472794	295.76153867952445	169.98307824716676	1.0201796204185993	314	251.85292601585388	0:21
92.4%	231000	100924.00001872591	-231379.2837929204	42960.73060216866	-188418.55319075176	296.9444625578956	170.3792045305468	1.017807734938033	314	252.95439887046814	0:20
92.8%	232000	100928.00001872673	-232091.03200943	43741.818135925736	-188349.21387350425	302.3433376391881	170.3792045305468	1.017807734938033	314	254.06976890563965	0:19
93.2%	233000	100932.00001872754	-231216.00755891256	43415.62308667352	-187800.38447223903	300.08867827395943	170.8552311222299	1.0149719801070638	314	255.1603136062622	0:18
93.6%	234000	100936.00001872836	-233106.17782311444	43685.18704880736	-189420.99077430708	301.9519037065541	170.8552311222299	1.0149719801070638	314	256.26454186439514	0:17
94.0%	235000	100940.00001872917	-231530.3310488161	43545.5748160596	-187984.75623275648	300.98690430271023	170.44684927079473	1.0174038005728818	314	257.3602375984192	0:16
94.4%	236000	100944.00001872999	-232468.14857946022	43031.606479827686	-189436.54209963253	297.434356447147	170.44684927079473	1.0174038005728818	314	258.4563937187195	0:15
94.8%	237000	100948.0000187308	-231943.82355147868	43263.409047043584	-188680.4145044351	299.03657521243946	170.63981746677845	1.016253268540569	314	259.55038237571716	0:14
95.2%	238000	100952.00001873162	-232511.66570187535	43283.483457382616	-189228.18224449272	299.17532948653434	170.5691838324429	1.0166741045916634	314	260.6741168498993	0:13
95.6%	239000	100956.00001873243	-231713.34466660884	43652.25859068525	-188061.08607592358	301.72430228630645	170.5691838324429	1.0166741045916634	314	261.770498752594	0:12
96.0%	240000	100960.00001873325	-232025.88612772268	43321.06544377683	-188704.82068394584	299.435096082569	170.5691838324429	1.0166741045916634	314	262.8888969421387	0:10
96.4%	241000	100964.00001873406	-232314.64552330965	43779.93364812171	-188534.71187518793	302.6067919642312	170.5691838324429	1.0166741045916634	314	263.9946093559265	0:09
96.8%	242000	100968.00001873488	-232307.38165072596	42953.91790849242	-189353.46374223355	296.89737323623126	170.5691838324429	1.0166741045916634	314	265.10136318206787	0:08
97.2%	243000	100972.00001873569	-232192.43700453453	43091.64570097028	-189100.79130356424	297.849347393639	170.62803306756132	1.016323455918381	314	266.21577405929565	0:07
97.6%	244000	100976.00001873651	-232178.17699468962	43374.31973305956	-188803.85726163007	299.80318959700196	170.62803306756132	1.016323455918381	314	267.30703473091125	0:06
98.0%	245000	100980.00001873732	-231774.53137252782	44041.33262703825	-187733.1987454896	304.41358105323326	170.58141415459966	1.0166012112352023	314	268.39243817329407	0:05
98.4%	246000	100984.00001873814	-232057.6806583068	43117.51863693993	-188940.16202136688	298.02818106240153	170.53969947853318	1.016849875859012	314	269.51814556121826	0:04
98.8%	247000	100988.00001873895	-232134.78176882846	43534.02349657112	-188600.75827225734	300.907061611274	170.53969947853318	1.016849875859012	314	270.6068835258484	0:03
99.2%	248000	100992.00001873977	-232066.33604495623	43762.74326604525	-188303.592778911	302.4879720862796	170.37418757487947	1.0178377060055799	314	271.70633578300476	0:02
99.6%	249000	100996.00001874058	-232587.0869047303	43480.32721076935	-189106.75969396095	300.535913018006	170.37418757487947	1.0178377060055799	314	272.8093190193176	0:01
100.0%	250000	101000.0000187414	-231767.17894401652	43570.39465275885	-188196.78429125767	301.1584589519475	170.37418757487947	1.0178377060055799	314	273.92194151878357	0:00
