2020-03-23 19:44:42,280 - DEBUG - yank.experiment - DSL string for the ligand: "resname LIG"
2020-03-23 19:44:42,280 - DEBUG - yank.experiment - DSL string for the solvent: "resname HOH or resname NA or resname CL"
2020-03-23 19:44:42,280 - INFO - yank.experiment - Reading phase complex
2020-03-23 19:44:42,280 - DEBUG - yank.pipeline - prmtop: ../complexes/0-build/ZINC000002015152_complex.prmtop
2020-03-23 19:44:42,280 - DEBUG - yank.pipeline - inpcrd: ../complexes/1-equilibrate/ZINC000002015152_complex.inpcrd
2020-03-23 19:44:48,747 - DEBUG - mpiplus.mpiplus - Single node: executing <function find_alchemical_counterions at 0x1201e99e0>
2020-03-23 19:44:48,751 - DEBUG - yank.pipeline - ligand_atoms net charge: 0
2020-03-23 19:44:48,754 - WARNING - openmmtools.multistate.multistatesampler - Warning: The openmmtools.multistate API is experimental and may change in future releases
2020-03-23 19:44:48,754 - INFO - yank.experiment - Reading phase solvent
2020-03-23 19:44:48,754 - DEBUG - yank.pipeline - prmtop: ../ligands/0-build/ZINC000002015152_solv.prmtop
2020-03-23 19:44:48,754 - DEBUG - yank.pipeline - inpcrd: ../ligands/1-equilibrate/ZINC000002015152_solv.inpcrd
2020-03-23 19:44:49,058 - DEBUG - mpiplus.mpiplus - Single node: executing <function find_alchemical_counterions at 0x1201e99e0>
2020-03-23 19:44:49,059 - DEBUG - yank.pipeline - solute_atoms net charge: 0
2020-03-23 19:44:49,059 - WARNING - openmmtools.multistate.multistatesampler - Warning: The openmmtools.multistate API is experimental and may change in future releases
2020-03-23 19:44:49,060 - DEBUG - mpiplus.mpiplus - Single node: executing <function ExperimentBuilder._save_analysis_script at 0x121e9a9e0>
2020-03-23 19:44:49,060 - DEBUG - yank.experiment - Generating alchemical path for .complex
2020-03-23 19:44:50,848 - DEBUG - yank.yank - Creating receptor-ligand restraints...
2020-03-23 19:44:50,848 - DEBUG - yank.yank - There are undefined restraint parameters. Trying automatic parametrization.
2020-03-23 19:44:50,848 - DEBUG - yank.restraints - Restraint Harmonic: Automatically picked restrained ligand_atoms atom: ligand_atoms
2020-03-23 19:44:50,854 - DEBUG - yank.restraints - Restraint Harmonic: Automatically picked restrained receptor_atoms atom: receptor_atoms
2020-03-23 19:44:50,859 - DEBUG - yank.restraints - Spring constant sigma, s = 0.786 nm
2020-03-23 19:44:50,859 - DEBUG - yank.restraints - K = 0.0 kcal/mol/A^2
2020-03-23 19:44:52,895 - DEBUG - yank.restraints - Standard state correction: 1.526 kT
2020-03-23 19:44:52,895 - DEBUG - openmmtools.utils - Restraint Harmonic: Computing standard state correction took    0.002s
2020-03-23 19:44:52,895 - DEBUG - yank.yank - Creating alchemically-modified states...
2020-03-23 19:44:53,533 - DEBUG - openmmtools.alchemy - Dictionary of interacting alchemical regions: frozenset()
2020-03-23 19:44:53,534 - DEBUG - openmmtools.alchemy - Using 1 alchemical regions
2020-03-23 19:44:59,315 - DEBUG - openmmtools.alchemy - Adding steric interaction groups between  and the environment.
2020-03-23 19:44:59,338 - DEBUG - openmmtools.alchemy - Adding a steric interaction group between group  and .
2020-03-23 19:45:00,447 - DEBUG - openmmtools.utils - Create alchemically modified system took    6.909s
2020-03-23 19:45:05,842 - DEBUG - yank.yank - Creating expanded cutoff states...
2020-03-23 19:45:06,493 - DEBUG - yank.yank - Setting cutoff for fully interacting system to 16 A. The minimum box dimension is 7.999318700000001 nm.
2020-03-23 19:45:12,558 - DEBUG - yank.yank - Setting cutoff for fully interacting system to 16 A. The minimum box dimension is 7.999318700000001 nm.
2020-03-23 19:45:15,291 - DEBUG - yank.yank - Creating sampler object...
2020-03-23 19:45:15,291 - DEBUG - mpiplus.mpiplus - Single node: executing <bound method ExperimentBuilder._generate_experiment_protocol.<locals>.DummyReporter.nothing of <yank.experiment.ExperimentBuilder._generate_experiment_protocol.<locals>.DummyReporter object at 0x127540bd0>>
2020-03-23 19:45:15,292 - DEBUG - mpiplus.mpiplus - Single node: executing <function ReplicaExchangeSampler._display_citations at 0x120135cb0>
2020-03-23 19:45:15,292 - DEBUG - mpiplus.mpiplus - Single node: executing <function MultiStateSampler._display_citations at 0x11fe54ef0>
2020-03-23 19:45:15,293 - DEBUG - mpiplus.mpiplus - Single node: executing <function MultiStateSampler._initialize_reporter at 0x11fe57200>
2020-03-23 19:45:15,293 - DEBUG - openmmtools.multistate.multistatesampler - Storing general ReplicaExchange options...
2020-03-23 19:45:15,293 - DEBUG - mpiplus.mpiplus - Single node: executing <function MultiStateSampler._report_iteration at 0x11fe57320>
2020-03-23 19:45:15,293 - DEBUG - mpiplus.mpiplus - Single node: executing <function MultiStateSampler._report_iteration_items at 0x11fe575f0>
2020-03-23 19:45:15,294 - DEBUG - openmmtools.utils - Writing iteration information to storage took    0.000s
2020-03-23 19:45:15,341 - DEBUG - yank.experiment - Using <openmmtools.mcmc.LangevinSplittingDynamicsMove object at 0x12f3338d0> for equilibration.
2020-03-23 19:45:15,341 - DEBUG - openmmtools.multistate.multistatesampler - Equilibration iteration 0/1000
2020-03-23 19:45:15,341 - DEBUG - openmmtools.multistate.multistatesampler - Propagating all replicas...
2020-03-23 19:45:15,342 - DEBUG - mpiplus.mpiplus - Running _propagate_replica serially.
2020-03-23 19:46:10,296 - WARNING - openmmtools.mcmc - Potential energy is NaN after 0 attempts of integration with move LangevinSplittingDynamicsMove Attempting a restart...
2020-03-23 19:47:00,885 - WARNING - openmmtools.mcmc - Potential energy is NaN after 1 attempts of integration with move LangevinSplittingDynamicsMove Attempting a restart...
2020-03-23 19:47:51,432 - WARNING - openmmtools.mcmc - Potential energy is NaN after 2 attempts of integration with move LangevinSplittingDynamicsMove Attempting a restart...
