log started: Mon Mar 23 21:35:36 2020

Log file: ./leap.log
>> #
>> # ----- leaprc for loading the ff14SB force field
>> # ----- NOTE: this is designed for PDB format 3!
>> #
>> #	load atom type hybridizations
>> #
>> addAtomTypes {
>> 	{ "H"   "H" "sp3" }
>> 	{ "HO"  "H" "sp3" }
>> 	{ "HS"  "H" "sp3" }
>> 	{ "H1"  "H" "sp3" }
>> 	{ "H2"  "H" "sp3" }
>> 	{ "H3"  "H" "sp3" }
>> 	{ "H4"  "H" "sp3" }
>> 	{ "H5"  "H" "sp3" }
>> 	{ "HW"  "H" "sp3" }
>> 	{ "HC"  "H" "sp3" }
>> 	{ "HA"  "H" "sp3" }
>> 	{ "HP"  "H" "sp3" }
>> 	{ "HZ"  "H" "sp3" }
>> 	{ "OH"  "O" "sp3" }
>> 	{ "OS"  "O" "sp3" }
>> 	{ "O"   "O" "sp2" }
>> 	{ "O2"  "O" "sp2" }
>> 	{ "OP"  "O" "sp2" }
>> 	{ "OW"  "O" "sp3" }
>> 	{ "CT"  "C" "sp3" }
>> 	{ "CX"  "C" "sp3" }
>> 	{ "C8"  "C" "sp3" }
>> 	{ "2C"  "C" "sp3" }
>> 	{ "3C"  "C" "sp3" }
>> 	{ "CH"  "C" "sp3" }
>> 	{ "CS"  "C" "sp2" }
>> 	{ "C"   "C" "sp2" }
>> 	{ "CO"   "C" "sp2" }
>> 	{ "C*"  "C" "sp2" }
>> 	{ "CA"  "C" "sp2" }
>> 	{ "CB"  "C" "sp2" }
>> 	{ "CC"  "C" "sp2" }
>> 	{ "CN"  "C" "sp2" }
>> 	{ "CM"  "C" "sp2" }
>> 	{ "CK"  "C" "sp2" }
>> 	{ "CQ"  "C" "sp2" }
>> 	{ "CD"  "C" "sp2" }
>> 	{ "C5"  "C" "sp2" }
>> 	{ "C4"  "C" "sp2" }
>> 	{ "CP"  "C" "sp2" }
>> 	{ "CI"  "C" "sp3" }
>> 	{ "CJ"  "C" "sp2" }
>> 	{ "CW"  "C" "sp2" }
>> 	{ "CV"  "C" "sp2" }
>> 	{ "CR"  "C" "sp2" }
>> 	{ "CA"  "C" "sp2" }
>> 	{ "CY"  "C" "sp2" }
>> 	{ "C0"  "Ca" "sp3" }
>> 	{ "MG"  "Mg" "sp3" }
>> 	{ "N"   "N" "sp2" }
>> 	{ "NA"  "N" "sp2" }
>> 	{ "N2"  "N" "sp2" }
>> 	{ "N*"  "N" "sp2" }
>> 	{ "NP"  "N" "sp2" }
>> 	{ "NQ"  "N" "sp2" }
>> 	{ "NB"  "N" "sp2" }
>> 	{ "NC"  "N" "sp2" }
>> 	{ "NT"  "N" "sp3" }
>> 	{ "NY"  "N" "sp2" }
>> 	{ "N3"  "N" "sp3" }
>> 	{ "S"   "S" "sp3" }
>> 	{ "SH"  "S" "sp3" }
>> 	{ "P"   "P" "sp3" }
>> 	{ "LP"  ""  "sp3" }
>> 	{ "EP"  ""  "sp3" }
>> 	{ "F"   "F" "sp3" }
>> 	{ "Cl"  "Cl" "sp3" }
>> 	{ "Br"  "Br" "sp3" }
>> 	{ "I"   "I"  "sp3" }
>> }
>> #
>> #	Load the main parameter set.
>> #
>> parm10 = loadamberparams parm10.dat
Loading parameters: /miniconda2/envs/yank/dat/leap/parm/parm10.dat
Reading title:
PARM99 + frcmod.ff99SB + frcmod.parmbsc0 + OL3 for RNA
>> frcmod14SB = loadamberparams frcmod.ff14SB
Loading parameters: /miniconda2/envs/yank/dat/leap/parm/frcmod.ff14SB
Reading force field modification type file (frcmod)
Reading title:
ff14SB protein backbone and sidechain parameters
>> #
>> #	Load main chain and terminating amino acid libraries
>> #
>> loadOff amino12.lib
Loading library: /miniconda2/envs/yank/dat/leap/lib/amino12.lib
Loading: ALA
Loading: ARG
Loading: ASH
Loading: ASN
Loading: ASP
Loading: CYM
Loading: CYS
Loading: CYX
Loading: GLH
Loading: GLN
Loading: GLU
Loading: GLY
Loading: HID
Loading: HIE
Loading: HIP
Loading: HYP
Loading: ILE
Loading: LEU
Loading: LYN
Loading: LYS
Loading: MET
Loading: PHE
Loading: PRO
Loading: SER
Loading: THR
Loading: TRP
Loading: TYR
Loading: VAL
>> loadOff aminoct12.lib
Loading library: /miniconda2/envs/yank/dat/leap/lib/aminoct12.lib
Loading: CALA
Loading: CARG
Loading: CASN
Loading: CASP
Loading: CCYS
Loading: CCYX
Loading: CGLN
Loading: CGLU
Loading: CGLY
Loading: CHID
Loading: CHIE
Loading: CHIP
Loading: CHYP
Loading: CILE
Loading: CLEU
Loading: CLYS
Loading: CMET
Loading: CPHE
Loading: CPRO
Loading: CSER
Loading: CTHR
Loading: CTRP
Loading: CTYR
Loading: CVAL
Loading: NHE
Loading: NME
>> loadOff aminont12.lib
Loading library: /miniconda2/envs/yank/dat/leap/lib/aminont12.lib
Loading: ACE
Loading: NALA
Loading: NARG
Loading: NASN
Loading: NASP
Loading: NCYS
Loading: NCYX
Loading: NGLN
Loading: NGLU
Loading: NGLY
Loading: NHID
Loading: NHIE
Loading: NHIP
Loading: NILE
Loading: NLEU
Loading: NLYS
Loading: NMET
Loading: NPHE
Loading: NPRO
Loading: NSER
Loading: NTHR
Loading: NTRP
Loading: NTYR
Loading: NVAL
>> 
>> #
>> #	Define the PDB name map for the amino acids
>> #
>> addPdbResMap {
>>   { 0 "HYP" "HYP" } { 1 "HYP" "CHYP" }
>>   { 0 "ALA" "NALA" } { 1 "ALA" "CALA" }
>>   { 0 "ARG" "NARG" } { 1 "ARG" "CARG" }
>>   { 0 "ASN" "NASN" } { 1 "ASN" "CASN" }
>>   { 0 "ASP" "NASP" } { 1 "ASP" "CASP" }
>>   { 0 "CYS" "NCYS" } { 1 "CYS" "CCYS" }
>>   { 0 "CYX" "NCYX" } { 1 "CYX" "CCYX" }
>>   { 0 "GLN" "NGLN" } { 1 "GLN" "CGLN" }
>>   { 0 "GLU" "NGLU" } { 1 "GLU" "CGLU" }
>>   { 0 "GLY" "NGLY" } { 1 "GLY" "CGLY" }
>>   { 0 "HID" "NHID" } { 1 "HID" "CHID" }
>>   { 0 "HIE" "NHIE" } { 1 "HIE" "CHIE" }
>>   { 0 "HIP" "NHIP" } { 1 "HIP" "CHIP" }
>>   { 0 "ILE" "NILE" } { 1 "ILE" "CILE" }
>>   { 0 "LEU" "NLEU" } { 1 "LEU" "CLEU" }
>>   { 0 "LYS" "NLYS" } { 1 "LYS" "CLYS" }
>>   { 0 "MET" "NMET" } { 1 "MET" "CMET" }
>>   { 0 "PHE" "NPHE" } { 1 "PHE" "CPHE" }
>>   { 0 "PRO" "NPRO" } { 1 "PRO" "CPRO" }
>>   { 0 "SER" "NSER" } { 1 "SER" "CSER" }
>>   { 0 "THR" "NTHR" } { 1 "THR" "CTHR" }
>>   { 0 "TRP" "NTRP" } { 1 "TRP" "CTRP" }
>>   { 0 "TYR" "NTYR" } { 1 "TYR" "CTYR" }
>>   { 0 "VAL" "NVAL" } { 1 "VAL" "CVAL" }
>>   { 0 "HIS" "NHIS" } { 1 "HIS" "CHIS" }
>> }
>> 
>> #
>> # assume that most often proteins use HIE
>> #
>> NHIS = NHIE
>> HIS = HIE
>> CHIS = CHIE
> 
> source leaprc.gaff2
----- Source: /miniconda2/envs/yank/dat/leap/cmd/leaprc.gaff2
----- Source of /miniconda2/envs/yank/dat/leap/cmd/leaprc.gaff2 done
>> logFile leap.log
log started: Mon Mar 23 21:35:36 2020

Log file: ./leap.log
>> #
>> # ----- leaprc for loading the general Amber Force field.
>> #       This file is mostly for use with Antechamber
>> #
>> #	load atom type hybridizations
>> #
>> addAtomTypes {
>> 	{ "h1"  "H" "sp3" }
>> 	{ "h2"  "H" "sp3" }
>> 	{ "h3"  "H" "sp3" }
>> 	{ "h4"  "H" "sp3" }
>> 	{ "h5"  "H" "sp3" }
>> 	{ "ha"  "H" "sp3" }
>> 	{ "hc"  "H" "sp3" }
>> 	{ "hn"  "H" "sp3" }
>> 	{ "ho"  "H" "sp3" }
>> 	{ "hp"  "H" "sp3" }
>> 	{ "hs"  "H" "sp3" }
>> 	{ "hw"  "H" "sp3" }
>> 	{ "hx"  "H" "sp3" }
>> 	{ "o"  "O" "sp2" }
>> 	{ "o2"  "O" "sp2" }
>> 	{ "oh"  "O" "sp3" }
>> 	{ "op"  "O" "sp3" }
>> 	{ "oq"  "O" "sp3" }
>> 	{ "os"  "O" "sp3" }
>> 	{ "ow"  "O" "sp3" }
>> 	{ "c"  "C" "sp2" }
>> 	{ "c1"  "C" "sp2" }
>> 	{ "c2"  "C" "sp2" }
>> 	{ "c3"  "C" "sp3" }
>> 	{ "ca"  "C" "sp2" }
>> 	{ "cc"  "C" "sp2" }
>> 	{ "cd"  "C" "sp2" }
>> 	{ "ce"  "C" "sp2" }
>> 	{ "cf"  "C" "sp2" }
>> 	{ "cg"  "C" "sp2" }
>> 	{ "ch"  "C" "sp2" }
>> 	{ "cp"  "C" "sp2" }
>> 	{ "cs"  "C" "sp2" }
>> 	{ "cq"  "C" "sp2" }
>> 	{ "cu"  "C" "sp2" }
>> 	{ "cv"  "C" "sp2" }
>> 	{ "cx"  "C" "sp2" }
>> 	{ "cy"  "C" "sp2" }
>> 	{ "cz"  "C" "sp2" }
>> 	{ "n"   "N" "sp2" }
>> 	{ "n1"  "N" "sp2" }
>> 	{ "n2"  "N" "sp2" }
>> 	{ "n3"  "N" "sp3" }
>> 	{ "n4"  "N" "sp3" }
>> 	{ "n5"  "N" "sp3" }
>> 	{ "n6"  "N" "sp3" }
>> 	{ "n7"  "N" "sp3" }
>> 	{ "n8"  "N" "sp3" }
>> 	{ "n9"  "N" "sp3" }
>> 	{ "na"  "N" "sp2" }
>> 	{ "nb"  "N" "sp2" }
>> 	{ "nc"  "N" "sp2" }
>> 	{ "nd"  "N" "sp2" }
>> 	{ "ne"  "N" "sp2" }
>> 	{ "nf"  "N" "sp2" }
>> 	{ "nh"  "N" "sp2" }
>> 	{ "ni"  "N" "sp2" }
>> 	{ "nj"  "N" "sp2" }
>> 	{ "nk"  "N" "sp3" }
>> 	{ "nl"  "N" "sp3" }
>> 	{ "nm"  "N" "sp2" }
>> 	{ "nn"  "N" "sp2" }
>> 	{ "no"  "N" "sp2" }
>> 	{ "np"  "N" "sp3" }
>> 	{ "nq"  "N" "sp3" }
>> 	{ "ns"  "N" "sp2" }
>> 	{ "nt"  "N" "sp2" }
>> 	{ "nu"  "N" "sp2" }
>> 	{ "nv"  "N" "sp2" }
>> 	{ "nx"  "N" "sp3" }
>> 	{ "ny"  "N" "sp3" }
>> 	{ "nz"  "N" "sp3" }
>> 	{ "n+"  "N" "sp3" }
>> 	{ "s"   "S" "sp2" }
>> 	{ "s2"   "S" "sp2" }
>> 	{ "s3"   "S" "sp3" }
>> 	{ "s4"   "S" "sp3" }
>> 	{ "s6"   "S" "sp3" }
>> 	{ "sh"   "S" "sp3" }
>> 	{ "sp"   "S" "sp3" }
>> 	{ "sq"   "S" "sp3" }
>> 	{ "ss"   "S" "sp3" }
>> 	{ "sx"   "S" "sp3" }
>> 	{ "sy"   "S" "sp3" }
>> 	{ "p2"   "P" "sp2" }
>> 	{ "p3"   "P" "sp3" }
>> 	{ "p4"   "P" "sp3" }
>> 	{ "p5"   "P" "sp3" }
>> 	{ "pb"   "P" "sp3" }
>> 	{ "pc"   "P" "sp3" }
>> 	{ "pd"   "P" "sp3" }
>> 	{ "pe"   "P" "sp3" }
>> 	{ "pf"   "P" "sp3" }
>> 	{ "px"   "P" "sp3" }
>> 	{ "py"   "P" "sp3" }
>> 	{ "f"   "F" "sp3" }
>> 	{ "cl"  "Cl" "sp3" }
>> 	{ "br"  "Br" "sp3" }
>> 	{ "i"   "I"  "sp3" }
>> }
>> #
>> #	Load the general force field parameter set.
>> #
>> gaff = loadamberparams gaff2.dat
Loading parameters: /miniconda2/envs/yank/dat/leap/parm/gaff2.dat
Reading title:
AMBER General Force Field for organic molecules (Version 2.11, May 2016)
> 
> source leaprc.water.tip3p
----- Source: /miniconda2/envs/yank/dat/leap/cmd/leaprc.water.tip3p
----- Source of /miniconda2/envs/yank/dat/leap/cmd/leaprc.water.tip3p done
>> #
>> #       Load water and ions for TIP3P + Li/Merz monovalent ions 
>> #       + Joung-Chetham monovalent ions
>> #       + Li/Merz highly charged ions (+2 to +4, 12-6 normal usage set)
>> #
>> #       Note: the Li/Merz monovalent set is loaded only to get Tl+,
>> #          Cu+, Ag+ NH4+, H3O+.  Since we load Joung-Cheatham second,
>> #          the alkali halide parameters come from the Joung-Cheatham set
>> #
>> addAtomTypes {
>> 	{ "HW"  "H" "sp3" }
>> 	{ "OW"  "O" "sp3" }
>> 	{ "F-"   "F" "sp3" }
>> 	{ "Cl-"  "Cl" "sp3" }
>> 	{ "Br-"  "Br" "sp3" }
>> 	{ "I-"   "I"  "sp3" }
>> 	{ "Li+"  "Li"  "sp3" }
>> 	{ "Na+"  "Na"  "sp3" }
>> 	{ "K+"  "K"  "sp3" }
>> 	{ "Rb+"  "Rb"  "sp3" }
>> 	{ "Cs+"  "Cs"  "sp3" }
>> 	{ "Mg+"  "Mg"  "sp3" }
>>     { "Tl+"  "Tl"  "sp3" }
>>     { "Cu+"  "Cu"  "sp3" }
>>     { "Ag+"  "Ag"  "sp3" }
>>     { "NH4+"  "N"  "sp3" }
>>     { "H3O+"  "O"  "sp3" }
>>     { "Be2+" "Be"  "sp3" }
>>     { "Cu2+" "Cu"  "sp3" }
>>     { "Ni2+" "Ni"  "sp3" }
>>     { "Pt2+" "Pt"  "sp3" }
>>     { "Zn2+" "Zn"  "sp3" }
>>     { "Co2+" "Co"  "sp3" }
>>     { "Pd2+" "Pd"  "sp3" }
>>     { "Ag2+" "Ag"  "sp3" }
>>     { "Cr2+" "Cr"  "sp3" }
>>     { "Fe2+" "Fe"  "sp3" }
>>     { "Mg2+" "Mg"  "sp3" }
>>     { "V2+"  "V"   "sp3" }
>>     { "Mn2+" "Mn"  "sp3" }
>>     { "Hg2+" "Hg"  "sp3" }
>>     { "Cd2+" "Cd"  "sp3" }
>>     { "Yb2+" "Yb"  "sp3" }
>>     { "Ca2+" "Ca"  "sp3" }
>>     { "Sn2+" "Sn"  "sp3" }
>>     { "Pb2+" "Pb"  "sp3" }
>>     { "Eu2+" "Eu"  "sp3" }
>>     { "Sr2+" "Sr"  "sp3" }
>>     { "Sm2+" "Sm"  "sp3" }
>>     { "Ba2+" "Ba"  "sp3" }
>>     { "Ra2+" "Ra"  "sp3" }
>>     { "Al3+" "Al"  "sp3" }
>>     { "Fe3+" "Fe"  "sp3" }
>>     { "Cr3+" "Cr"  "sp3" }
>>     { "In3+" "In"  "sp3" }
>>     { "Tl3+" "Tl"  "sp3" }
>>     { "Y3+"  "Y"   "sp3" }
>>     { "La3+" "La"  "sp3" }
>>     { "Ce3+" "Ce"  "sp3" }
>>     { "Pr3+" "Pr"  "sp3" }
>>     { "Nd3+" "Nd"  "sp3" }
>>     { "Sm3+" "Sm"  "sp3" }
>>     { "Eu3+" "Eu"  "sp3" }
>>     { "Gd3+" "Gd"  "sp3" }
>>     { "Tb3+" "Tb"  "sp3" }
>>     { "Dy3+" "Dy"  "sp3" }
>>     { "Er3+" "Er"  "sp3" }
>>     { "Tm3+" "Tm"  "sp3" }
>>     { "Lu3+" "Lu"  "sp3" }
>>     { "Hf4+" "Hf"  "sp3" }
>>     { "Zr4+" "Zr"  "sp3" }
>>     { "Ce4+" "Ce"  "sp3" }
>>     { "U4+"  "U"   "sp3" }
>>     { "Pu4+" "Pu"  "sp3" }
>>     { "Th4+" "Th"  "sp3" }
>> }
>> loadOff atomic_ions.lib
Loading library: /miniconda2/envs/yank/dat/leap/lib/atomic_ions.lib
Loading: AG
Loading: AL
Loading: Ag
Loading: BA
Loading: BR
Loading: Be
Loading: CA
Loading: CD
Loading: CE
Loading: CL
Loading: CO
Loading: CR
Loading: CS
Loading: CU
Loading: CU1
Loading: Ce
Loading: Cl-
Loading: Cr
Loading: Dy
Loading: EU
Loading: EU3
Loading: Er
Loading: F
Loading: FE
Loading: FE2
Loading: GD3
Loading: H3O+
Loading: HE+
Loading: HG
Loading: HZ+
Loading: Hf
Loading: IN
Loading: IOD
Loading: K
Loading: K+
Loading: LA
Loading: LI
Loading: LU
Loading: MG
Loading: MN
Loading: NA
Loading: NH4
Loading: NI
Loading: Na+
Loading: Nd
Loading: PB
Loading: PD
Loading: PR
Loading: PT
Loading: Pu
Loading: RB
Loading: Ra
Loading: SM
Loading: SR
Loading: Sm
Loading: Sn
Loading: TB
Loading: TL
Loading: Th
Loading: Tl
Loading: Tm
Loading: U4+
Loading: V2+
Loading: Y
Loading: YB2
Loading: ZN
Loading: Zr
>> loadOff solvents.lib
Loading library: /miniconda2/envs/yank/dat/leap/lib/solvents.lib
Loading: CHCL3BOX
Loading: DC4
Loading: FB3
Loading: FB3BOX
Loading: FB4
Loading: FB4BOX
Loading: MEOHBOX
Loading: NMABOX
Loading: OP3
Loading: OPC
Loading: OPC3BOX
Loading: OPCBOX
Loading: PL3
Loading: POL3BOX
Loading: QSPCFWBOX
Loading: SPC
Loading: SPCBOX
Loading: SPCFWBOX
Loading: SPF
Loading: SPG
Loading: T4E
Loading: TIP3PBOX
Loading: TIP3PFBOX
Loading: TIP4PBOX
Loading: TIP4PEWBOX
Loading: TIP5PBOX
Loading: TP3
Loading: TP4
Loading: TP5
Loading: TPF
>> HOH = TP3
>> WAT = TP3
>> loadAmberParams frcmod.tip3p
Loading parameters: /miniconda2/envs/yank/dat/leap/parm/frcmod.tip3p
Reading force field modification type file (frcmod)
Reading title:
This is the additional/replacement parameter set for TIP3P water
>> loadAmberParams frcmod.ions1lm_126_tip3p
Loading parameters: /miniconda2/envs/yank/dat/leap/parm/frcmod.ions1lm_126_tip3p
Reading force field modification type file (frcmod)
Reading title:
Li/Merz ion parameters of monovalent ions for TIP3P water model (12-6 normal usage set)
>> loadAmberParams frcmod.ionsjc_tip3p
Loading parameters: /miniconda2/envs/yank/dat/leap/parm/frcmod.ionsjc_tip3p
Reading force field modification type file (frcmod)
Reading title:
Monovalent ion parameters for Ewald and TIP3P water from Joung & Cheatham JPCB (2008)
>> loadAmberParams frcmod.ions234lm_126_tip3p
Loading parameters: /miniconda2/envs/yank/dat/leap/parm/frcmod.ions234lm_126_tip3p
Reading force field modification type file (frcmod)
Reading title:
Li/Merz ion parameters of divalent to tetravalent ions for TIP3P water model (12-6 normal usage set)
>> 
> 
> 
> # Load molecules
> receptor = loadPdb moli1.pdb
Loading PDB file: ./moli1.pdb
Matching PDB residue names to LEaP variables.
Mapped residue SER, term: Terminal/beginning, seq. number: 0 to: NSER.
Mapped residue GLN, term: Terminal/last, seq. number: 305 to: CGLN.
  total atoms in file: 4682
> ligand = loadMol2 moli2.mol2
Loading Mol2 file: ./moli2.mol2
Reading MOLECULE named UNL
> 
> # Create complex
> complex = combine { receptor ligand }
  Sequence: default_name
  Sequence: UNL
> 
> # Solvate systems
> solvateBox complex TIP3PBOX 16.0 iso
  Solute vdw bounding box:              38.243 79.591 47.392
  Total bounding box for atom centers:  111.591 111.591 111.591
      (box expansion for 'iso' is 123.3%)
  Solvent unit box:                     18.774 18.774 18.774
The number of boxes:  x= 6  y= 6  z= 6
  Volume: 1509301.542 A^3 
  Total mass 797963.562 amu,  Density 0.878 g/cc
  Added 42400 residues.
> addIonsRand complex Na+ 0
4 Na+ ions required to neutralize.
Adding 4 counter ions to "complex". 42396 solvent molecules will remain.
0: Placed Na+ in complex at (-10.71, 31.46, -36.89).
0: Placed Na+ in complex at (-5.31, 9.39, -42.66).
0: Placed Na+ in complex at (-45.92, 34.61, -6.11).
0: Placed Na+ in complex at (-45.06, 5.73, 25.75).
> addIonsRand complex Cl- 0

/miniconda2/envs/yank/bin/teLeap: Warning!
addIonsRand: 1st Ion & target unit have charges of the same sign:
     unit charge = -5.24025e-14; ion1 charge = -1;
     can't neutralize.
> addIonsRand complex Na+ 115
Adding 115 counter ions to "complex". 42281 solvent molecules will remain.
0: Placed Na+ in complex at (-52.81, -39.12, -23.25).
0: Placed Na+ in complex at (-26.92, -39.16, 7.99).
0: Placed Na+ in complex at (-31.23, -19.85, 5.57).
0: Placed Na+ in complex at (33.41, -34.10, -49.56).
0: Placed Na+ in complex at (-13.87, 31.07, -14.64).
0: Placed Na+ in complex at (33.41, 40.99, 44.31).
0: Placed Na+ in complex at (-41.69, 22.22, 6.76).
0: Placed Na+ in complex at (36.56, 36.91, 5.23).
0: Placed Na+ in complex at (-55.42, 15.97, -47.94).
0: Placed Na+ in complex at (-52.19, -32.67, 45.99).
0: Placed Na+ in complex at (52.51, -47.29, -11.15).
0: Placed Na+ in complex at (35.72, -30.26, 27.47).
0: Placed Na+ in complex at (44.30, -20.77, -27.51).
0: Placed Na+ in complex at (-2.91, 41.42, 22.70).
0: Placed Na+ in complex at (-12.75, 50.70, 54.10).
0: Placed Na+ in complex at (13.45, -41.69, 33.36).
0: Placed Na+ in complex at (23.68, 49.85, 22.91).
0: Placed Na+ in complex at (-1.83, -11.49, -47.62).
0: Placed Na+ in complex at (14.50, 46.04, -19.81).
0: Placed Na+ in complex at (-16.15, 1.67, 0.37).
0: Placed Na+ in complex at (31.88, -1.72, 25.20).
0: Placed Na+ in complex at (23.68, -6.47, 22.91).
0: Placed Na+ in complex at (-12.42, 30.35, 49.61).
0: Placed Na+ in complex at (-20.90, -36.30, 19.55).
0: Placed Na+ in complex at (19.67, 53.52, -47.94).
0: Placed Na+ in complex at (32.80, 11.15, -40.59).
0: Placed Na+ in complex at (17.18, -7.94, 14.92).
0: Placed Na+ in complex at (-49.00, -3.25, 2.70).
0: Placed Na+ in complex at (-22.59, -47.29, -29.92).
0: Placed Na+ in complex at (-39.20, -11.40, -25.33).
0: Placed Na+ in complex at (-50.29, -14.32, -34.83).
0: Placed Na+ in complex at (-53.70, -54.65, -18.40).
0: Placed Na+ in complex at (-28.96, -33.72, -49.37).
0: Placed Na+ in complex at (-50.83, 51.85, 43.59).
0: Placed Na+ in complex at (-15.85, -45.57, -52.88).
0: Placed Na+ in complex at (51.01, 46.94, 32.44).
0: Placed Na+ in complex at (11.17, -3.84, -12.34).
0: Placed Na+ in complex at (-0.05, -44.64, -29.46).
0: Placed Na+ in complex at (13.34, 0.67, 37.35).
0: Placed Na+ in complex at (-39.36, 34.97, -28.24).
0: Placed Na+ in complex at (6.74, 1.26, 36.77).
0: Placed Na+ in complex at (-29.08, 1.13, -48.10).
0: Placed Na+ in complex at (23.95, -12.28, 11.52).
0: Placed Na+ in complex at (-32.44, 39.48, -23.66).
0: Placed Na+ in complex at (-53.58, 19.38, -40.03).
0: Placed Na+ in complex at (34.48, 31.84, -42.82).
0: Placed Na+ in complex at (14.03, -7.62, 15.74).
0: Placed Na+ in complex at (6.37, 8.09, 51.09).
0: Placed Na+ in complex at (40.18, -31.30, 10.53).
0: Placed Na+ in complex at (34.54, 36.59, 7.03).
0: Placed Na+ in complex at (-5.43, -55.65, -18.98).
0: Placed Na+ in complex at (-7.80, -42.13, -21.98).
0: Placed Na+ in complex at (-24.00, -22.12, 2.35).
0: Placed Na+ in complex at (29.63, 27.97, -32.59).
0: Placed Na+ in complex at (-32.13, 7.08, -31.20).
0: Placed Na+ in complex at (-37.25, -16.46, -28.35).
0: Placed Na+ in complex at (-15.26, -1.58, -4.47).
0: Placed Na+ in complex at (9.49, -38.65, -45.46).
0: Placed Na+ in complex at (12.01, -30.00, 36.23).
0: Placed Na+ in complex at (4.42, 21.01, -53.82).
0: Placed Na+ in complex at (-17.91, 31.50, 21.53).
0: Placed Na+ in complex at (26.10, 34.30, -53.63).
0: Placed Na+ in complex at (-3.01, -38.50, -49.29).
0: Placed Na+ in complex at (-29.72, 6.15, 24.12).
0: Placed Na+ in complex at (2.07, 38.63, 31.79).
0: Placed Na+ in complex at (23.20, -35.31, -16.27).
0: Placed Na+ in complex at (-40.97, -43.22, 17.20).
0: Placed Na+ in complex at (34.54, 55.37, -30.52).
0: Placed Na+ in complex at (-3.67, -44.29, 40.31).
0: Placed Na+ in complex at (0.48, -31.29, 37.96).
0: Placed Na+ in complex at (54.51, -40.12, -28.24).
0: Placed Na+ in complex at (-44.07, -28.86, 7.71).
0: Placed Na+ in complex at (8.95, 36.88, 24.83).
0: Placed Na+ in complex at (-32.89, -14.89, 37.65).
0: Placed Na+ in complex at (-26.29, 5.73, -49.35).
0: Placed Na+ in complex at (26.99, 30.15, -39.68).
0: Placed Na+ in complex at (-52.81, 35.97, -23.25).
0: Placed Na+ in complex at (-46.01, -3.18, -36.19).
0: Placed Na+ in complex at (-12.13, 36.19, -22.73).
0: Placed Na+ in complex at (-47.04, 14.68, -19.80).
0: Placed Na+ in complex at (19.07, -16.46, -47.12).
0: Placed Na+ in complex at (-40.00, -37.85, -7.91).
0: Placed Na+ in complex at (-38.96, -46.17, 30.70).
0: Placed Na+ in complex at (-47.58, 39.13, -15.27).
0: Placed Na+ in complex at (-39.30, 53.89, -22.14).
0: Placed Na+ in complex at (-30.58, -8.07, 40.71).
0: Placed Na+ in complex at (40.74, -29.44, 18.00).
0: Placed Na+ in complex at (-39.26, 8.21, -3.74).
0: Placed Na+ in complex at (2.05, 51.04, -30.09).
0: Placed Na+ in complex at (11.49, -25.50, 24.16).
0: Placed Na+ in complex at (-12.13, 17.41, -22.73).
0: Placed Na+ in complex at (-21.11, 6.54, 42.19).
0: Placed Na+ in complex at (32.48, -20.23, -39.60).
0: Placed Na+ in complex at (-32.57, -14.45, 5.29).
0: Placed Na+ in complex at (-25.68, 21.65, -49.54).
0: Placed Na+ in complex at (37.50, 30.46, 8.09).
0: Placed Na+ in complex at (-45.94, -45.85, 28.37).
0: Placed Na+ in complex at (43.12, 32.31, -42.44).
0: Placed Na+ in complex at (45.65, -46.00, -32.12).
0: Placed Na+ in complex at (-48.44, -34.72, 19.86).
0: Placed Na+ in complex at (-42.78, 34.21, 2.35).
0: Placed Na+ in complex at (51.58, 48.70, 34.51).
0: Placed Na+ in complex at (-55.52, 49.34, -26.51).
0: Placed Na+ in complex at (-44.02, 22.54, -45.84).
0: Placed Na+ in complex at (-31.92, 18.52, 21.56).
0: Placed Na+ in complex at (-1.83, 44.83, 27.47).
0: Placed Na+ in complex at (-40.61, 13.07, -42.82).
0: Placed Na+ in complex at (-4.75, 54.40, 29.28).
0: Placed Na+ in complex at (7.67, -35.04, 29.25).
0: Placed Na+ in complex at (52.57, 54.53, -5.21).
0: Placed Na+ in complex at (11.26, 43.28, -49.35).
0: Placed Na+ in complex at (20.58, -30.90, 15.93).
0: Placed Na+ in complex at (-15.58, -29.44, -38.32).
0: Placed Na+ in complex at (-9.28, 37.42, 33.85).
0: Placed Na+ in complex at (-6.56, -54.39, -40.15).
> addIonsRand complex Cl- 115
Adding 115 counter ions to "complex". 42166 solvent molecules will remain.
0: Placed Cl- in complex at (25.52, 16.78, -27.51).
0: Placed Cl- in complex at (49.86, -52.55, -27.06).
0: Placed Cl- in complex at (-0.14, -38.50, 13.58).
0: Placed Cl- in complex at (-55.52, -44.53, 48.59).
0: Placed Cl- in complex at (36.64, -51.14, -11.60).
0: Placed Cl- in complex at (-33.13, -35.31, -35.04).
0: Placed Cl- in complex at (-51.95, -3.96, -8.11).
0: Placed Cl- in complex at (-16.72, -17.06, -52.36).
0: Placed Cl- in complex at (25.24, 9.72, -11.04).
0: Placed Cl- in complex at (35.96, -26.72, 14.92).
0: Placed Cl- in complex at (10.31, -3.18, -36.19).
0: Placed Cl- in complex at (1.00, 39.97, -40.96).
0: Placed Cl- in complex at (-46.28, 36.59, 21.48).
0: Placed Cl- in complex at (54.67, 7.37, -25.33).
0: Placed Cl- in complex at (45.38, 43.70, -13.43).
0: Placed Cl- in complex at (5.63, -28.16, 17.57).
0: Placed Cl- in complex at (20.82, -5.29, 45.00).
0: Placed Cl- in complex at (10.63, -20.39, 45.54).
0: Placed Cl- in complex at (44.01, -46.60, 7.74).
0: Placed Cl- in complex at (4.43, 18.29, -47.35).
0: Placed Cl- in complex at (44.52, 10.71, -15.61).
0: Placed Cl- in complex at (-16.34, -47.39, -41.63).
0: Placed Cl- in complex at (-32.65, -6.47, 4.14).
0: Placed Cl- in complex at (10.63, -39.16, 7.99).
0: Placed Cl- in complex at (17.86, -31.56, -39.57).
0: Placed Cl- in complex at (-55.55, 8.34, 47.69).
0: Placed Cl- in complex at (14.87, 42.93, -46.79).
0: Placed Cl- in complex at (-12.91, -11.99, 18.88).
0: Placed Cl- in complex at (-30.22, -3.25, -16.08).
0: Placed Cl- in complex at (10.85, -50.86, 1.95).
0: Placed Cl- in complex at (-44.64, -23.71, -44.94).
0: Placed Cl- in complex at (-21.31, -17.88, -52.86).
0: Placed Cl- in complex at (30.03, -50.60, 25.75).
0: Placed Cl- in complex at (28.23, 7.57, 13.34).
0: Placed Cl- in complex at (20.00, -46.97, 26.25).
0: Placed Cl- in complex at (-28.07, -27.82, -18.36).
0: Placed Cl- in complex at (53.21, 30.07, -27.62).
0: Placed Cl- in complex at (7.86, -10.79, 35.79).
0: Placed Cl- in complex at (36.78, 51.48, 34.57).
0: Placed Cl- in complex at (-29.08, 19.91, 45.77).
0: Placed Cl- in complex at (-34.11, -38.84, -19.38).
0: Placed Cl- in complex at (-24.44, -39.26, 6.42).
0: Placed Cl- in complex at (23.57, -22.91, 21.56).
0: Placed Cl- in complex at (51.95, 14.87, -47.95).
0: Placed Cl- in complex at (-47.58, 39.13, -34.05).
0: Placed Cl- in complex at (41.18, 26.92, 1.87).
0: Placed Cl- in complex at (-7.60, -41.39, -31.12).
0: Placed Cl- in complex at (-55.52, 11.79, 48.59).
0: Placed Cl- in complex at (-23.84, 36.09, -39.60).
0: Placed Cl- in complex at (31.02, 46.24, -11.06).
0: Placed Cl- in complex at (-53.58, -18.17, 35.07).
0: Placed Cl- in complex at (32.12, -55.65, 18.57).
0: Placed Cl- in complex at (19.54, 45.89, -27.41).
0: Placed Cl- in complex at (52.47, -50.27, -3.42).
0: Placed Cl- in complex at (51.25, -1.46, -20.83).
0: Placed Cl- in complex at (45.43, -53.50, -55.24).
0: Placed Cl- in complex at (-21.68, 3.87, 3.93).
0: Placed Cl- in complex at (2.05, -54.61, 22.74).
0: Placed Cl- in complex at (-49.71, 39.53, -13.21).
0: Placed Cl- in complex at (5.11, -16.84, 32.66).
0: Placed Cl- in complex at (36.49, 10.83, 22.02).
0: Placed Cl- in complex at (-33.54, 38.21, 5.91).
0: Placed Cl- in complex at (-55.42, 34.75, -10.39).
0: Placed Cl- in complex at (17.18, -45.49, -3.86).
0: Placed Cl- in complex at (17.67, 27.83, 5.40).
0: Placed Cl- in complex at (-54.93, -20.71, 48.67).
0: Placed Cl- in complex at (37.04, 51.63, -36.80).
0: Placed Cl- in complex at (4.90, 12.30, 41.69).
0: Placed Cl- in complex at (53.76, -36.43, 32.41).
0: Placed Cl- in complex at (-38.60, -7.94, -34.30).
0: Placed Cl- in complex at (16.65, -55.07, 38.33).
0: Placed Cl- in complex at (35.44, 3.79, 14.18).
0: Placed Cl- in complex at (25.41, -38.91, 52.37).
0: Placed Cl- in complex at (21.96, -29.44, -0.77).
0: Placed Cl- in complex at (11.68, -4.94, 11.38).
0: Placed Cl- in complex at (12.22, 20.70, 53.73).
0: Placed Cl- in complex at (-51.53, -41.68, 40.34).
0: Placed Cl- in complex at (-36.10, -52.53, -11.42).
0: Placed Cl- in complex at (42.45, 49.85, -33.41).
0: Placed Cl- in complex at (-26.29, 43.28, -11.80).
0: Placed Cl- in complex at (42.53, 41.87, -13.49).
0: Placed Cl- in complex at (-2.34, 44.09, -32.91).
0: Placed Cl- in complex at (23.68, 12.30, -52.18).
0: Placed Cl- in complex at (46.34, 48.66, -42.62).
0: Placed Cl- in complex at (14.96, -28.52, 45.18).
0: Placed Cl- in complex at (-52.81, -20.35, 14.30).
0: Placed Cl- in complex at (-14.40, -41.51, 29.44).
0: Placed Cl- in complex at (-13.14, 39.51, -28.93).
0: Placed Cl- in complex at (5.50, -42.02, 43.59).
0: Placed Cl- in complex at (-9.22, 18.59, -38.09).
0: Placed Cl- in complex at (-16.71, 19.85, -5.76).
0: Placed Cl- in complex at (-35.50, -5.29, 7.45).
0: Placed Cl- in complex at (38.84, 16.41, 16.35).
0: Placed Cl- in complex at (-25.33, -54.39, -40.15).
0: Placed Cl- in complex at (37.41, 55.38, 32.36).
0: Placed Cl- in complex at (20.16, -1.93, 11.12).
0: Placed Cl- in complex at (9.92, 23.60, -23.33).
0: Placed Cl- in complex at (-52.64, -43.14, -55.39).
0: Placed Cl- in complex at (-32.60, 30.74, 7.78).
0: Placed Cl- in complex at (52.81, 39.66, -46.83).
0: Placed Cl- in complex at (44.01, 47.27, -48.59).
0: Placed Cl- in complex at (27.58, 50.86, 43.37).
0: Placed Cl- in complex at (34.30, 32.89, 19.88).
0: Placed Cl- in complex at (44.16, -16.80, -13.21).
0: Placed Cl- in complex at (54.04, 15.00, -25.75).
0: Placed Cl- in complex at (-22.05, -15.34, 36.59).
0: Placed Cl- in complex at (37.41, -0.95, 13.58).
0: Placed Cl- in complex at (17.94, 23.61, -27.63).
0: Placed Cl- in complex at (-41.69, -34.10, 25.53).
0: Placed Cl- in complex at (15.32, -5.20, 43.15).
0: Placed Cl- in complex at (44.29, -36.29, 36.77).
0: Placed Cl- in complex at (-41.30, -39.34, 51.11).
0: Placed Cl- in complex at (-53.13, -10.67, -38.32).
0: Placed Cl- in complex at (16.21, -55.20, 13.63).
0: Placed Cl- in complex at (34.03, -54.21, 9.49).
> 
> # Check charge
> check complex
Checking 'complex'....

/miniconda2/envs/yank/bin/teLeap: Warning!
Close contact of 1.484382 angstroms between .R<ASP 187>.A<O 12> and .R<TYR 54>.A<HH 15>

/miniconda2/envs/yank/bin/teLeap: Warning!
Close contact of 1.451534 angstroms between .R<TYR 182>.A<HH 15> and .R<CYS 160>.A<O 11>

/miniconda2/envs/yank/bin/teLeap: Warning!
Close contact of 1.495967 angstroms between .R<HID 80>.A<HD1 10> and .R<ASN 63>.A<OD1 9>

/miniconda2/envs/yank/bin/teLeap: Warning!
Close contact of 1.326790 angstroms between .R<UNL 307>.A<H10 32> and .R<UNL 307>.A<H6 28>

/miniconda2/envs/yank/bin/teLeap: Warning!
Close contact of 1.086626 angstroms between .R<UNL 307>.A<H8 30> and .R<UNL 307>.A<H6 28>
Checking parameters for unit 'complex'.
Checking for bond parameters.
Checking for angle parameters.
check:  Warnings: 5
Unit is OK.
> 
> # Save prmtop and inpcrd files
> saveAmberParm complex molo4.prmtop molo3.inpcrd
Checking Unit.
Building topology.
Building atom parameters.
Building bond parameters.
Building angle parameters.
Building proper torsion parameters.
Building improper torsion parameters.
 ** Warning: No sp2 improper torsion term for  NA-CA-CN-CB
        atoms are: NE1 CZ2 CE2 CD2
 ** Warning: No sp2 improper torsion term for  C*-CN-CB-CA
        atoms are: CG CE2 CD2 CE3
 ** Warning: No sp2 improper torsion term for  NA-CA-CN-CB
        atoms are: NE1 CZ2 CE2 CD2
 ** Warning: No sp2 improper torsion term for  C*-CN-CB-CA
        atoms are: CG CE2 CD2 CE3
 ** Warning: No sp2 improper torsion term for  NA-CA-CN-CB
        atoms are: NE1 CZ2 CE2 CD2
 ** Warning: No sp2 improper torsion term for  C*-CN-CB-CA
        atoms are: CG CE2 CD2 CE3
 total 976 improper torsions applied
Building H-Bond parameters.
Incorporating Non-Bonded adjustments.
Not Marking per-residue atom chain types.
Marking per-residue atom chain types.
  (Residues lacking connect0/connect1 - 
   these don't have chain types marked:

	res	total affected

	CGLN	1
	NSER	1
	UNL	1
	WAT	42166
  )
 (no restraints)
> savePDB complex molo5.pdb
Writing pdb file: molo5.pdb
   printing CRYST1 record to PDB file with box info

/miniconda2/envs/yank/bin/teLeap: Warning!
 Converting N-terminal residue name to PDB format: NSER -> SER

/miniconda2/envs/yank/bin/teLeap: Warning!
 Converting C-terminal residue name to PDB format: CGLN -> GLN
> quit
	Quit

Exiting LEaP: Errors = 0; Warnings = 8; Notes = 0.
