log started: Mon Mar 23 21:42:30 2020

Log file: ./leap.log
>> #
>> # ----- leaprc for loading the ff14SB force field
>> # ----- NOTE: this is designed for PDB format 3!
>> #
>> #	load atom type hybridizations
>> #
>> addAtomTypes {
>> 	{ "H"   "H" "sp3" }
>> 	{ "HO"  "H" "sp3" }
>> 	{ "HS"  "H" "sp3" }
>> 	{ "H1"  "H" "sp3" }
>> 	{ "H2"  "H" "sp3" }
>> 	{ "H3"  "H" "sp3" }
>> 	{ "H4"  "H" "sp3" }
>> 	{ "H5"  "H" "sp3" }
>> 	{ "HW"  "H" "sp3" }
>> 	{ "HC"  "H" "sp3" }
>> 	{ "HA"  "H" "sp3" }
>> 	{ "HP"  "H" "sp3" }
>> 	{ "HZ"  "H" "sp3" }
>> 	{ "OH"  "O" "sp3" }
>> 	{ "OS"  "O" "sp3" }
>> 	{ "O"   "O" "sp2" }
>> 	{ "O2"  "O" "sp2" }
>> 	{ "OP"  "O" "sp2" }
>> 	{ "OW"  "O" "sp3" }
>> 	{ "CT"  "C" "sp3" }
>> 	{ "CX"  "C" "sp3" }
>> 	{ "C8"  "C" "sp3" }
>> 	{ "2C"  "C" "sp3" }
>> 	{ "3C"  "C" "sp3" }
>> 	{ "CH"  "C" "sp3" }
>> 	{ "CS"  "C" "sp2" }
>> 	{ "C"   "C" "sp2" }
>> 	{ "CO"   "C" "sp2" }
>> 	{ "C*"  "C" "sp2" }
>> 	{ "CA"  "C" "sp2" }
>> 	{ "CB"  "C" "sp2" }
>> 	{ "CC"  "C" "sp2" }
>> 	{ "CN"  "C" "sp2" }
>> 	{ "CM"  "C" "sp2" }
>> 	{ "CK"  "C" "sp2" }
>> 	{ "CQ"  "C" "sp2" }
>> 	{ "CD"  "C" "sp2" }
>> 	{ "C5"  "C" "sp2" }
>> 	{ "C4"  "C" "sp2" }
>> 	{ "CP"  "C" "sp2" }
>> 	{ "CI"  "C" "sp3" }
>> 	{ "CJ"  "C" "sp2" }
>> 	{ "CW"  "C" "sp2" }
>> 	{ "CV"  "C" "sp2" }
>> 	{ "CR"  "C" "sp2" }
>> 	{ "CA"  "C" "sp2" }
>> 	{ "CY"  "C" "sp2" }
>> 	{ "C0"  "Ca" "sp3" }
>> 	{ "MG"  "Mg" "sp3" }
>> 	{ "N"   "N" "sp2" }
>> 	{ "NA"  "N" "sp2" }
>> 	{ "N2"  "N" "sp2" }
>> 	{ "N*"  "N" "sp2" }
>> 	{ "NP"  "N" "sp2" }
>> 	{ "NQ"  "N" "sp2" }
>> 	{ "NB"  "N" "sp2" }
>> 	{ "NC"  "N" "sp2" }
>> 	{ "NT"  "N" "sp3" }
>> 	{ "NY"  "N" "sp2" }
>> 	{ "N3"  "N" "sp3" }
>> 	{ "S"   "S" "sp3" }
>> 	{ "SH"  "S" "sp3" }
>> 	{ "P"   "P" "sp3" }
>> 	{ "LP"  ""  "sp3" }
>> 	{ "EP"  ""  "sp3" }
>> 	{ "F"   "F" "sp3" }
>> 	{ "Cl"  "Cl" "sp3" }
>> 	{ "Br"  "Br" "sp3" }
>> 	{ "I"   "I"  "sp3" }
>> }
>> #
>> #	Load the main parameter set.
>> #
>> parm10 = loadamberparams parm10.dat
Loading parameters: /miniconda2/envs/yank/dat/leap/parm/parm10.dat
Reading title:
PARM99 + frcmod.ff99SB + frcmod.parmbsc0 + OL3 for RNA
>> frcmod14SB = loadamberparams frcmod.ff14SB
Loading parameters: /miniconda2/envs/yank/dat/leap/parm/frcmod.ff14SB
Reading force field modification type file (frcmod)
Reading title:
ff14SB protein backbone and sidechain parameters
>> #
>> #	Load main chain and terminating amino acid libraries
>> #
>> loadOff amino12.lib
Loading library: /miniconda2/envs/yank/dat/leap/lib/amino12.lib
Loading: ALA
Loading: ARG
Loading: ASH
Loading: ASN
Loading: ASP
Loading: CYM
Loading: CYS
Loading: CYX
Loading: GLH
Loading: GLN
Loading: GLU
Loading: GLY
Loading: HID
Loading: HIE
Loading: HIP
Loading: HYP
Loading: ILE
Loading: LEU
Loading: LYN
Loading: LYS
Loading: MET
Loading: PHE
Loading: PRO
Loading: SER
Loading: THR
Loading: TRP
Loading: TYR
Loading: VAL
>> loadOff aminoct12.lib
Loading library: /miniconda2/envs/yank/dat/leap/lib/aminoct12.lib
Loading: CALA
Loading: CARG
Loading: CASN
Loading: CASP
Loading: CCYS
Loading: CCYX
Loading: CGLN
Loading: CGLU
Loading: CGLY
Loading: CHID
Loading: CHIE
Loading: CHIP
Loading: CHYP
Loading: CILE
Loading: CLEU
Loading: CLYS
Loading: CMET
Loading: CPHE
Loading: CPRO
Loading: CSER
Loading: CTHR
Loading: CTRP
Loading: CTYR
Loading: CVAL
Loading: NHE
Loading: NME
>> loadOff aminont12.lib
Loading library: /miniconda2/envs/yank/dat/leap/lib/aminont12.lib
Loading: ACE
Loading: NALA
Loading: NARG
Loading: NASN
Loading: NASP
Loading: NCYS
Loading: NCYX
Loading: NGLN
Loading: NGLU
Loading: NGLY
Loading: NHID
Loading: NHIE
Loading: NHIP
Loading: NILE
Loading: NLEU
Loading: NLYS
Loading: NMET
Loading: NPHE
Loading: NPRO
Loading: NSER
Loading: NTHR
Loading: NTRP
Loading: NTYR
Loading: NVAL
>> 
>> #
>> #	Define the PDB name map for the amino acids
>> #
>> addPdbResMap {
>>   { 0 "HYP" "HYP" } { 1 "HYP" "CHYP" }
>>   { 0 "ALA" "NALA" } { 1 "ALA" "CALA" }
>>   { 0 "ARG" "NARG" } { 1 "ARG" "CARG" }
>>   { 0 "ASN" "NASN" } { 1 "ASN" "CASN" }
>>   { 0 "ASP" "NASP" } { 1 "ASP" "CASP" }
>>   { 0 "CYS" "NCYS" } { 1 "CYS" "CCYS" }
>>   { 0 "CYX" "NCYX" } { 1 "CYX" "CCYX" }
>>   { 0 "GLN" "NGLN" } { 1 "GLN" "CGLN" }
>>   { 0 "GLU" "NGLU" } { 1 "GLU" "CGLU" }
>>   { 0 "GLY" "NGLY" } { 1 "GLY" "CGLY" }
>>   { 0 "HID" "NHID" } { 1 "HID" "CHID" }
>>   { 0 "HIE" "NHIE" } { 1 "HIE" "CHIE" }
>>   { 0 "HIP" "NHIP" } { 1 "HIP" "CHIP" }
>>   { 0 "ILE" "NILE" } { 1 "ILE" "CILE" }
>>   { 0 "LEU" "NLEU" } { 1 "LEU" "CLEU" }
>>   { 0 "LYS" "NLYS" } { 1 "LYS" "CLYS" }
>>   { 0 "MET" "NMET" } { 1 "MET" "CMET" }
>>   { 0 "PHE" "NPHE" } { 1 "PHE" "CPHE" }
>>   { 0 "PRO" "NPRO" } { 1 "PRO" "CPRO" }
>>   { 0 "SER" "NSER" } { 1 "SER" "CSER" }
>>   { 0 "THR" "NTHR" } { 1 "THR" "CTHR" }
>>   { 0 "TRP" "NTRP" } { 1 "TRP" "CTRP" }
>>   { 0 "TYR" "NTYR" } { 1 "TYR" "CTYR" }
>>   { 0 "VAL" "NVAL" } { 1 "VAL" "CVAL" }
>>   { 0 "HIS" "NHIS" } { 1 "HIS" "CHIS" }
>> }
>> 
>> #
>> # assume that most often proteins use HIE
>> #
>> NHIS = NHIE
>> HIS = HIE
>> CHIS = CHIE
> 
> source leaprc.gaff2
----- Source: /miniconda2/envs/yank/dat/leap/cmd/leaprc.gaff2
----- Source of /miniconda2/envs/yank/dat/leap/cmd/leaprc.gaff2 done
>> logFile leap.log
log started: Mon Mar 23 21:42:30 2020

Log file: ./leap.log
>> #
>> # ----- leaprc for loading the general Amber Force field.
>> #       This file is mostly for use with Antechamber
>> #
>> #	load atom type hybridizations
>> #
>> addAtomTypes {
>> 	{ "h1"  "H" "sp3" }
>> 	{ "h2"  "H" "sp3" }
>> 	{ "h3"  "H" "sp3" }
>> 	{ "h4"  "H" "sp3" }
>> 	{ "h5"  "H" "sp3" }
>> 	{ "ha"  "H" "sp3" }
>> 	{ "hc"  "H" "sp3" }
>> 	{ "hn"  "H" "sp3" }
>> 	{ "ho"  "H" "sp3" }
>> 	{ "hp"  "H" "sp3" }
>> 	{ "hs"  "H" "sp3" }
>> 	{ "hw"  "H" "sp3" }
>> 	{ "hx"  "H" "sp3" }
>> 	{ "o"  "O" "sp2" }
>> 	{ "o2"  "O" "sp2" }
>> 	{ "oh"  "O" "sp3" }
>> 	{ "op"  "O" "sp3" }
>> 	{ "oq"  "O" "sp3" }
>> 	{ "os"  "O" "sp3" }
>> 	{ "ow"  "O" "sp3" }
>> 	{ "c"  "C" "sp2" }
>> 	{ "c1"  "C" "sp2" }
>> 	{ "c2"  "C" "sp2" }
>> 	{ "c3"  "C" "sp3" }
>> 	{ "ca"  "C" "sp2" }
>> 	{ "cc"  "C" "sp2" }
>> 	{ "cd"  "C" "sp2" }
>> 	{ "ce"  "C" "sp2" }
>> 	{ "cf"  "C" "sp2" }
>> 	{ "cg"  "C" "sp2" }
>> 	{ "ch"  "C" "sp2" }
>> 	{ "cp"  "C" "sp2" }
>> 	{ "cs"  "C" "sp2" }
>> 	{ "cq"  "C" "sp2" }
>> 	{ "cu"  "C" "sp2" }
>> 	{ "cv"  "C" "sp2" }
>> 	{ "cx"  "C" "sp2" }
>> 	{ "cy"  "C" "sp2" }
>> 	{ "cz"  "C" "sp2" }
>> 	{ "n"   "N" "sp2" }
>> 	{ "n1"  "N" "sp2" }
>> 	{ "n2"  "N" "sp2" }
>> 	{ "n3"  "N" "sp3" }
>> 	{ "n4"  "N" "sp3" }
>> 	{ "n5"  "N" "sp3" }
>> 	{ "n6"  "N" "sp3" }
>> 	{ "n7"  "N" "sp3" }
>> 	{ "n8"  "N" "sp3" }
>> 	{ "n9"  "N" "sp3" }
>> 	{ "na"  "N" "sp2" }
>> 	{ "nb"  "N" "sp2" }
>> 	{ "nc"  "N" "sp2" }
>> 	{ "nd"  "N" "sp2" }
>> 	{ "ne"  "N" "sp2" }
>> 	{ "nf"  "N" "sp2" }
>> 	{ "nh"  "N" "sp2" }
>> 	{ "ni"  "N" "sp2" }
>> 	{ "nj"  "N" "sp2" }
>> 	{ "nk"  "N" "sp3" }
>> 	{ "nl"  "N" "sp3" }
>> 	{ "nm"  "N" "sp2" }
>> 	{ "nn"  "N" "sp2" }
>> 	{ "no"  "N" "sp2" }
>> 	{ "np"  "N" "sp3" }
>> 	{ "nq"  "N" "sp3" }
>> 	{ "ns"  "N" "sp2" }
>> 	{ "nt"  "N" "sp2" }
>> 	{ "nu"  "N" "sp2" }
>> 	{ "nv"  "N" "sp2" }
>> 	{ "nx"  "N" "sp3" }
>> 	{ "ny"  "N" "sp3" }
>> 	{ "nz"  "N" "sp3" }
>> 	{ "n+"  "N" "sp3" }
>> 	{ "s"   "S" "sp2" }
>> 	{ "s2"   "S" "sp2" }
>> 	{ "s3"   "S" "sp3" }
>> 	{ "s4"   "S" "sp3" }
>> 	{ "s6"   "S" "sp3" }
>> 	{ "sh"   "S" "sp3" }
>> 	{ "sp"   "S" "sp3" }
>> 	{ "sq"   "S" "sp3" }
>> 	{ "ss"   "S" "sp3" }
>> 	{ "sx"   "S" "sp3" }
>> 	{ "sy"   "S" "sp3" }
>> 	{ "p2"   "P" "sp2" }
>> 	{ "p3"   "P" "sp3" }
>> 	{ "p4"   "P" "sp3" }
>> 	{ "p5"   "P" "sp3" }
>> 	{ "pb"   "P" "sp3" }
>> 	{ "pc"   "P" "sp3" }
>> 	{ "pd"   "P" "sp3" }
>> 	{ "pe"   "P" "sp3" }
>> 	{ "pf"   "P" "sp3" }
>> 	{ "px"   "P" "sp3" }
>> 	{ "py"   "P" "sp3" }
>> 	{ "f"   "F" "sp3" }
>> 	{ "cl"  "Cl" "sp3" }
>> 	{ "br"  "Br" "sp3" }
>> 	{ "i"   "I"  "sp3" }
>> }
>> #
>> #	Load the general force field parameter set.
>> #
>> gaff = loadamberparams gaff2.dat
Loading parameters: /miniconda2/envs/yank/dat/leap/parm/gaff2.dat
Reading title:
AMBER General Force Field for organic molecules (Version 2.11, May 2016)
> 
> source leaprc.water.tip3p
----- Source: /miniconda2/envs/yank/dat/leap/cmd/leaprc.water.tip3p
----- Source of /miniconda2/envs/yank/dat/leap/cmd/leaprc.water.tip3p done
>> #
>> #       Load water and ions for TIP3P + Li/Merz monovalent ions 
>> #       + Joung-Chetham monovalent ions
>> #       + Li/Merz highly charged ions (+2 to +4, 12-6 normal usage set)
>> #
>> #       Note: the Li/Merz monovalent set is loaded only to get Tl+,
>> #          Cu+, Ag+ NH4+, H3O+.  Since we load Joung-Cheatham second,
>> #          the alkali halide parameters come from the Joung-Cheatham set
>> #
>> addAtomTypes {
>> 	{ "HW"  "H" "sp3" }
>> 	{ "OW"  "O" "sp3" }
>> 	{ "F-"   "F" "sp3" }
>> 	{ "Cl-"  "Cl" "sp3" }
>> 	{ "Br-"  "Br" "sp3" }
>> 	{ "I-"   "I"  "sp3" }
>> 	{ "Li+"  "Li"  "sp3" }
>> 	{ "Na+"  "Na"  "sp3" }
>> 	{ "K+"  "K"  "sp3" }
>> 	{ "Rb+"  "Rb"  "sp3" }
>> 	{ "Cs+"  "Cs"  "sp3" }
>> 	{ "Mg+"  "Mg"  "sp3" }
>>     { "Tl+"  "Tl"  "sp3" }
>>     { "Cu+"  "Cu"  "sp3" }
>>     { "Ag+"  "Ag"  "sp3" }
>>     { "NH4+"  "N"  "sp3" }
>>     { "H3O+"  "O"  "sp3" }
>>     { "Be2+" "Be"  "sp3" }
>>     { "Cu2+" "Cu"  "sp3" }
>>     { "Ni2+" "Ni"  "sp3" }
>>     { "Pt2+" "Pt"  "sp3" }
>>     { "Zn2+" "Zn"  "sp3" }
>>     { "Co2+" "Co"  "sp3" }
>>     { "Pd2+" "Pd"  "sp3" }
>>     { "Ag2+" "Ag"  "sp3" }
>>     { "Cr2+" "Cr"  "sp3" }
>>     { "Fe2+" "Fe"  "sp3" }
>>     { "Mg2+" "Mg"  "sp3" }
>>     { "V2+"  "V"   "sp3" }
>>     { "Mn2+" "Mn"  "sp3" }
>>     { "Hg2+" "Hg"  "sp3" }
>>     { "Cd2+" "Cd"  "sp3" }
>>     { "Yb2+" "Yb"  "sp3" }
>>     { "Ca2+" "Ca"  "sp3" }
>>     { "Sn2+" "Sn"  "sp3" }
>>     { "Pb2+" "Pb"  "sp3" }
>>     { "Eu2+" "Eu"  "sp3" }
>>     { "Sr2+" "Sr"  "sp3" }
>>     { "Sm2+" "Sm"  "sp3" }
>>     { "Ba2+" "Ba"  "sp3" }
>>     { "Ra2+" "Ra"  "sp3" }
>>     { "Al3+" "Al"  "sp3" }
>>     { "Fe3+" "Fe"  "sp3" }
>>     { "Cr3+" "Cr"  "sp3" }
>>     { "In3+" "In"  "sp3" }
>>     { "Tl3+" "Tl"  "sp3" }
>>     { "Y3+"  "Y"   "sp3" }
>>     { "La3+" "La"  "sp3" }
>>     { "Ce3+" "Ce"  "sp3" }
>>     { "Pr3+" "Pr"  "sp3" }
>>     { "Nd3+" "Nd"  "sp3" }
>>     { "Sm3+" "Sm"  "sp3" }
>>     { "Eu3+" "Eu"  "sp3" }
>>     { "Gd3+" "Gd"  "sp3" }
>>     { "Tb3+" "Tb"  "sp3" }
>>     { "Dy3+" "Dy"  "sp3" }
>>     { "Er3+" "Er"  "sp3" }
>>     { "Tm3+" "Tm"  "sp3" }
>>     { "Lu3+" "Lu"  "sp3" }
>>     { "Hf4+" "Hf"  "sp3" }
>>     { "Zr4+" "Zr"  "sp3" }
>>     { "Ce4+" "Ce"  "sp3" }
>>     { "U4+"  "U"   "sp3" }
>>     { "Pu4+" "Pu"  "sp3" }
>>     { "Th4+" "Th"  "sp3" }
>> }
>> loadOff atomic_ions.lib
Loading library: /miniconda2/envs/yank/dat/leap/lib/atomic_ions.lib
Loading: AG
Loading: AL
Loading: Ag
Loading: BA
Loading: BR
Loading: Be
Loading: CA
Loading: CD
Loading: CE
Loading: CL
Loading: CO
Loading: CR
Loading: CS
Loading: CU
Loading: CU1
Loading: Ce
Loading: Cl-
Loading: Cr
Loading: Dy
Loading: EU
Loading: EU3
Loading: Er
Loading: F
Loading: FE
Loading: FE2
Loading: GD3
Loading: H3O+
Loading: HE+
Loading: HG
Loading: HZ+
Loading: Hf
Loading: IN
Loading: IOD
Loading: K
Loading: K+
Loading: LA
Loading: LI
Loading: LU
Loading: MG
Loading: MN
Loading: NA
Loading: NH4
Loading: NI
Loading: Na+
Loading: Nd
Loading: PB
Loading: PD
Loading: PR
Loading: PT
Loading: Pu
Loading: RB
Loading: Ra
Loading: SM
Loading: SR
Loading: Sm
Loading: Sn
Loading: TB
Loading: TL
Loading: Th
Loading: Tl
Loading: Tm
Loading: U4+
Loading: V2+
Loading: Y
Loading: YB2
Loading: ZN
Loading: Zr
>> loadOff solvents.lib
Loading library: /miniconda2/envs/yank/dat/leap/lib/solvents.lib
Loading: CHCL3BOX
Loading: DC4
Loading: FB3
Loading: FB3BOX
Loading: FB4
Loading: FB4BOX
Loading: MEOHBOX
Loading: NMABOX
Loading: OP3
Loading: OPC
Loading: OPC3BOX
Loading: OPCBOX
Loading: PL3
Loading: POL3BOX
Loading: QSPCFWBOX
Loading: SPC
Loading: SPCBOX
Loading: SPCFWBOX
Loading: SPF
Loading: SPG
Loading: T4E
Loading: TIP3PBOX
Loading: TIP3PFBOX
Loading: TIP4PBOX
Loading: TIP4PEWBOX
Loading: TIP5PBOX
Loading: TP3
Loading: TP4
Loading: TP5
Loading: TPF
>> HOH = TP3
>> WAT = TP3
>> loadAmberParams frcmod.tip3p
Loading parameters: /miniconda2/envs/yank/dat/leap/parm/frcmod.tip3p
Reading force field modification type file (frcmod)
Reading title:
This is the additional/replacement parameter set for TIP3P water
>> loadAmberParams frcmod.ions1lm_126_tip3p
Loading parameters: /miniconda2/envs/yank/dat/leap/parm/frcmod.ions1lm_126_tip3p
Reading force field modification type file (frcmod)
Reading title:
Li/Merz ion parameters of monovalent ions for TIP3P water model (12-6 normal usage set)
>> loadAmberParams frcmod.ionsjc_tip3p
Loading parameters: /miniconda2/envs/yank/dat/leap/parm/frcmod.ionsjc_tip3p
Reading force field modification type file (frcmod)
Reading title:
Monovalent ion parameters for Ewald and TIP3P water from Joung & Cheatham JPCB (2008)
>> loadAmberParams frcmod.ions234lm_126_tip3p
Loading parameters: /miniconda2/envs/yank/dat/leap/parm/frcmod.ions234lm_126_tip3p
Reading force field modification type file (frcmod)
Reading title:
Li/Merz ion parameters of divalent to tetravalent ions for TIP3P water model (12-6 normal usage set)
>> 
> 
> 
> # Load molecules
> receptor = loadPdb moli1.pdb
Loading PDB file: ./moli1.pdb
Matching PDB residue names to LEaP variables.
Mapped residue SER, term: Terminal/beginning, seq. number: 0 to: NSER.
Mapped residue GLN, term: Terminal/last, seq. number: 305 to: CGLN.
  total atoms in file: 4682
> ligand = loadMol2 moli2.mol2
Loading Mol2 file: ./moli2.mol2
Reading MOLECULE named UNL
> 
> # Create complex
> complex = combine { receptor ligand }
  Sequence: default_name
  Sequence: UNL
> 
> # Solvate systems
> solvateBox complex TIP3PBOX 16.0 iso
  Solute vdw bounding box:              38.239 79.585 47.390
  Total bounding box for atom centers:  111.585 111.585 111.585
      (box expansion for 'iso' is 123.3%)
  Solvent unit box:                     18.774 18.774 18.774
The number of boxes:  x= 6  y= 6  z= 6
  Volume: 1509301.542 A^3 
  Total mass 797942.674 amu,  Density 0.878 g/cc
  Added 42396 residues.
> addIonsRand complex Na+ 0
3 Na+ ions required to neutralize.
Adding 3 counter ions to "complex". 42393 solvent molecules will remain.
0: Placed Na+ in complex at (38.84, -21.14, 53.90).
0: Placed Na+ in complex at (-15.85, -8.02, 40.99).
0: Placed Na+ in complex at (0.77, 27.12, 28.91).
> addIonsRand complex Cl- 0

/miniconda2/envs/yank/bin/teLeap: Warning!
addIonsRand: 1st Ion & target unit have charges of the same sign:
     unit charge = -1.88773e-11; ion1 charge = -1;
     can't neutralize.
> addIonsRand complex Na+ 115
Adding 115 counter ions to "complex". 42278 solvent molecules will remain.
0: Placed Na+ in complex at (6.64, -20.14, -22.73).
0: Placed Na+ in complex at (38.87, 14.36, 42.40).
0: Placed Na+ in complex at (-41.99, -11.84, 31.65).
0: Placed Na+ in complex at (50.97, -44.57, -6.94).
0: Placed Na+ in complex at (34.64, -14.90, 41.47).
0: Placed Na+ in complex at (11.30, 49.30, -36.28).
0: Placed Na+ in complex at (-24.90, -30.46, -32.60).
0: Placed Na+ in complex at (-31.18, 45.64, 51.09).
0: Placed Na+ in complex at (-4.91, -53.62, 51.44).
0: Placed Na+ in complex at (44.19, -1.36, -22.73).
0: Placed Na+ in complex at (6.46, -27.83, 26.51).
0: Placed Na+ in complex at (-51.53, -22.91, 40.34).
0: Placed Na+ in complex at (48.81, -13.05, -49.35).
0: Placed Na+ in complex at (17.18, -45.49, 14.92).
0: Placed Na+ in complex at (0.94, -9.84, -55.01).
0: Placed Na+ in complex at (-11.11, -35.04, 48.03).
0: Placed Na+ in complex at (-22.53, -1.79, 51.11).
0: Placed Na+ in complex at (-54.31, 41.30, -6.85).
0: Placed Na+ in complex at (-10.94, -31.40, -50.98).
0: Placed Na+ in complex at (-43.67, -11.68, -32.60).
0: Placed Na+ in complex at (21.09, 38.47, -46.05).
0: Placed Na+ in complex at (-14.77, -36.88, 5.91).
0: Placed Na+ in complex at (35.90, 39.29, -30.05).
0: Placed Na+ in complex at (-50.69, -28.16, 36.35).
0: Placed Na+ in complex at (39.60, 51.04, 45.00).
0: Placed Na+ in complex at (-37.50, 3.78, -34.51).
0: Placed Na+ in complex at (51.25, 17.31, -2.05).
0: Placed Na+ in complex at (-46.50, -24.40, 9.60).
0: Placed Na+ in complex at (-36.10, 22.57, 26.13).
0: Placed Na+ in complex at (55.49, -32.72, 47.47).
0: Placed Na+ in complex at (38.41, 12.73, -16.01).
0: Placed Na+ in complex at (3.17, 46.17, -13.54).
0: Placed Na+ in complex at (-2.91, -52.45, 3.93).
0: Placed Na+ in complex at (19.78, -53.90, 34.14).
0: Placed Na+ in complex at (-20.59, -21.35, 9.30).
0: Placed Na+ in complex at (11.86, 2.87, 25.55).
0: Placed Na+ in complex at (50.26, 31.33, -10.36).
0: Placed Na+ in complex at (40.58, 54.12, -52.42).
0: Placed Na+ in complex at (-41.01, -42.75, 43.15).
0: Placed Na+ in complex at (-10.88, -32.17, -2.43).
0: Placed Na+ in complex at (-4.27, 27.27, 36.51).
0: Placed Na+ in complex at (-7.52, 43.28, -49.35).
0: Placed Na+ in complex at (-4.94, 25.84, -53.95).
0: Placed Na+ in complex at (5.63, -19.03, 21.56).
0: Placed Na+ in complex at (31.05, -5.19, 18.11).
0: Placed Na+ in complex at (-17.48, -2.36, -2.42).
0: Placed Na+ in complex at (44.37, 26.07, 28.39).
0: Placed Na+ in complex at (21.70, 48.30, -15.33).
0: Placed Na+ in complex at (8.10, -27.23, -50.89).
0: Placed Na+ in complex at (-7.09, -42.49, -44.94).
0: Placed Na+ in complex at (13.42, -44.57, 49.39).
0: Placed Na+ in complex at (0.90, -40.35, 45.93).
0: Placed Na+ in complex at (15.02, -39.34, 13.56).
0: Placed Na+ in complex at (17.02, -2.43, 34.18).
0: Placed Na+ in complex at (-40.56, -38.50, -30.52).
0: Placed Na+ in complex at (-9.19, 21.05, 35.31).
0: Placed Na+ in complex at (16.49, 15.00, -25.75).
0: Placed Na+ in complex at (32.80, -45.17, 53.28).
0: Placed Na+ in complex at (-10.88, 24.15, 53.89).
0: Placed Na+ in complex at (55.22, -28.49, 24.17).
0: Placed Na+ in complex at (51.01, -9.38, -5.11).
0: Placed Na+ in complex at (-48.97, -29.24, -54.46).
0: Placed Na+ in complex at (55.32, 29.90, 0.41).
0: Placed Na+ in complex at (-23.53, -39.48, -45.81).
0: Placed Na+ in complex at (-51.53, 52.19, 2.79).
0: Placed Na+ in complex at (-38.53, -19.42, 42.78).
0: Placed Na+ in complex at (-51.15, 44.05, 11.52).
0: Placed Na+ in complex at (-19.83, 10.83, -15.53).
0: Placed Na+ in complex at (-43.61, -32.55, 16.58).
0: Placed Na+ in complex at (29.18, -40.49, -43.66).
0: Placed Na+ in complex at (-37.11, -12.21, -15.35).
0: Placed Na+ in complex at (40.54, 41.94, 15.17).
0: Placed Na+ in complex at (21.40, 39.22, -18.40).
0: Placed Na+ in complex at (-18.34, -12.21, -15.35).
0: Placed Na+ in complex at (-24.21, 38.22, -0.20).
0: Placed Na+ in complex at (-10.03, 39.13, -52.82).
0: Placed Na+ in complex at (4.43, 37.07, 46.53).
0: Placed Na+ in complex at (-12.40, -10.68, 51.09).
0: Placed Na+ in complex at (6.97, 48.26, -15.61).
0: Placed Na+ in complex at (-27.98, 23.25, 18.24).
0: Placed Na+ in complex at (-33.17, -22.73, -8.11).
0: Placed Na+ in complex at (-21.44, 27.15, 20.61).
0: Placed Na+ in complex at (8.06, -43.64, -36.89).
0: Placed Na+ in complex at (-10.19, 9.05, -45.10).
0: Placed Na+ in complex at (-12.12, -21.59, 54.88).
0: Placed Na+ in complex at (12.96, 38.04, 12.50).
0: Placed Na+ in complex at (30.03, -13.05, 44.53).
0: Placed Na+ in complex at (53.26, -43.25, 13.51).
0: Placed Na+ in complex at (35.90, -48.95, -44.10).
0: Placed Na+ in complex at (50.05, -51.41, -43.21).
0: Placed Na+ in complex at (40.74, -29.44, 36.78).
0: Placed Na+ in complex at (23.88, -16.84, -4.89).
0: Placed Na+ in complex at (35.73, -2.57, -9.47).
0: Placed Na+ in complex at (29.63, -12.82, 9.83).
0: Placed Na+ in complex at (-47.85, 1.13, 8.22).
0: Placed Na+ in complex at (-5.82, -18.28, -25.04).
0: Placed Na+ in complex at (9.57, -33.07, -19.31).
0: Placed Na+ in complex at (25.71, 13.41, -46.42).
0: Placed Na+ in complex at (40.71, 8.62, 24.01).
0: Placed Na+ in complex at (31.87, 0.49, 45.74).
0: Placed Na+ in complex at (-16.46, -17.85, -8.50).
0: Placed Na+ in complex at (18.75, 21.78, 19.19).
0: Placed Na+ in complex at (14.92, -31.50, -40.97).
0: Placed Na+ in complex at (7.54, 36.24, 19.57).
0: Placed Na+ in complex at (-36.78, 45.89, -46.19).
0: Placed Na+ in complex at (-13.14, 46.94, -19.98).
0: Placed Na+ in complex at (33.64, 24.16, 9.53).
0: Placed Na+ in complex at (42.66, -35.62, 32.66).
0: Placed Na+ in complex at (-35.54, -52.57, -25.62).
0: Placed Na+ in complex at (23.56, 41.19, -6.88).
0: Placed Na+ in complex at (17.37, -27.40, 49.48).
0: Placed Na+ in complex at (-40.09, 0.89, 3.47).
0: Placed Na+ in complex at (-39.89, -31.01, -51.68).
0: Placed Na+ in complex at (-46.84, -46.59, -18.36).
0: Placed Na+ in complex at (48.72, 14.94, 25.21).
> addIonsRand complex Cl- 115
Adding 115 counter ions to "complex". 42163 solvent molecules will remain.
0: Placed Cl- in complex at (-4.75, -7.62, 15.74).
0: Placed Cl- in complex at (50.97, -7.02, 49.39).
0: Placed Cl- in complex at (-9.21, -33.07, 18.24).
0: Placed Cl- in complex at (-51.89, -38.03, 8.98).
0: Placed Cl- in complex at (29.90, -53.63, -33.47).
0: Placed Cl- in complex at (-53.69, 43.79, -27.02).
0: Placed Cl- in complex at (9.83, -43.09, 40.60).
0: Placed Cl- in complex at (11.68, 32.61, 30.15).
0: Placed Cl- in complex at (15.26, -54.21, 47.04).
0: Placed Cl- in complex at (16.32, 18.47, -45.46).
0: Placed Cl- in complex at (16.43, 44.09, -14.14).
0: Placed Cl- in complex at (44.19, 36.19, -3.95).
0: Placed Cl- in complex at (-51.19, 25.46, -21.58).
0: Placed Cl- in complex at (-36.54, -53.90, 34.14).
0: Placed Cl- in complex at (-26.25, -7.03, -55.06).
0: Placed Cl- in complex at (-39.38, 44.83, 46.25).
0: Placed Cl- in complex at (-47.52, 32.09, -31.73).
0: Placed Cl- in complex at (-33.13, 39.79, -53.82).
0: Placed Cl- in complex at (18.63, 36.60, -5.19).
0: Placed Cl- in complex at (48.59, -26.18, 53.37).
0: Placed Cl- in complex at (-21.89, -45.03, 47.48).
0: Placed Cl- in complex at (-8.07, -17.37, -44.88).
0: Placed Cl- in complex at (28.25, 9.73, 0.41).
0: Placed Cl- in complex at (-37.57, -53.31, 0.41).
0: Placed Cl- in complex at (35.37, 54.24, 21.00).
0: Placed Cl- in complex at (18.26, -42.24, 19.52).
0: Placed Cl- in complex at (23.76, -52.00, 24.06).
0: Placed Cl- in complex at (49.82, -5.19, 36.89).
0: Placed Cl- in complex at (-40.00, -19.08, 10.86).
0: Placed Cl- in complex at (50.26, 12.56, -29.13).
0: Placed Cl- in complex at (50.26, -32.55, -20.97).
0: Placed Cl- in complex at (30.64, 40.42, 6.78).
0: Placed Cl- in complex at (42.68, 44.24, -40.35).
0: Placed Cl- in complex at (25.10, -19.85, 24.34).
0: Placed Cl- in complex at (21.81, 54.12, -33.64).
0: Placed Cl- in complex at (-31.92, 37.30, -34.77).
0: Placed Cl- in complex at (18.75, 3.01, -37.14).
0: Placed Cl- in complex at (24.41, 1.96, -28.93).
0: Placed Cl- in complex at (42.34, 33.41, -34.76).
0: Placed Cl- in complex at (25.15, 26.87, 32.32).
0: Placed Cl- in complex at (9.49, 17.67, 29.64).
0: Placed Cl- in complex at (-1.83, 44.83, 46.25).
0: Placed Cl- in complex at (49.23, -42.49, 30.15).
0: Placed Cl- in complex at (-30.19, 27.08, -35.68).
0: Placed Cl- in complex at (-26.51, 11.37, 15.82).
0: Placed Cl- in complex at (51.57, 16.85, -27.04).
0: Placed Cl- in complex at (19.63, 50.38, -23.97).
0: Placed Cl- in complex at (-42.90, -25.80, -25.71).
0: Placed Cl- in complex at (12.27, 32.36, 18.11).
0: Placed Cl- in complex at (2.01, 3.75, -44.40).
0: Placed Cl- in complex at (17.06, 26.98, 15.03).
0: Placed Cl- in complex at (-7.65, -34.86, 4.07).
0: Placed Cl- in complex at (-33.86, -43.14, -55.39).
0: Placed Cl- in complex at (0.48, -50.06, 37.96).
0: Placed Cl- in complex at (-42.29, 48.70, 15.74).
0: Placed Cl- in complex at (2.43, -47.39, 52.24).
0: Placed Cl- in complex at (20.16, -20.71, 29.89).
0: Placed Cl- in complex at (-22.53, 54.53, 32.34).
0: Placed Cl- in complex at (-36.33, -46.97, -30.07).
0: Placed Cl- in complex at (-48.43, -32.17, 35.12).
0: Placed Cl- in complex at (-18.29, -12.52, 19.18).
0: Placed Cl- in complex at (31.43, 44.64, 42.50).
0: Placed Cl- in complex at (21.58, 5.74, -14.52).
0: Placed Cl- in complex at (-33.13, 2.24, 40.05).
0: Placed Cl- in complex at (47.01, -11.20, 50.89).
0: Placed Cl- in complex at (35.90, 7.37, 49.77).
0: Placed Cl- in complex at (26.44, 2.51, 29.25).
0: Placed Cl- in complex at (-44.05, 32.36, -38.21).
0: Placed Cl- in complex at (-30.90, 53.51, 17.34).
0: Placed Cl- in complex at (27.58, -43.01, 5.82).
0: Placed Cl- in complex at (-31.19, -44.75, 12.06).
0: Placed Cl- in complex at (27.73, 36.88, 43.60).
0: Placed Cl- in complex at (-20.52, -2.43, 34.18).
0: Placed Cl- in complex at (37.60, -33.77, 3.04).
0: Placed Cl- in complex at (-45.20, -9.94, 15.09).
0: Placed Cl- in complex at (42.53, 41.87, -32.26).
0: Placed Cl- in complex at (53.07, -42.20, 38.65).
0: Placed Cl- in complex at (5.42, 7.08, -31.20).
0: Placed Cl- in complex at (-7.60, -3.84, -31.12).
0: Placed Cl- in complex at (-17.87, -2.80, -10.39).
0: Placed Cl- in complex at (-23.84, -39.01, 35.50).
0: Placed Cl- in complex at (-24.46, 38.04, 45.74).
0: Placed Cl- in complex at (-27.72, -5.54, 3.05).
0: Placed Cl- in complex at (54.92, 47.70, -25.62).
0: Placed Cl- in complex at (-10.71, 12.69, -36.89).
0: Placed Cl- in complex at (-1.59, 48.38, -41.41).
0: Placed Cl- in complex at (10.71, 1.41, 30.22).
0: Placed Cl- in complex at (-54.27, 39.26, 3.97).
0: Placed Cl- in complex at (-30.80, -39.54, -8.74).
0: Placed Cl- in complex at (25.13, -44.75, 30.84).
0: Placed Cl- in complex at (1.43, -0.89, -49.86).
0: Placed Cl- in complex at (43.59, -14.32, -16.06).
0: Placed Cl- in complex at (7.83, -31.40, 24.12).
0: Placed Cl- in complex at (16.21, 19.89, -23.92).
0: Placed Cl- in complex at (-38.38, 4.83, -8.85).
0: Placed Cl- in complex at (17.06, -48.12, -22.52).
0: Placed Cl- in complex at (-28.76, 11.11, -23.84).
0: Placed Cl- in complex at (30.79, -11.23, 36.23).
0: Placed Cl- in complex at (-2.46, -19.08, 48.41).
0: Placed Cl- in complex at (-53.16, 46.17, -51.09).
0: Placed Cl- in complex at (43.87, -19.85, -31.98).
0: Placed Cl- in complex at (-52.64, -24.36, -17.84).
0: Placed Cl- in complex at (-50.69, 46.94, -19.98).
0: Placed Cl- in complex at (-44.46, 2.87, -49.54).
0: Placed Cl- in complex at (-6.91, 17.64, -23.19).
0: Placed Cl- in complex at (-27.63, 4.83, 33.00).
0: Placed Cl- in complex at (-31.51, -51.86, -16.06).
0: Placed Cl- in complex at (16.65, -55.07, -55.54).
0: Placed Cl- in complex at (-23.22, 6.94, 31.65).
0: Placed Cl- in complex at (-43.67, 25.86, -51.38).
0: Placed Cl- in complex at (27.37, -33.72, 25.73).
0: Placed Cl- in complex at (-41.01, -23.98, -50.73).
0: Placed Cl- in complex at (5.18, 44.05, -44.81).
0: Placed Cl- in complex at (-1.00, -45.20, -37.14).
0: Placed Cl- in complex at (13.09, 0.49, -48.13).
> 
> # Check charge
> check complex
Checking 'complex'....

/miniconda2/envs/yank/bin/teLeap: Warning!
Close contact of 1.484382 angstroms between .R<ASP 187>.A<O 12> and .R<TYR 54>.A<HH 15>

/miniconda2/envs/yank/bin/teLeap: Warning!
Close contact of 1.451534 angstroms between .R<TYR 182>.A<HH 15> and .R<CYS 160>.A<O 11>

/miniconda2/envs/yank/bin/teLeap: Warning!
Close contact of 1.495967 angstroms between .R<HID 80>.A<HD1 10> and .R<ASN 63>.A<OD1 9>

/miniconda2/envs/yank/bin/teLeap: Warning!
Close contact of 1.303329 angstroms between .R<UNL 307>.A<H24 49> and .R<UNL 307>.A<H17 42>
Checking parameters for unit 'complex'.
Checking for bond parameters.
Checking for angle parameters.
check:  Warnings: 4
Unit is OK.
> 
> # Save prmtop and inpcrd files
> saveAmberParm complex molo4.prmtop molo3.inpcrd
Checking Unit.
Building topology.
Building atom parameters.
Building bond parameters.
Building angle parameters.
Building proper torsion parameters.
Building improper torsion parameters.
 ** Warning: No sp2 improper torsion term for  NA-CA-CN-CB
        atoms are: NE1 CZ2 CE2 CD2
 ** Warning: No sp2 improper torsion term for  C*-CN-CB-CA
        atoms are: CG CE2 CD2 CE3
 ** Warning: No sp2 improper torsion term for  NA-CA-CN-CB
        atoms are: NE1 CZ2 CE2 CD2
 ** Warning: No sp2 improper torsion term for  C*-CN-CB-CA
        atoms are: CG CE2 CD2 CE3
 ** Warning: No sp2 improper torsion term for  NA-CA-CN-CB
        atoms are: NE1 CZ2 CE2 CD2
 ** Warning: No sp2 improper torsion term for  C*-CN-CB-CA
        atoms are: CG CE2 CD2 CE3
 total 982 improper torsions applied
Building H-Bond parameters.
Incorporating Non-Bonded adjustments.
Not Marking per-residue atom chain types.
Marking per-residue atom chain types.
  (Residues lacking connect0/connect1 - 
   these don't have chain types marked:

	res	total affected

	CGLN	1
	NSER	1
	UNL	1
	WAT	42163
  )
 (no restraints)
> savePDB complex molo5.pdb
Writing pdb file: molo5.pdb
   printing CRYST1 record to PDB file with box info

/miniconda2/envs/yank/bin/teLeap: Warning!
 Converting N-terminal residue name to PDB format: NSER -> SER

/miniconda2/envs/yank/bin/teLeap: Warning!
 Converting C-terminal residue name to PDB format: CGLN -> GLN
> quit
	Quit

Exiting LEaP: Errors = 0; Warnings = 7; Notes = 0.
