log started: Tue Mar 24 20:55:51 2020

Log file: ./leap.log
>> #
>> # ----- leaprc for loading the ff14SB force field
>> # ----- NOTE: this is designed for PDB format 3!
>> #
>> #	load atom type hybridizations
>> #
>> addAtomTypes {
>> 	{ "H"   "H" "sp3" }
>> 	{ "HO"  "H" "sp3" }
>> 	{ "HS"  "H" "sp3" }
>> 	{ "H1"  "H" "sp3" }
>> 	{ "H2"  "H" "sp3" }
>> 	{ "H3"  "H" "sp3" }
>> 	{ "H4"  "H" "sp3" }
>> 	{ "H5"  "H" "sp3" }
>> 	{ "HW"  "H" "sp3" }
>> 	{ "HC"  "H" "sp3" }
>> 	{ "HA"  "H" "sp3" }
>> 	{ "HP"  "H" "sp3" }
>> 	{ "HZ"  "H" "sp3" }
>> 	{ "OH"  "O" "sp3" }
>> 	{ "OS"  "O" "sp3" }
>> 	{ "O"   "O" "sp2" }
>> 	{ "O2"  "O" "sp2" }
>> 	{ "OP"  "O" "sp2" }
>> 	{ "OW"  "O" "sp3" }
>> 	{ "CT"  "C" "sp3" }
>> 	{ "CX"  "C" "sp3" }
>> 	{ "C8"  "C" "sp3" }
>> 	{ "2C"  "C" "sp3" }
>> 	{ "3C"  "C" "sp3" }
>> 	{ "CH"  "C" "sp3" }
>> 	{ "CS"  "C" "sp2" }
>> 	{ "C"   "C" "sp2" }
>> 	{ "CO"   "C" "sp2" }
>> 	{ "C*"  "C" "sp2" }
>> 	{ "CA"  "C" "sp2" }
>> 	{ "CB"  "C" "sp2" }
>> 	{ "CC"  "C" "sp2" }
>> 	{ "CN"  "C" "sp2" }
>> 	{ "CM"  "C" "sp2" }
>> 	{ "CK"  "C" "sp2" }
>> 	{ "CQ"  "C" "sp2" }
>> 	{ "CD"  "C" "sp2" }
>> 	{ "C5"  "C" "sp2" }
>> 	{ "C4"  "C" "sp2" }
>> 	{ "CP"  "C" "sp2" }
>> 	{ "CI"  "C" "sp3" }
>> 	{ "CJ"  "C" "sp2" }
>> 	{ "CW"  "C" "sp2" }
>> 	{ "CV"  "C" "sp2" }
>> 	{ "CR"  "C" "sp2" }
>> 	{ "CA"  "C" "sp2" }
>> 	{ "CY"  "C" "sp2" }
>> 	{ "C0"  "Ca" "sp3" }
>> 	{ "MG"  "Mg" "sp3" }
>> 	{ "N"   "N" "sp2" }
>> 	{ "NA"  "N" "sp2" }
>> 	{ "N2"  "N" "sp2" }
>> 	{ "N*"  "N" "sp2" }
>> 	{ "NP"  "N" "sp2" }
>> 	{ "NQ"  "N" "sp2" }
>> 	{ "NB"  "N" "sp2" }
>> 	{ "NC"  "N" "sp2" }
>> 	{ "NT"  "N" "sp3" }
>> 	{ "NY"  "N" "sp2" }
>> 	{ "N3"  "N" "sp3" }
>> 	{ "S"   "S" "sp3" }
>> 	{ "SH"  "S" "sp3" }
>> 	{ "P"   "P" "sp3" }
>> 	{ "LP"  ""  "sp3" }
>> 	{ "EP"  ""  "sp3" }
>> 	{ "F"   "F" "sp3" }
>> 	{ "Cl"  "Cl" "sp3" }
>> 	{ "Br"  "Br" "sp3" }
>> 	{ "I"   "I"  "sp3" }
>> }
>> #
>> #	Load the main parameter set.
>> #
>> parm10 = loadamberparams parm10.dat
Loading parameters: /share/apps/miniconda3/envs/yank/dat/leap/parm/parm10.dat
Reading title:
PARM99 + frcmod.ff99SB + frcmod.parmbsc0 + OL3 for RNA
>> frcmod14SB = loadamberparams frcmod.ff14SB
Loading parameters: /share/apps/miniconda3/envs/yank/dat/leap/parm/frcmod.ff14SB
Reading force field modification type file (frcmod)
Reading title:
ff14SB protein backbone and sidechain parameters
>> #
>> #	Load main chain and terminating amino acid libraries
>> #
>> loadOff amino12.lib
Loading library: /share/apps/miniconda3/envs/yank/dat/leap/lib/amino12.lib
Loading: ALA
Loading: ARG
Loading: ASH
Loading: ASN
Loading: ASP
Loading: CYM
Loading: CYS
Loading: CYX
Loading: GLH
Loading: GLN
Loading: GLU
Loading: GLY
Loading: HID
Loading: HIE
Loading: HIP
Loading: HYP
Loading: ILE
Loading: LEU
Loading: LYN
Loading: LYS
Loading: MET
Loading: PHE
Loading: PRO
Loading: SER
Loading: THR
Loading: TRP
Loading: TYR
Loading: VAL
>> loadOff aminoct12.lib
Loading library: /share/apps/miniconda3/envs/yank/dat/leap/lib/aminoct12.lib
Loading: CALA
Loading: CARG
Loading: CASN
Loading: CASP
Loading: CCYS
Loading: CCYX
Loading: CGLN
Loading: CGLU
Loading: CGLY
Loading: CHID
Loading: CHIE
Loading: CHIP
Loading: CHYP
Loading: CILE
Loading: CLEU
Loading: CLYS
Loading: CMET
Loading: CPHE
Loading: CPRO
Loading: CSER
Loading: CTHR
Loading: CTRP
Loading: CTYR
Loading: CVAL
Loading: NHE
Loading: NME
>> loadOff aminont12.lib
Loading library: /share/apps/miniconda3/envs/yank/dat/leap/lib/aminont12.lib
Loading: ACE
Loading: NALA
Loading: NARG
Loading: NASN
Loading: NASP
Loading: NCYS
Loading: NCYX
Loading: NGLN
Loading: NGLU
Loading: NGLY
Loading: NHID
Loading: NHIE
Loading: NHIP
Loading: NILE
Loading: NLEU
Loading: NLYS
Loading: NMET
Loading: NPHE
Loading: NPRO
Loading: NSER
Loading: NTHR
Loading: NTRP
Loading: NTYR
Loading: NVAL
>> 
>> #
>> #	Define the PDB name map for the amino acids
>> #
>> addPdbResMap {
>>   { 0 "HYP" "HYP" } { 1 "HYP" "CHYP" }
>>   { 0 "ALA" "NALA" } { 1 "ALA" "CALA" }
>>   { 0 "ARG" "NARG" } { 1 "ARG" "CARG" }
>>   { 0 "ASN" "NASN" } { 1 "ASN" "CASN" }
>>   { 0 "ASP" "NASP" } { 1 "ASP" "CASP" }
>>   { 0 "CYS" "NCYS" } { 1 "CYS" "CCYS" }
>>   { 0 "CYX" "NCYX" } { 1 "CYX" "CCYX" }
>>   { 0 "GLN" "NGLN" } { 1 "GLN" "CGLN" }
>>   { 0 "GLU" "NGLU" } { 1 "GLU" "CGLU" }
>>   { 0 "GLY" "NGLY" } { 1 "GLY" "CGLY" }
>>   { 0 "HID" "NHID" } { 1 "HID" "CHID" }
>>   { 0 "HIE" "NHIE" } { 1 "HIE" "CHIE" }
>>   { 0 "HIP" "NHIP" } { 1 "HIP" "CHIP" }
>>   { 0 "ILE" "NILE" } { 1 "ILE" "CILE" }
>>   { 0 "LEU" "NLEU" } { 1 "LEU" "CLEU" }
>>   { 0 "LYS" "NLYS" } { 1 "LYS" "CLYS" }
>>   { 0 "MET" "NMET" } { 1 "MET" "CMET" }
>>   { 0 "PHE" "NPHE" } { 1 "PHE" "CPHE" }
>>   { 0 "PRO" "NPRO" } { 1 "PRO" "CPRO" }
>>   { 0 "SER" "NSER" } { 1 "SER" "CSER" }
>>   { 0 "THR" "NTHR" } { 1 "THR" "CTHR" }
>>   { 0 "TRP" "NTRP" } { 1 "TRP" "CTRP" }
>>   { 0 "TYR" "NTYR" } { 1 "TYR" "CTYR" }
>>   { 0 "VAL" "NVAL" } { 1 "VAL" "CVAL" }
>>   { 0 "HIS" "NHIS" } { 1 "HIS" "CHIS" }
>> }
>> 
>> #
>> # assume that most often proteins use HIE
>> #
>> NHIS = NHIE
>> HIS = HIE
>> CHIS = CHIE
> 
> source leaprc.gaff2
----- Source: /share/apps/miniconda3/envs/yank/dat/leap/cmd/leaprc.gaff2
----- Source of /share/apps/miniconda3/envs/yank/dat/leap/cmd/leaprc.gaff2 done
>> logFile leap.log
log started: Tue Mar 24 20:55:51 2020

Log file: ./leap.log
>> #
>> # ----- leaprc for loading the general Amber Force field.
>> #       This file is mostly for use with Antechamber
>> #
>> #	load atom type hybridizations
>> #
>> addAtomTypes {
>> 	{ "h1"  "H" "sp3" }
>> 	{ "h2"  "H" "sp3" }
>> 	{ "h3"  "H" "sp3" }
>> 	{ "h4"  "H" "sp3" }
>> 	{ "h5"  "H" "sp3" }
>> 	{ "ha"  "H" "sp3" }
>> 	{ "hc"  "H" "sp3" }
>> 	{ "hn"  "H" "sp3" }
>> 	{ "ho"  "H" "sp3" }
>> 	{ "hp"  "H" "sp3" }
>> 	{ "hs"  "H" "sp3" }
>> 	{ "hw"  "H" "sp3" }
>> 	{ "hx"  "H" "sp3" }
>> 	{ "o"  "O" "sp2" }
>> 	{ "o2"  "O" "sp2" }
>> 	{ "oh"  "O" "sp3" }
>> 	{ "op"  "O" "sp3" }
>> 	{ "oq"  "O" "sp3" }
>> 	{ "os"  "O" "sp3" }
>> 	{ "ow"  "O" "sp3" }
>> 	{ "c"  "C" "sp2" }
>> 	{ "c1"  "C" "sp2" }
>> 	{ "c2"  "C" "sp2" }
>> 	{ "c3"  "C" "sp3" }
>> 	{ "ca"  "C" "sp2" }
>> 	{ "cc"  "C" "sp2" }
>> 	{ "cd"  "C" "sp2" }
>> 	{ "ce"  "C" "sp2" }
>> 	{ "cf"  "C" "sp2" }
>> 	{ "cg"  "C" "sp2" }
>> 	{ "ch"  "C" "sp2" }
>> 	{ "cp"  "C" "sp2" }
>> 	{ "cs"  "C" "sp2" }
>> 	{ "cq"  "C" "sp2" }
>> 	{ "cu"  "C" "sp2" }
>> 	{ "cv"  "C" "sp2" }
>> 	{ "cx"  "C" "sp2" }
>> 	{ "cy"  "C" "sp2" }
>> 	{ "cz"  "C" "sp2" }
>> 	{ "n"   "N" "sp2" }
>> 	{ "n1"  "N" "sp2" }
>> 	{ "n2"  "N" "sp2" }
>> 	{ "n3"  "N" "sp3" }
>> 	{ "n4"  "N" "sp3" }
>> 	{ "n5"  "N" "sp3" }
>> 	{ "n6"  "N" "sp3" }
>> 	{ "n7"  "N" "sp3" }
>> 	{ "n8"  "N" "sp3" }
>> 	{ "n9"  "N" "sp3" }
>> 	{ "na"  "N" "sp2" }
>> 	{ "nb"  "N" "sp2" }
>> 	{ "nc"  "N" "sp2" }
>> 	{ "nd"  "N" "sp2" }
>> 	{ "ne"  "N" "sp2" }
>> 	{ "nf"  "N" "sp2" }
>> 	{ "nh"  "N" "sp2" }
>> 	{ "ni"  "N" "sp2" }
>> 	{ "nj"  "N" "sp2" }
>> 	{ "nk"  "N" "sp3" }
>> 	{ "nl"  "N" "sp3" }
>> 	{ "nm"  "N" "sp2" }
>> 	{ "nn"  "N" "sp2" }
>> 	{ "no"  "N" "sp2" }
>> 	{ "np"  "N" "sp3" }
>> 	{ "nq"  "N" "sp3" }
>> 	{ "ns"  "N" "sp2" }
>> 	{ "nt"  "N" "sp2" }
>> 	{ "nu"  "N" "sp2" }
>> 	{ "nv"  "N" "sp2" }
>> 	{ "nx"  "N" "sp3" }
>> 	{ "ny"  "N" "sp3" }
>> 	{ "nz"  "N" "sp3" }
>> 	{ "n+"  "N" "sp3" }
>> 	{ "s"   "S" "sp2" }
>> 	{ "s2"   "S" "sp2" }
>> 	{ "s3"   "S" "sp3" }
>> 	{ "s4"   "S" "sp3" }
>> 	{ "s6"   "S" "sp3" }
>> 	{ "sh"   "S" "sp3" }
>> 	{ "sp"   "S" "sp3" }
>> 	{ "sq"   "S" "sp3" }
>> 	{ "ss"   "S" "sp3" }
>> 	{ "sx"   "S" "sp3" }
>> 	{ "sy"   "S" "sp3" }
>> 	{ "p2"   "P" "sp2" }
>> 	{ "p3"   "P" "sp3" }
>> 	{ "p4"   "P" "sp3" }
>> 	{ "p5"   "P" "sp3" }
>> 	{ "pb"   "P" "sp3" }
>> 	{ "pc"   "P" "sp3" }
>> 	{ "pd"   "P" "sp3" }
>> 	{ "pe"   "P" "sp3" }
>> 	{ "pf"   "P" "sp3" }
>> 	{ "px"   "P" "sp3" }
>> 	{ "py"   "P" "sp3" }
>> 	{ "f"   "F" "sp3" }
>> 	{ "cl"  "Cl" "sp3" }
>> 	{ "br"  "Br" "sp3" }
>> 	{ "i"   "I"  "sp3" }
>> }
>> #
>> #	Load the general force field parameter set.
>> #
>> gaff = loadamberparams gaff2.dat
Loading parameters: /share/apps/miniconda3/envs/yank/dat/leap/parm/gaff2.dat
Reading title:
AMBER General Force Field for organic molecules (Version 2.11, May 2016)
> 
> source leaprc.water.tip3p
----- Source: /share/apps/miniconda3/envs/yank/dat/leap/cmd/leaprc.water.tip3p
----- Source of /share/apps/miniconda3/envs/yank/dat/leap/cmd/leaprc.water.tip3p done
>> #
>> #       Load water and ions for TIP3P + Li/Merz monovalent ions 
>> #       + Joung-Chetham monovalent ions
>> #       + Li/Merz highly charged ions (+2 to +4, 12-6 normal usage set)
>> #
>> #       Note: the Li/Merz monovalent set is loaded only to get Tl+,
>> #          Cu+, Ag+ NH4+, H3O+.  Since we load Joung-Cheatham second,
>> #          the alkali halide parameters come from the Joung-Cheatham set
>> #
>> addAtomTypes {
>> 	{ "HW"  "H" "sp3" }
>> 	{ "OW"  "O" "sp3" }
>> 	{ "F-"   "F" "sp3" }
>> 	{ "Cl-"  "Cl" "sp3" }
>> 	{ "Br-"  "Br" "sp3" }
>> 	{ "I-"   "I"  "sp3" }
>> 	{ "Li+"  "Li"  "sp3" }
>> 	{ "Na+"  "Na"  "sp3" }
>> 	{ "K+"  "K"  "sp3" }
>> 	{ "Rb+"  "Rb"  "sp3" }
>> 	{ "Cs+"  "Cs"  "sp3" }
>> 	{ "Mg+"  "Mg"  "sp3" }
>>     { "Tl+"  "Tl"  "sp3" }
>>     { "Cu+"  "Cu"  "sp3" }
>>     { "Ag+"  "Ag"  "sp3" }
>>     { "NH4+"  "N"  "sp3" }
>>     { "H3O+"  "O"  "sp3" }
>>     { "Be2+" "Be"  "sp3" }
>>     { "Cu2+" "Cu"  "sp3" }
>>     { "Ni2+" "Ni"  "sp3" }
>>     { "Pt2+" "Pt"  "sp3" }
>>     { "Zn2+" "Zn"  "sp3" }
>>     { "Co2+" "Co"  "sp3" }
>>     { "Pd2+" "Pd"  "sp3" }
>>     { "Ag2+" "Ag"  "sp3" }
>>     { "Cr2+" "Cr"  "sp3" }
>>     { "Fe2+" "Fe"  "sp3" }
>>     { "Mg2+" "Mg"  "sp3" }
>>     { "V2+"  "V"   "sp3" }
>>     { "Mn2+" "Mn"  "sp3" }
>>     { "Hg2+" "Hg"  "sp3" }
>>     { "Cd2+" "Cd"  "sp3" }
>>     { "Yb2+" "Yb"  "sp3" }
>>     { "Ca2+" "Ca"  "sp3" }
>>     { "Sn2+" "Sn"  "sp3" }
>>     { "Pb2+" "Pb"  "sp3" }
>>     { "Eu2+" "Eu"  "sp3" }
>>     { "Sr2+" "Sr"  "sp3" }
>>     { "Sm2+" "Sm"  "sp3" }
>>     { "Ba2+" "Ba"  "sp3" }
>>     { "Ra2+" "Ra"  "sp3" }
>>     { "Al3+" "Al"  "sp3" }
>>     { "Fe3+" "Fe"  "sp3" }
>>     { "Cr3+" "Cr"  "sp3" }
>>     { "In3+" "In"  "sp3" }
>>     { "Tl3+" "Tl"  "sp3" }
>>     { "Y3+"  "Y"   "sp3" }
>>     { "La3+" "La"  "sp3" }
>>     { "Ce3+" "Ce"  "sp3" }
>>     { "Pr3+" "Pr"  "sp3" }
>>     { "Nd3+" "Nd"  "sp3" }
>>     { "Sm3+" "Sm"  "sp3" }
>>     { "Eu3+" "Eu"  "sp3" }
>>     { "Gd3+" "Gd"  "sp3" }
>>     { "Tb3+" "Tb"  "sp3" }
>>     { "Dy3+" "Dy"  "sp3" }
>>     { "Er3+" "Er"  "sp3" }
>>     { "Tm3+" "Tm"  "sp3" }
>>     { "Lu3+" "Lu"  "sp3" }
>>     { "Hf4+" "Hf"  "sp3" }
>>     { "Zr4+" "Zr"  "sp3" }
>>     { "Ce4+" "Ce"  "sp3" }
>>     { "U4+"  "U"   "sp3" }
>>     { "Pu4+" "Pu"  "sp3" }
>>     { "Th4+" "Th"  "sp3" }
>> }
>> loadOff atomic_ions.lib
Loading library: /share/apps/miniconda3/envs/yank/dat/leap/lib/atomic_ions.lib
Loading: AG
Loading: AL
Loading: Ag
Loading: BA
Loading: BR
Loading: Be
Loading: CA
Loading: CD
Loading: CE
Loading: CL
Loading: CO
Loading: CR
Loading: CS
Loading: CU
Loading: CU1
Loading: Ce
Loading: Cl-
Loading: Cr
Loading: Dy
Loading: EU
Loading: EU3
Loading: Er
Loading: F
Loading: FE
Loading: FE2
Loading: GD3
Loading: H3O+
Loading: HE+
Loading: HG
Loading: HZ+
Loading: Hf
Loading: IN
Loading: IOD
Loading: K
Loading: K+
Loading: LA
Loading: LI
Loading: LU
Loading: MG
Loading: MN
Loading: NA
Loading: NH4
Loading: NI
Loading: Na+
Loading: Nd
Loading: PB
Loading: PD
Loading: PR
Loading: PT
Loading: Pu
Loading: RB
Loading: Ra
Loading: SM
Loading: SR
Loading: Sm
Loading: Sn
Loading: TB
Loading: TL
Loading: Th
Loading: Tl
Loading: Tm
Loading: U4+
Loading: V2+
Loading: Y
Loading: YB2
Loading: ZN
Loading: Zr
>> loadOff solvents.lib
Loading library: /share/apps/miniconda3/envs/yank/dat/leap/lib/solvents.lib
Loading: CHCL3BOX
Loading: DC4
Loading: FB3
Loading: FB3BOX
Loading: FB4
Loading: FB4BOX
Loading: MEOHBOX
Loading: NMABOX
Loading: OP3
Loading: OPC
Loading: OPC3BOX
Loading: OPCBOX
Loading: PL3
Loading: POL3BOX
Loading: QSPCFWBOX
Loading: SPC
Loading: SPCBOX
Loading: SPCFWBOX
Loading: SPF
Loading: SPG
Loading: T4E
Loading: TIP3PBOX
Loading: TIP3PFBOX
Loading: TIP4PBOX
Loading: TIP4PEWBOX
Loading: TIP5PBOX
Loading: TP3
Loading: TP4
Loading: TP5
Loading: TPF
>> HOH = TP3
>> WAT = TP3
>> loadAmberParams frcmod.tip3p
Loading parameters: /share/apps/miniconda3/envs/yank/dat/leap/parm/frcmod.tip3p
Reading force field modification type file (frcmod)
Reading title:
This is the additional/replacement parameter set for TIP3P water
>> loadAmberParams frcmod.ions1lm_126_tip3p
Loading parameters: /share/apps/miniconda3/envs/yank/dat/leap/parm/frcmod.ions1lm_126_tip3p
Reading force field modification type file (frcmod)
Reading title:
Li/Merz ion parameters of monovalent ions for TIP3P water model (12-6 normal usage set)
>> loadAmberParams frcmod.ionsjc_tip3p
Loading parameters: /share/apps/miniconda3/envs/yank/dat/leap/parm/frcmod.ionsjc_tip3p
Reading force field modification type file (frcmod)
Reading title:
Monovalent ion parameters for Ewald and TIP3P water from Joung & Cheatham JPCB (2008)
>> loadAmberParams frcmod.ions234lm_126_tip3p
Loading parameters: /share/apps/miniconda3/envs/yank/dat/leap/parm/frcmod.ions234lm_126_tip3p
Reading force field modification type file (frcmod)
Reading title:
Li/Merz ion parameters of divalent to tetravalent ions for TIP3P water model (12-6 normal usage set)
>> 
> 
> 
> # Load molecules
> receptor = loadPdb moli1.pdb
Loading PDB file: ./moli1.pdb
Matching PDB residue names to LEaP variables.
Mapped residue SER, term: Terminal/beginning, seq. number: 0 to: NSER.
Mapped residue GLN, term: Terminal/last, seq. number: 305 to: CGLN.
  total atoms in file: 4682
> ligand = loadMol2 moli2.mol2
Loading Mol2 file: ./moli2.mol2
Reading MOLECULE named UNL
> 
> # Create complex
> complex = combine { receptor ligand }
  Sequence: default_name
  Sequence: UNL
> 
> # Solvate systems
> solvateBox complex TIP3PBOX 16.0 iso
  Solute vdw bounding box:              38.243 79.591 47.392
  Total bounding box for atom centers:  111.591 111.591 111.591
      (box expansion for 'iso' is 123.3%)
  Solvent unit box:                     18.774 18.774 18.774
The number of boxes:  x= 6  y= 6  z= 6
  Volume: 1509301.542 A^3 
  Total mass 797963.562 amu,  Density 0.878 g/cc
  Added 42400 residues.
> addIonsRand complex Na+ 0
4 Na+ ions required to neutralize.
Adding 4 counter ions to "complex". 42396 solvent molecules will remain.
0: Placed Na+ in complex at (11.04, -26.18, 34.59).
0: Placed Na+ in complex at (-51.90, -35.31, 2.51).
0: Placed Na+ in complex at (-51.38, 49.52, -11.00).
0: Placed Na+ in complex at (29.82, 30.14, -2.96).
> addIonsRand complex Cl- 0

/share/apps/miniconda3/envs/yank/bin/teLeap: Warning!
addIonsRand: 1st Ion & target unit have charges of the same sign:
     unit charge = -5.24025e-14; ion1 charge = -1;
     can't neutralize.
> addIonsRand complex Na+ 115
Adding 115 counter ions to "complex". 42281 solvent molecules will remain.
0: Placed Na+ in complex at (-17.39, -20.71, 11.12).
0: Placed Na+ in complex at (23.56, -33.91, 30.67).
0: Placed Na+ in complex at (-37.40, 43.01, 50.87).
0: Placed Na+ in complex at (45.93, -54.11, 13.08).
0: Placed Na+ in complex at (28.25, -9.04, 0.41).
0: Placed Na+ in complex at (-46.74, -16.50, -2.24).
0: Placed Na+ in complex at (52.05, -10.28, 17.74).
0: Placed Na+ in complex at (53.66, 45.92, 1.84).
0: Placed Na+ in complex at (31.84, 28.77, 21.24).
0: Placed Na+ in complex at (-11.95, 44.84, 47.17).
0: Placed Na+ in complex at (31.49, 42.55, -2.20).
0: Placed Na+ in complex at (-42.15, 41.70, 39.25).
0: Placed Na+ in complex at (52.81, -54.21, -9.29).
0: Placed Na+ in complex at (38.71, -27.58, 54.66).
0: Placed Na+ in complex at (29.40, 35.93, -29.56).
0: Placed Na+ in complex at (34.51, 38.73, -2.45).
0: Placed Na+ in complex at (-4.37, 14.87, 27.15).
0: Placed Na+ in complex at (-24.84, 23.77, -39.74).
0: Placed Na+ in complex at (49.80, -10.08, 7.71).
0: Placed Na+ in complex at (-15.97, 43.29, 41.80).
0: Placed Na+ in complex at (-23.05, -29.05, -19.81).
0: Placed Na+ in complex at (-17.35, -38.44, -12.31).
0: Placed Na+ in complex at (47.47, 42.38, 14.22).
0: Placed Na+ in complex at (-26.43, -34.86, 41.62).
0: Placed Na+ in complex at (48.85, 11.75, 1.27).
0: Placed Na+ in complex at (-23.71, 7.06, -16.40).
0: Placed Na+ in complex at (26.61, -31.40, -13.43).
0: Placed Na+ in complex at (-15.26, 35.97, -42.02).
0: Placed Na+ in complex at (-51.19, 44.24, 53.52).
0: Placed Na+ in complex at (-1.59, -7.94, -22.63).
0: Placed Na+ in complex at (-54.93, 35.62, -7.65).
0: Placed Na+ in complex at (2.07, -17.69, -24.53).
0: Placed Na+ in complex at (48.18, -20.39, -29.56).
0: Placed Na+ in complex at (-24.21, -36.88, -37.75).
0: Placed Na+ in complex at (-37.40, -32.09, -43.00).
0: Placed Na+ in complex at (-36.54, 39.97, 34.14).
0: Placed Na+ in complex at (-4.14, -52.88, 6.76).
0: Placed Na+ in complex at (37.60, -52.54, -34.51).
0: Placed Na+ in complex at (-13.21, -5.23, -42.44).
0: Placed Na+ in complex at (-7.47, -44.57, -55.06).
0: Placed Na+ in complex at (47.47, -13.95, -4.55).
0: Placed Na+ in complex at (15.26, 39.66, -28.06).
0: Placed Na+ in complex at (-2.57, -17.66, 51.18).
0: Placed Na+ in complex at (29.62, -32.08, -35.60).
0: Placed Na+ in complex at (49.86, 41.32, 10.48).
0: Placed Na+ in complex at (12.65, 7.09, -32.60).
0: Placed Na+ in complex at (-48.97, 45.85, 1.87).
0: Placed Na+ in complex at (-42.29, 48.70, -21.81).
0: Placed Na+ in complex at (-19.28, 14.09, 19.52).
0: Placed Na+ in complex at (-0.14, 36.60, -23.96).
0: Placed Na+ in complex at (42.73, 25.27, 30.29).
0: Placed Na+ in complex at (24.20, 25.86, 25.12).
0: Placed Na+ in complex at (17.12, 26.14, 31.00).
0: Placed Na+ in complex at (-50.69, -16.81, 46.17).
0: Placed Na+ in complex at (-53.33, 23.17, -3.61).
0: Placed Na+ in complex at (-54.27, 32.26, -30.09).
0: Placed Na+ in complex at (-34.57, 24.39, 38.88).
0: Placed Na+ in complex at (-46.77, 18.59, -0.54).
0: Placed Na+ in complex at (-38.06, 32.86, 38.29).
0: Placed Na+ in complex at (-12.75, -5.63, -2.22).
0: Placed Na+ in complex at (29.18, 53.38, 31.44).
0: Placed Na+ in complex at (-33.12, -19.26, 27.75).
0: Placed Na+ in complex at (43.92, 8.09, 51.09).
0: Placed Na+ in complex at (42.53, 23.10, -13.49).
0: Placed Na+ in complex at (-13.98, 52.19, 2.79).
0: Placed Na+ in complex at (-28.80, 20.36, 3.50).
0: Placed Na+ in complex at (-0.05, 49.23, -48.23).
0: Placed Na+ in complex at (-54.51, -30.90, 34.70).
0: Placed Na+ in complex at (54.51, -40.12, 28.08).
0: Placed Na+ in complex at (-1.75, 35.12, 34.18).
0: Placed Na+ in complex at (22.29, 35.97, -23.25).
0: Placed Na+ in complex at (0.43, 25.34, -34.13).
0: Placed Na+ in complex at (-45.28, -7.41, -21.73).
0: Placed Na+ in complex at (-8.73, -19.74, -53.62).
0: Placed Na+ in complex at (-11.84, 13.41, 9.90).
0: Placed Na+ in complex at (-28.60, -19.44, 24.83).
0: Placed Na+ in complex at (-16.71, 1.08, -5.76).
0: Placed Na+ in complex at (-18.00, -47.98, -8.64).
0: Placed Na+ in complex at (-17.77, 2.42, -3.41).
0: Placed Na+ in complex at (-0.92, 43.54, 35.53).
0: Placed Na+ in complex at (-36.69, -6.04, -53.56).
0: Placed Na+ in complex at (-26.51, 30.14, -2.96).
0: Placed Na+ in complex at (17.94, -13.94, -46.40).
0: Placed Na+ in complex at (55.49, -13.94, -27.63).
0: Placed Na+ in complex at (5.11, 1.93, -42.44).
0: Placed Na+ in complex at (-41.40, -31.50, 15.35).
0: Placed Na+ in complex at (43.87, -1.07, 43.12).
0: Placed Na+ in complex at (-18.62, 5.46, 13.32).
0: Placed Na+ in complex at (25.24, -9.05, -11.04).
0: Placed Na+ in complex at (40.54, 4.39, 52.72).
0: Placed Na+ in complex at (24.27, -4.47, -50.28).
0: Placed Na+ in complex at (-24.90, 44.64, 42.50).
0: Placed Na+ in complex at (-42.90, 11.75, 30.61).
0: Placed Na+ in complex at (40.58, -39.75, -33.64).
0: Placed Na+ in complex at (-4.60, -52.18, -35.85).
0: Placed Na+ in complex at (20.58, -49.67, 15.93).
0: Placed Na+ in complex at (-25.53, 26.32, 17.45).
0: Placed Na+ in complex at (-34.55, 4.39, 52.72).
0: Placed Na+ in complex at (45.41, 26.76, 17.01).
0: Placed Na+ in complex at (32.12, -18.10, -37.75).
0: Placed Na+ in complex at (19.58, 30.56, 11.04).
0: Placed Na+ in complex at (-30.73, 7.29, -9.15).
0: Placed Na+ in complex at (-54.27, -54.61, -14.81).
0: Placed Na+ in complex at (-23.84, -39.01, -20.83).
0: Placed Na+ in complex at (4.98, -14.45, -51.04).
0: Placed Na+ in complex at (-25.68, 17.64, 14.36).
0: Placed Na+ in complex at (-7.52, 43.28, -11.80).
0: Placed Na+ in complex at (26.44, 21.28, -8.30).
0: Placed Na+ in complex at (4.79, -33.91, -25.66).
0: Placed Na+ in complex at (14.40, -22.67, -29.18).
0: Placed Na+ in complex at (51.39, 36.70, -52.53).
0: Placed Na+ in complex at (28.61, 32.01, 21.82).
0: Placed Na+ in complex at (25.24, -9.05, 7.74).
0: Placed Na+ in complex at (-7.28, 12.04, -50.94).
0: Placed Na+ in complex at (-36.23, 14.36, -32.70).
> addIonsRand complex Cl- 115
Adding 115 counter ions to "complex". 42166 solvent molecules will remain.
0: Placed Cl- in complex at (-14.35, -54.08, 21.28).
0: Placed Cl- in complex at (10.41, -40.49, -43.66).
0: Placed Cl- in complex at (-53.58, 19.38, -21.26).
0: Placed Cl- in complex at (48.67, 21.46, -52.25).
0: Placed Cl- in complex at (19.64, 50.28, -16.01).
0: Placed Cl- in complex at (54.68, 52.78, -32.98).
0: Placed Cl- in complex at (26.83, -43.64, -36.89).
0: Placed Cl- in complex at (-29.27, 23.77, -9.30).
0: Placed Cl- in complex at (16.96, 53.75, 46.85).
0: Placed Cl- in complex at (-0.91, 5.18, -49.15).
0: Placed Cl- in complex at (29.75, 14.19, 15.57).
0: Placed Cl- in complex at (-20.59, -2.57, 46.85).
0: Placed Cl- in complex at (-3.28, 3.43, -38.51).
0: Placed Cl- in complex at (-29.27, -51.33, -46.85).
0: Placed Cl- in complex at (-15.58, 45.66, -38.32).
0: Placed Cl- in complex at (29.40, -20.39, 45.54).
0: Placed Cl- in complex at (3.14, 52.11, -43.07).
0: Placed Cl- in complex at (45.43, -34.72, -55.24).
0: Placed Cl- in complex at (-16.96, 44.20, -40.40).
0: Placed Cl- in complex at (-15.97, 5.74, 41.80).
0: Placed Cl- in complex at (-13.21, -42.78, -23.67).
0: Placed Cl- in complex at (27.25, 38.68, -48.10).
0: Placed Cl- in complex at (-24.44, -20.49, 43.97).
0: Placed Cl- in complex at (-22.66, 48.31, 43.01).
0: Placed Cl- in complex at (2.99, 23.17, 33.94).
0: Placed Cl- in complex at (7.37, -40.52, 31.56).
0: Placed Cl- in complex at (14.50, -29.05, 17.74).
0: Placed Cl- in complex at (-25.68, -53.45, 44.33).
0: Placed Cl- in complex at (16.43, -12.23, -32.91).
0: Placed Cl- in complex at (-31.92, 20.73, 46.17).
0: Placed Cl- in complex at (33.69, -50.27, -22.20).
0: Placed Cl- in complex at (26.64, 7.98, 17.01).
0: Placed Cl- in complex at (-7.92, -31.60, 28.60).
0: Placed Cl- in complex at (3.44, -20.07, -38.16).
0: Placed Cl- in complex at (-30.01, -1.31, 19.57).
0: Placed Cl- in complex at (45.22, -53.82, 29.25).
0: Placed Cl- in complex at (13.45, 14.63, -41.74).
0: Placed Cl- in complex at (14.63, 22.22, -30.79).
0: Placed Cl- in complex at (-28.80, -54.74, 41.05).
0: Placed Cl- in complex at (-2.34, -12.23, -32.91).
0: Placed Cl- in complex at (25.42, -40.36, -20.21).
0: Placed Cl- in complex at (-35.12, 12.21, 34.52).
0: Placed Cl- in complex at (-15.63, 52.11, 13.25).
0: Placed Cl- in complex at (45.44, -13.39, 53.89).
0: Placed Cl- in complex at (38.55, -53.90, -22.18).
0: Placed Cl- in complex at (-21.11, -31.01, -14.14).
0: Placed Cl- in complex at (-54.26, 38.63, 31.79).
0: Placed Cl- in complex at (-48.43, 42.93, -2.43).
0: Placed Cl- in complex at (-3.28, -34.12, 36.59).
0: Placed Cl- in complex at (42.40, 47.57, -3.65).
0: Placed Cl- in complex at (54.73, -45.49, 52.46).
0: Placed Cl- in complex at (38.84, 53.96, -2.42).
0: Placed Cl- in complex at (-3.86, 43.60, -40.97).
0: Placed Cl- in complex at (-51.22, 20.71, -4.89).
0: Placed Cl- in complex at (-10.39, -35.34, 31.86).
0: Placed Cl- in complex at (2.05, 51.04, -48.87).
0: Placed Cl- in complex at (35.26, -41.32, -25.75).
0: Placed Cl- in complex at (-21.11, -49.78, 23.41).
0: Placed Cl- in complex at (-0.91, -13.60, 25.95).
0: Placed Cl- in complex at (-44.05, -5.19, -38.21).
0: Placed Cl- in complex at (23.63, -46.30, 33.90).
0: Placed Cl- in complex at (38.77, -9.42, -11.29).
0: Placed Cl- in complex at (21.58, 5.74, -14.52).
0: Placed Cl- in complex at (-17.77, -16.35, 34.14).
0: Placed Cl- in complex at (4.66, 22.66, -18.68).
0: Placed Cl- in complex at (-11.23, -1.31, 19.57).
0: Placed Cl- in complex at (-1.59, 29.60, -22.63).
0: Placed Cl- in complex at (-36.16, 35.62, -7.65).
0: Placed Cl- in complex at (23.57, 33.41, 21.56).
0: Placed Cl- in complex at (-22.91, -34.10, 6.76).
0: Placed Cl- in complex at (49.56, 45.10, 17.45).
0: Placed Cl- in complex at (-1.41, 47.70, -44.39).
0: Placed Cl- in complex at (-17.47, -38.18, 20.65).
0: Placed Cl- in complex at (10.97, 51.74, -3.21).
0: Placed Cl- in complex at (8.28, -51.33, -28.07).
0: Placed Cl- in complex at (-4.44, 6.94, -24.67).
0: Placed Cl- in complex at (-14.77, 0.66, -50.42).
0: Placed Cl- in complex at (-32.13, 25.86, -31.20).
0: Placed Cl- in complex at (31.49, -6.22, 8.41).
0: Placed Cl- in complex at (19.07, 21.09, 9.20).
0: Placed Cl- in complex at (51.00, 14.63, 14.58).
0: Placed Cl- in complex at (8.34, 43.54, 2.47).
0: Placed Cl- in complex at (48.67, 40.24, 4.07).
0: Placed Cl- in complex at (-25.70, 27.09, -45.25).
0: Placed Cl- in complex at (-51.90, -16.53, 40.05).
0: Placed Cl- in complex at (2.62, 39.22, 37.92).
0: Placed Cl- in complex at (-51.39, -45.61, 1.19).
0: Placed Cl- in complex at (-50.00, -1.07, -50.76).
0: Placed Cl- in complex at (-12.31, -46.60, 7.74).
0: Placed Cl- in complex at (-24.46, 19.27, -48.13).
0: Placed Cl- in complex at (-22.23, 51.12, 24.37).
0: Placed Cl- in complex at (49.04, 49.59, 24.16).
0: Placed Cl- in complex at (-30.73, 44.84, -9.15).
0: Placed Cl- in complex at (-16.46, 38.47, 10.27).
0: Placed Cl- in complex at (36.64, 5.18, 7.17).
0: Placed Cl- in complex at (39.00, 41.35, 26.13).
0: Placed Cl- in complex at (-45.15, -41.39, -49.89).
0: Placed Cl- in complex at (9.46, 26.34, 32.11).
0: Placed Cl- in complex at (-15.78, 4.39, -22.38).
0: Placed Cl- in complex at (5.63, 1.96, -47.70).
0: Placed Cl- in complex at (35.44, 22.56, 51.73).
0: Placed Cl- in complex at (-32.57, -52.00, -13.49).
0: Placed Cl- in complex at (35.01, -17.88, -15.31).
0: Placed Cl- in complex at (29.90, 8.84, -3.69).
0: Placed Cl- in complex at (50.66, 35.83, 43.97).
0: Placed Cl- in complex at (-51.15, -49.83, -26.03).
0: Placed Cl- in complex at (12.27, 13.59, -38.21).
0: Placed Cl- in complex at (13.11, -39.26, 25.20).
0: Placed Cl- in complex at (-3.11, 48.84, 28.71).
0: Placed Cl- in complex at (34.88, 27.15, 1.84).
0: Placed Cl- in complex at (50.64, 19.27, 45.74).
0: Placed Cl- in complex at (-6.28, -13.86, 50.67).
0: Placed Cl- in complex at (19.64, 12.73, -53.56).
0: Placed Cl- in complex at (37.53, 40.56, 0.41).
0: Placed Cl- in complex at (17.06, 26.98, 33.81).
> 
> # Check charge
> check complex
Checking 'complex'....

/share/apps/miniconda3/envs/yank/bin/teLeap: Warning!
Close contact of 1.484382 angstroms between .R<ASP 187>.A<O 12> and .R<TYR 54>.A<HH 15>

/share/apps/miniconda3/envs/yank/bin/teLeap: Warning!
Close contact of 1.451534 angstroms between .R<TYR 182>.A<HH 15> and .R<CYS 160>.A<O 11>

/share/apps/miniconda3/envs/yank/bin/teLeap: Warning!
Close contact of 1.495967 angstroms between .R<HID 80>.A<HD1 10> and .R<ASN 63>.A<OD1 9>

/share/apps/miniconda3/envs/yank/bin/teLeap: Warning!
Close contact of 1.326790 angstroms between .R<UNL 307>.A<H10 32> and .R<UNL 307>.A<H6 28>

/share/apps/miniconda3/envs/yank/bin/teLeap: Warning!
Close contact of 1.086626 angstroms between .R<UNL 307>.A<H8 30> and .R<UNL 307>.A<H6 28>
Checking parameters for unit 'complex'.
Checking for bond parameters.
Checking for angle parameters.
check:  Warnings: 5
Unit is OK.
> 
> # Save prmtop and inpcrd files
> saveAmberParm complex molo4.prmtop molo3.inpcrd
Checking Unit.
Building topology.
Building atom parameters.
Building bond parameters.
Building angle parameters.
Building proper torsion parameters.
Building improper torsion parameters.
 ** Warning: No sp2 improper torsion term for  NA-CA-CN-CB
        atoms are: NE1 CZ2 CE2 CD2
 ** Warning: No sp2 improper torsion term for  C*-CN-CB-CA
        atoms are: CG CE2 CD2 CE3
 ** Warning: No sp2 improper torsion term for  NA-CA-CN-CB
        atoms are: NE1 CZ2 CE2 CD2
 ** Warning: No sp2 improper torsion term for  C*-CN-CB-CA
        atoms are: CG CE2 CD2 CE3
 ** Warning: No sp2 improper torsion term for  NA-CA-CN-CB
        atoms are: NE1 CZ2 CE2 CD2
 ** Warning: No sp2 improper torsion term for  C*-CN-CB-CA
        atoms are: CG CE2 CD2 CE3
 total 976 improper torsions applied
Building H-Bond parameters.
Incorporating Non-Bonded adjustments.
Not Marking per-residue atom chain types.
Marking per-residue atom chain types.
  (Residues lacking connect0/connect1 - 
   these don't have chain types marked:

	res	total affected

	CGLN	1
	NSER	1
	UNL	1
	WAT	42166
  )
 (no restraints)
> savePDB complex molo5.pdb
Writing pdb file: molo5.pdb
   printing CRYST1 record to PDB file with box info

/share/apps/miniconda3/envs/yank/bin/teLeap: Warning!
 Converting N-terminal residue name to PDB format: NSER -> SER

/share/apps/miniconda3/envs/yank/bin/teLeap: Warning!
 Converting C-terminal residue name to PDB format: CGLN -> GLN
> quit
	Quit

Exiting LEaP: Errors = 0; Warnings = 8; Notes = 0.
