2020-04-02 16:13:41,359 - DEBUG - yank.experiment - DSL string for the ligand: "resname LIG"
2020-04-02 16:13:41,359 - DEBUG - yank.experiment - DSL string for the solvent: "resname HOH or resname NA or resname CL"
2020-04-02 16:13:41,361 - INFO - yank.experiment - Reading phase complex
2020-04-02 16:13:41,361 - DEBUG - yank.pipeline - prmtop: ../complexes/0-build/ZINC000003951740_complex.prmtop
2020-04-02 16:13:41,361 - DEBUG - yank.pipeline - inpcrd: ../complexes/1-equilibrate/ZINC000003951740_complex.inpcrd
2020-04-02 16:14:00,554 - DEBUG - mpiplus.mpiplus - Single node: executing <function find_alchemical_counterions at 0x2b286f23ca70>
2020-04-02 16:14:00,565 - DEBUG - yank.pipeline - ligand_atoms net charge: 0
2020-04-02 16:14:00,570 - WARNING - openmmtools.multistate.multistatesampler - Warning: The openmmtools.multistate API is experimental and may change in future releases
2020-04-02 16:14:00,571 - INFO - yank.experiment - Reading phase solvent
2020-04-02 16:14:00,571 - DEBUG - yank.pipeline - prmtop: ../ligands/0-build/ZINC000003951740_solv.prmtop
2020-04-02 16:14:00,571 - DEBUG - yank.pipeline - inpcrd: ../ligands/1-equilibrate/ZINC000003951740_solv.inpcrd
2020-04-02 16:14:01,799 - DEBUG - mpiplus.mpiplus - Single node: executing <function find_alchemical_counterions at 0x2b286f23ca70>
2020-04-02 16:14:01,803 - DEBUG - yank.pipeline - solute_atoms net charge: 0
2020-04-02 16:14:01,804 - WARNING - openmmtools.multistate.multistatesampler - Warning: The openmmtools.multistate API is experimental and may change in future releases
2020-04-02 16:14:01,805 - DEBUG - mpiplus.mpiplus - Single node: executing <function ExperimentBuilder._save_analysis_script at 0x2b287a5063b0>
2020-04-02 16:14:01,807 - DEBUG - yank.experiment - Generating alchemical path for .complex
2020-04-02 16:14:09,471 - DEBUG - yank.yank - Creating receptor-ligand restraints...
2020-04-02 16:14:09,472 - DEBUG - yank.yank - There are undefined restraint parameters. Trying automatic parametrization.
2020-04-02 16:14:09,473 - DEBUG - yank.restraints - Restraint Harmonic: Automatically picked restrained ligand_atoms atom: ligand_atoms
2020-04-02 16:14:09,483 - DEBUG - yank.restraints - Restraint Harmonic: Automatically picked restrained receptor_atoms atom: receptor_atoms
2020-04-02 16:14:09,495 - DEBUG - yank.restraints - Spring constant sigma, s = 0.794 nm
2020-04-02 16:14:09,495 - DEBUG - yank.restraints - K = 0.0 kcal/mol/A^2
2020-04-02 16:14:18,998 - DEBUG - yank.restraints - Standard state correction: 1.558 kT
2020-04-02 16:14:18,999 - DEBUG - openmmtools.utils - Restraint Harmonic: Computing standard state correction took    0.016s
2020-04-02 16:14:18,999 - DEBUG - yank.yank - Creating alchemically-modified states...
2020-04-02 16:14:22,114 - DEBUG - openmmtools.alchemy - Dictionary of interacting alchemical regions: frozenset()
2020-04-02 16:14:22,114 - DEBUG - openmmtools.alchemy - Using 1 alchemical regions
2020-04-02 16:14:41,632 - DEBUG - openmmtools.alchemy - Adding steric interaction groups between  and the environment.
2020-04-02 16:14:41,652 - DEBUG - openmmtools.alchemy - Adding a steric interaction group between group  and .
2020-04-02 16:14:44,870 - DEBUG - openmmtools.utils - Create alchemically modified system took   22.748s
2020-04-02 16:15:11,323 - DEBUG - yank.yank - Creating expanded cutoff states...
2020-04-02 16:15:14,586 - DEBUG - yank.yank - Setting cutoff for fully interacting system to 16 A. The minimum box dimension is 8.0259613 nm.
2020-04-02 16:15:44,944 - DEBUG - yank.yank - Setting cutoff for fully interacting system to 16 A. The minimum box dimension is 8.0259613 nm.
2020-04-02 16:15:58,053 - DEBUG - yank.yank - Creating sampler object...
2020-04-02 16:15:58,056 - DEBUG - mpiplus.mpiplus - Single node: executing <bound method ExperimentBuilder._generate_experiment_protocol.<locals>.DummyReporter.nothing of <yank.experiment.ExperimentBuilder._generate_experiment_protocol.<locals>.DummyReporter object at 0x2b28925af790>>
2020-04-02 16:15:58,064 - DEBUG - mpiplus.mpiplus - Single node: executing <function ReplicaExchangeSampler._display_citations at 0x2b2877f76b00>
2020-04-02 16:15:58,069 - DEBUG - mpiplus.mpiplus - Single node: executing <function MultiStateSampler._display_citations at 0x2b2877e15ef0>
2020-04-02 16:15:58,071 - DEBUG - mpiplus.mpiplus - Single node: executing <function MultiStateSampler._initialize_reporter at 0x2b2877e1a200>
2020-04-02 16:15:58,073 - DEBUG - openmmtools.multistate.multistatesampler - Storing general ReplicaExchange options...
2020-04-02 16:15:58,079 - DEBUG - mpiplus.mpiplus - Single node: executing <function MultiStateSampler._report_iteration at 0x2b2877e1a320>
2020-04-02 16:15:58,079 - DEBUG - mpiplus.mpiplus - Single node: executing <function MultiStateSampler._report_iteration_items at 0x2b2877e1a5f0>
2020-04-02 16:15:58,080 - DEBUG - openmmtools.utils - Writing iteration information to storage took    0.000s
2020-04-02 16:15:59,150 - DEBUG - yank.yank - Minimizing 1 sampler states in the reference thermodynamic state
2020-04-02 16:15:59,151 - DEBUG - mpiplus.mpiplus - Running _minimize_sampler_state serially.
2020-04-02 16:16:03,765 - DEBUG - yank.yank - Sampler state 1/1: initial energy -1709900.157kT
2020-04-02 16:16:03,765 - DEBUG - yank.yank - Using FIRE: tolerance 1.0 kJ/(nm mol) max_iterations 1000
2020-04-02 16:16:28,348 - DEBUG - yank.yank - Sampler state 1/1: final energy -1784465.220kT
2020-04-02 16:16:28,569 - DEBUG - mpiplus.mpiplus - Single node: executing <bound method ExperimentBuilder._generate_experiment_protocol.<locals>.DummyReporter.nothing of <yank.experiment.ExperimentBuilder._generate_experiment_protocol.<locals>.DummyReporter object at 0x2b28925af790>>
2020-04-02 16:16:28,572 - DEBUG - openmmtools.multistate.multistatesampler - Minimizing all replicas...
2020-04-02 16:16:28,572 - DEBUG - mpiplus.mpiplus - Running _minimize_replica serially.
2020-04-02 16:16:37,316 - DEBUG - openmmtools.multistate.multistatesampler - Replica 1/1: initial energy -1784134.267kT
2020-04-02 16:16:37,316 - DEBUG - openmmtools.multistate.multistatesampler - Using FIRE: tolerance 1.0 kJ/(nm mol) max_iterations 1000
2020-04-02 16:17:05,760 - DEBUG - openmmtools.multistate.multistatesampler - Replica 1/1: final energy -1784154.531kT
2020-04-02 16:17:06,054 - DEBUG - mpiplus.mpiplus - Single node: executing <bound method ExperimentBuilder._generate_experiment_protocol.<locals>.DummyReporter.nothing of <yank.experiment.ExperimentBuilder._generate_experiment_protocol.<locals>.DummyReporter object at 0x2b28925af790>>
2020-04-02 16:17:06,056 - DEBUG - openmmtools.utils - Minimizing all replicas took   37.484s
2020-04-02 16:17:06,064 - DEBUG - yank.experiment - Using <openmmtools.mcmc.LangevinSplittingDynamicsMove object at 0x2b2893550e90> for equilibration.
2020-04-02 16:17:06,067 - DEBUG - openmmtools.multistate.multistatesampler - Equilibration iteration 0/1000
2020-04-02 16:17:06,070 - DEBUG - openmmtools.multistate.multistatesampler - Propagating all replicas...
2020-04-02 16:17:06,072 - DEBUG - mpiplus.mpiplus - Running _propagate_replica serially.
