log started: Mon Mar 23 21:54:53 2020

Log file: ./leap.log
>> #
>> # ----- leaprc for loading the ff14SB force field
>> # ----- NOTE: this is designed for PDB format 3!
>> #
>> #	load atom type hybridizations
>> #
>> addAtomTypes {
>> 	{ "H"   "H" "sp3" }
>> 	{ "HO"  "H" "sp3" }
>> 	{ "HS"  "H" "sp3" }
>> 	{ "H1"  "H" "sp3" }
>> 	{ "H2"  "H" "sp3" }
>> 	{ "H3"  "H" "sp3" }
>> 	{ "H4"  "H" "sp3" }
>> 	{ "H5"  "H" "sp3" }
>> 	{ "HW"  "H" "sp3" }
>> 	{ "HC"  "H" "sp3" }
>> 	{ "HA"  "H" "sp3" }
>> 	{ "HP"  "H" "sp3" }
>> 	{ "HZ"  "H" "sp3" }
>> 	{ "OH"  "O" "sp3" }
>> 	{ "OS"  "O" "sp3" }
>> 	{ "O"   "O" "sp2" }
>> 	{ "O2"  "O" "sp2" }
>> 	{ "OP"  "O" "sp2" }
>> 	{ "OW"  "O" "sp3" }
>> 	{ "CT"  "C" "sp3" }
>> 	{ "CX"  "C" "sp3" }
>> 	{ "C8"  "C" "sp3" }
>> 	{ "2C"  "C" "sp3" }
>> 	{ "3C"  "C" "sp3" }
>> 	{ "CH"  "C" "sp3" }
>> 	{ "CS"  "C" "sp2" }
>> 	{ "C"   "C" "sp2" }
>> 	{ "CO"   "C" "sp2" }
>> 	{ "C*"  "C" "sp2" }
>> 	{ "CA"  "C" "sp2" }
>> 	{ "CB"  "C" "sp2" }
>> 	{ "CC"  "C" "sp2" }
>> 	{ "CN"  "C" "sp2" }
>> 	{ "CM"  "C" "sp2" }
>> 	{ "CK"  "C" "sp2" }
>> 	{ "CQ"  "C" "sp2" }
>> 	{ "CD"  "C" "sp2" }
>> 	{ "C5"  "C" "sp2" }
>> 	{ "C4"  "C" "sp2" }
>> 	{ "CP"  "C" "sp2" }
>> 	{ "CI"  "C" "sp3" }
>> 	{ "CJ"  "C" "sp2" }
>> 	{ "CW"  "C" "sp2" }
>> 	{ "CV"  "C" "sp2" }
>> 	{ "CR"  "C" "sp2" }
>> 	{ "CA"  "C" "sp2" }
>> 	{ "CY"  "C" "sp2" }
>> 	{ "C0"  "Ca" "sp3" }
>> 	{ "MG"  "Mg" "sp3" }
>> 	{ "N"   "N" "sp2" }
>> 	{ "NA"  "N" "sp2" }
>> 	{ "N2"  "N" "sp2" }
>> 	{ "N*"  "N" "sp2" }
>> 	{ "NP"  "N" "sp2" }
>> 	{ "NQ"  "N" "sp2" }
>> 	{ "NB"  "N" "sp2" }
>> 	{ "NC"  "N" "sp2" }
>> 	{ "NT"  "N" "sp3" }
>> 	{ "NY"  "N" "sp2" }
>> 	{ "N3"  "N" "sp3" }
>> 	{ "S"   "S" "sp3" }
>> 	{ "SH"  "S" "sp3" }
>> 	{ "P"   "P" "sp3" }
>> 	{ "LP"  ""  "sp3" }
>> 	{ "EP"  ""  "sp3" }
>> 	{ "F"   "F" "sp3" }
>> 	{ "Cl"  "Cl" "sp3" }
>> 	{ "Br"  "Br" "sp3" }
>> 	{ "I"   "I"  "sp3" }
>> }
>> #
>> #	Load the main parameter set.
>> #
>> parm10 = loadamberparams parm10.dat
Loading parameters: /miniconda2/envs/yank/dat/leap/parm/parm10.dat
Reading title:
PARM99 + frcmod.ff99SB + frcmod.parmbsc0 + OL3 for RNA
>> frcmod14SB = loadamberparams frcmod.ff14SB
Loading parameters: /miniconda2/envs/yank/dat/leap/parm/frcmod.ff14SB
Reading force field modification type file (frcmod)
Reading title:
ff14SB protein backbone and sidechain parameters
>> #
>> #	Load main chain and terminating amino acid libraries
>> #
>> loadOff amino12.lib
Loading library: /miniconda2/envs/yank/dat/leap/lib/amino12.lib
Loading: ALA
Loading: ARG
Loading: ASH
Loading: ASN
Loading: ASP
Loading: CYM
Loading: CYS
Loading: CYX
Loading: GLH
Loading: GLN
Loading: GLU
Loading: GLY
Loading: HID
Loading: HIE
Loading: HIP
Loading: HYP
Loading: ILE
Loading: LEU
Loading: LYN
Loading: LYS
Loading: MET
Loading: PHE
Loading: PRO
Loading: SER
Loading: THR
Loading: TRP
Loading: TYR
Loading: VAL
>> loadOff aminoct12.lib
Loading library: /miniconda2/envs/yank/dat/leap/lib/aminoct12.lib
Loading: CALA
Loading: CARG
Loading: CASN
Loading: CASP
Loading: CCYS
Loading: CCYX
Loading: CGLN
Loading: CGLU
Loading: CGLY
Loading: CHID
Loading: CHIE
Loading: CHIP
Loading: CHYP
Loading: CILE
Loading: CLEU
Loading: CLYS
Loading: CMET
Loading: CPHE
Loading: CPRO
Loading: CSER
Loading: CTHR
Loading: CTRP
Loading: CTYR
Loading: CVAL
Loading: NHE
Loading: NME
>> loadOff aminont12.lib
Loading library: /miniconda2/envs/yank/dat/leap/lib/aminont12.lib
Loading: ACE
Loading: NALA
Loading: NARG
Loading: NASN
Loading: NASP
Loading: NCYS
Loading: NCYX
Loading: NGLN
Loading: NGLU
Loading: NGLY
Loading: NHID
Loading: NHIE
Loading: NHIP
Loading: NILE
Loading: NLEU
Loading: NLYS
Loading: NMET
Loading: NPHE
Loading: NPRO
Loading: NSER
Loading: NTHR
Loading: NTRP
Loading: NTYR
Loading: NVAL
>> 
>> #
>> #	Define the PDB name map for the amino acids
>> #
>> addPdbResMap {
>>   { 0 "HYP" "HYP" } { 1 "HYP" "CHYP" }
>>   { 0 "ALA" "NALA" } { 1 "ALA" "CALA" }
>>   { 0 "ARG" "NARG" } { 1 "ARG" "CARG" }
>>   { 0 "ASN" "NASN" } { 1 "ASN" "CASN" }
>>   { 0 "ASP" "NASP" } { 1 "ASP" "CASP" }
>>   { 0 "CYS" "NCYS" } { 1 "CYS" "CCYS" }
>>   { 0 "CYX" "NCYX" } { 1 "CYX" "CCYX" }
>>   { 0 "GLN" "NGLN" } { 1 "GLN" "CGLN" }
>>   { 0 "GLU" "NGLU" } { 1 "GLU" "CGLU" }
>>   { 0 "GLY" "NGLY" } { 1 "GLY" "CGLY" }
>>   { 0 "HID" "NHID" } { 1 "HID" "CHID" }
>>   { 0 "HIE" "NHIE" } { 1 "HIE" "CHIE" }
>>   { 0 "HIP" "NHIP" } { 1 "HIP" "CHIP" }
>>   { 0 "ILE" "NILE" } { 1 "ILE" "CILE" }
>>   { 0 "LEU" "NLEU" } { 1 "LEU" "CLEU" }
>>   { 0 "LYS" "NLYS" } { 1 "LYS" "CLYS" }
>>   { 0 "MET" "NMET" } { 1 "MET" "CMET" }
>>   { 0 "PHE" "NPHE" } { 1 "PHE" "CPHE" }
>>   { 0 "PRO" "NPRO" } { 1 "PRO" "CPRO" }
>>   { 0 "SER" "NSER" } { 1 "SER" "CSER" }
>>   { 0 "THR" "NTHR" } { 1 "THR" "CTHR" }
>>   { 0 "TRP" "NTRP" } { 1 "TRP" "CTRP" }
>>   { 0 "TYR" "NTYR" } { 1 "TYR" "CTYR" }
>>   { 0 "VAL" "NVAL" } { 1 "VAL" "CVAL" }
>>   { 0 "HIS" "NHIS" } { 1 "HIS" "CHIS" }
>> }
>> 
>> #
>> # assume that most often proteins use HIE
>> #
>> NHIS = NHIE
>> HIS = HIE
>> CHIS = CHIE
> 
> source leaprc.gaff2
----- Source: /miniconda2/envs/yank/dat/leap/cmd/leaprc.gaff2
----- Source of /miniconda2/envs/yank/dat/leap/cmd/leaprc.gaff2 done
>> logFile leap.log
log started: Mon Mar 23 21:54:53 2020

Log file: ./leap.log
>> #
>> # ----- leaprc for loading the general Amber Force field.
>> #       This file is mostly for use with Antechamber
>> #
>> #	load atom type hybridizations
>> #
>> addAtomTypes {
>> 	{ "h1"  "H" "sp3" }
>> 	{ "h2"  "H" "sp3" }
>> 	{ "h3"  "H" "sp3" }
>> 	{ "h4"  "H" "sp3" }
>> 	{ "h5"  "H" "sp3" }
>> 	{ "ha"  "H" "sp3" }
>> 	{ "hc"  "H" "sp3" }
>> 	{ "hn"  "H" "sp3" }
>> 	{ "ho"  "H" "sp3" }
>> 	{ "hp"  "H" "sp3" }
>> 	{ "hs"  "H" "sp3" }
>> 	{ "hw"  "H" "sp3" }
>> 	{ "hx"  "H" "sp3" }
>> 	{ "o"  "O" "sp2" }
>> 	{ "o2"  "O" "sp2" }
>> 	{ "oh"  "O" "sp3" }
>> 	{ "op"  "O" "sp3" }
>> 	{ "oq"  "O" "sp3" }
>> 	{ "os"  "O" "sp3" }
>> 	{ "ow"  "O" "sp3" }
>> 	{ "c"  "C" "sp2" }
>> 	{ "c1"  "C" "sp2" }
>> 	{ "c2"  "C" "sp2" }
>> 	{ "c3"  "C" "sp3" }
>> 	{ "ca"  "C" "sp2" }
>> 	{ "cc"  "C" "sp2" }
>> 	{ "cd"  "C" "sp2" }
>> 	{ "ce"  "C" "sp2" }
>> 	{ "cf"  "C" "sp2" }
>> 	{ "cg"  "C" "sp2" }
>> 	{ "ch"  "C" "sp2" }
>> 	{ "cp"  "C" "sp2" }
>> 	{ "cs"  "C" "sp2" }
>> 	{ "cq"  "C" "sp2" }
>> 	{ "cu"  "C" "sp2" }
>> 	{ "cv"  "C" "sp2" }
>> 	{ "cx"  "C" "sp2" }
>> 	{ "cy"  "C" "sp2" }
>> 	{ "cz"  "C" "sp2" }
>> 	{ "n"   "N" "sp2" }
>> 	{ "n1"  "N" "sp2" }
>> 	{ "n2"  "N" "sp2" }
>> 	{ "n3"  "N" "sp3" }
>> 	{ "n4"  "N" "sp3" }
>> 	{ "n5"  "N" "sp3" }
>> 	{ "n6"  "N" "sp3" }
>> 	{ "n7"  "N" "sp3" }
>> 	{ "n8"  "N" "sp3" }
>> 	{ "n9"  "N" "sp3" }
>> 	{ "na"  "N" "sp2" }
>> 	{ "nb"  "N" "sp2" }
>> 	{ "nc"  "N" "sp2" }
>> 	{ "nd"  "N" "sp2" }
>> 	{ "ne"  "N" "sp2" }
>> 	{ "nf"  "N" "sp2" }
>> 	{ "nh"  "N" "sp2" }
>> 	{ "ni"  "N" "sp2" }
>> 	{ "nj"  "N" "sp2" }
>> 	{ "nk"  "N" "sp3" }
>> 	{ "nl"  "N" "sp3" }
>> 	{ "nm"  "N" "sp2" }
>> 	{ "nn"  "N" "sp2" }
>> 	{ "no"  "N" "sp2" }
>> 	{ "np"  "N" "sp3" }
>> 	{ "nq"  "N" "sp3" }
>> 	{ "ns"  "N" "sp2" }
>> 	{ "nt"  "N" "sp2" }
>> 	{ "nu"  "N" "sp2" }
>> 	{ "nv"  "N" "sp2" }
>> 	{ "nx"  "N" "sp3" }
>> 	{ "ny"  "N" "sp3" }
>> 	{ "nz"  "N" "sp3" }
>> 	{ "n+"  "N" "sp3" }
>> 	{ "s"   "S" "sp2" }
>> 	{ "s2"   "S" "sp2" }
>> 	{ "s3"   "S" "sp3" }
>> 	{ "s4"   "S" "sp3" }
>> 	{ "s6"   "S" "sp3" }
>> 	{ "sh"   "S" "sp3" }
>> 	{ "sp"   "S" "sp3" }
>> 	{ "sq"   "S" "sp3" }
>> 	{ "ss"   "S" "sp3" }
>> 	{ "sx"   "S" "sp3" }
>> 	{ "sy"   "S" "sp3" }
>> 	{ "p2"   "P" "sp2" }
>> 	{ "p3"   "P" "sp3" }
>> 	{ "p4"   "P" "sp3" }
>> 	{ "p5"   "P" "sp3" }
>> 	{ "pb"   "P" "sp3" }
>> 	{ "pc"   "P" "sp3" }
>> 	{ "pd"   "P" "sp3" }
>> 	{ "pe"   "P" "sp3" }
>> 	{ "pf"   "P" "sp3" }
>> 	{ "px"   "P" "sp3" }
>> 	{ "py"   "P" "sp3" }
>> 	{ "f"   "F" "sp3" }
>> 	{ "cl"  "Cl" "sp3" }
>> 	{ "br"  "Br" "sp3" }
>> 	{ "i"   "I"  "sp3" }
>> }
>> #
>> #	Load the general force field parameter set.
>> #
>> gaff = loadamberparams gaff2.dat
Loading parameters: /miniconda2/envs/yank/dat/leap/parm/gaff2.dat
Reading title:
AMBER General Force Field for organic molecules (Version 2.11, May 2016)
> 
> source leaprc.water.tip3p
----- Source: /miniconda2/envs/yank/dat/leap/cmd/leaprc.water.tip3p
----- Source of /miniconda2/envs/yank/dat/leap/cmd/leaprc.water.tip3p done
>> #
>> #       Load water and ions for TIP3P + Li/Merz monovalent ions 
>> #       + Joung-Chetham monovalent ions
>> #       + Li/Merz highly charged ions (+2 to +4, 12-6 normal usage set)
>> #
>> #       Note: the Li/Merz monovalent set is loaded only to get Tl+,
>> #          Cu+, Ag+ NH4+, H3O+.  Since we load Joung-Cheatham second,
>> #          the alkali halide parameters come from the Joung-Cheatham set
>> #
>> addAtomTypes {
>> 	{ "HW"  "H" "sp3" }
>> 	{ "OW"  "O" "sp3" }
>> 	{ "F-"   "F" "sp3" }
>> 	{ "Cl-"  "Cl" "sp3" }
>> 	{ "Br-"  "Br" "sp3" }
>> 	{ "I-"   "I"  "sp3" }
>> 	{ "Li+"  "Li"  "sp3" }
>> 	{ "Na+"  "Na"  "sp3" }
>> 	{ "K+"  "K"  "sp3" }
>> 	{ "Rb+"  "Rb"  "sp3" }
>> 	{ "Cs+"  "Cs"  "sp3" }
>> 	{ "Mg+"  "Mg"  "sp3" }
>>     { "Tl+"  "Tl"  "sp3" }
>>     { "Cu+"  "Cu"  "sp3" }
>>     { "Ag+"  "Ag"  "sp3" }
>>     { "NH4+"  "N"  "sp3" }
>>     { "H3O+"  "O"  "sp3" }
>>     { "Be2+" "Be"  "sp3" }
>>     { "Cu2+" "Cu"  "sp3" }
>>     { "Ni2+" "Ni"  "sp3" }
>>     { "Pt2+" "Pt"  "sp3" }
>>     { "Zn2+" "Zn"  "sp3" }
>>     { "Co2+" "Co"  "sp3" }
>>     { "Pd2+" "Pd"  "sp3" }
>>     { "Ag2+" "Ag"  "sp3" }
>>     { "Cr2+" "Cr"  "sp3" }
>>     { "Fe2+" "Fe"  "sp3" }
>>     { "Mg2+" "Mg"  "sp3" }
>>     { "V2+"  "V"   "sp3" }
>>     { "Mn2+" "Mn"  "sp3" }
>>     { "Hg2+" "Hg"  "sp3" }
>>     { "Cd2+" "Cd"  "sp3" }
>>     { "Yb2+" "Yb"  "sp3" }
>>     { "Ca2+" "Ca"  "sp3" }
>>     { "Sn2+" "Sn"  "sp3" }
>>     { "Pb2+" "Pb"  "sp3" }
>>     { "Eu2+" "Eu"  "sp3" }
>>     { "Sr2+" "Sr"  "sp3" }
>>     { "Sm2+" "Sm"  "sp3" }
>>     { "Ba2+" "Ba"  "sp3" }
>>     { "Ra2+" "Ra"  "sp3" }
>>     { "Al3+" "Al"  "sp3" }
>>     { "Fe3+" "Fe"  "sp3" }
>>     { "Cr3+" "Cr"  "sp3" }
>>     { "In3+" "In"  "sp3" }
>>     { "Tl3+" "Tl"  "sp3" }
>>     { "Y3+"  "Y"   "sp3" }
>>     { "La3+" "La"  "sp3" }
>>     { "Ce3+" "Ce"  "sp3" }
>>     { "Pr3+" "Pr"  "sp3" }
>>     { "Nd3+" "Nd"  "sp3" }
>>     { "Sm3+" "Sm"  "sp3" }
>>     { "Eu3+" "Eu"  "sp3" }
>>     { "Gd3+" "Gd"  "sp3" }
>>     { "Tb3+" "Tb"  "sp3" }
>>     { "Dy3+" "Dy"  "sp3" }
>>     { "Er3+" "Er"  "sp3" }
>>     { "Tm3+" "Tm"  "sp3" }
>>     { "Lu3+" "Lu"  "sp3" }
>>     { "Hf4+" "Hf"  "sp3" }
>>     { "Zr4+" "Zr"  "sp3" }
>>     { "Ce4+" "Ce"  "sp3" }
>>     { "U4+"  "U"   "sp3" }
>>     { "Pu4+" "Pu"  "sp3" }
>>     { "Th4+" "Th"  "sp3" }
>> }
>> loadOff atomic_ions.lib
Loading library: /miniconda2/envs/yank/dat/leap/lib/atomic_ions.lib
Loading: AG
Loading: AL
Loading: Ag
Loading: BA
Loading: BR
Loading: Be
Loading: CA
Loading: CD
Loading: CE
Loading: CL
Loading: CO
Loading: CR
Loading: CS
Loading: CU
Loading: CU1
Loading: Ce
Loading: Cl-
Loading: Cr
Loading: Dy
Loading: EU
Loading: EU3
Loading: Er
Loading: F
Loading: FE
Loading: FE2
Loading: GD3
Loading: H3O+
Loading: HE+
Loading: HG
Loading: HZ+
Loading: Hf
Loading: IN
Loading: IOD
Loading: K
Loading: K+
Loading: LA
Loading: LI
Loading: LU
Loading: MG
Loading: MN
Loading: NA
Loading: NH4
Loading: NI
Loading: Na+
Loading: Nd
Loading: PB
Loading: PD
Loading: PR
Loading: PT
Loading: Pu
Loading: RB
Loading: Ra
Loading: SM
Loading: SR
Loading: Sm
Loading: Sn
Loading: TB
Loading: TL
Loading: Th
Loading: Tl
Loading: Tm
Loading: U4+
Loading: V2+
Loading: Y
Loading: YB2
Loading: ZN
Loading: Zr
>> loadOff solvents.lib
Loading library: /miniconda2/envs/yank/dat/leap/lib/solvents.lib
Loading: CHCL3BOX
Loading: DC4
Loading: FB3
Loading: FB3BOX
Loading: FB4
Loading: FB4BOX
Loading: MEOHBOX
Loading: NMABOX
Loading: OP3
Loading: OPC
Loading: OPC3BOX
Loading: OPCBOX
Loading: PL3
Loading: POL3BOX
Loading: QSPCFWBOX
Loading: SPC
Loading: SPCBOX
Loading: SPCFWBOX
Loading: SPF
Loading: SPG
Loading: T4E
Loading: TIP3PBOX
Loading: TIP3PFBOX
Loading: TIP4PBOX
Loading: TIP4PEWBOX
Loading: TIP5PBOX
Loading: TP3
Loading: TP4
Loading: TP5
Loading: TPF
>> HOH = TP3
>> WAT = TP3
>> loadAmberParams frcmod.tip3p
Loading parameters: /miniconda2/envs/yank/dat/leap/parm/frcmod.tip3p
Reading force field modification type file (frcmod)
Reading title:
This is the additional/replacement parameter set for TIP3P water
>> loadAmberParams frcmod.ions1lm_126_tip3p
Loading parameters: /miniconda2/envs/yank/dat/leap/parm/frcmod.ions1lm_126_tip3p
Reading force field modification type file (frcmod)
Reading title:
Li/Merz ion parameters of monovalent ions for TIP3P water model (12-6 normal usage set)
>> loadAmberParams frcmod.ionsjc_tip3p
Loading parameters: /miniconda2/envs/yank/dat/leap/parm/frcmod.ionsjc_tip3p
Reading force field modification type file (frcmod)
Reading title:
Monovalent ion parameters for Ewald and TIP3P water from Joung & Cheatham JPCB (2008)
>> loadAmberParams frcmod.ions234lm_126_tip3p
Loading parameters: /miniconda2/envs/yank/dat/leap/parm/frcmod.ions234lm_126_tip3p
Reading force field modification type file (frcmod)
Reading title:
Li/Merz ion parameters of divalent to tetravalent ions for TIP3P water model (12-6 normal usage set)
>> 
> 
> 
> # Load molecules
> receptor = loadPdb moli1.pdb
Loading PDB file: ./moli1.pdb
Matching PDB residue names to LEaP variables.
Mapped residue SER, term: Terminal/beginning, seq. number: 0 to: NSER.
Mapped residue GLN, term: Terminal/last, seq. number: 305 to: CGLN.
  total atoms in file: 4682
> ligand = loadMol2 moli2.mol2
Loading Mol2 file: ./moli2.mol2
Reading MOLECULE named UNL
> 
> # Create complex
> complex = combine { receptor ligand }
  Sequence: default_name
  Sequence: UNL
> 
> # Solvate systems
> solvateBox complex TIP3PBOX 16.0 iso
  Solute vdw bounding box:              38.189 79.566 47.625
  Total bounding box for atom centers:  111.566 111.566 111.566
      (box expansion for 'iso' is 122.7%)
  Solvent unit box:                     18.774 18.774 18.774
The number of boxes:  x= 6  y= 6  z= 6
  Volume: 1509301.542 A^3 
  Total mass 797831.620 amu,  Density 0.878 g/cc
  Added 42374 residues.
> addIonsRand complex Na+ 0
4 Na+ ions required to neutralize.
Adding 4 counter ions to "complex". 42370 solvent molecules will remain.
0: Placed Na+ in complex at (6.37, 26.87, 32.32).
0: Placed Na+ in complex at (16.21, -17.66, 13.63).
0: Placed Na+ in complex at (43.57, -24.40, 54.10).
0: Placed Na+ in complex at (-51.53, 22.42, -25.66).
> addIonsRand complex Cl- 0

/miniconda2/envs/yank/bin/teLeap: Warning!
addIonsRand: 1st Ion & target unit have charges of the same sign:
     unit charge = -5.15143e-14; ion1 charge = -1;
     can't neutralize.
> addIonsRand complex Na+ 115
Adding 115 counter ions to "complex". 42255 solvent molecules will remain.
0: Placed Na+ in complex at (-37.57, 21.78, -37.14).
0: Placed Na+ in complex at (-17.33, -14.98, 26.13).
0: Placed Na+ in complex at (43.87, -38.62, 5.57).
0: Placed Na+ in complex at (-35.50, 51.04, -11.32).
0: Placed Na+ in complex at (5.18, -31.05, 30.29).
0: Placed Na+ in complex at (48.41, 27.97, 42.50).
0: Placed Na+ in complex at (32.94, -33.40, 39.25).
0: Placed Na+ in complex at (38.94, 54.39, 48.67).
0: Placed Na+ in complex at (51.01, -9.38, -42.66).
0: Placed Na+ in complex at (-29.34, 48.92, -20.91).
0: Placed Na+ in complex at (18.60, 35.52, 37.41).
0: Placed Na+ in complex at (21.51, 0.61, -21.26).
0: Placed Na+ in complex at (-10.94, -50.17, 5.34).
0: Placed Na+ in complex at (-3.67, 12.04, 40.31).
0: Placed Na+ in complex at (21.81, -20.97, 22.68).
0: Placed Na+ in complex at (-42.98, -35.96, -34.91).
0: Placed Na+ in complex at (-3.28, 40.98, 36.59).
0: Placed Na+ in complex at (-40.83, -15.34, -19.74).
0: Placed Na+ in complex at (17.02, -2.43, -22.14).
0: Placed Na+ in complex at (16.43, -49.78, -14.14).
0: Placed Na+ in complex at (-7.80, -42.13, -40.75).
0: Placed Na+ in complex at (47.38, 50.78, -53.27).
0: Placed Na+ in complex at (0.05, -52.54, 3.04).
0: Placed Na+ in complex at (32.23, 14.63, -22.96).
0: Placed Na+ in complex at (-12.45, -19.85, -50.76).
0: Placed Na+ in complex at (-52.81, -1.58, -42.02).
0: Placed Na+ in complex at (-7.93, 43.02, 1.95).
0: Placed Na+ in complex at (-35.29, -27.81, -44.30).
0: Placed Na+ in complex at (-41.45, -32.16, -46.79).
0: Placed Na+ in complex at (11.30, -7.03, 1.27).
0: Placed Na+ in complex at (40.18, 43.79, -27.02).
0: Placed Na+ in complex at (54.73, 10.83, 33.69).
0: Placed Na+ in complex at (45.83, -51.33, -28.07).
0: Placed Na+ in complex at (31.87, 38.04, -29.35).
0: Placed Na+ in complex at (-36.33, -46.97, 7.48).
0: Placed Na+ in complex at (36.71, 23.61, 28.70).
0: Placed Na+ in complex at (3.19, -10.67, 36.78).
0: Placed Na+ in complex at (-4.60, -52.18, 20.48).
0: Placed Na+ in complex at (-29.69, -29.57, -20.54).
0: Placed Na+ in complex at (-45.28, 30.14, 53.37).
0: Placed Na+ in complex at (3.68, -43.14, 19.70).
0: Placed Na+ in complex at (39.98, 49.75, 53.29).
0: Placed Na+ in complex at (-37.25, 2.32, -28.35).
0: Placed Na+ in complex at (12.65, 25.86, 23.72).
0: Placed Na+ in complex at (-12.03, 54.33, 28.81).
0: Placed Na+ in complex at (41.23, -24.36, -55.39).
0: Placed Na+ in complex at (31.05, -5.19, -0.66).
0: Placed Na+ in complex at (53.79, -17.88, 22.24).
0: Placed Na+ in complex at (11.13, -47.48, -3.69).
0: Placed Na+ in complex at (-38.47, -31.56, -20.79).
0: Placed Na+ in complex at (-33.17, -3.96, -26.88).
0: Placed Na+ in complex at (14.03, -7.62, -3.04).
0: Placed Na+ in complex at (32.32, 34.21, -53.97).
0: Placed Na+ in complex at (-44.11, -35.62, 34.95).
0: Placed Na+ in complex at (-5.82, -37.06, -6.27).
0: Placed Na+ in complex at (26.61, 24.92, -50.98).
0: Placed Na+ in complex at (25.41, -20.14, 52.37).
0: Placed Na+ in complex at (-2.65, 17.82, -38.27).
0: Placed Na+ in complex at (-19.54, -4.84, 53.34).
0: Placed Na+ in complex at (-52.65, -42.07, 17.18).
0: Placed Na+ in complex at (-41.43, 48.31, -50.87).
0: Placed Na+ in complex at (30.79, 7.55, 17.45).
0: Placed Na+ in complex at (20.82, 20.49, -14.81).
0: Placed Na+ in complex at (-25.30, -28.86, -48.61).
0: Placed Na+ in complex at (14.87, 42.93, 9.53).
0: Placed Na+ in complex at (28.69, -13.95, 33.00).
0: Placed Na+ in complex at (-27.63, 42.38, -23.33).
0: Placed Na+ in complex at (10.31, -21.96, 38.91).
0: Placed Na+ in complex at (49.77, 1.93, 34.95).
0: Placed Na+ in complex at (-48.95, 34.58, -43.54).
0: Placed Na+ in complex at (-50.30, -24.40, 16.55).
0: Placed Na+ in complex at (8.79, 11.11, 51.25).
0: Placed Na+ in complex at (41.98, -0.48, -47.35).
0: Placed Na+ in complex at (26.44, -53.82, -8.30).
0: Placed Na+ in complex at (28.34, -14.30, 18.24).
0: Placed Na+ in complex at (-48.43, -32.17, 35.12).
0: Placed Na+ in complex at (-35.54, 41.30, -6.85).
0: Placed Na+ in complex at (-26.42, 27.61, 15.09).
0: Placed Na+ in complex at (33.66, -8.02, 5.46).
0: Placed Na+ in complex at (-7.92, -31.60, 47.37).
0: Placed Na+ in complex at (36.64, 42.73, -49.15).
0: Placed Na+ in complex at (-21.23, -0.30, 48.41).
0: Placed Na+ in complex at (-9.28, 37.42, -3.70).
0: Placed Na+ in complex at (-6.91, -53.45, -11.99).
0: Placed Na+ in complex at (5.50, 14.31, -31.51).
0: Placed Na+ in complex at (47.05, 18.65, 52.63).
0: Placed Na+ in complex at (-6.50, 51.13, -38.21).
0: Placed Na+ in complex at (-52.69, -48.18, 1.87).
0: Placed Na+ in complex at (-4.91, 40.25, 51.44).
0: Placed Na+ in complex at (30.07, 11.75, -36.28).
0: Placed Na+ in complex at (-23.68, -34.85, 13.89).
0: Placed Na+ in complex at (39.81, 9.74, 49.57).
0: Placed Na+ in complex at (-30.90, -40.36, 54.88).
0: Placed Na+ in complex at (13.84, -0.85, 41.34).
0: Placed Na+ in complex at (33.18, -41.45, 27.15).
0: Placed Na+ in complex at (-29.66, -32.17, -2.43).
0: Placed Na+ in complex at (4.13, 23.65, -29.11).
0: Placed Na+ in complex at (-36.61, 27.71, 20.09).
0: Placed Na+ in complex at (16.21, -36.43, 32.41).
0: Placed Na+ in complex at (11.12, 21.46, 22.85).
0: Placed Na+ in complex at (44.30, -20.77, 28.81).
0: Placed Na+ in complex at (46.35, -43.01, 24.60).
0: Placed Na+ in complex at (49.41, -15.90, -11.99).
0: Placed Na+ in complex at (-13.60, -31.05, 49.06).
0: Placed Na+ in complex at (-28.96, 3.83, -49.37).
0: Placed Na+ in complex at (-48.43, 5.38, -2.43).
0: Placed Na+ in complex at (33.69, -12.73, -22.20).
0: Placed Na+ in complex at (-53.40, -45.57, 40.99).
0: Placed Na+ in complex at (51.95, -41.45, -47.95).
0: Placed Na+ in complex at (31.02, -28.86, -48.61).
0: Placed Na+ in complex at (5.42, -30.46, -31.20).
0: Placed Na+ in complex at (21.03, -9.04, -25.53).
0: Placed Na+ in complex at (55.34, -38.19, -51.09).
0: Placed Na+ in complex at (6.93, -42.91, 28.67).
0: Placed Na+ in complex at (5.63, 28.17, 55.12).
> addIonsRand complex Cl- 115
Adding 115 counter ions to "complex". 42140 solvent molecules will remain.
0: Placed Cl- in complex at (-13.98, 33.41, -34.76).
0: Placed Cl- in complex at (51.58, -45.17, 34.51).
0: Placed Cl- in complex at (-8.07, -17.37, 48.99).
0: Placed Cl- in complex at (34.03, -35.44, 47.04).
0: Placed Cl- in complex at (31.27, 4.92, 50.67).
0: Placed Cl- in complex at (43.04, 33.08, -50.28).
0: Placed Cl- in complex at (-36.65, -40.35, -29.17).
0: Placed Cl- in complex at (47.38, -24.31, -15.73).
0: Placed Cl- in complex at (42.49, 49.52, -29.77).
0: Placed Cl- in complex at (-45.48, 43.02, -35.60).
0: Placed Cl- in complex at (39.98, 49.75, 34.52).
0: Placed Cl- in complex at (-16.76, -33.80, 11.92).
0: Placed Cl- in complex at (20.08, -19.40, 39.43).
0: Placed Cl- in complex at (36.55, 29.90, 0.41).
0: Placed Cl- in complex at (-46.86, 26.34, -42.98).
0: Placed Cl- in complex at (27.25, 38.68, -48.10).
0: Placed Cl- in complex at (13.46, -9.38, 13.66).
0: Placed Cl- in complex at (43.18, 39.51, -47.70).
0: Placed Cl- in complex at (-35.48, -17.69, -24.53).
0: Placed Cl- in complex at (-40.56, 55.37, -30.52).
0: Placed Cl- in complex at (-43.82, 42.46, -43.21).
0: Placed Cl- in complex at (-28.97, -9.72, 48.77).
0: Placed Cl- in complex at (5.18, -31.05, 49.06).
0: Placed Cl- in complex at (40.71, -10.16, 5.24).
0: Placed Cl- in complex at (44.30, 35.55, -27.51).
0: Placed Cl- in complex at (19.54, -29.21, 47.69).
0: Placed Cl- in complex at (33.88, 30.81, 40.31).
0: Placed Cl- in complex at (35.42, 38.80, -36.77).
0: Placed Cl- in complex at (-38.38, 4.83, -27.63).
0: Placed Cl- in complex at (34.88, -29.18, -16.94).
0: Placed Cl- in complex at (17.02, -21.21, -22.14).
0: Placed Cl- in complex at (42.48, -8.06, -17.58).
0: Placed Cl- in complex at (-6.06, -32.55, -39.74).
0: Placed Cl- in complex at (40.74, 8.11, -19.55).
0: Placed Cl- in complex at (-34.55, -33.15, 52.72).
0: Placed Cl- in complex at (-40.46, -33.68, -33.62).
0: Placed Cl- in complex at (-52.64, -5.59, -17.84).
0: Placed Cl- in complex at (-3.67, 49.58, 40.31).
0: Placed Cl- in complex at (-10.49, -13.78, 28.25).
0: Placed Cl- in complex at (-39.89, -12.23, -14.14).
0: Placed Cl- in complex at (-25.24, 41.32, -8.29).
0: Placed Cl- in complex at (48.67, -34.86, -52.25).
0: Placed Cl- in complex at (42.40, 28.79, 15.13).
0: Placed Cl- in complex at (41.55, -18.11, 43.45).
0: Placed Cl- in complex at (-47.52, 50.86, -50.50).
0: Placed Cl- in complex at (-6.56, 20.70, -21.37).
0: Placed Cl- in complex at (24.20, 44.63, 43.90).
0: Placed Cl- in complex at (20.84, -36.47, 50.57).
0: Placed Cl- in complex at (-25.68, -1.14, -41.96).
0: Placed Cl- in complex at (29.15, 10.47, -9.18).
0: Placed Cl- in complex at (33.66, -8.02, 43.01).
0: Placed Cl- in complex at (-35.50, 1.71, -33.58).
0: Placed Cl- in complex at (33.64, -13.39, 9.53).
0: Placed Cl- in complex at (49.41, 2.87, 44.33).
0: Placed Cl- in complex at (14.96, -9.74, 45.18).
0: Placed Cl- in complex at (50.89, -36.88, -0.20).
0: Placed Cl- in complex at (-29.20, -50.33, -35.08).
0: Placed Cl- in complex at (-18.91, -0.95, -5.19).
0: Placed Cl- in complex at (-22.63, -12.73, 15.35).
0: Placed Cl- in complex at (40.18, -31.30, -8.24).
0: Placed Cl- in complex at (-43.23, 38.04, -10.58).
0: Placed Cl- in complex at (54.67, -11.40, 31.00).
0: Placed Cl- in complex at (-49.67, 15.96, 36.11).
0: Placed Cl- in complex at (7.88, -34.72, -17.69).
0: Placed Cl- in complex at (-1.41, -8.62, -25.62).
0: Placed Cl- in complex at (38.86, -38.18, 39.43).
0: Placed Cl- in complex at (46.35, -5.46, -12.95).
0: Placed Cl- in complex at (-33.92, 45.69, -54.45).
0: Placed Cl- in complex at (26.65, 21.60, -17.69).
0: Placed Cl- in complex at (15.11, -25.51, -53.56).
0: Placed Cl- in complex at (21.09, -17.85, -46.05).
0: Placed Cl- in complex at (8.38, 20.99, -43.24).
0: Placed Cl- in complex at (-51.66, 22.66, 0.10).
0: Placed Cl- in complex at (-32.61, 48.26, 19.96).
0: Placed Cl- in complex at (-13.14, -19.03, -34.77).
0: Placed Cl- in complex at (45.22, -53.82, 29.25).
0: Placed Cl- in complex at (29.90, 8.84, 15.09).
0: Placed Cl- in complex at (24.81, -51.86, -53.61).
0: Placed Cl- in complex at (18.83, 3.78, -53.28).
0: Placed Cl- in complex at (54.68, 52.78, 23.34).
0: Placed Cl- in complex at (25.24, 9.72, 26.51).
0: Placed Cl- in complex at (44.48, 50.96, -46.42).
0: Placed Cl- in complex at (-4.93, -38.40, 22.56).
0: Placed Cl- in complex at (43.18, 46.94, 17.57).
0: Placed Cl- in complex at (1.45, -33.75, 26.13).
0: Placed Cl- in complex at (-25.68, -19.91, 51.91).
0: Placed Cl- in complex at (8.06, -43.64, 19.44).
0: Placed Cl- in complex at (16.24, 19.67, 22.24).
0: Placed Cl- in complex at (-52.69, 26.92, 20.65).
0: Placed Cl- in complex at (29.90, -47.48, 33.86).
0: Placed Cl- in complex at (-45.28, -44.96, -2.96).
0: Placed Cl- in complex at (54.04, -22.55, -25.75).
0: Placed Cl- in complex at (-40.56, -0.95, -30.52).
0: Placed Cl- in complex at (-43.82, 4.92, 13.12).
0: Placed Cl- in complex at (-16.71, 1.08, -5.76).
0: Placed Cl- in complex at (30.64, -38.69, 33.14).
0: Placed Cl- in complex at (45.83, 4.99, 9.48).
0: Placed Cl- in complex at (21.94, 46.17, -51.09).
0: Placed Cl- in complex at (-34.38, 46.17, -51.09).
0: Placed Cl- in complex at (26.64, -10.79, -20.54).
0: Placed Cl- in complex at (19.26, -50.06, -37.14).
0: Placed Cl- in complex at (39.86, -17.85, 10.27).
0: Placed Cl- in complex at (-20.43, 1.74, -11.27).
0: Placed Cl- in complex at (-51.15, -31.05, -7.26).
0: Placed Cl- in complex at (-49.71, -54.35, 24.33).
0: Placed Cl- in complex at (-34.38, -28.93, 42.79).
0: Placed Cl- in complex at (-52.65, 14.25, 17.18).
0: Placed Cl- in complex at (-36.24, 36.92, -35.67).
0: Placed Cl- in complex at (-42.86, 28.17, -23.88).
0: Placed Cl- in complex at (42.73, 44.05, -44.81).
0: Placed Cl- in complex at (23.90, 44.24, 15.97).
0: Placed Cl- in complex at (-50.69, 39.51, 8.62).
0: Placed Cl- in complex at (47.03, -46.59, -37.14).
0: Placed Cl- in complex at (-23.53, -1.93, 29.28).
0: Placed Cl- in complex at (4.79, 41.19, 49.44).
> 
> # Check charge
> check complex
Checking 'complex'....

/miniconda2/envs/yank/bin/teLeap: Warning!
Close contact of 1.484382 angstroms between .R<ASP 187>.A<O 12> and .R<TYR 54>.A<HH 15>

/miniconda2/envs/yank/bin/teLeap: Warning!
Close contact of 1.451534 angstroms between .R<TYR 182>.A<HH 15> and .R<CYS 160>.A<O 11>

/miniconda2/envs/yank/bin/teLeap: Warning!
Close contact of 1.495967 angstroms between .R<HID 80>.A<HD1 10> and .R<ASN 63>.A<OD1 9>
Checking parameters for unit 'complex'.
Checking for bond parameters.
Checking for angle parameters.
check:  Warnings: 3
Unit is OK.
> 
> # Save prmtop and inpcrd files
> saveAmberParm complex molo4.prmtop molo3.inpcrd
Checking Unit.
Building topology.
Building atom parameters.
Building bond parameters.
Building angle parameters.
Building proper torsion parameters.
Building improper torsion parameters.
 ** Warning: No sp2 improper torsion term for  NA-CA-CN-CB
        atoms are: NE1 CZ2 CE2 CD2
 ** Warning: No sp2 improper torsion term for  C*-CN-CB-CA
        atoms are: CG CE2 CD2 CE3
 ** Warning: No sp2 improper torsion term for  NA-CA-CN-CB
        atoms are: NE1 CZ2 CE2 CD2
 ** Warning: No sp2 improper torsion term for  C*-CN-CB-CA
        atoms are: CG CE2 CD2 CE3
 ** Warning: No sp2 improper torsion term for  NA-CA-CN-CB
        atoms are: NE1 CZ2 CE2 CD2
 ** Warning: No sp2 improper torsion term for  C*-CN-CB-CA
        atoms are: CG CE2 CD2 CE3
 total 993 improper torsions applied
Building H-Bond parameters.
Incorporating Non-Bonded adjustments.
Not Marking per-residue atom chain types.
Marking per-residue atom chain types.
  (Residues lacking connect0/connect1 - 
   these don't have chain types marked:

	res	total affected

	CGLN	1
	NSER	1
	UNL	1
	WAT	42140
  )
 (no restraints)
> savePDB complex molo5.pdb
Writing pdb file: molo5.pdb
   printing CRYST1 record to PDB file with box info

/miniconda2/envs/yank/bin/teLeap: Warning!
 Converting N-terminal residue name to PDB format: NSER -> SER

/miniconda2/envs/yank/bin/teLeap: Warning!
 Converting C-terminal residue name to PDB format: CGLN -> GLN
> quit
	Quit

Exiting LEaP: Errors = 0; Warnings = 6; Notes = 0.
