#"Progress (%)"	"Step"	"Time (ps)"	"Potential Energy (kJ/mole)"	"Kinetic Energy (kJ/mole)"	"Total Energy (kJ/mole)"	"Temperature (K)"	"Box Volume (nm^3)"	"Density (g/mL)"	"Speed (ns/day)"	"Elapsed Time (s)"	"Time Remaining"
0.2%	5000	10.000000000000009	-325396.7862521056	9930.474175634028	-315466.3120764716	312.25100664474945	33.596804267340296	0.9810107356734307	0	0.0008759498596191406	--
0.4%	10000	19.999999999999794	-325698.6315194201	9629.553939410318	-316069.07758000976	302.78895629158694	33.596804267340296	0.9810107356734307	548	1.5774779319763184	13:05
0.6%	15000	29.99999999999425	-326477.07361177105	9788.420770357032	-316688.65284141403	307.7843197564343	33.38937191348016	0.9871052907489231	547	3.15678334236145	13:04
0.8%	20000	40.00000000000292	-327516.023011248	9556.345076525635	-317959.67793472233	300.48699762105844	32.86701914151018	1.0027932721453778	546	4.74339485168457	13:04
1.0%	25000	50.00000000001514	-328656.6410767539	9908.192008281401	-318748.4490684725	311.55037250955814	32.42669728729298	1.0164101936923224	546	6.328685522079468	13:03
1.2%	30000	60.00000000002736	-329578.72249986767	9612.89060680459	-319965.8318930631	302.2649991986858	31.649355379090984	1.0413743116030056	546	7.915370225906372	13:02
1.4%	35000	70.00000000001826	-330415.20629001013	9536.770073627473	-320878.43621638266	299.87148679529923	31.3926390699218	1.0498902496591491	545	9.504738569259644	13:00
1.6%	40000	79.99999999999496	-330482.53463599586	9526.434347165634	-320956.10028883023	299.54649315098436	31.066218599244102	1.0609217071363075	545	11.095042705535889	12:59
1.8%	45000	89.99999999997165	-330783.77717743465	9227.830455527308	-321555.94672190736	290.1572772784046	30.709162045775788	1.0732570827380628	545	12.684312582015991	12:58
2.0%	50000	99.99999999994834	-331212.1731474814	9592.67811618098	-321619.4950313004	301.62944339013177	30.057869184329295	1.096512379785154	543	14.328014612197876	13:00
2.2%	55000	109.99999999992504	-331376.08112693095	9763.47622097871	-321612.60490595223	306.99997043776915	29.874905676637734	1.1032277734136466	542	15.944399118423462	12:59
2.4%	60000	119.99999999990173	-332197.74620624876	9491.46868969807	-322706.2775165507	298.447042958663	29.416120853522756	1.1204341263995299	541	17.554067850112915	12:58
2.6%	65000	129.99999999989262	-333368.2915370905	9601.746674177657	-323766.54486291285	301.9145925494969	29.165050878400148	1.1300794847914806	541	19.170315504074097	12:57
2.8%	70000	139.99999999994037	-333618.59062510426	9486.634824827392	-324131.9558002769	298.29504828598596	28.489978818276235	1.156856797992309	540	20.797048330307007	12:57
3.0%	75000	149.99999999998812	-333374.18466166896	9515.750667146363	-323858.4339945226	299.2105585539363	28.421792352881525	1.1596322026903505	540	22.419387817382812	12:56
3.2%	80000	160.00000000003587	-333506.9284283206	9362.492692263126	-324144.4357360575	294.3915583644946	28.421792352881525	1.1596322026903505	539	24.0356388092041	12:55
3.4%	85000	170.00000000008362	-333456.5597007721	9399.597741540654	-324056.96195923147	295.55827898463775	28.313886803019148	1.1640516153743086	539	25.651001691818237	12:54
3.6%	90000	180.00000000013137	-333516.48290705774	9708.111228688462	-323808.3716783693	305.25908936101985	28.219702354133343	1.167936686821655	539	27.26618456840515	12:53
3.8%	95000	190.0000000001791	-334100.38091910724	9449.10925361193	-324651.2716654953	297.11510489358506	28.30400504923818	1.1644580197482288	539	28.878443956375122	12:51
4.0%	100000	200.00000000022686	-333530.6325108466	9562.479503019304	-323968.1530078273	300.6798867836461	28.30400504923818	1.1644580197482288	538	30.536908388137817	12:51
4.2%	105000	210.0000000002746	-333704.2078200647	9570.723440988846	-324133.4843790758	300.9391068253257	28.30400504923818	1.1644580197482288	537	32.16609811782837	12:50
4.4%	110000	220.00000000032236	-334000.6346446397	9635.177031282428	-324365.4576133572	302.9657671937118	28.334310795989982	1.1632125414267802	537	33.78847599029541	12:49
4.6%	115000	230.0000000003701	-334180.8480455639	9476.608663815305	-324704.2393817486	297.97978852966054	28.128382838058588	1.171728423220457	537	35.41040563583374	12:47
4.8%	120000	240.00000000041786	-334298.1744762556	9621.998236247395	-324676.1762400082	302.5513769094945	28.134023519228258	1.1714934996074764	537	37.03178548812866	12:46
5.0%	125000	250.0000000004656	-334134.42257299245	9544.936060183745	-324589.4865128087	300.1282557549024	28.146507088282945	1.1709739175522824	536	38.658461570739746	12:45
5.2%	130000	260.00000000051335	-334198.1176190033	9491.26133389959	-324706.8562851037	298.44052292188906	28.170579049474444	1.1699733119683473	536	40.27951645851135	12:43
5.4%	135000	270.0000000005611	-334025.3406557187	9587.678074039366	-324437.66258167935	301.47222348659324	27.997472426571914	1.177207183863466	536	41.90462327003479	12:42
5.6%	140000	280.00000000060885	-334282.20879272855	9542.760501728488	-324739.44829100004	300.05984811336845	27.931053468532536	1.1800065367284327	536	43.53881573677063	12:41
5.8%	145000	290.0000000006566	-334172.7804167923	9673.002398572844	-324499.77801821945	304.1551372886586	27.97190695443694	1.178283115422411	536	45.162858724594116	12:39
6.0%	150000	300.00000000070435	-334288.94855078333	9529.49022825082	-324759.45832253253	299.6425814070091	27.97190695443694	1.178283115422411	535	46.83321475982666	12:39
6.2%	155000	310.0000000007521	-334481.98728189484	9613.805363652784	-324868.1819182421	302.2937625529458	27.92301554503855	1.1803462135892406	535	48.47056794166565	12:37
6.4%	160000	320.00000000079984	-334178.0481678031	9567.056437326939	-324610.99173047615	300.82380260474685	27.92301554503855	1.1803462135892406	535	50.09575009346008	12:36
6.6%	165000	330.0000000008476	-334908.0009996829	9351.861677535502	-325556.13932214736	294.05727975990385	27.92301554503855	1.1803462135892406	535	51.723708152770996	12:34
6.8%	170000	340.00000000089534	-334856.0080720928	9512.607904310014	-325343.4001677828	299.1117384128293	27.80230913172495	1.1854708008037633	534	53.35274386405945	12:33
7.0%	175000	350.0000000009431	-334952.18513318175	9433.290812817439	-325518.8943203643	296.6177143385852	27.830018509333033	1.1842904689239333	534	54.9765944480896	12:31
7.2%	180000	360.00000000099084	-334770.4231160384	9654.79552726663	-325115.62758877175	303.582645603703	27.678498606184576	1.1907736087684804	534	56.604164123535156	12:30
7.4%	185000	370.0000000010386	-334961.17899967113	9630.331631833351	-325330.8473678378	302.813409831031	27.678498606184576	1.1907736087684804	534	58.22801923751831	12:28
7.6%	190000	380.00000000108633	-335097.57650898176	9352.034796891488	-325745.54171209026	294.0627232757139	27.577871740380512	1.195118534920164	534	59.859405279159546	12:27
7.8%	195000	390.0000000011341	-335034.39611909323	9536.138756421178	-325498.25736267207	299.85163583655435	27.577871740380512	1.195118534920164	534	61.48341989517212	12:25
8.0%	200000	400.00000000118183	-335280.30840614525	9908.666800483097	-325371.6416056622	311.5653017405601	27.523057687897165	1.197498695251178	533	63.16331958770752	12:25
8.2%	205000	410.0000000012296	-334918.91725112154	9489.52609323721	-325429.3911578843	298.3859605078476	27.523057687897165	1.197498695251178	533	64.80322170257568	12:23
8.4%	210000	420.00000000127733	-335076.63490463747	9352.957532684859	-325723.6773719526	294.0917375176575	27.512105400891468	1.1979754072006354	533	66.42829895019531	12:22
8.6%	215000	430.0000000013251	-335246.4066118124	9420.039002362559	-325826.36760944984	296.20102817826523	27.512105400891468	1.1979754072006354	533	68.05571842193604	12:20
8.8%	220000	440.0000000013728	-335212.4660367633	9631.512469272466	-325580.9535674908	302.8505397477425	27.512105400891468	1.1979754072006354	533	69.67935180664062	12:18
9.0%	225000	450.0000000014206	-335241.384682721	9585.041476499633	-325656.34320622135	301.38931906316515	27.512105400891468	1.1979754072006354	533	71.30728125572205	12:17
9.2%	230000	460.0000000014683	-335178.17155187187	9161.418617628748	-326016.7529342431	288.06904232907704	27.512105400891468	1.1979754072006354	533	72.93372416496277	12:15
9.4%	235000	470.00000000151607	-335318.2867950315	9463.777922719346	-325854.50887231214	297.5763423545482	27.513468535277443	1.1979160543978795	533	74.56306433677673	12:14
9.6%	240000	480.0000000015638	-335092.3126671984	9581.563995542103	-325510.7486716563	301.2799741406194	27.513468535277443	1.1979160543978795	533	76.19261646270752	12:12
9.8%	245000	490.00000000161157	-335363.1343764388	9455.128735223067	-325908.0056412157	297.3043797619664	27.531887487159395	1.1971146433731228	533	77.82269597053528	12:11
10.0%	250000	500.0000000016593	-335461.87923647126	9492.457763160113	-325969.42147331114	298.47814310340004	27.489918512578384	1.1989422833501309	533	79.49669528007507	12:10
10.2%	255000	510.00000000170706	-335249.4721629231	9651.92364393771	-325597.5485189854	303.49234292081377	27.489918512578384	1.1989422833501309	532	81.13592410087585	12:08
10.4%	260000	520.0000000015274	-335258.92083160876	9472.644908201686	-325786.27592340705	297.8551533250816	27.434699447243258	1.2013554489255245	532	82.77923059463501	12:07
10.6%	265000	530.0000000012909	-335426.7605246913	9539.050611207826	-325887.7099134835	299.943195370596	27.281965599945018	1.208081050825978	532	84.40891480445862	12:05
10.8%	270000	540.0000000010544	-335279.0446083604	9457.398521538102	-325821.64608682226	297.3757502775332	27.281965599945018	1.208081050825978	532	86.04227805137634	12:04
11.0%	275000	550.000000000818	-335454.47440029297	9625.848012065511	-325828.62638822745	302.67242816578926	27.281965599945018	1.208081050825978	532	87.67188739776611	12:02
11.2%	280000	560.0000000005815	-335479.42845747725	9356.414860047302	-326123.01359742996	294.20044873628916	27.28322600555467	1.2080252409986114	532	89.29793381690979	12:00
11.4%	285000	570.000000000345	-335454.5667820651	9495.596963184547	-325958.96981888055	298.5768512164621	27.337088672728772	1.2056450511300854	532	90.92737579345703	11:59
11.6%	290000	580.0000000001086	-335616.85020176537	9452.585987737508	-326164.26421402785	297.22442633295924	27.247450873931065	1.209611343940913	532	92.55900812149048	11:57
11.8%	295000	589.9999999998721	-335813.6277188747	9551.61620506405	-326262.01151381066	300.33830433128617	27.292149580040356	1.2076302591674064	532	94.18691992759705	11:56
12.0%	300000	599.9999999996356	-335844.8843815639	9685.430057439304	-326159.4543241246	304.54590906074685	27.292149580040356	1.2076302591674064	532	95.85184478759766	11:54
12.2%	305000	609.9999999993992	-335890.08267557155	9553.697342028698	-326336.3853335428	300.4037430103144	27.38992767144731	1.2033191933156422	532	97.48088073730469	11:53
12.4%	310000	619.9999999991627	-335923.8112967198	9529.436082279837	-326394.37521444	299.64087885649184	27.33360258036287	1.2057988175425578	532	99.10417532920837	11:51
12.6%	315000	629.9999999989262	-335981.30207893054	9842.853691366556	-326138.448387564	309.49589304882977	27.33360258036287	1.2057988175425578	532	100.72904968261719	11:49
12.8%	320000	639.9999999986898	-335982.6860354403	9460.958596094655	-326521.7274393457	297.4876922497244	27.341266140181162	1.205460840825617	532	102.35383796691895	11:48
13.0%	325000	649.9999999984533	-335781.9632964138	9714.481388450295	-326067.4819079635	305.45939085347027	27.341266140181162	1.205460840825617	532	103.9788544178009	11:46
13.2%	330000	659.9999999982168	-336150.8470454856	9194.497606282894	-326956.34943920275	289.1091686436282	27.188102745384302	1.2122517697993895	532	105.61678194999695	11:45
13.4%	335000	669.9999999979804	-335885.9666618053	9514.417197625637	-326371.54946417967	299.16862931744544	27.188102745384302	1.2122517697993895	532	107.24399733543396	11:43
13.6%	340000	679.9999999977439	-336015.24391625775	9638.723080465767	-326376.520835792	303.07726815605525	27.29702506190517	1.2074145660867641	532	108.86926221847534	11:41
13.8%	345000	689.9999999975074	-335636.3508014752	9175.100661625074	-326461.2501398501	288.49925663055456	27.31849869313083	1.206465481167425	532	110.49617290496826	11:40
14.0%	350000	699.999999997271	-335785.0027118032	9448.48915123826	-326336.51356056496	297.09560657084876	27.31849869313083	1.206465481167425	532	112.15834212303162	11:38
14.2%	355000	709.9999999970345	-335943.2239115354	9560.03206048198	-326383.19185105345	300.6029300963351	27.279943564288413	1.2081705958411677	532	113.78964948654175	11:37
14.4%	360000	719.999999996798	-335872.8390118723	9535.750969559665	-326337.08804231265	299.8394423767327	27.29630185932309	1.2074465559635004	532	115.4160988330841	11:35
14.6%	365000	729.9999999965615	-335939.63930766366	9499.767407625563	-326439.8719000381	298.707985485766	27.300484843920938	1.2072615508115703	532	117.04051470756531	11:34
14.8%	370000	739.9999999963251	-335567.82353648264	9359.852444811968	-326207.9710916707	294.30853917428936	27.387641704263956	1.203419630885869	532	118.66368627548218	11:32
15.0%	375000	749.9999999960886	-336324.43460599077	9441.821336051844	-326882.6132699389	296.88594568585415	27.3332711690299	1.2058134376511773	532	120.28696084022522	11:30
15.2%	380000	759.9999999958521	-336110.67162487353	9507.389714554578	-326603.28191031894	298.9476591377433	27.3332711690299	1.2058134376511773	532	121.91230154037476	11:29
15.4%	385000	769.9999999956157	-336078.833987102	9668.10693438655	-326410.7270527155	304.00120570461456	27.3332711690299	1.2058134376511773	532	123.53905892372131	11:27
15.6%	390000	779.9999999953792	-335950.6335849183	9457.88561417661	-326492.74797074165	297.39106627997313	27.3332711690299	1.2058134376511773	531	125.17233943939209	11:26
15.8%	395000	789.9999999951427	-335899.74840691546	9638.1460942714	-326261.60231264407	303.05912556620257	27.267654276120403	1.2087151075346951	531	126.80981492996216	11:24
16.0%	400000	799.9999999949063	-335815.90182773315	9653.593653423544	-326162.3081743096	303.54485422428587	27.267654276120403	1.2087151075346951	531	128.48097014427185	11:23
16.2%	405000	809.9999999946698	-336343.8980036479	9517.240540106352	-326826.65746354155	299.25740569570434	27.267654276120403	1.2087151075346951	531	130.11852097511292	11:21
16.4%	410000	819.9999999944333	-336103.8415617612	9561.446896379746	-326542.39466538146	300.64741779405233	27.228160602732412	1.210468314457946	531	131.74769687652588	11:19
16.6%	415000	829.9999999941969	-335974.47611130215	9606.995932064172	-326367.48017923796	302.0796487220635	27.23924359181322	1.2099758041917714	531	133.37508487701416	11:18
16.8%	420000	839.9999999939604	-335930.4495499512	9789.564452023102	-326140.88509792805	307.82028135758196	27.295685274279485	1.2074738310980089	531	134.9987506866455	11:16
17.0%	425000	849.9999999937239	-336200.4916615786	9656.82208436397	-326543.66957721463	303.6463680889011	27.295685274279485	1.2074738310980089	531	136.6299500465393	11:15
17.2%	430000	859.9999999934874	-335956.70579230407	9662.010542451853	-326294.6952498522	303.8095124898856	27.164348458334317	1.2133118422160292	531	138.25944542884827	11:13
17.4%	435000	869.999999993251	-336028.29358165094	9717.737073820654	-326310.5565078303	305.5617616986317	27.164348458334317	1.2133118422160292	531	139.88851737976074	11:11
17.6%	440000	879.9999999930145	-335834.7346130944	9420.360052037788	-326414.3745610566	296.2111231729755	27.173770765629623	1.2128911351628566	531	141.5166482925415	11:10
17.8%	445000	889.999999992778	-336153.57329686906	9334.051985622667	-326819.5213112464	293.49727687087153	27.165881027452876	1.2132433929631343	531	143.14406394958496	11:08
18.0%	450000	899.9999999925416	-336578.30686209013	9545.899594784876	-327032.40726730524	300.1585528629577	27.238549829939284	1.2100066220982524	531	144.81853342056274	11:07
18.2%	455000	909.9999999923051	-336165.0667081482	9651.587236716377	-326513.47947143187	303.4817650277902	27.20839521335349	1.2113476525217495	531	146.47207689285278	11:05
18.4%	460000	919.9999999920686	-336278.3611446826	9622.091887678891	-326656.26925700373	302.55432165848043	27.20132845144276	1.211662354263864	531	148.10091495513916	11:04
18.6%	465000	929.9999999918322	-336279.4769370226	9345.332929661483	-326934.1440073611	293.85199166794195	27.20054855269815	1.21169709525253	531	149.73389077186584	11:02
18.8%	470000	939.9999999915957	-336262.6765235053	9657.974902327705	-326604.7016211776	303.682616969195	27.24577787386207	1.2096856189302796	531	151.36009001731873	11:00
19.0%	475000	949.9999999913592	-336156.99836911063	9704.931880953534	-326452.0664881571	305.1591188547634	27.143370837796056	1.2142495443007366	531	152.9896116256714	10:59
19.2%	480000	959.9999999911228	-336404.06917948613	9509.304850725232	-326894.7643287609	299.0078781350008	27.07760895033634	1.2171985248413288	531	154.62151503562927	10:57
19.4%	485000	969.9999999908863	-336105.83843414485	9500.534834210755	-326605.3035999341	298.73211622912373	27.07852977947921	1.217157132938465	531	156.25226378440857	10:55
19.6%	490000	979.9999999906498	-336179.7642879272	9508.87126095273	-326670.89302697446	298.9942444614682	27.18071192052049	1.2125813984179346	531	157.88441610336304	10:54
19.8%	495000	989.9999999904134	-336227.543538066	9536.779597465047	-326690.7639406009	299.8717862601402	27.158428279570714	1.2135763281769976	531	159.51231002807617	10:52
20.0%	500000	999.9999999901769	-336410.2912718116	9517.783266208164	-326892.50800560345	299.2744710209472	26.994378421705814	1.2209514572144404	531	161.1868236064911	10:51
20.2%	505000	1009.9999999899404	-336506.1175492335	9667.969698678433	-326838.1478505551	303.996890504026	26.995608177152143	1.2208958381043111	531	162.82882046699524	10:49
20.4%	510000	1019.999999989704	-336214.5213020932	9585.24653633899	-326629.27476575423	301.3957669064533	26.988189604986403	1.2212314406035671	531	164.45790314674377	10:48
20.6%	515000	1029.9999999894676	-336320.07742909837	9723.983757346776	-326596.0936717516	305.758180639432	27.01258114442659	1.2201287057449537	531	166.09136605262756	10:46
20.8%	520000	1039.9999999892311	-336401.12184188206	9779.463690353736	-326621.65815152833	307.50267587939874	27.01258114442659	1.2201287057449537	531	167.73769450187683	10:44
21.0%	525000	1049.9999999889947	-336320.5206765268	9598.229686136365	-326722.29099039047	301.8040053774416	27.148488100958744	1.2140206684075283	531	169.37139177322388	10:43
21.2%	530000	1059.9999999887582	-336174.889852446	9256.220944559149	-326918.66890788684	291.04997974381956	27.136287005233193	1.214566519886221	531	171.00539112091064	10:41
21.4%	535000	1069.9999999885217	-336389.18094597186	9697.078054583564	-326692.1028913883	304.912165371308	27.103654962817767	1.2160288240015755	531	172.63692259788513	10:40
21.6%	540000	1079.9999999882853	-336443.55183139764	9301.61340938791	-327141.9384220097	292.47728750235996	27.150937108823975	1.2139111640411204	530	174.26669192314148	10:38
21.8%	545000	1089.9999999880488	-336297.6833010678	9555.334473649476	-326742.3488274183	300.4552205115451	27.093342593558415	1.216491673434783	530	175.8966875076294	10:36
22.0%	550000	1099.9999999878123	-336226.49767258775	9418.798684715988	-326807.69898787176	296.16202798282126	27.100216122039747	1.2161831301328772	530	177.56886744499207	10:35
22.2%	555000	1109.9999999875758	-336386.06554895354	9498.505639935187	-326887.55990901834	298.66831082124315	27.14267096508508	1.2142808536778227	530	179.21031665802002	10:33
22.4%	560000	1119.9999999873394	-336496.578255099	9642.119996523796	-326854.45825857524	303.1840798188064	27.176616410330226	1.212764134171303	530	180.83936762809753	10:32
22.6%	565000	1129.999999987103	-336417.43624267785	9372.141447510481	-327045.2947951674	294.69495108125403	27.149651382638787	1.2139686512385837	530	182.47133541107178	10:30
22.8%	570000	1139.9999999868664	-336379.492170895	9198.19930573941	-327181.29286515556	289.22556382890843	27.07836999361393	1.217164315221066	530	184.10112142562866	10:28
23.0%	575000	1149.99999998663	-336306.8450215675	9597.863005255462	-326708.982016312	301.79247556807354	27.07836999361393	1.217164315221066	530	185.734961271286	10:27
23.2%	580000	1159.9999999863935	-336421.4094122471	9503.593780411415	-326917.8156318357	298.828300863768	27.034160661444833	1.2191547606500865	530	187.36824011802673	10:25
23.4%	585000	1169.999999986157	-336446.5700864641	9455.05208196639	-326991.51800449775	297.30196949875676	27.05486061182956	1.2182219728816022	530	189.01066851615906	10:24
23.6%	590000	1179.9999999859206	-336254.3606920957	9616.50344929942	-326637.8572427963	302.37860039092567	26.98249977862314	1.2214889628829482	530	190.64252305030823	10:22
23.8%	595000	1189.999999985684	-336481.3920189286	9540.954916577202	-326940.4371023514	300.0030738072175	26.94109782147488	1.223366096251212	530	192.27435684204102	10:20
24.0%	600000	1199.9999999854476	-336133.83196400176	9645.624938768076	-326488.20702523366	303.29428822624516	26.971272188718004	1.221997443797491	530	193.94459199905396	10:19
24.2%	605000	1209.9999999852112	-336521.5236874839	9478.427661298292	-327043.0960261856	298.0369845693563	26.81086974988032	1.2293083356882475	530	195.58443760871887	10:17
24.4%	610000	1219.9999999849747	-336304.71733936266	9533.808212212898	-326770.90912714973	299.7783548670664	26.81086974988032	1.2293083356882475	530	197.21674489974976	10:16
24.6%	615000	1229.9999999847382	-336393.5802979163	9423.870733105867	-326969.70956481044	296.3215120303582	26.81086974988032	1.2293083356882475	530	198.85175490379333	10:14
24.8%	620000	1239.9999999845018	-336405.45890218206	9498.2383959445	-326907.2205062376	298.6599076771801	26.79837418582928	1.2298815384109407	530	200.48714566230774	10:12
25.0%	625000	1249.9999999842653	-336912.64153154264	9581.575396890345	-327331.0661346523	301.280332641372	26.88122574279187	1.2260908779212785	530	202.11841917037964	10:11
25.2%	630000	1259.9999999840288	-336526.3466680043	9441.73208129513	-327084.6145867092	296.88313918466	26.884285241513513	1.2259513457209645	530	203.7522690296173	10:09
25.4%	635000	1269.9999999837923	-336289.40292590356	9523.00358012903	-326766.39934577455	299.4386170876871	26.891278200826235	1.2256325424340409	530	205.3827965259552	10:07
25.6%	640000	1279.9999999835559	-336568.22055582114	9471.025295822905	-327097.19525999826	297.80422669391527	26.879397479509333	1.2261742732776983	530	207.0128607749939	10:06
25.8%	645000	1289.9999999833194	-336606.1462019818	9584.265796846259	-327021.88040513557	301.364928812678	26.879397479509333	1.2261742732776983	530	208.6396677494049	10:04
26.0%	650000	1299.999999983083	-336308.44944065576	9518.664055002844	-326789.7853856529	299.30216629339	26.876734203381165	1.2262957776482177	530	210.32300853729248	10:03
26.2%	655000	1309.9999999828465	-336616.8688027705	9508.657568785698	-327108.2112339848	298.9875251857229	26.82814178258675	1.2285169035438834	530	211.96049237251282	10:01
26.4%	660000	1319.99999998261	-336377.80390126084	9713.962651295837	-326663.841249965	305.4430798298677	26.81793378868588	1.2289845269319235	530	213.59352803230286	10:00
26.6%	665000	1329.9999999823735	-336532.9184417035	9667.639950140076	-326865.2784915634	303.9865219847367	26.72666845570666	1.2331812221639773	530	215.22774505615234	9:58
26.8%	670000	1339.999999982137	-336324.27241922077	9430.956519323423	-326893.31589989737	296.54431547762255	26.72312209320262	1.233344874735399	530	216.85692715644836	9:56
27.0%	675000	1349.9999999819006	-336643.657237459	9668.11386005806	-326975.5433774009	304.0014234734604	26.703106354959242	1.2342693480100948	530	218.48830485343933	9:55
27.2%	680000	1359.9999999816641	-336346.8193464158	9333.132321115885	-327013.68702529994	293.46835920159015	26.62323589423094	1.2379721909657757	530	220.11688828468323	9:53
27.4%	685000	1369.9999999814277	-336633.9721790089	9388.536198945745	-327245.43598006316	295.21046298419145	26.69318716957404	1.2347280023626233	530	221.7466447353363	9:51
27.6%	690000	1379.9999999811912	-336679.06704280904	9409.00700180232	-327270.0600410067	295.854141089158	26.727331571452744	1.233150626446481	530	223.3779754638672	9:50
27.8%	695000	1389.9999999809547	-336869.04675990966	9639.196206830244	-327229.8505530794	303.09214500694526	26.728604424382272	1.2330919021164521	530	225.0083508491516	9:48
28.0%	700000	1399.9999999807183	-336497.7480570822	9573.006508759716	-326924.7415483225	301.01089495921383	26.783584679209024	1.2305606611412367	530	226.68550443649292	9:47
28.2%	705000	1409.9999999804818	-336701.02511853323	9641.607575062966	-327059.4175434703	303.16796738407874	26.785391693040435	1.23047764424305	530	228.32865810394287	9:45
28.4%	710000	1419.9999999802453	-336494.58106700575	9458.369670123899	-327036.21139688184	297.40628679755764	26.773254958231234	1.2310354389856066	530	229.97148895263672	9:43
28.6%	715000	1429.9999999800089	-336632.81391719804	9831.812319370536	-326801.00159782753	309.14871128696024	26.780018945056128	1.2307245091275152	530	231.606201171875	9:42
28.8%	720000	1439.9999999797724	-336728.0271795177	9773.118856768326	-326954.9083227494	307.30317073603925	26.746871572906972	1.232249744824929	530	233.2371826171875	9:40
29.0%	725000	1449.999999979536	-336628.82205189136	9657.238268564792	-326971.58378332655	303.6594544665864	26.746871572906972	1.232249744824929	530	234.86746048927307	9:39
29.2%	730000	1459.9999999792994	-336418.47306765756	9683.493453492347	-326734.9796141652	304.48501503683474	26.679483701163026	1.235362199649426	530	236.49947047233582	9:37
29.4%	735000	1469.999999979063	-336478.90881809604	9474.346492006796	-327004.56232608925	297.908657442472	26.75301872923957	1.2319666054940404	530	238.1322684288025	9:35
29.6%	740000	1479.9999999788265	-336489.2338583572	9535.017136176208	-326954.21672218095	299.81636792845944	26.820665526542193	1.2288593524259546	530	239.7661497592926	9:34
29.8%	745000	1489.99999997859	-336392.42082983506	9822.729096522642	-326569.69173331244	308.86310101018285	26.79051888121554	1.230242154573915	530	241.39779710769653	9:32
30.0%	750000	1499.9999999783536	-336519.870615426	9893.799394948133	-326626.07122047787	311.0978152678719	26.755135070781325	1.2318691564586173	530	243.07020807266235	9:30
30.2%	755000	1509.999999978117	-336479.09730436676	9404.892695685925	-327074.20460868086	295.7247720173728	26.749322046104137	1.2321368599089408	530	244.71149396896362	9:29
30.4%	760000	1519.9999999778806	-336551.86284902215	9499.06188660565	-327052.8009624165	298.6858012834026	26.776575861541794	1.230882762643199	530	246.3451006412506	9:27
30.6%	765000	1529.9999999776442	-336557.19509674667	9656.393906527068	-326900.8011902196	303.6329045867328	26.740265104005346	1.2325541853226787	530	247.9770908355713	9:26
30.8%	770000	1539.9999999774077	-336343.4030854235	9430.572947844239	-326912.8301375793	296.5322545650843	26.70145879400332	1.2343455061706865	530	249.60893440246582	9:24
31.0%	775000	1549.9999999771712	-336557.8067903002	9267.290164892895	-327290.51662540727	291.398037160903	26.675678252646193	1.2355384316164588	530	251.2504391670227	9:22
31.2%	780000	1559.9999999769348	-336341.2634594987	9550.765470543578	-326790.4979889551	300.31155407689687	26.59696065520932	1.2391951884218169	530	252.88160300254822	9:21
31.4%	785000	1569.9999999766983	-336589.70581024373	9519.616873394554	-327070.08893684915	299.33212644400305	26.603927683257634	1.2388706683833524	530	254.5113844871521	9:19
31.6%	790000	1579.9999999764618	-336992.50094197894	9358.765979100745	-327633.7349628782	294.27437665535876	26.620129506109027	1.2381166539034332	530	256.14475297927856	9:17
31.8%	795000	1589.9999999762254	-336581.637698457	9588.697498684298	-326992.9401997727	301.5042779852958	26.680019427986146	1.2353373939453518	530	257.7738766670227	9:16
32.0%	800000	1599.9999999759889	-336801.72547082347	9583.552955631407	-327218.17251519207	301.3425144361861	26.692643810386773	1.2347531366583726	529	259.4518611431122	9:14
32.2%	805000	1609.9999999757524	-336460.6990153359	9639.694392463154	-326821.00462287274	303.10780981434726	26.806559736447305	1.2295059863936055	529	261.08903765678406	9:13
32.4%	810000	1619.999999975516	-336382.8202664415	9561.361522255735	-326821.45874418574	300.6447333143696	26.906799483180738	1.2249255319712813	529	262.72382283210754	9:11
32.6%	815000	1629.9999999752795	-336780.2618447314	9763.485597932511	-327016.77624679887	307.00026528403845	26.843294436593233	1.2278234234040115	529	264.3556227684021	9:09
32.8%	820000	1639.999999975043	-336476.76650369447	9656.974218826866	-326819.7922848676	303.65115176169905	26.802548769034285	1.229689980404326	529	265.9870717525482	9:08
33.0%	825000	1649.9999999748065	-336679.0577151485	9742.499852919515	-326936.55786222895	306.3403954843086	26.86292595718666	1.22692612573584	529	267.62192010879517	9:06
33.2%	830000	1659.99999997457	-336548.3637865201	9450.0673773792	-327098.29640914086	297.14523186491886	26.850449431726748	1.2274962381685608	529	269.2567687034607	9:05
33.4%	835000	1669.9999999743336	-336511.91634555056	9497.21993932233	-327014.69640622823	298.6278836167101	26.862568288658203	1.2269424619572022	529	270.890522480011	9:03
33.6%	840000	1679.9999999740971	-336615.606208229	9465.864020074787	-327149.7421881542	297.6419370066942	26.862568288658203	1.2269424619572022	529	272.5371506214142	9:01
33.8%	845000	1689.9999999738607	-336093.34481521614	9457.944953363274	-326635.3998618529	297.39293212448786	26.844737827377397	1.2277574056605967	529	274.1694767475128	9:00
34.0%	850000	1699.9999999736242	-336255.0086966192	9529.050516728576	-326725.9581798906	299.6287552429181	26.822076710499157	1.2287946987221332	529	275.8436315059662	8:58
34.2%	855000	1709.9999999733877	-336687.13824257866	9577.772913949053	-327109.3653286296	301.16076844885026	26.81740803275808	1.2290086212030558	529	277.48510336875916	8:57
34.4%	860000	1719.9999999731513	-336629.8509707102	9489.084476129678	-327140.76649458054	298.3720744250745	26.62301996420872	1.2379822317261049	529	279.1154544353485	8:55
34.6%	865000	1729.9999999729148	-336738.5101319952	9524.984925849152	-327213.52520614606	299.500917959194	26.810758957373835	1.2293134156694583	529	280.74722385406494	8:53
34.8%	870000	1739.9999999726783	-336663.0533079165	9776.455325448433	-326886.5979824681	307.4080817086249	26.810758957373835	1.2293134156694583	529	282.3810393810272	8:52
35.0%	875000	1749.9999999724419	-336326.2709867804	9619.002341530593	-326707.26864524983	302.4571748477825	26.806659538794595	1.2295014088898972	529	284.0146276950836	8:50
35.2%	880000	1759.9999999722054	-336443.5472382565	9383.350405698016	-327060.1968325585	295.0474023756832	26.806659538794595	1.2295014088898972	529	285.6482615470886	8:48
35.4%	885000	1769.999999971969	-336615.9655771168	9567.460630733854	-327048.50494638295	300.8365119473176	26.8199545539197	1.2288919283706567	529	287.28058767318726	8:47
35.6%	890000	1779.9999999717324	-336766.6785457259	9679.799046811537	-327086.87949891435	304.36884916352045	26.713664435454742	1.2337815259383265	529	288.9127025604248	8:45
35.8%	895000	1789.999999971496	-336612.45526995754	9305.211690540753	-327307.24357941677	292.5904308319023	26.709695297095436	1.2339648694593641	529	290.5456876754761	8:43
36.0%	900000	1799.9999999712595	-336459.3194124687	9272.440234953172	-327186.8791775155	291.55997449966156	26.849258864220737	1.227550668614567	529	292.22951459884644	8:42
36.2%	905000	1809.999999971023	-336511.4821443117	9612.659674842176	-326898.8224694695	302.25773783971596	26.849258864220737	1.227550668614567	529	293.868590593338	8:40
36.4%	910000	1819.9999999707866	-336249.65184279287	9429.35484864515	-326820.2969941477	296.4939530001861	26.633634409655283	1.2374888520145582	529	295.499413728714	8:39
36.6%	915000	1829.99999997055	-336587.56707832986	9675.712766190056	-326911.8543121398	304.24036131742935	26.70729531096035	1.2340757567110832	529	297.1291048526764	8:37
36.8%	920000	1839.9999999703136	-336369.7417679953	9256.491525963858	-327113.2502420314	291.0584878285803	26.680768673403776	1.235302703382536	529	298.7621257305145	8:35
37.0%	925000	1849.9999999700772	-336289.6572628686	9417.326646290376	-326872.3306165782	296.1157416250817	26.65953691768458	1.2362865031131336	529	300.39439940452576	8:34
37.2%	930000	1859.9999999698407	-336213.6869372722	9406.866073402807	-326806.8208638694	295.78682234525127	26.627883907594832	1.2377560975162285	529	302.0245351791382	8:32
37.4%	935000	1869.9999999696042	-336647.50647751207	9470.621736712226	-327176.88474079984	297.79153729597505	26.62439457500354	1.2379183150148825	529	303.6571087837219	8:30
37.6%	940000	1879.9999999693678	-336399.3464410085	9434.477637289154	-326964.86880371935	296.6550325098477	26.603674059201897	1.2388824790604323	529	305.2877883911133	8:29
37.8%	945000	1889.9999999691313	-336485.03827110433	9470.306017744986	-327014.73225335934	297.7816099185312	26.65359266770975	1.2365622181398706	529	306.9191732406616	8:27
38.0%	950000	1899.9999999688948	-336507.14391422784	9748.906777898297	-326758.2371363295	306.54185301178813	26.65359266770975	1.2365622181398706	529	308.59338545799255	8:26
38.2%	955000	1909.9999999686584	-336505.58986408246	9498.268562478394	-327007.32130160404	298.6608562250952	26.69692350436509	1.2345551975376794	529	310.2370710372925	8:24
38.4%	960000	1919.999999968422	-336581.40960877313	9528.551925868725	-327052.8576829044	299.6130776936754	26.67137139766218	1.2357379445988552	529	311.8673734664917	8:22
38.6%	965000	1929.9999999681854	-336805.10754073557	9368.17606768441	-327436.93147305114	294.5702648054005	26.84927425587358	1.2275499649071389	529	313.50937509536743	8:21
38.8%	970000	1939.999999967949	-336696.24398957967	9601.39997627813	-327094.84401330154	301.90369107931383	26.758352280595652	1.2317210463844779	529	315.14391016960144	8:19
39.0%	975000	1949.9999999677125	-336498.8672564341	9611.637186534317	-326887.2300698998	302.22558700806735	26.8322857321482	1.228327172704905	529	316.77603697776794	8:18
39.2%	980000	1959.999999967476	-336813.1348276475	9285.652388973815	-327527.4824386737	291.9754137143381	26.8322857321482	1.228327172704905	529	318.4103772640228	8:16
39.4%	985000	1969.9999999672395	-336567.8719037532	9577.187884405013	-326990.6840193482	301.14237294619727	26.818945950178705	1.2289381443926637	529	320.04199051856995	8:14
39.6%	990000	1979.999999967003	-336707.1424695216	9540.853211170663	-327166.28925835097	299.9998758113301	26.906817023520986	1.2249247334520588	529	321.67405700683594	8:13
39.8%	995000	1989.9999999667666	-336330.3244925216	9628.485840589545	-326701.838651932	302.7553712959378	26.896657718835517	1.2253874074286544	529	323.30851340293884	8:11
40.0%	1000000	1999.9999999665301	-336564.69070149196	9638.399325686216	-326926.29137580574	303.0670881028137	26.982732412574332	1.2214784317106628	529	324.9842166900635	8:09
40.2%	1005000	2009.9999999662937	-336667.23207185883	9672.814956175398	-326994.41711568343	304.14924340320505	26.982732412574332	1.2214784317106628	529	326.62232995033264	8:08
40.4%	1010000	2019.9999999660572	-336554.38168056036	9709.618960695547	-326844.7627198648	305.3064980575872	26.970600103693403	1.2220278949620522	529	328.25499200820923	8:06
40.6%	1015000	2029.9999999658207	-336900.0869328931	9466.91982206017	-327433.16711083293	297.6751353441474	26.873109073363402	1.2264612025576345	529	329.88630843162537	8:05
40.8%	1020000	2039.9999999655843	-336723.2197440202	9514.605418086187	-327208.61432593403	299.174547668094	26.797882484055553	1.229904104930302	529	331.51939606666565	8:03
41.0%	1025000	2049.999999965348	-336840.51699226134	9561.062893556793	-327279.45409870456	300.63534331846324	26.75524146471282	1.231864257852009	529	333.15080523490906	8:01
41.2%	1030000	2059.9999999651113	-336843.9488909236	9546.90949236011	-327297.03939856344	300.19030779518937	26.78592498216857	1.2304531462893478	529	334.795814037323	8:00
41.4%	1035000	2069.999999964875	-336868.29830739193	9597.532378358233	-327270.7659290337	301.7820794299177	26.784131447436238	1.2305355406152085	529	336.4271981716156	7:58
41.6%	1040000	2079.9999999646384	-336416.8655319008	9596.012810133701	-326820.8527217671	301.73429855869404	26.784789546682326	1.2305053064963198	529	338.05794191360474	7:56
41.8%	1045000	2089.999999964402	-336640.184052048	9473.859071621906	-327166.3249804261	297.8933311344681	26.905229018408935	1.224997031172969	529	339.6908631324768	7:55
42.0%	1050000	2099.9999999641655	-336185.28568463755	9434.042973730975	-326751.24271090655	296.64136507250356	26.83306843503953	1.2282913432122062	529	341.366019487381	7:53
42.2%	1055000	2109.999999963929	-336614.53447627625	9537.432473699673	-327077.1020025766	299.8923151148425	26.809748331191063	1.2293597561389533	529	343.0071659088135	7:52
42.4%	1060000	2119.9999999636925	-336978.7682144067	9807.100572054305	-327171.66764235235	308.3716821301475	26.828090677599725	1.2285192437529269	529	344.63926100730896	7:50
42.6%	1065000	2129.999999963456	-337041.25267875317	9576.770331875608	-327464.4823468776	301.12924354317704	26.889748634216208	1.2257022599549656	529	346.2719008922577	7:48
42.8%	1070000	2139.9999999632196	-336737.1053649861	9642.28768733392	-327094.8176776522	303.18935264096376	26.929212835226902	1.2239060187999755	529	347.90669679641724	7:47
43.0%	1075000	2149.999999962983	-336618.3202765743	9680.344182262228	-326937.97609431203	304.3859902476445	26.901183988561193	1.2251812293687285	529	349.53938007354736	7:45
43.2%	1080000	2159.9999999627466	-336670.30635088903	9455.016041329443	-327215.2903095596	297.3008362472153	26.814737723457423	1.2291310103603033	529	351.17149543762207	7:43
43.4%	1085000	2169.99999996251	-336790.1669462142	9483.53770890531	-327306.6292373089	298.19766345347335	26.899993431507802	1.2252354542204194	529	352.8029179573059	7:42
43.6%	1090000	2179.9999999622737	-337059.4827492879	9509.62978187506	-327549.85296741285	299.0180951776949	26.792612849041106	1.2301460054038493	529	354.4361357688904	7:40
43.8%	1095000	2189.9999999620372	-336904.44361397385	9596.673859755549	-327307.7697542183	301.75508441506037	26.84630378219286	1.227685790117645	529	356.0714409351349	7:38
44.0%	1100000	2199.9999999618008	-336858.7725934888	9413.484017801014	-327445.2885756878	295.9949151073602	26.84630378219286	1.227685790117645	529	357.75321674346924	7:37
44.2%	1105000	2209.9999999615643	-336900.54051812465	9681.254842805489	-327219.28567531914	304.4146247988568	26.830385068951866	1.2284141873431302	529	359.42304158210754	7:35
44.4%	1110000	2219.999999961328	-336674.4786115375	9133.201062429245	-327541.27754910826	287.1817775459192	26.830385068951866	1.2284141873431302	529	361.0518915653229	7:34
44.6%	1115000	2229.9999999610914	-336778.6363250567	9640.855889769738	-327137.780435287	303.1443316054301	26.933181344258397	1.2237256805760122	529	362.68500232696533	7:32
44.8%	1120000	2239.999999960855	-336783.4979536827	9591.48041781958	-327192.0175358631	301.5917833033737	26.933181344258397	1.2237256805760122	529	364.3168931007385	7:30
45.0%	1125000	2249.9999999606184	-336610.84440169425	9390.827243893622	-327220.0171578006	295.28250195016534	26.927861920809033	1.223967419600818	529	365.9536292552948	7:29
45.2%	1130000	2259.999999960382	-336615.1669338867	9643.64876008214	-326971.51817380456	303.2321498254921	26.945581515125514	1.2231625304534177	529	367.58822679519653	7:27
45.4%	1135000	2269.9999999601455	-336721.91052266315	9413.915320608461	-327307.9952020547	296.0084768702138	26.927234309820324	1.2239959474248614	529	369.224324464798	7:26
45.6%	1140000	2279.999999959909	-336616.1276853678	9744.51420473566	-326871.6134806322	306.40373419011496	26.839965212404504	1.2279757223883185	529	370.85866951942444	7:24
45.8%	1145000	2289.9999999596726	-336765.5743305523	9548.738545879167	-327216.83578467317	300.24782003402424	26.81151087668796	1.2292789400106787	529	372.49513936042786	7:22
46.0%	1150000	2299.999999959436	-336704.4402614834	9461.14982744842	-327243.290434035	297.4937052740432	26.840492859030668	1.2279515820996012	529	374.1655795574188	7:21
46.2%	1155000	2309.9999999591996	-336703.45771098195	9482.33414977103	-327221.12356121093	298.159819082239	26.90511429443629	1.225002254586048	529	375.9417426586151	7:19
46.4%	1160000	2319.999999958963	-336559.8035123879	9743.108112241367	-326816.69540014653	306.35952141749067	26.939207834045394	1.2234519245561057	529	377.5767970085144	7:18
46.6%	1165000	2329.9999999587267	-336887.93199101544	9569.029686629381	-327318.9023043861	300.88584889479813	26.85773144471598	1.2271634236280262	529	379.2091476917267	7:16
46.8%	1170000	2339.99999995849	-336852.27930789464	9541.755050715552	-327310.5242571791	300.0282329975776	26.850772711142824	1.2274814592915664	529	380.8415906429291	7:14
47.0%	1175000	2349.9999999582537	-336807.094351723	9381.780305664943	-327425.31404605805	294.99803259663844	26.850772711142824	1.2274814592915664	529	382.4774708747864	7:13
47.2%	1180000	2359.9999999580173	-336527.63986180286	9402.938179303368	-327124.7016824995	295.6633147599284	26.868764785185704	1.226659503482343	529	384.10844016075134	7:11
47.4%	1185000	2369.999999957781	-336856.0991746189	9639.72076182194	-327216.37841279694	303.1086389649679	26.839706691917872	1.2279875502702313	529	385.7400996685028	7:09
47.6%	1190000	2379.9999999575443	-336887.3128226115	9393.168930521513	-327494.14389208995	295.3561332787276	26.874285169452296	1.226407529084483	529	387.37147188186646	7:08
47.8%	1195000	2389.999999957308	-336659.40871870087	9434.241196122302	-327225.16752257856	296.64759792101984	26.874285169452296	1.226407529084483	529	389.00627398490906	7:06
48.0%	1200000	2399.9999999570714	-336958.5191732554	9400.269736163347	-327558.2494370921	295.5794089924989	26.94255128822326	1.2233000994596321	529	390.6715302467346	7:04
48.2%	1205000	2409.999999956835	-336696.9571379529	9590.76739717078	-327106.18974078214	301.5693632848118	26.921696705850184	1.2242477147964335	528	392.3885967731476	7:03
48.4%	1210000	2419.9999999565985	-336872.8550517851	9335.567794140112	-327537.287257645	293.54493952293444	26.984240404413057	1.221410170404115	528	394.02171206474304	7:01
48.6%	1215000	2429.999999956362	-336870.34332791466	9730.298171940676	-327140.045155974	305.9567292966709	27.021540032476782	1.2197241767481442	528	395.64838671684265	7:00
48.8%	1220000	2439.9999999561255	-337074.77369274443	9608.004883397116	-327466.7688093473	302.1113739009216	26.86833825420095	1.2266789765245918	528	397.27888560295105	6:58
49.0%	1225000	2449.999999955889	-336842.8493560541	9451.210547728313	-327391.6388083258	297.18117738836156	26.830568200285494	1.2284058028345841	528	398.91749453544617	6:56
49.2%	1230000	2459.9999999556526	-337026.4214653494	9210.961751057077	-327815.4597142923	289.6268625309853	26.669742408663474	1.23581342352498	528	400.5508348941803	6:55
49.4%	1235000	2469.999999955416	-336914.99440428603	9483.640016002888	-327431.35438828316	298.20088036876257	26.740715924585807	1.232533405744643	528	402.18047165870667	6:53
49.6%	1240000	2479.9999999551796	-336905.6956121071	9645.940899688167	-327259.75471241894	303.3042232115856	26.765875609028775	1.231374835331819	528	403.8120903968811	6:51
49.8%	1245000	2489.999999954943	-336801.56237559277	9695.860820189582	-327105.7015554032	304.87389099909564	26.765875609028775	1.231374835331819	528	405.4423861503601	6:50
50.0%	1250000	2499.9999999547067	-336802.1970357292	9438.008731732578	-327364.18830399663	296.766063239601	26.767768658797724	1.2312877509776008	528	407.1195261478424	6:48
50.2%	1255000	2509.9999999544702	-336605.9119278573	9545.051886347848	-327060.8600415095	300.13189775987587	26.721498242130526	1.233419824439901	528	408.7611255645752	6:47
50.4%	1260000	2519.9999999542338	-337046.8707653208	9822.504777229036	-327224.36598809174	308.85604757809097	26.750459924036477	1.2320844487972629	528	410.3930723667145	6:45
50.6%	1265000	2529.9999999539973	-336730.5409851984	9509.296460087271	-327221.2445251111	299.00761430216636	26.768775492927602	1.231241439463213	528	412.02258229255676	6:43
50.8%	1270000	2539.999999953761	-336950.0429685406	9679.739279791762	-327270.30368874886	304.36696986634297	26.701908533961706	1.2343247161025956	528	413.6550920009613	6:42
51.0%	1275000	2549.9999999535244	-336857.5189599639	9711.762755375183	-327145.75620458875	305.37390692799124	26.683073938850548	1.2351959802724122	528	415.2866678237915	6:40
51.2%	1280000	2559.999999953288	-336660.78555396956	9694.650081997908	-326966.13547197165	304.8358208916217	26.702260401366654	1.2343084508640656	528	416.9198639392853	6:38
51.4%	1285000	2569.9999999530514	-336729.49686045863	9572.490583008681	-327157.00627744995	300.9946723365811	26.641449516770617	1.2371258421893447	528	418.5557346343994	6:37
51.6%	1290000	2579.999999952815	-336773.2322263322	9513.368454330473	-327259.8637720017	299.1356529314406	26.63486954269127	1.2374314662120733	528	420.20098853111267	6:35
51.8%	1295000	2589.9999999525785	-336623.29798497143	9630.128236547618	-326993.1697484238	302.8070143274937	26.639107653523403	1.2372345988181208	528	421.8316373825073	6:34
52.0%	1300000	2599.999999952342	-336742.8927962065	9351.874868764178	-327391.0179274423	294.0576945411479	26.627165527881864	1.2377894911896603	528	423.50074529647827	6:32
52.2%	1305000	2609.9999999521056	-336955.6173902311	9626.312000669432	-327329.3053895617	302.6870176915343	26.644524606898276	1.2369830633813115	528	425.13599920272827	6:30
52.4%	1310000	2619.999999951869	-336873.4044065709	9480.661726105689	-327392.7426804652	298.10723186799294	26.691131676265105	1.234823089194384	528	426.7688934803009	6:29
52.6%	1315000	2629.9999999516326	-336965.97443614167	9587.117526255406	-327378.85690988624	301.4545977814438	26.73002364557182	1.233026431536278	528	428.40092968940735	6:27
52.8%	1320000	2639.999999951396	-336788.67009717785	9729.895372059518	-327058.7747251183	305.94406377172777	26.73002364557182	1.233026431536278	528	430.0323131084442	6:25
53.0%	1325000	2649.9999999511597	-336450.13615396107	9516.585419009481	-326933.55073495157	299.2368062541919	26.784710021151607	1.230508959945899	528	431.66360807418823	6:24
53.2%	1330000	2659.999999950923	-336855.5360355219	9511.194529323258	-327344.34150619863	299.0672966515825	26.749101895811798	1.2321470006340751	528	433.29413318634033	6:22
53.4%	1335000	2669.9999999506867	-336936.8509473015	9487.023161874136	-327449.82778542733	298.30725904567566	26.749101895811798	1.2321470006340751	528	434.9263882637024	6:20
53.6%	1340000	2679.9999999504503	-336863.23730901943	9465.910592209448	-327397.32671681	297.6434014076556	26.68539774686524	1.2350884173892993	528	436.55650424957275	6:19
53.8%	1345000	2689.999999950214	-336972.23376316903	9730.111630544337	-327242.1221326247	305.95086374204004	26.668065162942607	1.2358911480529402	528	438.1857542991638	6:17
54.0%	1350000	2699.9999999499773	-336867.60535157914	9547.802131233302	-327319.8032203458	300.2183756781318	26.702618917234204	1.234291878738071	528	439.87250900268555	6:16
54.2%	1355000	2709.999999949741	-337091.21953207464	9355.586170321363	-327735.63336175325	294.1743916521516	26.661685566778527	1.2361868715325228	528	441.52611112594604	6:14
54.4%	1360000	2719.9999999495044	-336820.64978247584	9836.717243032246	-326983.9325394436	309.30294031205983	26.672335736215484	1.235693266481665	528	443.1571133136749	6:12
54.6%	1365000	2729.999999949268	-336896.6252172248	9748.550203550718	-327148.0750136741	306.5306409893805	26.592339686107753	1.2394105242194224	528	444.79009222984314	6:11
54.8%	1370000	2739.9999999490315	-336861.83594758005	9622.515321210929	-327239.3206263691	302.5676359820754	26.631513259511514	1.2375874156835016	528	446.4208836555481	6:09
55.0%	1375000	2749.999999948795	-336950.78522862494	9580.022838511377	-327370.76239011355	301.2315144371118	26.631513259511514	1.2375874156835016	528	448.05212688446045	6:07
55.2%	1380000	2759.9999999485585	-337002.19810373534	9507.908537473151	-327494.28956626216	298.96397285808837	26.64950575274426	1.236751854851409	528	449.68007040023804	6:06
55.4%	1385000	2769.999999948322	-336750.38074945053	9814.730119254553	-326935.650630196	308.61158344315487	26.57405126403662	1.2402634940041612	528	451.3126754760742	6:04
55.6%	1390000	2779.9999999480856	-337030.28896843723	9808.160062355	-327222.12890608225	308.40499644193875	26.6025750513558	1.2389336598789151	528	452.94562220573425	6:03
55.8%	1395000	2789.999999947849	-337324.0866415358	9671.735522071927	-327652.35111946386	304.1153019841495	26.775260482967518	1.2309432317771765	528	454.579021692276	6:01
56.0%	1400000	2799.9999999476127	-337010.2104205291	9352.855078690882	-327657.35534183827	294.0885159833996	26.663892609917067	1.2360845489724717	528	456.256379365921	5:59
56.2%	1405000	2809.999999947376	-336903.278675107	9839.981643934907	-327063.2970311721	309.405585205941	26.716498313646287	1.2336506559972722	528	457.8965265750885	5:58
56.4%	1410000	2819.9999999471397	-336963.1576357064	9485.385798496425	-327477.77183721	298.25577425714584	26.747164414224567	1.2322362535391502	528	459.5280969142914	5:56
56.6%	1415000	2829.9999999469032	-336748.44275954127	9514.965501014269	-327233.477258527	299.1858700133094	26.694873511497793	1.2346500033567873	528	461.1710822582245	5:54
56.8%	1420000	2839.999999946667	-337181.2762550524	9552.44087234918	-327628.8353827032	300.36423493493857	26.699693663253257	1.2344271093994212	528	462.80378580093384	5:53
57.0%	1425000	2849.9999999464303	-336733.0872853775	9744.68396510927	-326988.4033202682	306.40907208703817	26.810685690776783	1.229316775061744	528	464.433562040329	5:51
57.2%	1430000	2859.999999946194	-336710.6504031598	9689.66999473024	-327020.9804084295	304.6792284434662	26.897695468693183	1.2253401303074927	528	466.0646152496338	5:49
57.4%	1435000	2869.9999999459574	-336986.554567079	9337.22032649014	-327649.3342405889	293.59690128031707	26.847018977936035	1.2276530849725498	528	467.6932530403137	5:48
57.6%	1440000	2879.999999945721	-336824.98400038155	9487.446859359126	-327337.53714102245	298.3205816689322	26.862775808547884	1.226932983600752	528	469.32431745529175	5:46
57.8%	1445000	2889.9999999454844	-336726.2880039728	9575.584500079225	-327150.7035038936	301.09195658531553	26.87877193956012	1.2262028095885968	528	470.9583537578583	5:45
58.0%	1450000	2899.999999945248	-337038.426419521	9675.214603574443	-327363.21181594656	304.2246972337767	26.83031177927767	1.228417542879074	528	472.63458037376404	5:43
58.2%	1455000	2909.9999999450115	-337336.97139916144	9361.120329277996	-327975.85106988344	294.34840617296675	26.795983934184232	1.2299912461334719	528	474.27767181396484	5:41
58.4%	1460000	2919.999999944775	-337082.25676182023	9467.318046616458	-327614.9387152038	297.6876570038761	26.736729246225565	1.232717187171747	528	475.9121916294098	5:40
58.6%	1465000	2929.9999999445386	-337188.1232213764	9788.576216283025	-327399.54700509337	307.78920755393636	26.708634736005536	1.234013868411942	528	477.54077649116516	5:38
58.8%	1470000	2939.999999944302	-336951.34699992393	9594.017544276296	-327357.3294556476	301.671559986348	26.797456878464924	1.2299236386519294	528	479.1718509197235	5:36
59.0%	1475000	2949.9999999440656	-336902.9284936442	9461.875857816076	-327441.05263582815	297.516534366506	26.7503969733383	1.23208734821503	528	480.80619072914124	5:35
59.2%	1480000	2959.999999943829	-337023.12561965553	9671.24703466643	-327351.8785849891	304.09994212505296	26.812600273913826	1.2292289943488115	528	482.44709825515747	5:33
59.4%	1485000	2969.9999999435927	-337004.3353893035	9390.199577606949	-327614.1358116966	295.26276578989905	26.884484437606485	1.2259422622394194	528	484.0774338245392	5:31
59.6%	1490000	2979.999999943356	-337223.5754615431	9610.597278172498	-327612.9781833706	302.1928884251947	26.727178217939155	1.2331577019401903	528	485.7101378440857	5:30
59.8%	1495000	2989.9999999431197	-336802.6533652045	9517.195891905825	-327285.4574732987	299.2560017903809	26.684772467280784	1.235117358073479	528	487.3425440788269	5:28
60.0%	1500000	2999.9999999428833	-337266.4068562223	9546.86339528492	-327719.5434609374	300.18885833186295	26.66897137921897	1.2358491522572175	528	489.01270484924316	5:27
60.2%	1505000	3009.999999942647	-336766.76436182845	9391.494595522061	-327375.2697663064	295.3034859650352	26.74822552584043	1.2321873702889004	528	490.6577217578888	5:25
60.4%	1510000	3019.9999999424103	-336976.2501882856	9583.057156742814	-327393.19303154276	301.32692467689384	26.736164001947014	1.2327432487390333	528	492.2887361049652	5:23
60.6%	1515000	3029.999999942174	-337335.0820112092	9625.905395281256	-327709.17661592795	302.67423250731053	26.71915928022561	1.2335277964741957	528	493.9172987937927	5:22
60.8%	1520000	3039.9999999419374	-337049.9462101499	9417.176455912582	-327632.7697542373	296.11101908154296	26.638065396084944	1.2372830076250128	528	495.5483441352844	5:20
61.0%	1525000	3049.999999941701	-336834.7377697716	9472.802458071115	-327361.9353117005	297.8601072783829	26.721925814913362	1.233400088708637	528	497.1787621974945	5:18
61.2%	1530000	3059.9999999414645	-337065.04263563064	9522.78557271096	-327542.25706291967	299.43176212441494	26.82011202480615	1.2288847130875462	528	498.8106949329376	5:17
61.4%	1535000	3069.999999941228	-337141.6636755081	9619.512271622534	-327522.15140388557	302.4732089446152	26.841245517492677	1.2279171489676288	528	500.4428253173828	5:15
61.6%	1540000	3079.9999999409915	-336893.4702260116	9382.429552799305	-327511.04067321226	295.0184473389439	26.751579931625116	1.2320328651548753	528	502.0724141597748	5:13
61.8%	1545000	3089.999999940755	-336677.4104949043	9525.64997495673	-327151.7605199476	299.52182957425254	26.751579931625116	1.2320328651548753	528	503.71194791793823	5:12
62.0%	1550000	3099.9999999405186	-337058.4592131766	9288.57731336973	-327769.8818998069	292.06738420545776	26.69730797118044	1.2345374187599207	528	505.38417744636536	5:10
62.2%	1555000	3109.999999940282	-336878.88648549985	9489.561177477355	-327389.3253080225	298.38706368671984	26.698918145572197	1.2344629655357673	528	507.04004979133606	5:09
62.4%	1560000	3119.9999999400457	-336863.9976591735	9690.965315856469	-327173.03234331706	304.71995815268644	26.630762125703257	1.23762232244825	528	508.6665599346161	5:07
62.6%	1565000	3129.999999939809	-337081.55238526245	9759.750766337404	-327321.80161892506	306.88282830121216	26.56494563299395	1.2406886174705565	528	510.2947154045105	5:05
62.8%	1570000	3139.9999999395727	-336945.26676703285	9709.494028777994	-327235.77273825486	305.30256973389106	26.61796061698598	1.238217538331897	528	511.9220495223999	5:04
63.0%	1575000	3149.9999999393362	-337294.61809356697	9542.782975589302	-327751.8351179777	300.06055477505834	26.636634548553026	1.23734947110164	528	513.5518708229065	5:02
63.2%	1580000	3159.9999999391	-336682.039995526	9712.30854791869	-326969.73144760734	305.39106867355497	26.729808401348524	1.2330363605942263	528	515.1803290843964	5:00
63.4%	1585000	3169.9999999388633	-336734.7383825041	9627.58000158316	-327107.15838092094	302.7268883517602	26.874860920966473	1.2263812552371895	528	516.8142201900482	4:59
63.6%	1590000	3179.999999938627	-337185.7815349834	9687.396780449102	-327498.38475453435	304.60775013990775	26.845924593463767	1.227703130724144	528	518.4463510513306	4:57
63.8%	1595000	3189.9999999383904	-337123.9397033426	9369.670152802944	-327754.26955053967	294.6172443930843	26.833230708215627	1.2282839151563154	528	520.0785040855408	4:56
64.0%	1600000	3199.999999938154	-336997.47932611627	9603.118596419672	-327394.3607296966	301.95773088242345	26.833230708215627	1.2282839151563154	528	521.7495312690735	4:54
64.2%	1605000	3209.9999999379174	-336849.5855900865	9664.480495840846	-327185.1050942457	303.8871770020165	26.75322334099957	1.2319571832703258	528	523.4080431461334	4:52
64.4%	1610000	3219.999999937681	-337031.66650870384	9620.138928221571	-327411.52758048224	302.4929133565505	26.736430144888217	1.2327309776201074	528	525.0399522781372	4:51
64.6%	1615000	3229.9999999374445	-337042.60116262187	9619.928849021455	-327422.67231360043	302.4863076859097	26.851723037921868	1.2274380166975882	528	526.6692423820496	4:49
64.8%	1620000	3239.999999937208	-336726.2898121652	9533.242291559623	-327193.04752060556	299.76056021894175	26.843165654827626	1.2278293139636551	528	528.3013050556183	4:47
65.0%	1625000	3249.9999999369716	-336820.5330463577	9528.0833463096	-327292.4497000481	299.59834381124017	26.943324337733905	1.223265000912348	528	529.932858467102	4:46
65.2%	1630000	3259.999999936735	-336886.66722785064	9704.673060738605	-327181.99416711205	305.15098058551035	26.86891295271783	1.226652739118198	528	531.5647134780884	4:44
65.4%	1635000	3269.9999999364986	-336795.16019538324	9571.998358811263	-327223.161836572	300.97919497886187	26.76730369232389	1.2313091392926299	528	533.1946680545807	4:42
65.6%	1640000	3279.999999936262	-336731.78891926695	9267.803407823782	-327463.98551144317	291.4141754257017	26.76730369232389	1.2313091392926299	528	534.824814081192	4:41
65.8%	1645000	3289.9999999360257	-336728.75087478204	9569.654486325704	-327159.09638845635	300.90549491881245	26.669588755011073	1.2358205435165164	528	536.4552674293518	4:39
66.0%	1650000	3299.999999935789	-336829.37154665624	9714.362176840163	-327115.0093698161	305.45564239749433	26.668359047958894	1.2358775285464112	528	538.128809928894	4:38
66.2%	1655000	3309.9999999355528	-336944.79080271977	9670.717521572982	-327274.07328114676	304.0832922658884	26.67073979099846	1.2357672088909797	528	539.7750120162964	4:36
66.4%	1660000	3319.9999999353163	-336884.88667510607	9404.273540365737	-327480.6131347403	295.70530347351695	26.60494061159089	1.238823500933533	528	541.4020345211029	4:34
66.6%	1665000	3329.99999993508	-336996.08381557046	9469.206143357007	-327526.8776722134	297.747025780981	26.60494061159089	1.238823500933533	528	543.0348300933838	4:33
66.8%	1670000	3339.9999999348433	-336719.02184827236	9167.67653198691	-327551.34531628544	288.265814408967	26.594973503016377	1.239287779957427	528	544.6738171577454	4:31
67.0%	1675000	3349.999999934607	-336628.294810916	9415.377763182503	-327212.9170477335	296.05446149872483	26.61247749385246	1.238472655474986	528	546.3082587718964	4:29
67.2%	1680000	3359.9999999343704	-336818.24713624455	9325.714536428146	-327492.5325998164	293.23511648881987	26.63652935096882	1.2373543578559714	528	547.939252614975	4:28
67.4%	1685000	3369.999999934134	-337249.0127756538	9693.240193257074	-327555.77258239675	304.7914887509005	26.56496147512659	1.2406878775803944	528	549.5697543621063	4:26
67.6%	1690000	3379.9999999338975	-336822.8314265656	9394.103714570703	-327428.7277119949	295.38552636260187	26.504105715019897	1.243536606175773	528	551.2002160549164	4:24
67.8%	1695000	3389.999999933661	-337131.7629820788	9459.534420760636	-327672.2285613182	297.4429108854289	26.633780138338516	1.2374820810034597	528	552.8298604488373	4:23
68.0%	1700000	3399.9999999334245	-336505.43420836376	9627.064595820602	-326878.36961254315	302.71068207949736	26.61970606033721	1.238136348909115	528	554.5022776126862	4:21
68.2%	1705000	3409.999999933188	-336948.5476920954	9610.047974397905	-327338.4997176975	302.175616273479	26.589889704250538	1.2395247230119617	528	556.1439905166626	4:20
68.4%	1710000	3419.9999999329516	-336885.33856849174	9412.859062618822	-327472.47950587294	295.9752641942924	26.507743492272905	1.2433659500359722	528	557.7743275165558	4:18
68.6%	1715000	3429.999999932715	-337229.9048033298	9764.684682276165	-327465.22012105363	307.03796895122855	26.507743492272905	1.2433659500359722	528	559.4065239429474	4:16
68.8%	1720000	3439.9999999324787	-336877.58797227766	9804.322720020944	-327073.2652522567	308.2843361405818	26.512873165315405	1.2431253853579725	528	561.035208940506	4:15
69.0%	1725000	3449.999999932242	-337359.7759268667	9602.90058049012	-327756.87534637656	301.9508756515188	26.555476968932787	1.2411309994220114	528	562.6640753746033	4:13
69.2%	1730000	3459.9999999320057	-337386.1295496868	9358.167348674891	-328027.9622010119	294.2555534904449	26.542557602907237	1.2417351094669844	528	564.2938511371613	4:11
69.4%	1735000	3469.9999999317693	-336929.780173538	9643.972309204626	-327285.8078643334	303.24232341211126	26.512546019252834	1.2431407246458255	528	565.9313690662384	4:10
69.6%	1740000	3479.999999931533	-336754.1594131924	9671.770382507722	-327082.3890306847	304.1163981257815	26.60141598824898	1.2389876420540593	528	567.5614159107208	4:08
69.8%	1745000	3489.9999999312963	-337153.13990119303	9502.40255313902	-327650.737348054	298.79084425209277	26.589228445130043	1.2395555492929824	528	569.1915428638458	4:06
70.0%	1750000	3499.99999993106	-336981.1805574235	9553.822351360035	-327427.35820606345	300.4076737681875	26.52734481158025	1.2424472145509229	528	570.8640015125275	4:05
70.2%	1755000	3509.9999999308234	-336431.08904901874	9470.87785027428	-326960.2111987445	297.7995904580047	26.594601646105456	1.2393051082006443	528	572.5019981861115	4:03
70.4%	1760000	3519.999999930587	-336550.0491910832	9185.28698109102	-327364.76220999216	288.8195523637684	26.567638931831677	1.2405628424545685	528	574.1290245056152	4:02
70.6%	1765000	3529.9999999303504	-336924.94518937997	9559.939209633354	-327365.00597974664	300.6000105206493	26.50620126546367	1.2434382935710806	528	575.7563717365265	4:00
70.8%	1770000	3539.999999930114	-336904.2767122978	9558.566254249607	-327345.7104580482	300.5568397019078	26.58032657694721	1.239970681893899	528	577.3889935016632	3:58
71.0%	1775000	3549.9999999298775	-337276.52439394756	9800.199256428783	-327476.32513751875	308.15467912373214	26.578800223424782	1.240041890285629	528	579.0195827484131	3:57
71.2%	1780000	3559.999999929641	-336792.9143082367	9548.459488121762	-327244.45482011494	300.2390454212393	26.57660699509013	1.2401442244553154	528	580.647542476654	3:55
71.4%	1785000	3569.9999999294046	-336877.0996624039	9563.157015254652	-327313.94264714926	300.70119028575084	26.621262368763052	1.238063966089493	528	582.2771158218384	3:53
71.6%	1790000	3579.999999929168	-336889.17838214117	9587.004223842958	-327302.17415829824	301.45103513259977	26.62338050774428	1.2379654665188973	528	583.9067580699921	3:52
71.8%	1795000	3589.9999999289316	-337227.47092037863	9262.32550289994	-327965.1454174787	291.24192974069996	26.51205800901057	1.243163607267989	528	585.5350248813629	3:50
72.0%	1800000	3599.999999928695	-337034.13022216805	9666.996554246676	-327367.13366792136	303.9662912271886	26.51313240316237	1.2431132304324997	528	587.2154035568237	3:48
72.2%	1805000	3609.9999999284587	-337000.8715936524	9215.086020845994	-327785.78557280643	289.75654489765657	26.497788168933695	1.2438330875186427	528	588.8553295135498	3:47
72.4%	1810000	3619.999999928222	-337062.8287065521	9696.302948589115	-327366.525757963	304.887793158789	26.497788168933695	1.2438330875186427	528	590.4860162734985	3:45
72.6%	1815000	3629.9999999279858	-336821.8496868161	9816.092453176016	-327005.75723364006	308.6544202836561	26.54306007540351	1.2417116028427146	528	592.1184380054474	3:44
72.8%	1820000	3639.9999999277493	-337352.3160725054	9454.647081922485	-327897.66899058287	297.28923479252177	26.57322915275015	1.2403018647497996	528	593.748429775238	3:42
73.0%	1825000	3649.999999927513	-337046.25377274526	9630.089823582415	-327416.1639491628	302.80580648113704	26.584893376346614	1.2397576775652681	528	595.3806283473969	3:40
73.2%	1830000	3659.9999999272763	-336751.70286248624	9522.065721418936	-327229.6371410673	299.40912732504955	26.610108214868383	1.2385829251218166	528	597.0110447406769	3:39
73.4%	1835000	3669.99999992704	-336675.5802496453	9664.018378995306	-327011.56187065	303.8726463313098	26.56951840041904	1.240475087800611	528	598.6423563957214	3:37
73.6%	1840000	3679.9999999268034	-336872.6736536467	9642.629974734624	-327230.0436789121	303.20011542867576	26.684795327653607	1.2351162999711802	528	600.2711415290833	3:35
73.8%	1845000	3689.999999926567	-336820.49797022785	9380.882887736369	-327439.6150824915	294.9698144424373	26.662808565506797	1.2361348051389458	528	601.9055743217468	3:34
74.0%	1850000	3699.9999999263305	-336763.36115521763	9318.546657293507	-327444.8144979241	293.00973173521055	26.69954226423961	1.2344341091840965	528	603.5735518932343	3:32
74.2%	1855000	3709.999999926094	-336562.4016603158	9615.631603136842	-326946.770057179	302.35118630806426	26.699865335282556	1.234419172407821	528	605.2095036506653	3:31
74.4%	1860000	3719.9999999258575	-337177.8414732212	9626.191911962622	-327551.64956125856	302.68324165637983	26.692473213074372	1.2347610282300867	528	606.8529508113861	3:29
74.6%	1865000	3729.999999925621	-336829.5346829528	9367.542931317925	-327461.99175163487	294.55035664549985	26.654176013375043	1.2365351550931851	528	608.4822406768799	3:27
74.8%	1870000	3739.9999999253846	-337194.36371106753	9668.63244750479	-327525.73126356275	304.0177297896958	26.56327853301179	1.240766482556731	528	610.1105048656464	3:26
75.0%	1875000	3749.999999925148	-337129.53306991264	9509.57709893437	-327619.95597097825	299.0164386302861	26.483950599199748	1.2444829764776733	528	611.7410159111023	3:24
75.2%	1880000	3759.9999999249117	-337278.9435426858	9580.611141951664	-327698.3324007342	301.25001288322755	26.483950599199748	1.2444829764776733	528	613.3681933879852	3:22
75.4%	1885000	3769.999999924675	-337380.47989977215	9491.240879625757	-327889.2390201464	298.439879763518	26.552194383892935	1.241284437514257	528	615.0006289482117	3:21
75.6%	1890000	3779.9999999244387	-337163.5886941524	9359.811713253346	-327803.7769808991	294.3072584227404	26.446980470933426	1.2462226342550968	528	616.6318235397339	3:19
75.8%	1895000	3789.9999999242023	-337046.1420577832	9737.239287966375	-327308.9027698168	306.1749837755537	26.557906343902065	1.241017467408435	528	618.2607045173645	3:17
76.0%	1900000	3799.999999923966	-336967.1972410318	9585.894885519625	-327381.30235551216	301.41615341375694	26.656963674729884	1.2364058439942984	528	619.9335587024689	3:16
76.2%	1905000	3809.9999999237293	-336951.9296116872	9702.960327096176	-327248.96928459103	305.09712587580526	26.60507366575361	1.2388173054752627	528	621.5775525569916	3:14
76.4%	1910000	3819.999999923493	-337115.89225414954	9515.22826428066	-327600.6639898689	299.1941322667516	26.69703849996941	1.2345498797785204	528	623.2055249214172	3:13
76.6%	1915000	3829.9999999232564	-337075.03434350365	9177.745264823221	-327897.28907868045	288.5824127816297	26.740503576410628	1.2325431933770565	528	624.8359296321869	3:11
76.8%	1920000	3839.99999992302	-336930.5892976191	9490.755135569645	-327439.83416204946	298.42460616551955	26.740503576410628	1.2325431933770565	528	626.4697828292847	3:09
77.0%	1925000	3849.9999999227834	-336915.13620865915	9468.420543966367	-327446.7156646928	297.7223236170956	26.73316686979979	1.2328814551265543	528	628.117917060852	3:08
77.2%	1930000	3859.999999922547	-336882.0561296328	9328.78508932724	-327553.27104030555	293.33166608118984	26.63616398756416	1.2373713304200826	528	629.7479903697968	3:06
77.4%	1935000	3869.9999999223105	-336785.3128896704	9081.400013929144	-327703.91287574125	285.55296010444215	26.606041033659707	1.2387722633699259	528	631.378006696701	3:04
77.6%	1940000	3879.999999922074	-337156.11538204906	9490.049414136498	-327666.06596791255	298.40241566141935	26.741244953805523	1.2325090222057675	528	633.0087776184082	3:03
77.8%	1945000	3889.9999999218376	-337263.946090899	9472.106286523422	-327791.8398043756	297.83821705816575	26.673329641772376	1.2356472218962808	528	634.642026424408	3:01
78.0%	1950000	3899.999999921601	-336977.91828667565	9436.71153382359	-327541.2067528521	296.7252745173572	26.673329641772376	1.2356472218962808	528	636.3149597644806	2:59
78.2%	1955000	3909.9999999213646	-337154.9562666044	9439.803888694669	-327715.15237790975	296.82250964473576	26.53616164476353	1.2420344024051282	528	637.9590368270874	2:58
78.4%	1960000	3919.999999921128	-337345.1349740701	9792.564541239284	-327552.57043283083	307.91461530993996	26.560789773580513	1.2408827430034948	528	639.5876376628876	2:56
78.6%	1965000	3929.9999999208917	-337231.7254845057	9504.205898767366	-327727.5195857383	298.84754813932113	26.627637879115582	1.2377675338761391	528	641.2162144184113	2:55
78.8%	1970000	3939.9999999206552	-337151.8280434427	9228.835406628594	-327922.9926368141	290.1888766751157	26.72166080472149	1.2334123208672798	528	642.8482718467712	2:53
79.0%	1975000	3949.9999999204188	-336969.6254921928	9322.746397601108	-327646.8790945917	293.14178717541427	26.739704452014184	1.2325800283143038	528	644.4792370796204	2:51
79.2%	1980000	3959.9999999201823	-337027.40999386186	9503.991606204288	-327523.41838765756	298.84080998489327	26.693770716825206	1.2347010102175509	528	646.1114535331726	2:50
79.4%	1985000	3969.999999919946	-336844.97906502296	9261.98835736423	-327582.9907076587	291.231328632329	26.623106153405725	1.2379782239032069	528	647.7441470623016	2:48
79.6%	1990000	3979.9999999197094	-337074.7776039023	9699.560315027185	-327375.2172888751	304.9902168629656	26.590336238519665	1.2395039075449705	528	649.3708121776581	2:46
79.8%	1995000	3989.999999919473	-336973.4229970906	9669.491715326452	-327303.9312817642	304.0447483627816	26.70807813181665	1.234039585623226	528	651.0081684589386	2:45
80.0%	2000000	3999.9999999192364	-336891.80484892405	9169.358623605143	-327722.4462253189	288.3187056195751	26.745730753179352	1.2323023055431692	528	652.678501367569	2:43
80.2%	2005000	4009.999999919	-336787.8408393272	9635.281677388126	-327152.5591619391	302.96905765610745	26.745730753179352	1.2323023055431692	528	654.3171572685242	2:41
80.4%	2010000	4019.9999999187635	-336701.7333156752	9243.48074341385	-327458.2525722614	290.6493804811744	26.745730753179352	1.2323023055431692	528	655.9492421150208	2:40
80.6%	2015000	4029.999999918527	-337103.81361528975	9522.823137246945	-327580.9904780428	299.43294329300454	26.745730753179352	1.2323023055431692	528	657.5806441307068	2:38
80.8%	2020000	4039.9999999182905	-337054.98028640624	9538.129353213628	-327516.8509331926	299.9142275961494	26.60290629660124	1.2389182333356767	528	659.2120840549469	2:37
81.0%	2025000	4049.999999918054	-336950.07105863135	9589.309225345092	-327360.76183328626	301.5235129444978	26.658707790940696	1.2363249535215657	528	660.8410670757294	2:35
81.2%	2030000	4059.9999999178176	-337224.178755419	9217.366817537584	-328006.8119378814	289.8282616203734	26.56180371656239	1.240835374821649	528	662.470939874649	2:33
81.4%	2035000	4069.999999917581	-337056.98189387866	9719.322613824552	-327337.6592800541	305.6116169677293	26.56180371656239	1.240835374821649	528	664.0979385375977	2:32
81.6%	2040000	4079.9999999173447	-336854.1791130287	9488.08211955846	-327366.0969934702	298.3405566100292	26.546061447775763	1.2415712114363884	528	665.7259809970856	2:30
81.8%	2045000	4089.999999917108	-336941.8436312821	9573.515223609898	-327368.3284076722	301.0268908443302	26.516209385210175	1.242968977645917	528	667.35662317276	2:28
82.0%	2050000	4099.999999917781	-336860.65164899506	9304.223714993841	-327556.4279340012	292.5593652096967	26.441028660337278	1.2465031559085848	528	669.0361981391907	2:27
82.2%	2055000	4109.999999919818	-337099.92076144705	9831.235329779633	-327268.6854316674	309.1305685903078	26.428937900801287	1.2470734084845874	528	670.6754822731018	2:25
82.4%	2060000	4119.999999921855	-337051.42212254886	9712.791083123579	-327338.63103942527	305.4062413733478	26.503483235577654	1.243565812750854	528	672.3022198677063	2:23
82.6%	2065000	4129.999999923893	-337306.10796946887	9387.117106277032	-327918.99086319184	295.1658414377788	26.503483235577654	1.243565812750854	528	673.9302744865417	2:22
82.8%	2070000	4139.99999992593	-337281.256674596	9582.249617703324	-327699.0070568927	301.30153264892755	26.53403373592987	1.2421340079156544	528	675.5574164390564	2:20
83.0%	2075000	4149.999999927967	-337181.5741531584	9417.25390860002	-327764.3202445584	296.1134544818262	26.48739752730155	1.2443210261260234	528	677.183079957962	2:19
83.2%	2080000	4159.999999930004	-337038.46402562776	9605.8875827392	-327432.5764428886	302.044798101004	26.556553867839135	1.2410806701276849	528	678.8111529350281	2:17
83.4%	2085000	4169.999999932042	-337239.1429694189	9454.448429209104	-327784.6945402098	297.28298841308117	26.548094633952854	1.2414761256888132	528	680.4423077106476	2:15
83.6%	2090000	4179.999999934079	-337377.9624578797	9614.318703519659	-327763.64375436003	302.3099038657721	26.535098097285324	1.2420841841150614	528	682.071031332016	2:14
83.8%	2095000	4189.999999936116	-336811.2919220714	9784.809906822431	-327026.48201524897	307.67078079005717	26.564737492532174	1.240698338534122	528	683.6998381614685	2:12
84.0%	2100000	4199.999999938153	-336842.3939389896	9439.03340476895	-327403.36053422064	296.7982827672318	26.608873529257856	1.2386403969465223	528	685.3661260604858	2:10
84.2%	2105000	4209.999999940191	-336798.4923224299	9453.706832380303	-327344.7854900496	297.2596698532398	26.60596868675557	1.2387756318373266	528	687.0041885375977	2:09
84.4%	2110000	4219.999999942228	-337059.5787686531	9503.258126399509	-327556.3206422536	298.81774665444743	26.60853917470423	1.2386559613130703	528	688.6318643093109	2:07
84.6%	2115000	4229.999999944265	-336991.5080852944	9539.787791204533	-327451.7202940899	299.9663750488248	26.657160763335092	1.236396702679309	528	690.2715470790863	2:05
84.8%	2120000	4239.9999999463025	-337131.2826476465	9395.65760721574	-327735.62504043075	295.43438652114503	26.57295146335443	1.2403148260001078	528	691.902515411377	2:04
85.0%	2125000	4249.99999994834	-336799.3727208778	9234.172129644749	-327565.2005912331	290.3566830763515	26.630753125813605	1.2376227407039515	528	693.5309677124023	2:02
85.2%	2130000	4259.999999950377	-337431.58374911547	9300.406744839514	-328131.17700427596	292.4393454853671	26.679356431698288	1.2353680927408244	528	695.1610612869263	2:01
85.4%	2135000	4269.999999952414	-336987.4966879468	9333.719994882511	-327653.77669306425	293.4868378484264	26.575385991861328	1.2402012027472846	528	696.7889592647552	1:59
85.6%	2140000	4279.999999954452	-337056.8128330683	9405.246124387444	-327651.5667086809	295.73588512898004	26.650343105071208	1.2367129961755774	528	698.4196398258209	1:57
85.8%	2145000	4289.999999956489	-337128.4401598227	9637.178379020294	-327491.2617808024	303.028697002978	26.635168288979706	1.2374175868908048	528	700.0517203807831	1:56
86.0%	2150000	4299.999999958526	-337216.9785274511	9633.782521229294	-327583.1960062218	302.9219186160743	26.762128132040818	1.2315472636542675	528	701.7185032367706	1:54
86.2%	2155000	4309.999999960563	-336898.92361175054	9389.624587960045	-327509.2990237905	295.2446859789171	26.765375183748336	1.2313978580278606	528	703.3564455509186	1:52
86.4%	2160000	4319.999999962601	-336967.98258398916	9540.101145861196	-327427.88143812795	299.976228083559	26.756064374129718	1.231826370639452	528	704.985458612442	1:51
86.6%	2165000	4329.999999964638	-337091.84950449446	9767.25870882016	-327324.5907956743	307.11890591005624	26.801446772492067	1.2297405416340204	528	706.6172959804535	1:49
86.8%	2170000	4339.999999966675	-337165.89372512035	9906.721166185702	-327259.17255893466	311.50412376887624	26.801446772492067	1.2297405416340204	528	708.2492508888245	1:47
87.0%	2175000	4349.9999999687125	-336978.4328007878	9724.529743756186	-327253.9030570316	305.77534848086003	26.786204388233756	1.2304403114708338	528	709.8790259361267	1:46
87.2%	2180000	4359.99999997075	-337263.8251141383	9560.741921358745	-327703.08319277957	300.62525075992346	26.786204388233756	1.2304403114708338	528	711.5095539093018	1:44
87.4%	2185000	4369.999999972787	-336832.9444181709	9498.698430339171	-327334.24598783173	298.67437286789374	26.74190087348152	1.2324787914857327	528	713.1511993408203	1:43
87.6%	2190000	4379.999999974824	-336762.4017828514	9313.899504893529	-327448.50227795786	292.8636079963778	26.74039847120296	1.2325480379835587	528	714.7811872959137	1:41
87.8%	2195000	4389.999999976862	-337066.28099256894	9652.093431407931	-327414.187561161	303.49768166975514	26.70618309361079	1.2341271515683145	528	716.4121918678284	1:39
88.0%	2200000	4399.999999978899	-336988.0992467274	9656.59768071995	-327331.50156600744	303.6393120045188	26.703960738639218	1.2342298580034265	528	718.0824582576752	1:38
88.2%	2205000	4409.999999980936	-337181.0501537892	9446.00006609615	-327735.0500876931	297.0173404853123	26.681515503999947	1.235268126566452	528	719.7248423099518	1:36
88.4%	2210000	4419.999999982973	-337203.20506115956	9717.72385553254	-327485.48120562703	305.56134606653836	26.59776550382801	1.2391576903644874	528	721.3539299964905	1:34
88.6%	2215000	4429.999999985011	-337229.02091946104	9464.025689944536	-327764.9952295165	297.58413307673436	26.59481788597261	1.239295031531832	528	722.9862146377563	1:33
88.8%	2220000	4439.999999987048	-337092.550905539	9546.496686565511	-327546.0542189735	300.17732764714884	26.523116942596463	1.2426452645785182	528	724.6153402328491	1:31
89.0%	2225000	4449.999999989085	-336830.522173408	9518.961947428686	-327311.5602259793	299.3115331381344	26.48465105576304	1.2444500628377333	528	726.2452011108398	1:29
89.2%	2230000	4459.999999991122	-337123.15327757114	9713.819417399694	-327409.33386017143	305.43857602396025	26.517281018179524	1.2429187460050706	528	727.8750009536743	1:28
89.4%	2235000	4469.99999999316	-337370.86264860164	9557.11536302452	-327813.7472855771	300.5112182907292	26.590672510581914	1.2394882324794003	528	729.5033717155457	1:26
89.6%	2240000	4479.999999995197	-337217.8995754972	9670.04199474581	-327547.8575807514	304.06205119239394	26.665583110820705	1.2360061857115474	528	731.1295754909515	1:25
89.8%	2245000	4489.999999997234	-337181.53993271635	9390.322357987188	-327791.2175747292	295.26662646126755	26.657464707618573	1.236382605475617	528	732.7588653564453	1:23
90.0%	2250000	4499.9999999992715	-336920.7312736886	9478.851030383228	-327441.8802433054	298.0502968664949	26.733901410585368	1.2328475804706012	528	734.4373693466187	1:21
90.2%	2255000	4510.000000001309	-336928.2455264399	9590.87687273255	-327337.3686537074	301.572805603251	26.693575674553568	1.234710031822328	528	736.0751812458038	1:20
90.4%	2260000	4520.000000003346	-336978.5445014282	9558.376016938855	-327420.1684844893	300.5508579339949	26.75916635078059	1.2316835748367148	528	737.7069706916809	1:18
90.6%	2265000	4530.000000005383	-337090.62356960546	9391.503934955523	-327699.11963464995	295.3037796315257	26.6691860435947	1.235839204717524	528	739.3403630256653	1:16
90.8%	2270000	4540.000000007421	-337002.1761084277	9309.326195666907	-327692.8499127608	292.71980616129383	26.6691860435947	1.235839204717524	528	740.9722182750702	1:15
91.0%	2275000	4550.000000009458	-337241.1978926276	9625.853303795086	-327615.3445888325	302.67259455742953	26.64770844387783	1.2368352700943739	528	742.6040103435516	1:13
91.2%	2280000	4560.000000011495	-337561.56467399246	9581.270472036635	-327980.29420195584	301.27074467096514	26.630987416162018	1.2376118525210016	528	744.2330107688904	1:11
91.4%	2285000	4570.000000013532	-337569.76198215905	9637.448910618885	-327932.31307154015	303.0372035216492	26.658009209872063	1.2363573517850823	528	745.8623607158661	1:10
91.6%	2290000	4580.00000001557	-337750.4700707324	9489.98866922334	-328260.4814015091	298.40050561564044	26.668162768547717	1.2358866246853426	528	747.4921972751617	1:08
91.8%	2295000	4590.000000017607	-337530.1162225489	9553.654756986201	-327976.4614655627	300.40240397834543	26.690847963662105	1.2348362148497907	528	749.1199922561646	1:07
92.0%	2300000	4600.000000019644	-337731.83222952025	9581.028049707284	-328150.80417981296	301.26312201216416	26.5628266649318	1.2407875896013711	528	750.7938930988312	1:05
92.2%	2305000	4610.000000021681	-337612.2381096794	9543.772070120374	-328068.46603955905	300.09165558228386	26.53464541831449	1.2421053739738777	528	752.4314470291138	1:03
92.4%	2310000	4620.000000023719	-337571.5362718657	9785.535041947942	-327786.00122991775	307.6935817327805	26.61089295784881	1.2385463998816562	528	754.0695307254791	1:02
92.6%	2315000	4630.000000025756	-337436.14199021005	9487.60870798965	-327948.5332822204	298.3256707912552	26.668483945702217	1.2358717405040667	528	755.6999623775482	1:00
92.8%	2320000	4640.000000027793	-337237.08541864785	9523.411294686415	-327713.6741239614	299.4514371483121	26.783692069191545	1.230555727172927	528	757.329628944397	0:58
93.0%	2325000	4650.0000000298305	-337505.21333100344	9390.788827074099	-328114.42450392933	295.2812939826145	26.737574320510422	1.2326782256121493	528	758.9610357284546	0:57
93.2%	2330000	4660.000000031868	-337609.8388681655	9564.06089250339	-328045.7779756621	300.72961154497875	26.66559539968118	1.236005616097131	528	760.5927345752716	0:55
93.4%	2335000	4670.000000033905	-337657.41787399	9354.081264478795	-328303.3366095112	294.1270718206978	26.648440698531015	1.2368012839264024	528	762.2235531806946	0:53
93.6%	2340000	4680.000000035942	-337443.5466999226	9493.115494748648	-327950.43120517395	298.49882462847023	26.648440698531015	1.2368012839264024	528	763.8551781177521	0:52
93.8%	2345000	4690.00000003798	-337610.79167154897	9641.135724727157	-327969.6559468218	303.15313065627134	26.50788547329299	1.2433592903434778	528	765.4832503795624	0:50
94.0%	2350000	4700.000000040017	-337561.62524361536	9579.532815445822	-327982.09242816956	301.2161062911569	26.550972348164755	1.2413415689033296	528	767.1541538238525	0:49
94.2%	2355000	4710.000000042054	-337892.8196210978	9857.262875293145	-328035.5567458047	309.9489713315412	26.521781854971756	1.2427078184568252	528	768.7925279140472	0:47
94.4%	2360000	4720.000000044091	-337625.9668331437	9714.820571070133	-327911.1462620736	305.47005601533544	26.562774588531987	1.2407900221691885	528	770.422197341919	0:45
94.6%	2365000	4730.000000046129	-337522.2060334104	9381.831148655612	-328140.37488475477	294.9996312891819	26.488390633031134	1.2442743739017488	528	772.0534901618958	0:44
94.8%	2370000	4740.000000048166	-337821.1095606327	9570.165177714203	-328250.94438291853	300.92155295363773	26.535928093495208	1.2420453339508033	528	773.6834020614624	0:42
95.0%	2375000	4750.000000050203	-337373.4451674821	9603.526019520199	-327769.9191479619	301.97054177856194	26.586876949543182	1.2396651826812648	528	775.3201885223389	0:40
95.2%	2380000	4760.0000000522405	-337498.56292372476	9624.159260067741	-327874.403663657	302.6193275281006	26.589457318046787	1.2395448796245252	528	776.9503302574158	0:39
95.4%	2385000	4770.000000054278	-337735.27698112477	9936.508994101476	-327798.7679870233	312.44076376088015	26.623579637728128	1.2379562072064116	528	778.5813131332397	0:37
95.6%	2390000	4780.000000056315	-337481.95285205764	9703.432296073042	-327778.5205559846	305.1119663341282	26.622391176352586	1.238011471330777	528	780.2101509571075	0:35
95.8%	2395000	4790.000000058352	-337703.151076721	9799.861987354827	-327903.2890893662	308.1440741308597	26.68891947510933	1.2349254416731963	528	781.8421714305878	0:34
96.0%	2400000	4800.0000000603895	-337955.810884532	9426.866923970962	-328528.943960561	296.41572340407293	26.632364565919847	1.2375478560681608	528	783.5123291015625	0:32
96.2%	2405000	4810.000000062427	-337457.10726339975	9491.134124170718	-327965.97313922906	298.43652297534135	26.632373303951645	1.237547450031027	528	785.1524250507355	0:31
96.4%	2410000	4820.000000064464	-337677.4020602462	9488.166026678518	-328189.2360335677	298.3431949616567	26.58818664543399	1.2396041185546516	528	786.7860519886017	0:29
96.6%	2415000	4830.000000066501	-337868.47496537433	9648.124234934725	-328220.3507304396	303.3728753843342	26.56340147937749	1.2407607397782756	528	788.4161682128906	0:27
96.8%	2420000	4840.000000068539	-337723.4280255775	9282.09784143468	-328441.3301841428	291.8636455321112	26.56340147937749	1.2407607397782756	528	790.0430746078491	0:26
97.0%	2425000	4850.000000070576	-337698.6527882175	9806.531942658588	-327892.12084555894	308.3538023090956	26.57721865711262	1.2401156831269582	528	791.6729629039764	0:24
97.2%	2430000	4860.000000072613	-337334.41604448465	9529.506744233486	-327804.90930025117	299.64310073087245	26.61127875608079	1.2385284439985254	528	793.3029298782349	0:22
97.4%	2435000	4870.00000007465	-337754.93626353977	9306.941195004914	-328447.99506853486	292.6448128785579	26.61127875608079	1.2385284439985254	528	794.9322080612183	0:21
97.6%	2440000	4880.000000076688	-337855.4207844873	9648.235568512826	-328207.18521597446	303.37637612571075	26.70711492587684	1.2340840919003784	528	796.568596124649	0:19
97.8%	2445000	4890.000000078725	-337382.02058805357	9599.808600792849	-327782.2119872607	301.8536523209988	26.70711492587684	1.2340840919003784	528	798.1997530460358	0:17
98.0%	2450000	4900.000000080762	-337748.77549435385	9655.165864523144	-328093.6096298307	303.59429038310617	26.776388919082603	1.230891356193708	528	799.8692834377289	0:16
98.2%	2455000	4910.0000000827995	-337922.0023004892	9454.780427545384	-328467.22187294386	297.2934276743767	26.699090982794655	1.2344549742093835	498	850.209198474884	0:15
98.4%	2460000	4920.000000084837	-337602.771026481	9519.739935194379	-328083.0310912866	299.335995964249	26.699090982794655	1.2344549742093835	498	851.8400468826294	0:13
98.6%	2465000	4930.000000086874	-337663.06760903547	9622.41347125922	-328040.65413777623	302.56443344115087	26.700780996905852	1.2343768399283566	498	853.470180273056	0:12
98.8%	2470000	4940.000000088911	-337640.8055088165	9742.869763107688	-327897.9357457088	306.35202683509635	26.700780996905852	1.2343768399283566	498	855.1010353565216	0:10
99.0%	2475000	4950.000000090949	-337604.7179119405	9626.508202882935	-327978.2097090575	302.6931870181535	26.636123552710494	1.2373732088063494	498	856.7303695678711	0:08
99.2%	2480000	4960.000000092986	-337573.89663179056	9450.237737690084	-328123.65889410046	297.1505886260992	26.612755234696824	1.2384597303029015	498	858.3590612411499	0:06
99.4%	2485000	4970.000000095023	-337611.87525663705	9486.896321260076	-328124.978935377	298.30327070546923	26.56186328645624	1.240832592018697	498	859.9926280975342	0:05
99.6%	2490000	4980.00000009706	-337726.62684437993	9514.659402658503	-328211.9674417214	299.1762451436375	26.568292894700097	1.2405323067314746	498	861.6216850280762	0:03
99.8%	2495000	4990.000000099098	-337769.46967964293	9513.688424750442	-328255.78125489247	299.1457139903553	26.633111083549004	1.2375131679955362	498	863.2482392787933	0:01
100.0%	2500000	5000.000000101135	-337624.3359291991	9301.657084831517	-328322.6788443676	292.47866082059136	26.612670128225922	1.2384636908576483	498	864.925553560257	0:00
