#"Progress (%)"	"Step"	"Time (ps)"	"Potential Energy (kJ/mole)"	"Kinetic Energy (kJ/mole)"	"Total Energy (kJ/mole)"	"Temperature (K)"	"Box Volume (nm^3)"	"Density (g/mL)"	"Speed (ns/day)"	"Elapsed Time (s)"	"Time Remaining"
0.2%	5000	10.000000000000009	-266094.7128560926	9501.138775249483	-256593.57408084313	292.33128214411715	34.76959511106452	0.9687550823494328	0	0.0008261203765869141	--
0.4%	10000	19.999999999999794	-266701.5871277845	10035.934725287061	-256665.65240249745	308.78589768633265	34.4097103798757	0.978887110737647	544	1.5895328521728516	13:11
0.6%	15000	29.99999999999425	-267805.2570068092	10070.02936657592	-257735.22764023326	309.83492248619973	34.02673046577708	0.9899047458865663	542	3.186882972717285	13:11
0.8%	20000	40.00000000000292	-267893.9923553869	9543.529978863846	-258350.46237652306	293.6355757869488	33.92999569006877	0.9927269747615894	541	4.786986589431763	13:11
1.0%	25000	50.00000000001514	-269389.06976269267	9866.523671416657	-259522.54609127602	303.5734540247021	33.39868691503034	1.0085193487028186	542	6.380727291107178	13:09
1.2%	30000	60.00000000002736	-270775.590947897	9937.492800925482	-260838.09814697152	305.75703402629216	32.86733147803475	1.0248237523507575	541	7.985139846801758	13:08
1.4%	35000	70.00000000001826	-271127.0343932486	9738.409494842086	-261388.62489840653	299.6316337455957	32.625331082078674	1.0324254454410173	540	9.599803447723389	13:08
1.6%	40000	79.99999999999496	-271478.52330287365	9727.272094704136	-261751.25120816953	299.2889579317701	32.441597086461	1.0382726191101395	539	11.21432614326477	13:08
1.8%	45000	89.99999999997165	-271563.30945269146	9745.01321846216	-261818.29623422932	299.8348172837428	32.00935358835494	1.0522931018303898	538	12.838399410247803	13:07
2.0%	50000	99.99999999994834	-271945.77164751734	9735.566999759409	-262210.2046477579	299.5441757838015	31.478245130060646	1.070047641979553	536	14.510374546051025	13:10
2.2%	55000	109.99999999992504	-272213.5761826806	9544.057018846486	-262669.5191638341	293.65179176668664	31.43314251069662	1.071583026215512	535	16.14900827407837	13:09
2.4%	60000	119.99999999990173	-272128.439268038	9969.089051468294	-262159.3502165697	306.7291882754426	31.27170827360383	1.0771148694651722	534	17.788930654525757	13:09
2.6%	65000	129.99999999989262	-272479.8865105092	9994.851551371547	-262485.0349591376	307.52184953490917	30.780411211848303	1.0943070819700438	534	19.431072235107422	13:08
2.8%	70000	139.99999999994037	-272610.44047938817	9369.84423589005	-263240.59624349815	288.291608381068	30.23394867756848	1.1140861001747475	533	21.088735580444336	13:08
3.0%	75000	149.99999999998812	-272848.6927778357	9726.604248444126	-263122.08852939156	299.2684096208694	30.22336149877936	1.1144763621490652	532	22.737513065338135	13:07
3.2%	80000	160.00000000003587	-272738.60903437587	9566.116974112658	-263172.49206026323	294.3305330375542	30.069966461583835	1.1201616076994318	531	24.39028787612915	13:06
3.4%	85000	170.00000000008362	-273334.63100980205	9978.831538332428	-263355.7994714696	307.02894536179144	29.610968475389683	1.1375251708862746	531	26.037107467651367	13:05
3.6%	90000	180.00000000013137	-273632.7634455336	10011.47238237546	-263621.29106315813	308.03323969061677	29.30194101719087	1.1495218680330581	530	27.6902813911438	13:05
3.8%	95000	190.0000000001791	-273774.61967539677	9650.106544553846	-264124.51313084294	296.91472630055193	29.065861697421106	1.1588585374045288	530	29.343411922454834	13:04
4.0%	100000	200.00000000022686	-273819.2613490297	9616.873724697885	-264202.38762433187	295.89221804469264	29.065861697421106	1.1588585374045288	529	31.03504490852356	13:04
4.2%	105000	210.0000000002746	-274026.6284313931	9651.303580548847	-264375.3248508443	296.9515567348261	29.001857532949998	1.1614160209154565	528	32.70181632041931	13:03
4.4%	110000	220.00000000032236	-274036.2223765418	9656.25774787026	-264379.9646286715	297.1039866823602	29.001857532949998	1.1614160209154565	528	34.35790181159973	13:02
4.6%	115000	230.0000000003701	-273745.37618659384	9738.574402449793	-264006.8017841441	299.63670762711	28.97078125716555	1.1626618445695047	528	36.01334309577942	13:00
4.8%	120000	240.00000000041786	-274270.3202362777	9970.996469378904	-264299.32376689883	306.7878757587626	28.852710730113696	1.1674196677790976	528	37.67098546028137	12:59
5.0%	125000	250.0000000004656	-273835.77252878214	9771.2537901991	-264064.518738583	300.6421878696811	28.852710730113696	1.1674196677790976	527	39.327348947525024	12:58
5.2%	130000	260.00000000051335	-273944.10033970844	9656.37480286449	-264287.72553684394	297.10758823343247	28.82520357508807	1.1685337065298704	527	40.985217571258545	12:57
5.4%	135000	270.0000000005611	-273970.9711769677	9499.264955995035	-264471.7062209727	292.2736284251138	28.844552503150894	1.1677498540286346	527	42.648988008499146	12:55
5.6%	140000	280.00000000060885	-274308.7622421001	9685.469930064623	-264623.29231203545	298.00278785526285	28.71827129435793	1.1728847335491686	527	44.29500150680542	12:54
5.8%	145000	290.0000000006566	-274157.2790969528	9492.81789047201	-264664.4612064808	292.075264947325	28.71827129435793	1.1728847335491686	526	45.94991731643677	12:52
6.0%	150000	300.00000000070435	-273935.07108837995	9671.275393691021	-264263.7956946889	297.5660499951291	28.71827129435793	1.1728847335491686	526	47.65356087684631	12:52
6.2%	155000	310.0000000007521	-274625.226941221	9851.68498990981	-264773.54195131117	303.1168970905455	28.71827129435793	1.1728847335491686	526	49.31915879249573	12:51
6.4%	160000	320.00000000079984	-274390.0876448011	9760.527267236372	-264629.56037756475	300.3121539353478	28.669284142951692	1.174888839467473	525	50.97591710090637	12:49
6.6%	165000	330.0000000008476	-274682.4767258253	10057.87865253947	-264624.59807328583	309.46106900428924	28.669284142951692	1.174888839467473	525	52.627487659454346	12:48
6.8%	170000	340.00000000089534	-274974.4478125206	9639.62615012936	-265334.82166239124	296.59226525541203	28.625062319653644	1.1767038827352778	525	54.280357837677	12:46
7.0%	175000	350.0000000009431	-274531.27136933355	9977.309802481717	-264553.9615668518	306.98212455400767	28.625062319653644	1.1767038827352778	525	55.93894362449646	12:45
7.2%	180000	360.00000000099084	-274845.5809241476	9890.227269058316	-264955.35365508933	304.30276692644236	28.625062319653644	1.1767038827352778	525	57.589964866638184	12:43
7.4%	185000	370.0000000010386	-274731.4893224322	9785.057716082103	-264946.4316063501	301.0669074161962	28.44258629620782	1.184253134517751	525	59.245954275131226	12:41
7.6%	190000	380.00000000108633	-274466.34248288145	9907.057061298183	-264559.2854215833	304.8205864068309	28.44258629620782	1.184253134517751	525	60.900336503982544	12:40
7.8%	195000	390.0000000011341	-274881.1826223935	9843.620578567046	-265037.56204382645	302.8687710749873	28.44258629620782	1.184253134517751	525	62.554728269577026	12:38
8.0%	200000	400.00000000118183	-274689.1646991911	9537.346871981674	-265151.8178272094	293.44533379540894	28.27810833718276	1.191141273434681	524	64.25628590583801	12:37
8.2%	205000	410.0000000012296	-275119.4429445774	9616.507987266647	-265502.93495731073	295.88096502600393	28.094389610814577	1.198930549539678	524	65.91903567314148	12:36
8.4%	210000	420.00000000127733	-275118.8701069092	9893.198284680655	-265225.6718222285	304.3941792115057	28.094389610814577	1.198930549539678	524	67.57827758789062	12:34
8.6%	215000	430.0000000013251	-274989.13818416605	9962.463053411118	-265026.67513075494	306.525319396842	28.075923597330988	1.1997191065970063	524	69.23788547515869	12:33
8.8%	220000	440.0000000013728	-275427.3738801932	9711.653850897072	-265715.7200292961	298.8084154047151	28.075923597330988	1.1997191065970063	524	70.89707469940186	12:31
9.0%	225000	450.0000000014206	-275040.7450645244	9898.312412358828	-265142.4326521656	304.55153082340956	27.962298054218618	1.2045941971494727	524	72.55508613586426	12:30
9.2%	230000	460.0000000014683	-275251.75496428314	9810.481372202892	-265441.2735920802	301.849143121451	27.95590692714715	1.2048695849093334	524	74.2098605632782	12:28
9.4%	235000	470.00000000151607	-275465.0837714133	10040.581890714117	-265424.5018806992	308.928881791687	27.95590692714715	1.2048695849093334	524	75.86629748344421	12:27
9.6%	240000	480.0000000015638	-275263.60381533206	9811.982812592367	-265451.6210027397	301.8953394779616	27.81253772834522	1.2110804955689967	524	77.51859474182129	12:25
9.8%	245000	490.00000000161157	-275071.27168139926	9907.200847086946	-265164.0708343123	304.82501041167683	27.78298700346967	1.2123686330368015	524	79.17471694946289	12:23
10.0%	250000	500.0000000016593	-275386.93394908047	9860.107238807064	-265526.8267102734	303.3760330611814	27.78298700346967	1.2123686330368015	523	80.8717052936554	12:22
10.2%	255000	510.00000000170706	-275321.20042068535	9746.983813168226	-265574.2166075171	299.8954485923299	27.855478769612294	1.2092135358240894	523	82.53269147872925	12:21
10.4%	260000	520.0000000015274	-274914.2228331219	9839.575143674423	-265074.64768944745	302.74430103018886	27.769013334790504	1.212978710081701	523	84.19808340072632	12:19
10.6%	265000	530.0000000012909	-274908.6736372871	9842.420945848691	-265066.2526914384	302.8318607446622	27.901794452637528	1.2072062975107933	523	85.8476243019104	12:17
10.8%	270000	540.0000000010544	-275302.2677235928	9641.81717887726	-265660.45054471557	296.6596788842664	27.837305153881818	1.2100029722301882	523	87.49594402313232	12:16
11.0%	275000	550.000000000818	-275372.118507235	9694.256973737427	-265677.8615334976	298.27314784093306	27.86029347529042	1.2090045643255602	523	89.15039110183716	12:14
11.2%	280000	560.0000000005815	-275226.8556376042	9614.320305916899	-265612.5353316873	295.813654389982	27.836131379851963	1.2100539947679638	523	90.80226826667786	12:13
11.4%	285000	570.000000000345	-275610.1245629991	9844.204345332999	-265765.92021766613	302.8867324258528	27.697692249227902	1.216102109590545	523	92.45003843307495	12:11
11.6%	290000	580.0000000001086	-275550.88905841054	9949.441274843744	-265601.4477835668	306.124664979046	27.662901798425292	1.217631549304533	523	94.09073829650879	12:09
11.8%	295000	589.9999999998721	-275602.5835161115	9677.258992651137	-265925.32452346035	297.75015352179304	27.655444232497402	1.2179598957768758	523	95.73786807060242	12:07
12.0%	300000	599.9999999996356	-275528.31991497375	9881.523565746516	-265646.79634922725	304.0349711591425	27.584647486956385	1.2210858228658934	523	97.42718982696533	12:06
12.2%	305000	609.9999999993992	-275790.4756489551	9917.013414844032	-265873.46223411104	305.126923748742	27.60646310126945	1.2201208771842582	523	99.08586120605469	12:04
12.4%	310000	619.9999999991627	-275637.0223463919	9715.368593798607	-265921.6537525933	298.9227107098285	27.664958375083554	1.2175410321749314	523	100.73600959777832	12:03
12.6%	315000	629.9999999989262	-275644.8548081375	9866.060294034698	-265778.7945141028	303.55919681749896	27.64454950298185	1.218439894325011	523	102.39049291610718	12:01
12.8%	320000	639.9999999986898	-275855.00781054515	9771.40274031991	-266083.60507022525	300.64677077082825	27.64454950298185	1.218439894325011	523	104.04521942138672	12:00
13.0%	325000	649.9999999984533	-276030.1087644525	9843.944987925554	-266186.163776527	302.87875251047154	27.638641474584997	1.218700347701569	523	105.70639157295227	11:58
13.2%	330000	659.9999999982168	-275493.17292790196	9732.327656625768	-265760.8452712762	299.4445075909709	27.580356617279982	1.2212757957586422	523	107.35216069221497	11:56
13.4%	335000	669.9999999979804	-275844.9274295602	9727.543297036193	-266117.384132524	299.29730229209633	27.467324130165323	1.2263015434431765	523	109.0029969215393	11:55
13.6%	340000	679.9999999977439	-276006.53557220695	9665.30140171375	-266341.2341704932	297.3822420563604	27.637201409536033	1.2187638493474076	523	110.65667510032654	11:53
13.8%	345000	689.9999999975074	-275783.9208787321	9568.663025344264	-266215.25785338785	294.40887000731607	27.675852329261946	1.217061775527041	523	112.31106066703796	11:51
14.0%	350000	699.999999997271	-275907.8258549945	9963.912909138984	-265943.91294585547	306.5699285951578	27.71369541422362	1.215399876184984	523	114.00793790817261	11:50
14.2%	355000	709.9999999970345	-275961.9835901441	9723.928365138583	-266238.0552250055	299.18607797451824	27.6893502082166	1.2164684877682865	523	115.66419053077698	11:48
14.4%	360000	719.999999996798	-275973.77658347145	9697.315882875511	-266276.4607005959	298.3672644359488	27.765803519796794	1.2131189342696267	523	117.31878733634949	11:47
14.6%	365000	729.9999999965615	-275587.7255578297	9560.213565358825	-266027.5119924709	294.1488968052192	27.599708209506446	1.2204194957203893	523	118.97538018226624	11:45
14.8%	370000	739.9999999963251	-275974.78869253385	9841.08169378879	-266133.70699874504	302.7906546028464	27.60037915421584	1.2203898282292536	523	120.63272356987	11:43
15.0%	375000	749.9999999960886	-275475.578500271	9981.76445307761	-265493.8140471934	307.1191853580866	27.660022465229872	1.21775830144091	523	122.28848552703857	11:42
15.2%	380000	759.9999999958521	-275677.3451111613	9682.440226917111	-265994.9048842442	297.9095698709161	27.6775114460869	1.2169888192689353	523	123.9437005519867	11:40
15.4%	385000	769.9999999956157	-275828.0760513971	9883.206531271531	-265944.86952012556	304.086752685691	27.721594609677716	1.2150535511877372	523	125.6025276184082	11:39
15.6%	390000	779.9999999953792	-275633.39915618213	9867.330832425176	-265766.068323757	303.5982887753671	27.79981970054283	1.2116345479182382	523	127.25704193115234	11:37
15.8%	395000	789.9999999951427	-275922.94204247126	9546.421805991653	-266376.5202364796	293.724551598376	27.629769764293147	1.2190916631743225	523	128.92279171943665	11:35
16.0%	400000	799.9999999949063	-276039.68204674806	9707.685104997041	-266331.99694175104	298.6863049288127	27.629769764293147	1.2190916631743225	523	130.62546968460083	11:34
16.2%	405000	809.9999999946698	-275767.92683021247	9725.857147868883	-266042.0696823436	299.2454228111598	27.74329324964813	1.2141032310756024	522	132.2958436012268	11:32
16.4%	410000	819.9999999944333	-275606.84686343936	9662.411815637966	-265944.4350478014	297.29333519767937	27.717370573675495	1.2152387213477711	522	133.95153260231018	11:31
16.6%	415000	829.9999999941969	-275828.6428152845	10091.245555312009	-265737.39725997247	310.48770272677353	27.659803767886533	1.2177679298716677	522	135.60842609405518	11:29
16.8%	420000	839.9999999939604	-276321.8029995126	9576.518276058492	-266745.2847234541	294.6505605632772	27.55905641925363	1.2222197111053328	522	137.26171350479126	11:27
17.0%	425000	849.9999999937239	-276075.40579193656	9653.678410467548	-266421.727381469	297.0246255628298	27.480349750477785	1.2257202794331288	522	138.91415071487427	11:26
17.2%	430000	859.9999999934874	-275940.82799585396	9666.560500681515	-266274.26749517245	297.4209820457763	27.480349750477785	1.2257202794331288	522	140.57239890098572	11:24
17.4%	435000	869.999999993251	-276156.2747413667	9797.800818225647	-266358.473923141	301.4589875106181	27.412695540488194	1.2287453426579686	522	142.22505736351013	11:23
17.6%	440000	879.9999999930145	-275781.58075811743	9617.614231150783	-266163.96652696666	295.9150019662764	27.458754733625348	1.2266842506819167	522	143.88117814064026	11:21
17.8%	445000	889.999999992778	-275999.9275580943	9707.022477643277	-266292.90508045105	298.66591719335366	27.458754733625348	1.2266842506819167	522	145.5370271205902	11:19
18.0%	450000	899.9999999925416	-275705.36999696237	9699.149717898645	-266006.22027906374	298.42368791909485	27.458754733625348	1.2266842506819167	522	147.24437975883484	11:18
18.2%	455000	909.9999999923051	-275928.0028804565	9796.691234166876	-266131.31164628966	301.4248477997666	27.495418480362925	1.2250485294170779	522	148.9077730178833	11:16
18.4%	460000	919.9999999920686	-275713.54649572045	9653.418108922864	-266060.1283867976	297.01661659820974	27.542372099589453	1.2229600941154166	522	150.5641152858734	11:15
18.6%	465000	929.9999999918322	-276177.2398814957	9923.78528708033	-266253.4545944154	305.3352808878368	27.46615316478762	1.226353824395714	522	152.22075700759888	11:13
18.8%	470000	939.9999999915957	-275982.03239585785	9575.264684589149	-266406.7677112687	294.6119900287143	27.459648810440907	1.226644310260387	522	153.87612056732178	11:11
19.0%	475000	949.9999999913592	-276113.9651305566	9597.300314115202	-266516.6648164414	295.28998284458436	27.497049257718214	1.2249758750248854	522	155.53341484069824	11:10
19.2%	480000	959.9999999911228	-275842.0459324383	10000.3534641842	-265841.69246825407	307.69113252980213	27.56238786526435	1.2220719822873258	522	157.18852496147156	11:08
19.4%	485000	969.9999999908863	-276222.5419642594	9915.27389798205	-266307.2680662774	305.0734022492036	27.487905778474246	1.22538334664451	522	158.8448965549469	11:06
19.6%	490000	979.9999999906498	-276176.76057455543	9837.102412457303	-266339.65816209815	302.66821997251805	27.43898317801342	1.2275681557349314	522	160.50243878364563	11:05
19.8%	495000	989.9999999904134	-276185.71831309475	9716.969777978982	-266468.7485351158	298.97197598586223	27.433264649020888	1.2278240452245233	522	162.15943717956543	11:03
20.0%	500000	999.9999999901769	-276059.81918319454	9672.98172631234	-266386.83745688223	297.6185504810976	27.484095697755663	1.2255532197781678	522	163.8579454421997	11:02
20.2%	505000	1009.9999999899404	-275914.87687537505	10131.322755722129	-265783.5541196529	311.720799059516	27.538650704232168	1.2231253570422485	522	165.52735090255737	11:00
20.4%	510000	1019.999999989704	-276186.22269500495	9801.61660373543	-266384.6060912695	301.5763916973002	27.393784381884505	1.2295936007056563	522	167.1846740245819	10:58
20.6%	515000	1029.9999999894676	-276073.4738101288	9779.157516229872	-266294.3162938989	300.88536991542816	27.38688431872493	1.2299033940142612	522	168.8408613204956	10:57
20.8%	520000	1039.9999999892311	-276504.08988955227	9559.851236704719	-266944.23865284753	294.1377486678729	27.349303174251236	1.2315934252682441	522	170.50340938568115	10:55
21.0%	525000	1049.9999999889947	-276495.6242050756	9736.372911552799	-266759.25129352283	299.5689720985833	27.349303174251236	1.2315934252682441	522	172.15786957740784	10:53
21.2%	530000	1059.9999999887582	-276292.9131499858	9563.926598281754	-266728.986551704	294.2631394976668	27.360570098839613	1.2310862622158696	522	173.81524920463562	10:52
21.4%	535000	1069.9999999885217	-276478.402590805	9727.755693092695	-266750.6468977123	299.30383729942423	27.360570098839613	1.2310862622158696	522	175.4716408252716	10:50
21.6%	540000	1079.9999999882853	-276188.94546512497	9733.621525681308	-266455.3239394437	299.4843173873416	27.376449239066357	1.2303721962236644	522	177.1268379688263	10:48
21.8%	545000	1089.9999999880488	-276427.72051552584	9732.192664455286	-266695.52785107057	299.4403541483984	27.387689355323758	1.2298672421055565	522	178.7826488018036	10:47
22.0%	550000	1099.9999999878123	-276457.7520702244	9803.56948887121	-266654.1825813532	301.6364781173733	27.387689355323758	1.2298672421055565	522	180.48257040977478	10:45
22.2%	555000	1109.9999999875758	-276268.2077798843	9904.404693497096	-266363.80308638717	304.73897828612553	27.359844409559074	1.231118915402435	522	182.14821314811707	10:44
22.4%	560000	1119.9999999873394	-276569.6799417907	9663.365901662477	-266906.3140401282	297.32269054101437	27.393802139710253	1.229592803630873	522	183.80476832389832	10:42
22.6%	565000	1129.999999987103	-276373.38819199416	9613.434114666681	-266759.9540773275	295.7863880348082	27.393802139710253	1.229592803630873	522	185.46189713478088	10:40
22.8%	570000	1139.9999999868664	-276332.2551990755	9608.410054812266	-266723.84514426324	295.6318076320216	27.393802139710253	1.229592803630873	522	187.11902499198914	10:39
23.0%	575000	1149.99999998663	-276439.8566121354	9931.74026694123	-266508.11634519417	305.5800399127471	27.393802139710253	1.229592803630873	522	188.7752468585968	10:37
23.2%	580000	1159.9999999863935	-276292.8765655947	9625.810437286114	-266667.0661283086	296.1671830474011	27.498332350312893	1.2249187167414708	522	190.4299395084381	10:35
23.4%	585000	1169.999999986157	-276190.22993923223	9734.177452045022	-266456.0524871872	299.5014221439951	27.439327770051626	1.22755273953318	522	192.09370946884155	10:34
23.6%	590000	1179.9999999859206	-276334.5721960518	9773.346225045512	-266561.2259710063	300.7065679588393	27.439327770051626	1.22755273953318	522	193.75226545333862	10:32
23.8%	595000	1189.999999985684	-276049.44075050444	9600.094607944324	-266449.3461425601	295.37595774896977	27.484193916347422	1.2255488400931844	522	195.40974473953247	10:30
24.0%	600000	1199.9999999854476	-276796.1744571614	9894.976648064368	-266901.197809097	304.44889594182365	27.391527289065742	1.2296949206085908	522	197.1043655872345	10:29
24.2%	605000	1209.9999999852112	-276260.9264550427	9649.383470856426	-266611.54298418626	296.892478750437	27.391527289065742	1.2296949206085908	522	198.76890778541565	10:27
24.4%	610000	1219.9999999849747	-276198.42974633566	9887.084947978648	-266311.344798357	304.2060839106632	27.433108414100975	1.22783103783318	522	200.42630100250244	10:26
24.6%	615000	1229.9999999847382	-276429.6168016939	9629.155630911266	-266800.4611707826	296.27010805087633	27.433108414100975	1.22783103783318	522	202.0853931903839	10:24
24.8%	620000	1239.9999999845018	-276805.23825336905	9712.105784191355	-267093.1324691777	298.82232049993434	27.367698861175032	1.2307655877805705	522	203.7408905029297	10:22
25.0%	625000	1249.9999999842653	-276566.4792259969	9862.717605301257	-266703.76162069564	303.4563488845963	27.367698861175032	1.2307655877805705	522	205.40086221694946	10:21
25.2%	630000	1259.9999999840288	-276385.772601549	9731.546819774181	-266654.2257817748	299.4204827826432	27.39204707592663	1.2296715861253789	522	207.05834293365479	10:19
25.4%	635000	1269.9999999837923	-276433.9807842234	9940.910079210169	-266493.07070501323	305.8621769324255	27.247747124773447	1.2361837410202332	522	208.71515250205994	10:17
25.6%	640000	1279.9999999835559	-276472.3879490954	9810.116121110914	-266662.2718279845	301.83790506646113	27.304372412466122	1.2336200761639655	522	210.37172532081604	10:16
25.8%	645000	1289.9999999833194	-276610.3877122799	9672.590388784989	-266937.7973234949	297.6065097979934	27.209802459649712	1.2379076263058386	522	212.03048253059387	10:14
26.0%	650000	1299.999999983083	-276544.3101766347	10038.026666814709	-266506.28350982	308.85026259704637	27.275289161160174	1.2349354676334805	521	213.74025106430054	10:13
26.2%	655000	1309.9999999828465	-276484.4749325548	9697.035243057546	-266787.4396894973	298.3586297028134	27.326936746059726	1.232601454311652	521	215.40520906448364	10:11
26.4%	660000	1319.99999998261	-276522.66493293265	9921.211873541195	-266601.45305939147	305.2561020338933	27.311167915472822	1.2333131296077933	521	217.06102204322815	10:09
26.6%	665000	1329.9999999823735	-276765.0656479923	9927.453030089508	-266837.6126179028	305.4481300990535	27.32745467111349	1.232578093366325	521	218.71764254570007	10:08
26.8%	670000	1339.999999982137	-276772.220669838	9816.493889213389	-266955.72678062465	302.0341363994326	27.233990310946268	1.2368081794292665	521	220.37792038917542	10:06
27.0%	675000	1349.9999999819006	-276952.6431673449	9494.739571529508	-267457.9035958154	292.13439127951517	27.234892215554943	1.2367672215657932	521	222.0335669517517	10:04
27.2%	680000	1359.9999999816641	-276891.84195332904	9632.094457795909	-267259.74749553314	296.3605299520305	27.25198253830724	1.235991617407222	521	223.68632459640503	10:03
27.4%	685000	1369.9999999814277	-276737.03054094355	9629.93540081558	-267107.095140128	296.2941000313429	27.36988746105752	1.230667171101853	521	225.34009790420532	10:01
27.6%	690000	1379.9999999811912	-276727.6534364556	9684.662831898882	-267042.9906045567	297.9779550381461	27.223677201599262	1.2372767178233002	521	226.99707961082458	9:59
27.8%	695000	1389.9999999809547	-277003.81278258056	9850.516104571625	-267153.2966780089	303.08093279640406	27.253631947518517	1.2359168143144548	521	228.6514070034027	9:58
28.0%	700000	1399.9999999807183	-276824.78498905257	9665.234365945991	-267159.5506231066	297.3801794981342	27.299172332691793	1.2338550621455582	521	230.3426787853241	9:56
28.2%	705000	1409.9999999804818	-276957.6568111143	9677.107028929935	-267280.54978218436	297.7454778981116	27.299172332691793	1.2338550621455582	521	232.00003123283386	9:54
28.4%	710000	1419.9999999802453	-276653.1619049353	9888.263358394734	-266764.8985465406	304.24234127264634	27.299172332691793	1.2338550621455582	521	233.66234612464905	9:53
28.6%	715000	1429.9999999800089	-276791.170289171	9694.90678742039	-267096.2635017506	298.2931413250394	27.25640989167996	1.235790850993827	521	235.31218481063843	9:51
28.8%	720000	1439.9999999797724	-276781.1169145056	9716.203245229848	-267064.91366927576	298.94839128652666	27.25640989167996	1.235790850993827	521	236.9633083343506	9:49
29.0%	725000	1449.999999979536	-277032.84027840884	9649.370506503388	-267383.46977190545	296.8920798628894	27.292582382408046	1.234152983514924	521	238.6154327392578	9:48
29.2%	730000	1459.9999999792994	-276671.4870634778	9390.358987422866	-267281.1280760549	288.92280678373504	27.216987851620072	1.2375808138177482	521	240.26725935935974	9:46
29.4%	735000	1469.999999979063	-276803.5284088549	9693.950951969155	-267109.5774568858	298.263732155298	27.198640299365984	1.2384156562363493	521	241.9148871898651	9:44
29.6%	740000	1479.9999999788265	-276868.1796317239	9810.42429779654	-267057.75533392734	301.84738705464883	27.198640299365984	1.2384156562363493	521	243.56604385375977	9:43
29.8%	745000	1489.99999997859	-277114.2188029326	9686.864184531974	-267427.3546184006	298.04568631256546	27.10421674412561	1.2427299520609103	521	245.21561455726624	9:41
30.0%	750000	1499.9999999783536	-276588.7206650453	9606.926570513879	-266981.79409453145	295.58616374898327	27.087798634800865	1.243483179611408	521	246.90620613098145	9:39
30.2%	755000	1509.999999978117	-276987.95071623876	10025.226978588598	-266962.72373765014	308.456441460581	27.18349068324349	1.2391058369791643	521	248.5660605430603	9:38
30.4%	760000	1519.9999999778806	-276873.77703167556	9565.409885307337	-267308.36714636825	294.30877731101043	27.128115116003556	1.2416351755749209	521	250.22149324417114	9:36
30.6%	765000	1529.9999999776442	-276698.88008064526	9758.8505283473	-266940.02955229796	300.26056399009406	27.22887852810354	1.2370403702198212	521	251.87763714790344	9:35
30.8%	770000	1539.9999999774077	-277069.04111120873	9800.051016027546	-267268.99009518116	301.52822165444735	27.169850385051692	1.2397279152338496	521	253.53421783447266	9:33
31.0%	775000	1549.9999999771712	-277168.2916999019	9681.233125260143	-267487.05857464176	297.8724297360957	27.169850385051692	1.2397279152338496	521	255.20160293579102	9:31
31.2%	780000	1559.9999999769348	-276878.7282385097	9781.114338671272	-267097.6138998384	300.9455774786218	27.169850385051692	1.2397279152338496	521	256.8587031364441	9:30
31.4%	785000	1569.9999999766983	-276870.5766655377	9508.10808020307	-267362.46858533466	292.5457138981341	27.169850385051692	1.2397279152338496	521	258.51672983169556	9:28
31.6%	790000	1579.9999999764618	-276989.566331709	9620.508307922142	-267369.0580237868	296.00404699479435	27.169850385051692	1.2397279152338496	521	260.1748614311218	9:26
31.8%	795000	1589.9999999762254	-277102.96928947774	9622.012199307479	-267480.95709017024	296.05031876360863	27.169850385051692	1.2397279152338496	521	261.83261942863464	9:25
32.0%	800000	1599.9999999759889	-276979.5123628081	9850.929797113355	-267128.58256569476	303.09366129916543	27.115159459044886	1.2422284304081392	521	263.53451561927795	9:23
32.2%	805000	1609.9999999757524	-276885.34308826097	9710.340978101645	-267175.0021101593	298.7680209007869	27.115159459044886	1.2422284304081392	521	265.195232629776	9:21
32.4%	810000	1619.999999975516	-276866.72954340035	9634.376363031417	-267232.35318036895	296.43073967099235	27.115159459044886	1.2422284304081392	521	266.851598739624	9:20
32.6%	815000	1629.9999999752795	-276785.3953573599	9755.808385207392	-267029.5869721525	300.1669632517413	27.185681667152465	1.2390059733456686	521	268.5092656612396	9:18
32.8%	820000	1639.999999975043	-276807.7503324014	9662.483454546527	-267145.2668778549	297.2955393854601	27.185681667152465	1.2390059733456686	521	270.1664345264435	9:16
33.0%	825000	1649.9999999748065	-277009.14572417754	9926.011434595133	-267083.1342895824	305.40377505181425	27.141063824104435	1.2410428048572326	521	271.8214461803436	9:15
33.2%	830000	1659.99999997457	-276964.8493113045	9339.390332759356	-267625.45897854515	287.3546019064673	27.09133339775924	1.243320935168947	521	273.472190618515	9:13
33.4%	835000	1669.9999999743336	-277144.6314816774	9714.226767534507	-267430.4047141429	298.8875789699743	27.272356479474052	1.235068264102029	521	275.12572479248047	9:11
33.6%	840000	1679.9999999740971	-276674.8878918375	9672.076852298205	-267002.8110395393	297.5907092941632	27.268630329087593	1.235237031291068	521	276.7945067882538	9:10
33.8%	845000	1689.9999999738607	-277107.6216480467	9722.963534794939	-267384.6581132518	299.15639204969585	27.142058378797508	1.2409973298630872	521	278.4498641490936	9:08
34.0%	850000	1699.9999999736242	-276975.8646632714	9561.204829917186	-267414.65983335424	294.17939605863967	27.201092709916033	1.2383040025004834	521	280.15116477012634	9:07
34.2%	855000	1709.9999999733877	-276858.04533413996	9861.71806586487	-266996.3272682751	303.4255950295159	27.086619070521326	1.2435373306421091	521	281.81346344947815	9:05
34.4%	860000	1719.9999999731513	-276902.02541509067	9450.205370592808	-267451.82004449784	290.764161839966	27.113712087745558	1.242294742456138	521	283.4700286388397	9:03
34.6%	865000	1729.9999999729148	-277235.8485187705	10093.721859856842	-267142.1266589136	310.56389372868335	27.171181445290326	1.2396671835156499	521	285.1236569881439	9:02
34.8%	870000	1739.9999999726783	-276877.1049578744	9898.801102677326	-266978.3038551971	304.5665668596951	27.195014524696603	1.2385807679744758	521	286.7756769657135	9:00
35.0%	875000	1749.9999999724419	-276795.7849179713	9643.61478203575	-267152.17013593554	296.71498758446944	27.136621550734723	1.2412459639495457	521	288.4312665462494	8:58
35.2%	880000	1759.9999999722054	-276990.42801106645	9962.08370170551	-267028.34430936095	306.5136474938094	27.158381902316624	1.240251429419753	521	290.08752965927124	8:57
35.4%	885000	1769.999999971969	-276893.51908804255	9772.482289649579	-267121.03679839295	300.67998637236246	27.08385905721569	1.2436640548128184	521	291.74467873573303	8:55
35.6%	890000	1779.9999999717324	-276938.6653523897	9603.734245982438	-267334.93110640725	295.48794222571416	27.225699211988157	1.2371848272034156	521	293.40077924728394	8:53
35.8%	895000	1789.999999971496	-277252.0680267448	9830.226695362124	-267421.8413313827	302.45666773213503	27.13163139121309	1.2414742589339638	521	295.05745673179626	8:52
36.0%	900000	1799.9999999712595	-277056.7069700609	9962.92035825643	-267093.78661180445	306.5393897640815	27.095399408749696	1.243134358971608	521	296.7674653530121	8:50
36.2%	905000	1809.999999971023	-277174.37224620825	9780.374214087477	-267393.99803212075	300.9228053063964	27.08760560274125	1.2434920409379786	521	298.43348479270935	8:48
36.4%	910000	1819.9999999707866	-277162.1998700594	10002.702883968843	-267159.49698609055	307.76341953814773	26.966663326350535	1.2490689547847065	521	300.0900239944458	8:47
36.6%	915000	1829.99999997055	-277128.7015750221	10066.858631312458	-267061.84294370963	309.737365222083	26.930294429814428	1.2507558007901007	521	301.74192237854004	8:45
36.8%	920000	1839.9999999703136	-276947.06199267873	9587.360700258423	-267359.70129242033	294.984160549857	27.052490168623766	1.2451061534491372	521	303.39467215538025	8:43
37.0%	925000	1849.9999999700772	-277328.7849874483	9802.559423249992	-267526.22556419834	301.6054003923674	27.052490168623766	1.2451061534491372	521	305.0480434894562	8:42
37.2%	930000	1859.9999999698407	-276978.94034232484	9955.823118042636	-267023.11722428224	306.3210216946888	27.04402133013359	1.2454960585889079	521	306.7040648460388	8:40
37.4%	935000	1869.9999999696042	-277345.74397371104	9773.482685149738	-267572.2612885613	300.71076656683493	27.071794200494967	1.244218308015207	521	308.3551535606384	8:38
37.6%	940000	1879.9999999693678	-277232.9236997355	9678.857048024136	-267554.06665171136	297.799322530601	27.071794200494967	1.244218308015207	521	310.00728130340576	8:37
37.8%	945000	1889.9999999691313	-277261.5777356392	9882.47269956467	-267379.1050360745	304.06417413286505	27.083264909195286	1.2436913381015464	521	311.659339427948	8:35
38.0%	950000	1899.9999999688948	-277253.8216628632	9408.697904157198	-267845.123758706	289.4870590453742	27.085762895497894	1.243576638584341	521	313.3563086986542	8:33
38.2%	955000	1909.9999999686584	-277112.4042404824	9444.358589594369	-267668.04565088806	290.584267931865	27.074641863856762	1.2440874433150337	521	315.01875591278076	8:32
38.4%	960000	1919.999999968422	-277317.074558363	9655.263604898117	-267661.8109534649	297.07339886583037	26.980357914634673	1.248434957076878	521	316.6748218536377	8:30
38.6%	965000	1929.9999999681854	-277056.0513330513	10088.8532350461	-266967.1980980052	310.41409575531713	26.935853921070237	1.2504976479965038	521	318.3380789756775	8:29
38.8%	970000	1939.999999967949	-277165.230102325	9885.379269293702	-267279.8508330313	304.1536035450259	26.90478831438686	1.2519415347737277	521	319.9931879043579	8:27
39.0%	975000	1949.9999999677125	-277251.69736027316	9810.50956559172	-267441.18779468146	301.8500105763634	27.054636651917725	1.2450073681802027	521	321.6448335647583	8:25
39.2%	980000	1959.999999967476	-277366.0463521047	9867.684952873056	-267498.36139923165	303.60918436241315	27.043489023793303	1.245520574118254	521	323.3024911880493	8:24
39.4%	985000	1969.9999999672395	-277175.3889566762	9933.724478307913	-267241.66447836824	305.64109017909817	27.010348821473986	1.247048758892615	521	324.9560983181	8:22
39.6%	990000	1979.999999967003	-277092.69586080196	9807.432764034145	-267285.2630967678	301.7553434669247	27.01725766739039	1.246729863916985	521	326.61180305480957	8:20
39.8%	995000	1989.9999999667666	-276963.0982576429	9848.41608337647	-267114.68217426643	303.01631929027275	27.01725766739039	1.246729863916985	521	328.26447653770447	8:19
40.0%	1000000	1999.9999999665301	-277260.2278128552	9928.664619760164	-267331.56319309503	305.4854083211945	27.06695320906045	1.244440839532709	521	329.95660877227783	8:17
40.2%	1005000	2009.9999999662937	-277090.6985218882	9686.64129612638	-267404.0572257618	298.0388284763709	26.9923584447569	1.2478799154958058	521	331.6170778274536	8:15
40.4%	1010000	2019.9999999660572	-277213.25617625064	9799.844554582356	-267413.41162166826	301.52186924339287	26.957512816300476	1.2494929411554767	521	333.27046728134155	8:14
40.6%	1015000	2029.9999999658207	-277082.61942666915	9633.39509903016	-267449.224327639	296.4005481149699	26.964299255355332	1.2491784657962501	521	334.9250223636627	8:12
40.8%	1020000	2039.9999999655843	-277280.4737281286	9724.561957380396	-267555.9117707482	299.2055723569062	26.97643644787013	1.248616437540442	521	336.5765550136566	8:10
41.0%	1025000	2049.999999965348	-277210.27785824606	9643.13953390556	-267567.1383243405	296.70036513777944	26.890706027500375	1.2525971590566962	521	338.22953939437866	8:09
41.2%	1030000	2059.9999999651113	-276955.8049158414	9667.460130988393	-267288.344784853	297.448661894191	26.869906654994395	1.2535667655106995	521	339.8914523124695	8:07
41.4%	1035000	2069.999999964875	-277231.2402595467	9715.770571020845	-267515.4696885259	298.9350787553385	26.869906654994395	1.2535667655106995	521	341.5410602092743	8:05
41.6%	1040000	2079.9999999646384	-276943.7572895042	9920.462900492477	-267023.29438901175	305.23305761187163	26.869906654994395	1.2535667655106995	521	343.1922514438629	8:04
41.8%	1045000	2089.999999964402	-277460.76972067385	9824.536875489792	-267636.23284518404	302.2816032079981	26.953811453446423	1.2496645245609175	521	344.8458003997803	8:02
42.0%	1050000	2099.9999999641655	-277044.5833147638	10026.843637962975	-267017.7396768008	308.5061828777817	26.967236612574876	1.2490424013029644	521	346.5862720012665	8:00
42.2%	1055000	2109.999999963929	-277118.51242027467	9761.367982434504	-267357.14443784015	300.3380210821816	27.009464561029045	1.247089585910415	521	348.43453097343445	7:59
42.4%	1060000	2119.9999999636925	-277742.29869058664	9837.401056697703	-267904.89763388893	302.67740866618584	27.011224237510614	1.247008342861398	521	350.08882117271423	7:57
42.6%	1065000	2129.999999963456	-277192.03494546056	9773.727860452764	-267418.3070850078	300.7183101268627	26.922458087158585	1.251119859339363	521	351.7426583766937	7:56
42.8%	1070000	2139.9999999632196	-277439.74340696406	9681.372638910978	-267758.3707680531	297.876722295692	26.92092102445403	1.2511912926188173	521	353.39485716819763	7:54
43.0%	1075000	2149.999999962983	-277434.2725000767	9988.533935902875	-267445.7385641738	307.32746897972123	26.92092102445403	1.2511912926188173	521	355.04759550094604	7:52
43.2%	1080000	2159.9999999627466	-277415.42609783646	9708.726789277433	-267706.699308559	298.7183554975371	26.961337537850703	1.2493156887260606	521	356.6990451812744	7:51
43.4%	1085000	2169.99999996251	-277480.7266498733	9579.01155107508	-267901.7150987982	294.7272737130983	26.91047588537086	1.2516769349808003	521	358.3529224395752	7:49
43.6%	1090000	2179.9999999622737	-277108.5184553333	9849.175300448873	-267259.3431548844	303.0396789006785	26.95774110277499	1.2494823600634861	521	360.00572872161865	7:47
43.8%	1095000	2189.9999999620372	-277172.1661655613	9774.256078789429	-267397.9100867719	300.7345623622276	26.9408675633793	1.2502649328509865	521	361.6686096191406	7:46
44.0%	1100000	2199.9999999618008	-277436.1282654049	9836.274752935104	-267599.8535124698	302.642754523057	26.991395131804474	1.2479244518704466	521	363.42233324050903	7:44
44.2%	1105000	2209.9999999615643	-277182.50642961863	9595.97841600454	-267586.52801361406	295.24931064952494	26.968284628067487	1.2489938622206478	521	365.0878210067749	7:42
44.4%	1110000	2219.999999961328	-277475.2874545476	9734.99774062921	-267740.2897139184	299.5266608042459	27.001842892217343	1.2474415953580766	521	366.74325227737427	7:41
44.6%	1115000	2229.9999999610914	-277835.20986143	9831.556403100172	-268003.6534583298	302.4975802140107	26.993105212163382	1.2478453927522841	521	368.3980028629303	7:39
44.8%	1120000	2239.999999960855	-277513.7264075357	9655.116217515477	-267858.61019002023	297.0688640470515	26.964006459695863	1.2491920303246977	521	370.0468099117279	7:37
45.0%	1125000	2249.9999999606184	-277311.4644848947	10087.474645706154	-267223.9898391886	310.37167928305746	26.825358106013642	1.2556485487336224	521	371.7001140117645	7:36
45.2%	1130000	2259.999999960382	-277429.6826163466	9849.686298821767	-267579.9963175248	303.05540131175525	26.854921827279608	1.2542662455587508	521	373.3504943847656	7:34
45.4%	1135000	2269.9999999601455	-277395.587696326	9834.89327311266	-267560.69442321337	302.6002491163574	26.854921827279608	1.2542662455587508	521	375.00359749794006	7:32
45.6%	1140000	2279.999999959909	-277503.01292484516	9791.398901361465	-267711.6140234837	301.26201316792543	26.807423558899984	1.2564885954470253	521	376.6539673805237	7:31
45.8%	1145000	2289.9999999596726	-277535.20844056614	9732.778854202523	-267802.4295863636	299.45839004961437	26.9080787052463	1.2517884440596825	521	378.3053057193756	7:29
46.0%	1150000	2299.999999959436	-277527.595428093	9905.549440092916	-267622.04598800006	304.77419987882115	26.9080787052463	1.2517884440596825	520	380.13460969924927	7:28
46.2%	1155000	2309.9999999591996	-277382.8231791121	9606.934918576622	-267775.8882605355	295.5864206023924	26.871030489124756	1.2535143372602704	520	381.8059723377228	7:26
46.4%	1160000	2319.999999958963	-277330.4570941061	9623.389486574131	-267707.067607532	296.09269517364385	26.871030489124756	1.2535143372602704	520	383.4577236175537	7:24
46.6%	1165000	2329.9999999587267	-277678.1415176387	9864.555334007078	-267813.5861836316	303.5128921686714	26.921562295011086	1.2511614892913432	520	385.1105763912201	7:23
46.8%	1170000	2339.99999995849	-277287.843537146	9744.425734982624	-267543.41780216334	299.81674157693817	27.025131754200046	1.2463666146545591	521	386.76300859451294	7:21
47.0%	1175000	2349.9999999582537	-277493.71892903873	9209.799304611708	-268283.91962442704	283.3673418201855	27.05511359006817	1.2449854207021596	521	388.4138832092285	7:19
47.2%	1180000	2359.9999999580173	-277341.32907391805	9762.981155758645	-267578.3479181594	300.38765524049904	26.924299395530646	1.2510342973183195	521	390.0600321292877	7:18
47.4%	1185000	2369.999999957781	-277616.6373885462	9637.063229736563	-267979.5741588096	296.51340925486494	26.933845981680786	1.2505908735791236	521	391.70521211624146	7:16
47.6%	1190000	2379.9999999575443	-277089.4426000124	9914.809314892238	-267174.6332851202	305.05910794475017	26.933845981680786	1.2505908735791236	521	393.35101222991943	7:14
47.8%	1195000	2389.999999957308	-277426.9802250117	9700.41838016632	-267726.56184484536	298.4627221523684	26.950570476715217	1.2498148046319615	521	394.99977946281433	7:13
48.0%	1200000	2399.9999999570714	-277540.2689101933	9660.700996801033	-267879.56791339227	297.24069667971355	26.869002126688073	1.253608966059046	520	396.9083242416382	7:11
48.2%	1205000	2409.999999956835	-277667.55223450105	9751.057534859245	-267916.49469964183	300.02078896606866	26.872498221143264	1.2534458723518977	520	398.56127858161926	7:10
48.4%	1210000	2419.9999999565985	-277462.8664785799	9574.086255699322	-267888.78022288054	294.57573209833055	26.918343563301754	1.2513110955681783	520	400.20468258857727	7:08
48.6%	1215000	2429.999999956362	-277415.9825808541	9565.855083904204	-267850.12749694986	294.32247519288643	26.886755191458104	1.2527812201666069	520	401.85223174095154	7:06
48.8%	1220000	2439.9999999561255	-277184.26099154045	9716.798609674248	-267467.4623818662	298.96670947506084	26.891358775550675	1.2525667541091359	520	403.50982999801636	7:05
49.0%	1225000	2449.999999955889	-277642.4473870992	9847.12592563878	-267795.32146146044	302.976623683825	26.910907945132447	1.2516568390687928	520	405.1615743637085	7:03
49.2%	1230000	2459.9999999556526	-277245.7672930698	9762.423780536403	-267483.3435125334	300.3705059053291	26.82741272969844	1.255552382723355	520	406.81486344337463	7:01
49.4%	1235000	2469.999999955416	-277669.81044405804	9595.777835547964	-268074.03260851005	295.2431391848794	26.852883771437046	1.2543614407218344	520	408.4678876399994	7:00
49.6%	1240000	2479.9999999551796	-277576.65559126285	9771.76370102111	-267804.89189024176	300.65787681896427	26.852883771437046	1.2543614407218344	520	410.1205539703369	6:58
49.8%	1245000	2489.999999954943	-277097.0782488169	9660.898462182966	-267436.17978663393	297.2467722996624	26.916264955668147	1.2514077280244107	520	411.7709345817566	6:56
50.0%	1250000	2499.9999999547067	-277498.8461847803	9644.430873454317	-267854.415311326	296.74009710622045	26.916264955668147	1.2514077280244107	520	413.7165114879608	6:55
50.2%	1255000	2509.9999999544702	-277396.4063535294	9671.763502785798	-267724.6428507436	297.58106814830813	26.85971402828926	1.254042464472995	520	415.37568402290344	6:53
50.4%	1260000	2519.9999999542338	-277532.4154877129	9671.620963907812	-267860.7945238051	297.5766825084451	26.777278384491158	1.2579031181370681	520	417.0289316177368	6:52
50.6%	1265000	2529.9999999539973	-277443.4767550202	9716.84583912532	-267726.6309158949	298.9681626320259	26.82642569919247	1.2555985785348092	520	418.67567443847656	6:50
50.8%	1270000	2539.999999953761	-277427.78638258134	9943.023563792209	-267484.7628187891	305.92720468039073	26.82642569919247	1.2555985785348092	520	420.3222439289093	6:48
51.0%	1275000	2549.9999999535244	-277592.79026876215	9793.313435013379	-267799.47683374875	301.3209195885569	26.82642569919247	1.2555985785348092	520	421.9702022075653	6:47
51.2%	1280000	2559.999999953288	-277498.6428566855	9355.666421679642	-268142.97643500584	287.8553850288813	26.933133447591896	1.2506239587985029	520	423.61850929260254	6:45
51.4%	1285000	2569.9999999530514	-277684.9460525834	9918.968978499253	-267765.97707408416	305.1870925815702	26.920283087559334	1.2512209424217295	520	425.2679591178894	6:43
51.6%	1290000	2579.999999952815	-277448.04375398724	9685.422632523892	-267762.62112146337	298.0013326033135	26.837315423859312	1.2550890967704682	520	426.9251284599304	6:42
51.8%	1295000	2589.9999999525785	-277459.62796189013	9864.538719702874	-267595.08924218727	303.5123809793324	26.83921707795386	1.2550001692390516	520	428.5718114376068	6:40
52.0%	1300000	2599.999999952342	-277436.76223554177	9541.60421580923	-267895.15801973257	293.5763238597663	26.867231218304397	1.253691595586808	520	430.44202280044556	6:38
52.2%	1305000	2609.9999999521056	-277242.1898992685	9867.388201616557	-267374.801697652	303.60005391212263	26.852039529062303	1.2544008785112937	520	432.0989077091217	6:37
52.4%	1310000	2619.999999951869	-277245.9964133416	9663.667639691708	-267582.3287736499	297.33197442445646	26.925301124037603	1.2509877538567244	520	433.7522761821747	6:35
52.6%	1315000	2629.9999999516326	-277687.1321305551	9669.258663210008	-268017.8734673451	297.5039991798322	26.9431201946267	1.25016040205296	520	435.4019138813019	6:33
52.8%	1320000	2639.999999951396	-277962.5757828788	10109.11103067144	-267853.46475220734	311.0373881320159	26.880358417256616	1.2530793470912887	520	437.0534336566925	6:32
53.0%	1325000	2649.9999999511597	-277359.5556805224	9704.454330939563	-267655.10134958284	298.58690038953785	26.880358417256616	1.2530793470912887	520	438.70173168182373	6:30
53.2%	1330000	2659.999999950923	-277715.0264669191	9315.428088193647	-268399.59837872547	286.6173309495171	26.863000686485496	1.253889033775048	520	440.35270285606384	6:28
53.4%	1335000	2669.9999999506867	-277676.73992967856	9710.794276115681	-267965.9456535629	298.7819679857386	26.963933810147346	1.2491953960515851	520	442.0058374404907	6:27
53.6%	1340000	2679.9999999504503	-277419.6555601948	9772.24626743869	-267647.4092927561	300.67272443490884	26.815069232718514	1.2561303378615567	520	443.6587426662445	6:25
53.8%	1345000	2689.999999950214	-277842.57597357576	9960.956227290697	-267881.6197462851	306.4789573320232	26.910286655660155	1.2516857366136978	520	445.3109247684479	6:23
54.0%	1350000	2699.9999999499773	-277649.6563391109	9667.35931658471	-267982.2970225262	297.44556003402624	26.910286655660155	1.2516857366136978	520	447.066529750824	6:22
54.2%	1355000	2709.999999949741	-277748.5137864578	9490.331040176869	-268258.182746281	291.9987494734986	26.88788284502045	1.2527286796518369	520	448.72661781311035	6:20
54.4%	1360000	2719.9999999495044	-277500.1781050868	9775.964866243294	-267724.2132388435	300.787138378547	26.94624595184141	1.250015383785731	520	450.37810611724854	6:18
54.6%	1365000	2729.999999949268	-277553.8333164296	10087.092376251947	-267466.74094017764	310.35991760666093	26.881335012170965	1.253033822904447	520	452.0326671600342	6:17
54.8%	1370000	2739.9999999490315	-277528.0775285479	9310.373407249466	-268217.70412129845	286.46180839625316	26.843603610518574	1.2547950887591368	520	453.68589520454407	6:15
55.0%	1375000	2749.999999948795	-277891.33292321186	9954.982706083245	-267936.35021712864	306.29516387791233	26.843603610518574	1.2547950887591368	520	455.3394966125488	6:13
55.2%	1380000	2759.9999999485585	-277724.756746758	9696.074213686816	-268028.6825330712	298.3290607264234	26.875061339657588	1.2533263291708971	520	456.99273347854614	6:12
55.4%	1385000	2769.999999948322	-277471.64855323615	9972.767148116782	-267498.8814051194	306.8423560476999	26.833465954693697	1.2552691490524313	520	458.6478033065796	6:10
55.6%	1390000	2779.9999999480856	-277769.7559087091	9897.405557411841	-267872.35035129724	304.52362868708235	26.79533687095817	1.2570553651662772	520	460.2989902496338	6:08
55.8%	1395000	2789.999999947849	-277846.98863424326	9763.429647907573	-268083.5589863357	300.4014544584696	26.86250543860595	1.253912150974096	520	461.94995045661926	6:07
56.0%	1400000	2799.9999999476127	-277327.92449174385	9719.331165796892	-267608.59332594695	299.04463122696313	26.888155724629456	1.2527159660943956	520	463.64820647239685	6:05
56.2%	1405000	2809.999999947376	-277786.92870542075	10060.524319900838	-267726.4043855199	309.5424709656931	26.94529617363044	1.2500594448109743	520	465.30896186828613	6:03
56.4%	1410000	2819.9999999471397	-277796.00777863583	9785.268141419392	-268010.73963721644	301.07338178838467	26.943872192514473	1.250125510335281	520	466.96894216537476	6:02
56.6%	1415000	2829.9999999469032	-277658.4068265202	9826.00841876405	-267832.3984077562	302.32687968929895	26.887201756654814	1.2527604129254117	520	468.6199767589569	6:00
56.8%	1420000	2839.999999946667	-277772.27838062716	9814.223986314671	-267958.0543943125	301.9642959686778	26.93759013328524	1.250417049498994	520	470.2714216709137	5:58
57.0%	1425000	2849.9999999464303	-277956.8898605258	9811.322055581546	-268145.56780494424	301.8750092892623	27.007568539884158	1.2471771357474528	520	471.9244954586029	5:57
57.2%	1430000	2859.999999946194	-277766.20368578826	9513.64809616813	-268252.55558962014	292.7161692518001	26.966206555423295	1.2490901123169493	520	473.57890796661377	5:55
57.4%	1435000	2869.9999999459574	-277632.03213842685	9962.070730715292	-267669.96140771155	306.5132484020489	26.966206555423295	1.2490901123169493	520	475.23357009887695	5:53
57.6%	1440000	2879.999999945721	-277622.96431696747	9697.467237793973	-267925.4970791735	298.3719213279719	26.966206555423295	1.2490901123169493	520	476.88751459121704	5:52
57.8%	1445000	2889.9999999454844	-277535.31243192893	10021.57992696308	-267513.73250496585	308.34422888238873	26.966206555423295	1.2490901123169493	520	478.54362082481384	5:50
58.0%	1450000	2899.999999945248	-277496.6094035185	9748.040659315831	-267748.56874420267	299.9279656617746	26.966206555423295	1.2490901123169493	520	480.24474716186523	5:48
58.2%	1455000	2909.9999999450115	-277894.45634370815	9403.782206263735	-268490.6741374444	289.33581272618846	26.956449664142703	1.2495422206834954	520	481.9061632156372	5:47
58.4%	1460000	2919.999999944775	-277584.3599306552	9752.262204174902	-267832.09772648034	300.05785426254903	26.962420913724404	1.2492654900261688	520	483.5599081516266	5:45
58.6%	1465000	2929.9999999445386	-277554.6800110006	9723.840446889788	-267830.8395641108	299.1833729035787	26.886087865073367	1.2528123148341062	520	485.2139558792114	5:43
58.8%	1470000	2939.999999944302	-277744.9003363038	9991.592982221337	-267753.30735408247	307.42158979550635	26.806807351911626	1.2565174782991735	520	486.868901014328	5:42
59.0%	1475000	2949.9999999440656	-277330.13562794594	9469.580257915768	-267860.55537003017	291.36028887131437	26.810221288705062	1.2563574769621995	520	488.5242838859558	5:40
59.2%	1480000	2959.999999943829	-277602.8630718611	9911.096767821657	-267691.76630403945	304.94488020102006	26.810221288705062	1.2563574769621995	520	490.1892240047455	5:38
59.4%	1485000	2969.9999999435927	-277626.1736963315	9775.10294096378	-267851.07075536775	300.76061863938384	26.732571291154642	1.2600068137186997	520	491.83963918685913	5:37
59.6%	1490000	2979.999999943356	-277827.6609071861	9975.049555469413	-267852.6113517167	306.91258121581427	26.720189681465143	1.260590676062476	520	493.4903461933136	5:35
59.8%	1495000	2989.9999999431197	-277744.71155044064	9527.231723455934	-268217.4798269847	293.13411064547347	26.720189681465143	1.260590676062476	520	495.1393120288849	5:33
60.0%	1500000	2999.9999999428833	-277550.312655453	9950.851208907867	-267599.46144654515	306.16804586658515	26.700048917621338	1.261541582901209	520	496.83373260498047	5:32
60.2%	1505000	3009.999999942647	-277534.63964471646	9856.460082534431	-267678.17956218205	303.263817263204	26.819976645295057	1.2559004961320381	520	498.4931230545044	5:30
60.4%	1510000	3019.9999999424103	-277617.91907070816	9623.403838810336	-267994.5152318978	296.0931367636164	26.872504093172118	1.253445598455937	520	500.14645290374756	5:28
60.6%	1515000	3029.999999942174	-277612.380068073	9797.629407872382	-267814.7506602006	301.4537135524613	26.836645780342906	1.2551204144799557	520	501.7979476451874	5:27
60.8%	1520000	3039.9999999419374	-277609.2866269297	10152.035314290197	-267457.2513126395	312.35808359413005	26.905837927997602	1.2518926957493395	520	503.4483232498169	5:25
61.0%	1525000	3049.999999941701	-277583.48058663146	9949.529268191023	-267633.95131844043	306.12737236061764	26.932993518093582	1.2506304563749053	520	505.1037631034851	5:23
61.2%	1530000	3059.9999999414645	-277843.6595380357	9727.283845318385	-268116.3756927173	299.2893194749715	26.857147272422115	1.254162314165916	520	506.759797334671	5:22
61.4%	1535000	3069.999999941228	-277729.63523991813	9632.134043257995	-268097.50119666016	296.3617479185458	26.84150491727177	1.254893199129141	520	508.40799355506897	5:20
61.6%	1540000	3079.9999999409915	-277869.39381499105	9891.653048942566	-267977.7407660485	304.3466353585827	26.84150491727177	1.254893199129141	520	510.056414604187	5:18
61.8%	1545000	3089.999999940755	-277439.67241101374	9893.13507386354	-267546.5373371502	304.3922343394592	26.971058634230015	1.2488654016838276	520	511.722407579422	5:17
62.0%	1550000	3099.9999999405186	-277410.147755994	9886.313489091215	-267523.83426690276	304.18234764377775	26.95714819573393	1.2495098417126422	520	513.411422252655	5:15
62.2%	1555000	3109.999999940282	-277577.260559275	9757.996848721914	-267819.26371055306	300.2342979534291	26.97500693689534	1.2486826066022312	520	515.07177567482	5:14
62.4%	1560000	3119.9999999400457	-277346.66046691284	9657.871166118195	-267688.78930079465	297.15362837649917	26.847761489659803	1.2546007602178886	520	516.7205910682678	5:12
62.6%	1565000	3129.999999939809	-277672.465531004	10082.564821771635	-267589.9007092324	310.2206136939916	26.810059671331636	1.256365050581878	520	518.3682563304901	5:10
62.8%	1570000	3139.9999999395727	-277835.22272605984	9577.874849205933	-268257.3478768539	294.69229964075987	26.82840521987027	1.2555059348115294	520	520.014066696167	5:09
63.0%	1575000	3149.9999999393362	-277724.3112711314	9671.239716097556	-268053.07155503385	297.564952266016	26.900786804970092	1.2521277618858548	520	521.6660478115082	5:07
63.2%	1580000	3159.9999999391	-277882.03786207456	9717.045841737041	-268164.9920203375	298.974316317526	26.73697631958691	1.2597992223376495	520	523.3134572505951	5:05
63.4%	1585000	3169.9999999388633	-277885.33466305607	9586.972057024775	-268298.3626060313	294.97220276485075	26.73697631958691	1.2597992223376495	520	524.9616591930389	5:04
63.6%	1590000	3179.999999938627	-277472.92389407614	9964.564451614386	-267508.35944246175	306.5899752707944	26.752955439827968	1.2590467640420193	520	526.6127152442932	5:02
63.8%	1595000	3189.9999999383904	-277432.70165731723	9600.991165330806	-267831.7104919864	295.40354304969065	26.866876455970452	1.25370814989513	520	528.2649672031403	5:00
64.0%	1600000	3199.999999938154	-277524.87571829784	9913.755660460234	-267611.12005783763	305.02668907809317	26.890883447442675	1.2525888947050945	520	529.9615960121155	4:59
64.2%	1605000	3209.9999999379174	-277881.9238152857	9795.957647303556	-268085.9661679822	301.4022767802929	26.8352335689093	1.2551864655316571	520	531.6341872215271	4:57
64.4%	1610000	3219.999999937681	-277686.53610145283	9737.600784784941	-267948.9353166679	299.60675133376276	26.80682417955265	1.256516689536397	520	533.2827858924866	4:55
64.6%	1615000	3229.9999999374445	-277549.33410661883	9558.72873933261	-267990.60536728625	294.1032116398645	26.890575250498717	1.2526032508155827	520	534.934338092804	4:54
64.8%	1620000	3239.999999937208	-277345.08010582527	9934.188770484594	-267410.8913353407	305.65537553272884	26.972386551680728	1.2488039169443403	520	536.5853977203369	4:52
65.0%	1625000	3249.9999999369716	-277574.0598127182	9764.835986733227	-267809.223825985	300.44472472761913	26.944562392444833	1.2500934876760292	520	538.2397708892822	4:50
65.2%	1630000	3259.999999936735	-277351.7160891384	9629.430818829154	-267722.28527030925	296.27857503981	27.003054560258953	1.2473856207604066	520	539.8914971351624	4:49
65.4%	1635000	3269.9999999364986	-277571.4467525563	9646.34265489903	-267925.10409765725	296.79891884686987	27.004502465871113	1.2473187394452219	520	541.5452287197113	4:47
65.6%	1640000	3279.999999936262	-277586.1558502676	9856.7790571	-267729.3767931676	303.27363148083936	27.004502465871113	1.2473187394452219	520	543.1994795799255	4:45
65.8%	1645000	3289.9999999360257	-277523.9218522783	9589.73851527591	-267934.18333700235	295.057321223457	26.968452688824314	1.2489860787984333	520	544.8520600795746	4:44
66.0%	1650000	3299.999999935789	-277778.1863121327	9691.20817136673	-268086.978140766	298.1793422111962	26.8042682180228	1.2566365065854563	520	546.549458026886	4:42
66.2%	1655000	3309.9999999355528	-277535.735100035	9804.514812119853	-267731.22028791514	301.6655638473951	26.893642961362858	1.2524603685513052	520	548.2045917510986	4:40
66.4%	1660000	3319.9999999353163	-277601.9393546171	9488.959454220341	-268112.9799003968	291.95654848151986	26.893642961362858	1.2524603685513052	520	549.8556470870972	4:39
66.6%	1665000	3329.99999993508	-277778.3159343431	9785.116376259857	-267993.19955808326	301.06871227405367	26.861309665737313	1.25396797081864	520	551.508543252945	4:37
66.8%	1670000	3339.9999999348433	-277675.01156035747	9656.355223448512	-268018.6563369089	297.10698581345827	26.81171385028723	1.2562875377216849	520	553.1696021556854	4:35
67.0%	1675000	3349.999999934607	-277716.7260958081	9651.281697614157	-268065.4443981939	296.95088344012885	26.930885164507725	1.2507283651956207	520	554.8221228122711	4:34
67.2%	1680000	3359.9999999343704	-277489.0193643353	9776.886114083762	-267712.1332502515	300.81548335579095	26.87827293332616	1.2531765734587872	520	556.475466966629	4:32
67.4%	1685000	3369.999999934134	-277411.36572508706	9841.248893367137	-267570.11683171993	302.79579900377223	26.83226209778499	1.2553254679878927	520	558.1287038326263	4:30
67.6%	1690000	3379.9999999338975	-277734.3008932367	9611.44186657973	-268122.85902665695	295.7250904944413	26.782483178785593	1.2576586625752546	520	559.7803404331207	4:29
67.8%	1695000	3389.999999933661	-278091.6990203177	9869.084620949609	-268222.61439936806	303.65224938578285	26.782483178785593	1.2576586625752546	520	561.4306893348694	4:27
68.0%	1700000	3399.9999999334245	-277713.1724413285	9479.437249078801	-268233.7351922497	291.66356902887605	26.85336234491629	1.2543390858259666	520	563.1213603019714	4:25
68.2%	1705000	3409.999999933188	-277400.34085003944	9686.280265495136	-267714.0605845443	298.0277202766254	26.88841086298847	1.2527040793414919	520	564.7807824611664	4:24
68.4%	1710000	3419.9999999329516	-277843.20279606583	9903.216665320677	-267939.98613074515	304.70242500464514	26.84250592059145	1.2548464019984302	520	566.4309432506561	4:22
68.6%	1715000	3429.999999932715	-277480.5232556129	9778.259799261768	-267702.2634563511	300.8577489366701	26.837957104580486	1.2550590882838457	520	568.0826458930969	4:20
68.8%	1720000	3439.9999999324787	-277550.2166891859	9526.317365646759	-268023.8993235391	293.10597766088944	26.837957104580486	1.2550590882838457	520	569.7348799705505	4:19
69.0%	1725000	3449.999999932242	-277986.280739954	9813.427291198335	-268172.85344875563	301.9397832328526	26.7400058459416	1.2596564925653497	520	571.3846228122711	4:17
69.2%	1730000	3459.9999999320057	-277722.51598656	9768.594117312216	-267953.9218692478	300.560354985908	26.71385107827025	1.2608897862156072	520	573.0326390266418	4:15
69.4%	1735000	3469.9999999317693	-277821.2720914965	10039.05714364158	-267782.2149478549	308.88196833455265	26.71385107827025	1.2608897862156072	520	574.692624092102	4:14
69.6%	1740000	3479.999999931533	-277550.62400778924	9741.759337949006	-267808.86466984026	299.73470180444554	26.83056868886642	1.2554046977413822	520	576.3436644077301	4:12
69.8%	1745000	3489.9999999312963	-277523.22745096113	9790.791312840214	-267732.43613812095	301.2433188686804	26.863608633528322	1.2538606571656161	520	577.9951455593109	4:10
70.0%	1750000	3499.99999993106	-277928.8110547252	9745.760809537944	-268183.05024518725	299.8578191851857	26.816586598070437	1.25605926212471	520	579.6852421760559	4:09
70.2%	1755000	3509.9999999308234	-277714.85120083205	9810.823320625384	-267904.02788020665	301.85966419930696	26.83150259034071	1.255361001929189	520	581.3430693149567	4:07
70.4%	1760000	3519.999999930587	-277765.16458190075	9789.632912803738	-267975.531669097	301.20767718657163	26.9115937179113	1.2516249438121352	520	582.9956486225128	4:05
70.6%	1765000	3529.9999999303504	-277606.8623587168	9822.600731835302	-267784.2616268815	302.2220318902518	26.9115937179113	1.2516249438121352	520	584.6505677700043	4:04
70.8%	1770000	3539.999999930114	-277734.6905332025	9833.422954708945	-267901.2675784936	302.55501032190494	26.72825877199784	1.2602101117924054	520	586.2991168498993	4:02
71.0%	1775000	3549.9999999298775	-277872.49005916226	9805.261543511788	-268067.2285156505	301.68853929806323	26.815917539862575	1.256090600853196	520	587.9454836845398	4:00
71.2%	1780000	3559.999999929641	-277531.2320440766	9707.656504595201	-267823.5755394814	298.6854249509135	26.819646278850136	1.2559159664099744	520	589.5988140106201	3:59
71.4%	1785000	3569.9999999294046	-277855.4150937775	9568.457268327144	-268286.9578254504	294.40253927012265	26.843874850823916	1.2547824098517546	520	591.2512264251709	3:57
71.6%	1790000	3579.999999929168	-277848.0912852922	10284.325388047444	-267563.76589724474	316.4283879851298	26.871490850891433	1.2534928620813135	520	592.9003143310547	3:55
71.8%	1795000	3589.9999999289316	-277649.0489347897	9579.90189788446	-268069.1470369053	294.75466792662326	26.89951071806424	1.2521871616220859	520	594.5489213466644	3:54
72.0%	1800000	3599.999999928695	-277398.26842605317	9888.506940866546	-267509.76148518664	304.24983582440234	26.88089443926147	1.2530543598980464	520	596.2548685073853	3:52
72.2%	1805000	3609.9999999284587	-277464.73930973286	9652.368325730937	-267812.3709840019	296.9843168419669	26.816189656397068	1.2560778547089564	520	597.9150183200836	3:50
72.4%	1810000	3619.999999928222	-277615.2638738752	9684.56298070404	-267930.70089317113	297.97488281401564	26.84036734720799	1.254946385023287	520	599.5660479068756	3:49
72.6%	1815000	3629.9999999279858	-277804.6815155748	9874.915480465239	-267929.7660351096	303.8316534212914	26.802889776547996	1.2567011339407101	520	601.2175414562225	3:47
72.8%	1820000	3639.9999999277493	-277496.3517433054	9705.65497382978	-267790.6967694756	298.6238418008567	26.767600067305843	1.2583579361011408	520	602.8684027194977	3:45
73.0%	1825000	3649.999999927513	-277785.2205363018	10069.763819454682	-267715.4567168471	309.82675212554534	26.80609963864719	1.256550651871546	520	604.5203723907471	3:44
73.2%	1830000	3659.9999999272763	-278068.338710263	9676.782380143923	-268391.5563301191	297.7354890959157	26.80609963864719	1.256550651871546	520	606.1716973781586	3:42
73.4%	1835000	3669.99999992704	-277756.484279719	9719.187694253802	-268037.2965854652	299.04021689083623	26.81999153569255	1.2558997988589768	520	607.8242485523224	3:40
73.6%	1840000	3679.9999999268034	-277783.2183426041	9700.197977586566	-268083.0203650175	298.45594080012717	26.81999153569255	1.2558997988589768	520	609.4755303859711	3:39
73.8%	1845000	3689.999999926567	-277595.2962257571	9938.71122937528	-267656.58499638183	305.7945226641655	26.858215762718704	1.2541124202982492	520	611.1272985935211	3:37
74.0%	1850000	3699.9999999263305	-277629.14372892	9870.562152069066	-267758.58157685096	303.69771010125874	26.91886352090933	1.2512869255758947	520	612.8187232017517	3:35
74.2%	1855000	3709.999999926094	-277557.6037758698	9449.963987635543	-268107.63978823426	290.75673496293007	27.006920198604025	1.2472070760892169	520	614.477648973465	3:34
74.4%	1860000	3719.9999999258575	-277804.2730396606	9761.258982165456	-268043.0140574951	300.33466735910076	27.00082002630102	1.247488851903961	520	616.1425364017487	3:32
74.6%	1865000	3729.999999925621	-277606.79412003583	9944.146468151159	-267662.64765188465	305.96175423058065	26.941842710625536	1.2502196801034504	520	617.7943360805511	3:30
74.8%	1870000	3739.9999999253846	-277730.76009611355	9782.506224938772	-267948.25387117476	300.9884030710905	27.002397672679482	1.2474159659220112	520	619.4493267536163	3:29
75.0%	1875000	3749.999999925148	-278034.4952322892	9572.63393185319	-268461.861300436	294.5310469608885	26.954401840388105	1.2496371529419459	520	621.105621099472	3:27
75.2%	1880000	3759.9999999249117	-277285.11763198953	9768.868158874	-267516.24947311555	300.56878670372754	27.041269383531205	1.2456228107246197	520	622.7598102092743	3:25
75.4%	1885000	3769.999999924675	-277349.538460484	9685.175085833604	-267664.3633746504	297.9937160803814	26.930887953708716	1.250728235659127	520	624.4122126102448	3:24
75.6%	1890000	3779.9999999244387	-277688.1841893796	9802.143774335842	-267886.04041504377	301.59261169588905	27.035945600015378	1.2458680925536623	520	626.0678293704987	3:22
75.8%	1895000	3789.9999999242023	-277995.56241957017	9802.549771558346	-268193.01264801185	301.6051034288707	27.035945600015378	1.2458680925536623	520	627.7217082977295	3:20
76.0%	1900000	3799.999999923966	-277598.55687737174	9924.627141085088	-267673.92973628663	305.36118307350216	26.98220576508319	1.2483494592078206	520	629.4166224002838	3:19
76.2%	1905000	3809.9999999237293	-277758.13919959	9817.090361270377	-267941.04883831966	302.0524886670194	26.927981907915445	1.2508632132278208	520	631.0774385929108	3:17
76.4%	1910000	3819.999999923493	-278268.964821292	9625.316764966105	-268643.64805632585	296.1519937247651	26.860343114517526	1.2540130940051384	520	632.7305917739868	3:15
76.6%	1915000	3829.9999999232564	-277735.60690997285	9739.742407669592	-267995.86450230324	299.6726448417462	26.860872971120514	1.2539883573884691	520	634.3805568218231	3:14
76.8%	1920000	3839.99999992302	-277560.54084053624	9795.774732728834	-267764.7661078074	301.3966488599545	26.896627609751516	1.2523213863013707	520	636.0333864688873	3:12
77.0%	1925000	3849.9999999227834	-277718.3757146896	9752.874590003783	-267965.5011246858	300.0766961654786	26.854628322162966	1.2542799539428804	520	637.6967267990112	3:10
77.2%	1930000	3859.999999922547	-277431.36047877686	9875.757129151192	-267555.60334962566	303.8575492897025	26.899100847085617	1.2522062416344726	520	639.3485360145569	3:09
77.4%	1935000	3869.9999999223105	-277975.40059795085	9695.149202194849	-268280.25139575603	298.30059994905326	26.859112835001334	1.254070533974659	520	640.9974927902222	3:07
77.6%	1940000	3879.999999922074	-277908.03238311585	9765.819344419659	-268142.2130386962	300.4749807022008	26.852617813031443	1.2543738643883517	520	642.6428225040436	3:05
77.8%	1945000	3889.9999999218376	-277746.71394442365	9880.21074014769	-267866.50320427597	303.99457810736055	26.91446335000497	1.2514914950020553	520	644.2896354198456	3:04
78.0%	1950000	3899.999999921601	-277639.3948720172	9654.394569666	-267985.0003023512	297.0466603674627	26.91446335000497	1.2514914950020553	520	645.9821302890778	3:02
78.2%	1955000	3909.9999999213646	-277916.53207639226	9725.481994508977	-268191.05008188327	299.23388008293574	26.898536141834253	1.2522325303305086	520	647.6399006843567	3:01
78.4%	1960000	3919.999999921128	-277832.99464271625	9907.842715950559	-267925.1519267657	304.8447594493772	26.974176756555547	1.248721037126358	520	649.2905328273773	2:59
78.6%	1965000	3929.9999999208917	-277736.0666111719	9538.2698273046	-268197.7967838673	293.4737313085172	26.940758520935397	1.250269993285484	520	650.9426653385162	2:57
78.8%	1970000	3939.9999999206552	-277753.3442077392	9931.076818593894	-267822.26738914533	305.5596269169367	26.95409911554177	1.2496511877725471	520	652.5966882705688	2:56
79.0%	1975000	3949.9999999204188	-277749.0666018572	9499.981260298011	-268249.0853415592	292.29566769432654	26.812440144327365	1.2562535074675778	520	654.2491128444672	2:54
79.2%	1980000	3959.9999999201823	-277727.2854176143	9770.760155534348	-267956.5252620799	300.62699970562295	26.77719478939422	1.257907045155336	520	655.8972406387329	2:52
79.4%	1985000	3969.999999919946	-277693.630341423	9328.821970659774	-268364.8083707632	287.02943426963805	26.82307722874649	1.2557553217263668	520	657.5484492778778	2:51
79.6%	1990000	3979.9999999197094	-277859.2002283469	9711.158932682205	-268148.04129566473	298.793187748354	26.819574689893148	1.2559193188014697	520	659.2108743190765	2:49
79.8%	1995000	3989.999999919473	-277507.2825772293	9496.456416831243	-268010.8261603981	292.18721521990506	26.819601345490824	1.2559180705621822	520	660.8614566326141	2:47
80.0%	2000000	3999.9999999192364	-277743.69610156567	9719.55631439146	-268024.13978717424	299.0515586047102	26.780524142975626	1.2577506622069103	520	662.5588524341583	2:46
80.2%	2005000	4009.999999919	-277843.8358315046	9972.10959933177	-267871.72623217286	306.8221245697748	26.809080116638718	1.2564109558600882	520	664.2153835296631	2:44
80.4%	2010000	4019.9999999187635	-277944.18062802084	9927.40609769567	-268016.77453032514	305.44668608195315	26.781968827657273	1.2576828160703282	520	665.8629846572876	2:42
80.6%	2015000	4029.999999918527	-277509.9633642582	9538.641478458547	-267971.32188579964	293.48516628077823	26.83138759468081	1.2553663822348597	520	667.5145056247711	2:41
80.8%	2020000	4039.9999999182905	-277643.8165620819	9714.196948348941	-267929.61961373297	298.88666149250605	26.864782511325497	1.2538058687382174	520	669.1658463478088	2:39
81.0%	2025000	4049.999999918054	-277693.5564789494	9684.259970364103	-268009.2965085853	297.965559784085	26.84396931493345	1.2547779942639696	520	670.8175849914551	2:37
81.2%	2030000	4059.9999999178176	-277637.9332547089	9893.309946465455	-267744.6233082434	304.39761482417157	26.84396931493345	1.2547779942639696	520	672.4705312252045	2:36
81.4%	2035000	4069.999999917581	-277681.4005519829	9757.32976393022	-267924.0707880527	300.21377307140517	26.730014668372505	1.2601273285094905	520	674.1219329833984	2:34
81.6%	2040000	4079.9999999173447	-277595.082597778	9759.297571322166	-267835.7850264558	300.27431861983973	26.758553982012202	1.2587833407484754	520	675.7725474834442	2:32
81.8%	2045000	4089.999999917108	-277772.5103905811	9804.337447908989	-267968.1729426721	301.6601067007946	26.79173324219468	1.2572244457117674	520	677.4222643375397	2:31
82.0%	2050000	4099.999999917781	-277442.6948473781	10035.484336968722	-267407.2105104094	308.7720401269729	26.751435292294335	1.2591183092436942	520	679.1226041316986	2:29
82.2%	2055000	4109.999999919818	-277582.1477140201	9688.236300876017	-267893.9114131441	298.0879036235208	26.73594966569865	1.259847598317789	520	680.7801582813263	2:27
82.4%	2060000	4119.999999921855	-277653.05972407974	9740.428563831349	-267912.63116024836	299.6937565121746	26.821893919794825	1.2558107222330481	520	682.4315662384033	2:26
82.6%	2065000	4129.999999923893	-277729.76257205004	9852.798741866034	-267876.963830184	303.151165039373	26.750099211815222	1.2591811981092853	520	684.08229637146	2:24
82.8%	2070000	4139.99999992593	-277967.8874614771	9609.044864722473	-268358.8425967546	295.651339479662	26.73195730277397	1.2600357539692926	520	685.7318952083588	2:22
83.0%	2075000	4149.999999927967	-277829.4720039953	9703.194304132403	-268126.2776998629	298.5481318523355	26.797525632200127	1.2569526917291836	520	687.383867263794	2:21
83.2%	2080000	4159.999999930004	-277643.53729309107	9646.714867754295	-267996.82242533675	296.8103711015716	26.838420608965997	1.2550374131860456	520	689.0349230766296	2:19
83.4%	2085000	4169.999999932042	-277735.6439040594	9826.29621134558	-267909.34769271384	302.3357344988476	26.83660194284081	1.2551224647150754	520	690.6831517219543	2:17
83.6%	2090000	4179.999999934079	-277974.26581754826	9496.79907868895	-268477.4667388593	292.197758248754	26.761847872206417	1.2586284077213343	520	692.3330137729645	2:16
83.8%	2095000	4189.999999936116	-277717.5469682802	9657.649944756393	-268059.8970235238	297.1468218319509	26.686803642803103	1.262167715021931	520	693.9830429553986	2:14
84.0%	2100000	4199.999999938153	-277700.63415914343	9902.171389809968	-267798.46276933345	304.67026394085394	26.713685845109296	1.2608975852443969	520	695.6751058101654	2:12
84.2%	2105000	4209.999999940191	-277679.65983589174	9600.713195995339	-268078.9466398964	295.39499048202947	26.71766439167462	1.2607098240807169	520	697.3332245349884	2:11
84.4%	2110000	4219.999999942228	-277675.5496912435	9341.355630158389	-268334.1940610851	287.41507022737534	26.713141303275442	1.2609232883796282	520	698.9823644161224	2:09
84.6%	2115000	4229.999999944265	-278108.56349858176	9857.927913455564	-268250.6355851262	303.3089795227284	26.73469797239846	1.2599065831920413	520	700.643408536911	2:07
84.8%	2120000	4239.9999999463025	-277561.05839069537	9770.642861004373	-267790.415529691	300.6233907845086	26.71807753390292	1.260690329696613	520	702.2931091785431	2:06
85.0%	2125000	4249.99999994834	-277876.95129663864	9983.3129803347	-267893.63831630396	307.16683048455076	26.805532135991584	1.2565772544335925	520	703.9437325000763	2:04
85.2%	2130000	4259.999999950377	-277983.45153998	9339.17990599981	-268644.2716339802	287.3481274905188	26.911015852309593	1.2516518202037674	520	705.5954022407532	2:02
85.4%	2135000	4269.999999952414	-278057.64823915425	9817.24047305815	-268240.4077660961	302.0571073103655	26.87595721324593	1.2532845512372979	520	707.2472965717316	2:01
85.6%	2140000	4279.999999954452	-277814.22841603064	9606.731871587892	-268207.4965444428	295.5801732474221	26.849811806451513	1.2545049558590309	520	708.9009556770325	1:59
85.8%	2145000	4289.999999956489	-277813.77574749786	9591.995271051423	-268221.78047644644	295.1267571431869	26.732790302421638	1.2599964909770187	520	710.5520215034485	1:57
86.0%	2150000	4299.999999958526	-277577.2414372126	10040.848805271531	-267536.39263194107	308.9370942256528	26.758523284394535	1.2587847848360028	520	712.2437498569489	1:56
86.2%	2155000	4309.999999960563	-278259.9188850678	9667.543205264457	-268592.3756798034	297.45121792565305	26.609045737906413	1.2658560666492327	520	713.9018728733063	1:54
86.4%	2160000	4319.999999962601	-277816.582595075	10033.14545434436	-267783.4371407307	308.7000773262457	26.608843460323275	1.265865689551714	520	715.5531659126282	1:52
86.6%	2165000	4329.999999964638	-277374.57916528545	9846.288884175665	-267528.2902811098	302.9508695705647	26.608843460323275	1.265865689551714	520	717.2016508579254	1:51
86.8%	2170000	4339.999999966675	-277579.6114374269	9935.8834916353	-267643.72794579156	305.70751875667094	26.81211864140364	1.2562685711475872	520	718.8472118377686	1:49
87.0%	2175000	4349.9999999687125	-277908.7641128279	9824.797246243257	-268083.9668665846	302.2896143020358	26.74312876566591	1.2595093966088158	520	720.4937994480133	1:47
87.2%	2180000	4359.99999997075	-277802.5876897226	9651.33774073913	-268151.2499489835	296.95260777643915	26.74312876566591	1.2595093966088158	520	722.1492910385132	1:46
87.4%	2185000	4369.999999972787	-277484.4669649368	9772.602663301155	-267711.86430163565	300.6836900319693	26.858266612506153	1.2541100459324372	520	723.792640209198	1:44
87.6%	2190000	4379.999999974824	-277651.2534214687	9871.053256131294	-267780.2001653374	303.7128204036734	26.763726871199456	1.2585400432897997	520	725.4404344558716	1:42
87.8%	2195000	4389.999999976862	-277654.6478661486	9430.675912690183	-268223.97195345844	290.1632789770479	26.666361181891343	1.2631352941378977	520	727.0847353935242	1:41
88.0%	2200000	4399.999999978899	-277608.8281051292	9648.673332358847	-267960.15477277036	296.8706291908834	26.71867463223002	1.2606621562899147	520	728.7737622261047	1:39
88.2%	2205000	4409.999999980936	-277827.2265200055	9826.729689402693	-268000.4968306028	302.3490717628551	26.74373355249946	1.2594809138729142	520	730.4259166717529	1:37
88.4%	2210000	4419.999999982973	-277620.4787714426	9877.821229524792	-267742.6575419178	303.9210575830726	26.717352290644207	1.2607245511700955	520	732.0739254951477	1:36
88.6%	2215000	4429.999999985011	-278050.09476130875	9801.963560250393	-268248.13120105834	301.587066864274	26.717352290644207	1.2607245511700955	520	733.7241251468658	1:34
88.8%	2220000	4439.999999987048	-277580.543067688	9478.556853122618	-268101.9862145654	291.63648098345817	26.84922984149135	1.2545321476232256	520	735.372731924057	1:32
89.0%	2225000	4449.999999989085	-277702.20495749015	9979.425773395513	-267722.77918409463	307.0472288014923	26.85907474842391	1.2540723122657929	520	737.0250999927521	1:31
89.2%	2230000	4459.999999991122	-277982.4691448671	9826.605440656305	-268155.8637042108	302.3452488742314	26.85907474842391	1.2540723122657929	520	738.6761617660522	1:29
89.4%	2235000	4469.99999999316	-277623.5917106145	9832.599048944925	-267790.99266166956	302.5296603681721	26.719994843752897	1.2605998680778503	521	740.3253881931305	1:27
89.6%	2240000	4479.999999995197	-277833.3186908875	9751.715693017853	-268081.6029978696	300.04103919321625	26.719994843752897	1.2605998680778503	521	741.9767365455627	1:26
89.8%	2245000	4489.999999997234	-277538.77847050317	9869.493003803233	-267669.2854666999	303.66481451992405	26.78461233463027	1.257558689080825	521	743.626270532608	1:24
90.0%	2250000	4499.9999999992715	-277659.13341568253	9702.391808628332	-267956.7416070542	298.5234406500313	26.708542629820716	1.2611403939901846	520	745.3326127529144	1:22
90.2%	2255000	4510.000000001309	-278099.07006273174	9655.49569387152	-268443.5743688602	297.0805397853319	26.728049139959527	1.2602199958065008	520	746.9901235103607	1:21
90.4%	2260000	4520.000000003346	-277600.9776729797	9545.152453268567	-268055.8252197111	293.68549612115265	26.728049139959527	1.2602199958065008	520	748.6407153606415	1:19
90.6%	2265000	4530.000000005383	-277846.6551998951	9655.284309889792	-268191.3708900053	297.0740359175466	26.728049139959527	1.2602199958065008	521	750.2915344238281	1:18
90.8%	2270000	4540.000000007421	-277562.73747121467	9618.664837028517	-267944.07263418613	295.9473270349372	26.797656643460552	1.2569465466039351	521	751.9413266181946	1:16
91.0%	2275000	4550.000000009458	-277731.0784290875	10048.177764281178	-267682.9006648063	309.16259182491456	26.74475294927255	1.2594329077918038	521	753.5883402824402	1:14
91.2%	2280000	4560.000000011495	-277845.70805547363	9594.687108284983	-268251.02094718866	295.20957966040555	26.754158488163558	1.258990148764264	521	755.2378976345062	1:13
91.4%	2285000	4570.000000013532	-277695.41750217136	9958.619552733348	-267736.797949438	306.40706246915863	26.623343580447774	1.2651762493052434	521	756.8848464488983	1:11
91.6%	2290000	4580.00000001557	-277895.7331926494	9664.59190862828	-268231.1412840211	297.36041235486306	26.659899089762607	1.263441465463389	521	758.5351164340973	1:09
91.8%	2295000	4590.000000017607	-277839.10131227627	9854.715047562424	-267984.38626471383	303.21012598231437	26.741353319090354	1.2595930195884912	521	760.1840424537659	1:08
92.0%	2300000	4600.000000019644	-277710.2101952111	9730.00057891126	-267980.20961629984	299.3729080040137	26.81607430622007	1.256083257766884	521	761.8801825046539	1:06
92.2%	2305000	4610.000000021681	-277900.38009152486	9977.078852371826	-267923.301239153	306.975018675088	26.7817433751213	1.2576934034236738	521	763.5436444282532	1:04
92.4%	2310000	4620.000000023719	-277826.54934319213	10237.978844420772	-267588.5704987714	315.0023963390939	26.805030374704888	1.2566007762058569	521	765.1961843967438	1:03
92.6%	2315000	4630.000000025756	-277656.254261625	9788.718169179168	-267867.53609244584	301.17953233120966	26.72516436257456	1.2603560269303757	521	766.848183631897	1:01
92.8%	2320000	4640.000000027793	-277747.82084234466	9430.316725580651	-268317.504116764	290.15222749882594	26.672854691919966	1.2628277836822406	521	768.4989356994629	0:59
93.0%	2325000	4650.0000000298305	-278014.49613880273	9859.448013350268	-268155.0481254525	303.3557499953757	26.724691039450565	1.2603783491959963	521	770.1482405662537	0:58
93.2%	2330000	4660.000000031868	-277806.51027971145	9577.020525836282	-268229.4897538752	294.6660137973548	26.829723646037284	1.2554442386159541	521	771.7964611053467	0:56
93.4%	2335000	4670.000000033905	-277838.2478601922	9909.046827752229	-267929.20103244	304.8818075922528	26.760320518553208	1.258700244330886	521	773.4448761940002	0:54
93.6%	2340000	4680.000000035942	-277919.2719965397	9731.904948229365	-268187.36704831035	299.43150168816106	26.746291365011476	1.2593604666678722	521	775.0929477214813	0:53
93.8%	2345000	4690.00000003798	-277910.6913742663	10044.216890322181	-267866.4744839441	309.04072355309637	26.746291365011476	1.2593604666678722	521	776.7448675632477	0:51
94.0%	2350000	4700.000000040017	-277891.1787446213	9834.132306753312	-268057.046437868	302.5768356838459	26.73786666187875	1.2597572723742863	521	778.4381504058838	0:49
94.2%	2355000	4710.000000042054	-277996.10750410106	9647.790421873911	-268348.31708222715	296.84346377838017	26.73786666187875	1.2597572723742863	521	780.1036562919617	0:48
94.4%	2360000	4720.000000044091	-277904.0042545726	9500.236195942438	-268403.7680586302	292.3035115607895	26.73913064522009	1.2596977224873607	521	781.751540184021	0:46
94.6%	2365000	4730.000000046129	-277552.53879065375	9793.542846328044	-267758.9959443257	301.3279781217854	26.78499181252759	1.2575408725464603	521	783.4021029472351	0:44
94.8%	2370000	4740.000000048166	-277678.9930673084	9852.630503240664	-267826.3625640677	303.14598866902156	26.82541032329697	1.255646104537793	521	785.0530319213867	0:43
95.0%	2375000	4750.000000050203	-277610.6965305779	9740.303610793218	-267870.3929197847	299.68991195388446	26.84482198275712	1.2547381389495165	521	786.7145991325378	0:41
95.2%	2380000	4760.0000000522405	-277853.9192055623	9630.304613608883	-268223.61459195346	296.30545998006096	26.87298497033642	1.2534231687420194	521	788.3634181022644	0:39
95.4%	2385000	4770.000000054278	-277714.7843964643	9413.177672064741	-268301.60672439955	289.62489265954383	26.85693289228938	1.2541723252674986	521	790.0122997760773	0:38
95.6%	2390000	4780.000000056315	-277650.2628180182	9961.355433513596	-267688.9073845046	306.4912401193543	26.80595507970621	1.25655742818789	521	791.663801908493	0:36
95.8%	2395000	4790.000000058352	-277913.9533186663	9786.172981900552	-268127.78033676575	301.1012219435756	26.842276487517825	1.2548571277379952	521	793.3144066333771	0:34
96.0%	2400000	4800.0000000603895	-277563.4753915962	9719.4451950899	-267844.0301965063	299.0481396831825	26.719012094853596	1.260646234056069	521	795.0253176689148	0:33
96.2%	2405000	4810.000000062427	-277845.05990855023	10001.140475207187	-267843.91943334305	307.71534730519414	26.717920877993873	1.2606977215363646	488	849.5388934612274	0:33
96.4%	2410000	4820.000000064464	-277636.5360397878	9789.671598773779	-267846.864441014	301.2088674774926	26.650284980777936	1.263897252857538	488	851.1877706050873	0:31
96.6%	2415000	4830.000000066501	-277014.43557522417	9891.056322118491	-267123.37925310567	304.3282752523157	26.666926471859288	1.263108517984647	488	852.8365604877472	0:30
96.8%	2420000	4840.000000068539	-277706.41802564147	9635.698391934557	-268070.7196337069	296.471415890278	26.69510801213712	1.261775077282378	488	854.4853780269623	0:28
97.0%	2425000	4850.000000070576	-277872.38800508674	9841.094358436492	-268031.2936466503	302.7910442690525	26.85015601648732	1.254488873524332	488	856.1364595890045	0:26
97.2%	2430000	4860.000000072613	-277608.14180451306	9592.620513497819	-268015.52129101526	295.1459946188548	26.81981531977255	1.255908050576442	489	857.7852687835693	0:24
97.4%	2435000	4870.00000007465	-277753.6591744115	9920.803069864178	-267832.85610454733	305.24352395184707	26.82756401457106	1.2555453024650736	489	859.435786485672	0:22
97.6%	2440000	4880.000000076688	-277783.62815492786	9843.234439194315	-267940.39371573355	302.8568903288381	26.77096936851079	1.2581995635427177	489	861.098733663559	0:21
97.8%	2445000	4890.000000078725	-277865.217888034	9623.816395697191	-268241.4014923368	296.10583032451945	26.715552622901175	1.2608094786780388	489	862.7485468387604	0:19
98.0%	2450000	4900.000000080762	-277969.42754376074	9662.037593337602	-268307.38995042315	297.2818211163192	26.73685335380273	1.2598050162954213	489	864.4504065513611	0:17
98.2%	2455000	4910.0000000827995	-277485.4575957219	9724.221297856975	-267761.2362978649	299.19509093593007	26.808455782225987	1.2564402160533141	489	866.1117210388184	0:15
98.4%	2460000	4920.000000084837	-277796.1953853379	9563.992296335446	-268232.20308900246	294.2651608970721	26.752546211496337	1.259066023427747	489	867.7622601985931	0:14
98.6%	2465000	4930.000000086874	-277638.54738213454	9569.662537569282	-268068.88484456524	294.4396230251564	26.649989868494263	1.26391124879549	489	869.4111444950104	0:12
98.8%	2470000	4940.000000088911	-277712.94447832217	9668.694156366437	-268044.2503219557	297.48663041875375	26.59259685730362	1.2666390633385882	489	871.0596287250519	0:10
99.0%	2475000	4950.000000090949	-277353.80497464276	9829.862568082302	-267523.94240656047	302.4454642546265	26.696810828361496	1.2616945968427133	489	872.7064695358276	0:08
99.2%	2480000	4960.000000092986	-277779.73008178425	9825.705031704738	-267954.0250500795	302.31754506845687	26.727050403452395	1.260267087711437	489	874.3560879230499	0:07
99.4%	2485000	4970.000000095023	-277747.2243421955	10148.163670024502	-267599.060672171	312.2389607438097	26.73473195073771	1.2599049819217019	489	876.0054411888123	0:05
99.6%	2490000	4980.00000009706	-277706.21087692154	9743.429255992049	-267962.7816209295	299.78608188573327	26.75536844281826	1.2589332136114564	489	877.6548914909363	0:03
99.8%	2495000	4990.000000099098	-277814.8322921297	9777.660042864769	-268037.1722492649	300.8392956164254	26.75536844281826	1.2589332136114564	489	879.3068971633911	0:01
100.0%	2500000	5000.000000101135	-277555.3432350264	9566.736217538244	-267988.60701748816	294.3495859351956	26.75536844281826	1.2589332136114564	489	880.998916387558	0:00
