#"Progress (%)"	"Step"	"Time (ps)"	"Potential Energy (kJ/mole)"	"Kinetic Energy (kJ/mole)"	"Total Energy (kJ/mole)"	"Temperature (K)"	"Box Volume (nm^3)"	"Density (g/mL)"	"Speed (ns/day)"	"Elapsed Time (s)"	"Time Remaining"
0.2%	5000	10.000000000000009	-315595.718708235	10830.720828813533	-304764.99787942145	312.6448475224639	37.59891012463209	0.956591390558284	0	0.0008862018585205078	--
0.4%	10000	19.999999999999794	-316797.10065379034	10611.53127329234	-306185.569380498	306.3176153605813	37.43835810325326	0.9606936719928533	552	1.5662076473236084	12:59
0.6%	15000	29.99999999999425	-318010.08701754984	10321.871639402905	-307688.2153781469	297.9561596918274	36.62660471120143	0.9819854721231672	551	3.1386561393737793	12:59
0.8%	20000	40.00000000000292	-318174.3286931188	10422.311208566036	-307752.0174845528	300.85549707505015	36.31687842260505	0.9903602754913708	550	4.71164870262146	12:58
1.0%	25000	50.00000000001514	-318655.20890378975	10289.292035072163	-308365.9168687176	297.0157010105151	35.95998042050721	1.000189468932154	550	6.287166357040405	12:58
1.2%	30000	60.00000000002736	-319192.99474467273	10440.478154581098	-308752.51659009163	301.3799129617304	35.31531683024816	1.0184474315346252	549	7.868753671646118	12:57
1.4%	35000	70.00000000001826	-319477.0717173657	10452.625416051704	-309024.446301314	301.7305617108136	34.951092383938835	1.0290606463598164	549	9.447399139404297	12:56
1.6%	40000	79.99999999999496	-319569.1013214234	10494.148058706833	-309074.9532627166	302.9291744796984	34.55510535221247	1.0408532502794092	548	11.035098314285278	12:55
1.8%	45000	89.99999999997165	-319584.5061852916	10530.819212453516	-309053.6869728381	303.98774181356447	34.143178050387526	1.05341083558534	548	12.61815094947815	12:54
2.0%	50000	99.99999999994834	-320326.36465492065	10366.035290091277	-309960.32936482935	299.23100908123905	33.80053044339754	1.0640896236769966	545	14.261104345321655	12:56
2.2%	55000	109.99999999992504	-320284.3894275278	10544.429892736418	-309739.95953479136	304.38063432081145	33.10658902205785	1.086393820143605	544	15.877103328704834	12:56
2.4%	60000	119.99999999990173	-320248.992938788	10559.498086388972	-309689.49485239905	304.81560011684684	32.98507429867363	1.0903960195428157	544	17.46482825279236	12:54
2.6%	65000	129.99999999989262	-321164.41501570033	10468.092006861694	-310696.32300883863	302.1770278326822	32.935627950410726	1.0920330340672686	544	19.04657006263733	12:52
2.8%	70000	139.99999999994037	-321279.6734578831	10462.566269831766	-310817.10718805133	302.0175192239315	32.89258151942369	1.0934621746960995	545	20.625765323638916	12:51
3.0%	75000	149.99999999998812	-320911.07293462043	10565.788605509051	-310345.2843291114	304.99718529683804	32.83389876255056	1.0954164773334958	545	22.211320877075195	12:49
3.2%	80000	160.00000000003587	-320919.9938138099	10428.287589518133	-310491.70622429176	301.02801419011917	32.7757495871911	1.097359913124725	545	23.793028593063354	12:47
3.4%	85000	170.00000000008362	-321163.14713102055	10394.823846034413	-310768.32328498614	300.0620335186236	32.7513336685187	1.098177988219449	545	25.374933004379272	12:46
3.6%	90000	180.00000000013137	-321432.71744860325	10437.385067104688	-310995.33238149853	301.2906263964388	32.68917041547665	1.100266334766615	545	26.957329988479614	12:44
3.8%	95000	190.0000000001791	-321578.48188195104	10188.679622278938	-311389.8022596721	294.1113742391223	32.55526159078821	1.1047920355146177	545	28.542614221572876	12:42
4.0%	100000	200.00000000022686	-321395.11544931936	10096.458550234887	-311298.65689908445	291.449275985157	32.581962785302366	1.1038866490824881	544	30.171433687210083	12:42
4.2%	105000	210.0000000002746	-321510.9943347367	10363.767635596778	-311147.2266991399	299.16554986528547	32.576715228065055	1.1040644665307486	544	31.76434326171875	12:40
4.4%	110000	220.00000000032236	-321822.7060036233	10470.625450140838	-311352.08055348246	302.25015943677704	32.465055543118226	1.107861764531058	544	33.347883462905884	12:39
4.6%	115000	230.0000000003701	-321978.55812443205	10384.24105036975	-311594.3170740623	299.7565453992975	32.465055543118226	1.107861764531058	544	34.949931144714355	12:37
4.8%	120000	240.00000000041786	-322541.9970034262	10466.43552621272	-312075.56147721346	302.1292110577779	32.465055543118226	1.107861764531058	544	36.53832173347473	12:36
5.0%	125000	250.0000000004656	-322305.89649148076	10566.92714928521	-311738.96934219555	305.0300510544289	32.37685778866995	1.110879689263239	544	38.12818789482117	12:34
5.2%	130000	260.00000000051335	-322557.055207453	10577.024402251485	-311980.03080520156	305.32152326241334	32.33651527277051	1.1122656048805661	544	39.7169144153595	12:33
5.4%	135000	270.0000000005611	-322147.5330775741	10699.101744173227	-311448.4313334009	308.84546710274697	32.25044796591906	1.1152339265986626	544	41.30424952507019	12:31
5.6%	140000	280.00000000060885	-322444.5363977834	10436.596421636654	-312007.93997614674	301.26786097334286	32.21241942327213	1.1165505219273673	544	42.89413332939148	12:29
5.8%	145000	290.0000000006566	-322242.98669549555	10369.883520603586	-311873.10317489196	299.34209397214966	32.114489749243916	1.1199553223617553	544	44.47833800315857	12:28
6.0%	150000	300.00000000070435	-322727.5186013131	10339.093523271371	-312388.42507804174	298.4532949556024	32.0387289931612	1.122603637843281	543	46.110493659973145	12:27
6.2%	155000	310.0000000007521	-322522.691686039	10756.39225576942	-311766.2994302696	310.4992428343515	32.0387289931612	1.122603637843281	543	47.702067136764526	12:25
6.4%	160000	320.00000000079984	-322698.7680423206	10070.937745282497	-312627.83029703813	290.7125800348963	31.974332677349192	1.1248645619139646	543	49.28999328613281	12:24
6.6%	165000	330.0000000008476	-322581.61730980914	10479.454878367143	-312102.162431442	302.50503400008216	31.966743788977706	1.1251316041766912	543	50.87315011024475	12:22
6.8%	170000	340.00000000089534	-322927.08826616034	10560.849729478621	-312366.23853668175	304.8546173027154	31.966743788977706	1.1251316041766912	543	52.46033978462219	12:20
7.0%	175000	350.0000000009431	-322969.23017359205	9935.654460688147	-313033.5757129039	286.8074270397404	31.996018268255717	1.1241021747784654	543	54.05430507659912	12:19
7.2%	180000	360.00000000099084	-323181.1244984376	10471.054770868112	-312710.0697275695	302.2625524173956	31.88704401346674	1.127943803897534	543	55.642327308654785	12:17
7.4%	185000	370.0000000010386	-323180.5423688955	10488.14143364769	-312692.4009352478	302.755784323547	31.696208568064506	1.1347348892648343	544	57.22412347793579	12:15
7.6%	190000	380.00000000108633	-323175.140830805	10638.485214972168	-312536.65561583283	307.09568093163745	31.566287110270892	1.1394052646722286	544	58.80592060089111	12:14
7.8%	195000	390.0000000011341	-323703.4657652066	10359.363944981074	-313344.10182022554	299.038430793264	31.566287110270892	1.1394052646722286	544	60.39110803604126	12:12
8.0%	200000	400.00000000118183	-323266.5310212547	10394.187980150968	-312872.34304110374	300.0436783052157	31.549168724188874	1.1400234990033786	543	62.01555323600769	12:11
8.2%	205000	410.0000000012296	-323665.89975149056	10334.18309566709	-313331.71665582346	298.3115481675653	31.450586230389504	1.1435969255429783	543	63.60833930969238	12:09
8.4%	210000	420.00000000127733	-323637.1552399809	10512.637387761295	-313124.5178522196	303.46289643176334	31.450586230389504	1.1435969255429783	543	65.19337034225464	12:08
8.6%	215000	430.0000000013251	-323063.6195275675	10526.009203577662	-312537.6103239899	303.8488937613118	31.450586230389504	1.1435969255429783	543	66.77906823158264	12:06
8.8%	220000	440.0000000013728	-323391.2641333968	10606.698771933425	-312784.56536146335	306.1781180293889	31.450586230389504	1.1435969255429783	543	68.36161923408508	12:04
9.0%	225000	450.0000000014206	-323420.28975613345	10357.281810594157	-313063.0079455393	298.97832689083606	31.408213240495122	1.1451397583236345	544	69.94613099098206	12:03
9.2%	230000	460.0000000014683	-323679.4810770597	10335.125065362792	-313344.3560116969	298.33873952228106	31.408213240495122	1.1451397583236345	543	71.54373669624329	12:01
9.4%	235000	470.00000000151607	-323800.2826113146	10484.983060937042	-313315.2995503776	302.6646132029774	31.408213240495122	1.1451397583236345	543	73.12651586532593	12:00
9.6%	240000	480.0000000015638	-324057.55540755804	10379.575453442192	-313677.9799541159	299.62186601247987	31.408213240495122	1.1451397583236345	544	74.70984172821045	11:58
9.8%	245000	490.00000000161157	-323678.4103848811	10435.762599128335	-313242.6477857527	301.2437914478612	31.408213240495122	1.1451397583236345	544	76.29219269752502	11:56
10.0%	250000	500.0000000016593	-323720.915582333	10337.808589213286	-313383.1069931197	298.41620342503705	31.372633113184985	1.1464384768035931	543	77.91537404060364	11:55
10.2%	255000	510.00000000170706	-323545.70035055594	10271.87753769501	-313273.82281286095	296.5130056716531	31.493058526813897	1.1420546432152605	543	79.50682520866394	11:53
10.4%	260000	520.0000000015274	-323742.363082654	10486.75180238166	-313255.61128027237	302.71567055252956	31.49174237889421	1.1421023735956488	543	81.09218263626099	11:52
10.6%	265000	530.0000000012909	-323841.06041781476	10475.384589970186	-313365.6758278446	302.3875390784281	31.44683563884265	1.1437333197103026	543	82.67482256889343	11:50
10.8%	270000	540.0000000010544	-323961.36755168036	10636.739400577839	-313324.6281511025	307.0452854054536	31.40011781159658	1.1454349928048562	543	84.25566983222961	11:49
11.0%	275000	550.000000000818	-324122.70515445137	10507.128391265622	-313615.57676318573	303.30387106340476	31.409697350900455	1.1450856503896454	544	85.83905100822449	11:47
11.2%	280000	560.0000000005815	-323981.6288764599	10698.40241716061	-313283.2264592993	308.8252799895637	31.30890838126146	1.1487718856759652	544	87.41923999786377	11:45
11.4%	285000	570.000000000345	-324116.25459516986	10213.454680872439	-313902.7999142974	294.826543112806	31.303348104193997	1.1489759370109984	544	88.9994969367981	11:44
11.6%	290000	580.0000000001086	-324404.7871075768	10255.302282189547	-314149.48482538725	296.03453629624784	31.039560506128254	1.1587404310217828	544	90.59277987480164	11:42
11.8%	295000	589.9999999998721	-324005.6432424558	10218.991842094738	-313786.65140036104	294.986381497842	30.891412752168897	1.164297470243491	544	92.17515420913696	11:40
12.0%	300000	599.9999999996356	-324071.892274725	10530.7437025798	-313541.1485721452	303.98556210887745	30.904869967474866	1.163790488600994	543	93.80733180046082	11:39
12.2%	305000	609.9999999993992	-324036.67427202733	10336.762946334842	-313699.9113256925	298.3860193898781	30.904869967474866	1.163790488600994	543	95.40814733505249	11:38
12.4%	310000	619.9999999991627	-324261.4657467071	10611.90407106406	-313649.561675643	306.32837672211383	30.841139273025256	1.1661953665588347	543	96.99311685562134	11:36
12.6%	315000	629.9999999989262	-324191.3128333731	10380.766019113478	-313810.5468142596	299.6562334593607	30.841139273025256	1.1661953665588347	543	98.57824873924255	11:34
12.8%	320000	639.9999999986898	-324320.51026152214	10240.266798289995	-314080.2434632321	295.6005147158285	30.841139273025256	1.1661953665588347	543	100.16394233703613	11:33
13.0%	325000	649.9999999984533	-324096.8762562942	10253.670066891365	-313843.20618940284	295.98741997674426	30.747566811142352	1.1697443879222358	543	101.74823522567749	11:31
13.2%	330000	659.9999999982168	-324536.3678353643	10246.707694209817	-314289.6601411545	295.7864407455535	30.879621305258265	1.1647420596273064	543	103.3309440612793	11:29
13.4%	335000	669.9999999979804	-324346.6812805847	10397.153490687524	-313949.52778989717	300.129282172602	30.894760995685303	1.1641712886084736	544	104.91519808769226	11:28
13.6%	340000	679.9999999977439	-324333.4525527175	10432.138429016746	-313901.3141237008	301.13917439329555	30.906751183062823	1.1637196516244608	544	106.500403881073	11:26
13.8%	345000	689.9999999975074	-324574.07928090007	10474.851495248698	-314099.2277856514	302.3721505072933	30.84899180321762	1.1658985145779173	544	108.08354568481445	11:25
14.0%	350000	699.999999997271	-324308.74863525544	10305.156734195984	-314003.59190105944	297.4736591203171	30.858613588589147	1.165534984789385	543	109.72519397735596	11:23
14.2%	355000	709.9999999970345	-324435.44158286543	10100.729519100207	-314334.7120637652	291.57256384667386	30.895369792168108	1.1641483484918587	543	111.31702542304993	11:22
14.4%	360000	719.999999996798	-324840.1779226069	10139.428299174378	-314700.7496234325	292.68966162685183	30.842961046860935	1.1661264839310332	543	112.902667760849	11:20
14.6%	365000	729.9999999965615	-324639.13389944995	10492.311118304517	-314146.82278114546	302.87614846591157	30.842961046860935	1.1661264839310332	543	114.48950695991516	11:18
14.8%	370000	739.9999999963251	-324498.9914957064	10357.849490021508	-314141.14200568484	298.9947138008867	30.87006507802415	1.1651026205708221	543	116.07100701332092	11:17
15.0%	375000	749.9999999960886	-324436.1541209887	10358.869409537474	-314077.2847114512	299.02415529297156	30.82685723826	1.1667356630489876	543	117.65154504776001	11:15
15.2%	380000	759.9999999958521	-324765.45183680794	10363.37961722203	-314402.07221958594	299.15434913843393	30.84265964331044	1.1661378796623563	543	119.23539566993713	11:14
15.4%	385000	769.9999999956157	-324819.6829383645	10341.141198986963	-314478.54173937754	298.5124041572886	30.818744975016674	1.1670427770097185	543	120.8206946849823	11:12
15.6%	390000	779.9999999953792	-324644.1521091246	10332.537077202749	-314311.6150319218	298.2640333991638	30.89526297793103	1.1641523733036163	544	122.40671133995056	11:10
15.8%	395000	789.9999999951427	-324711.0081637773	10314.190811280305	-314396.817352497	297.7344411769481	30.89526297793103	1.1641523733036163	544	123.98704814910889	11:09
16.0%	400000	799.9999999949063	-324497.11997141875	10425.843749804102	-314071.2762216147	300.957469126052	30.935674559802717	1.162631629385331	543	125.62549567222595	11:07
16.2%	405000	809.9999999946698	-324691.11179157376	10540.660964646238	-314150.4508269275	304.2718386121323	30.953531814254653	1.161960901115472	543	127.21620631217957	11:06
16.4%	410000	819.9999999944333	-324382.9642114992	10027.462585494808	-314355.5016260044	289.45760495819815	30.953531814254653	1.161960901115472	543	128.80179262161255	11:04
16.6%	415000	829.9999999941969	-324661.83007889637	10482.715206806626	-314179.11487208976	302.59914822423644	30.95949779137565	1.1617369881761126	543	130.38554286956787	11:03
16.8%	420000	839.9999999939604	-324588.33313155524	10279.866482204665	-314308.4666493506	296.74361842380176	30.968987922092982	1.1613809857163397	543	131.970232963562	11:01
17.0%	425000	849.9999999937239	-324663.05465705483	10327.13886655108	-314335.9157905037	298.1082060287828	30.968987922092982	1.1613809857163397	543	133.55516457557678	10:59
17.2%	430000	859.9999999934874	-324570.5195411671	10103.103967045761	-314467.4155741213	291.64110581425126	31.013630521606864	1.1597092347682443	543	135.13946175575256	10:58
17.4%	435000	869.999999993251	-324626.3937479652	10591.69778593791	-314034.6959620273	305.7450922822219	31.20868019187073	1.1524612222777184	543	136.72364830970764	10:56
17.6%	440000	879.9999999930145	-324646.2778824266	10633.074029559293	-314013.20385286736	306.93947902549803	31.129959017410222	1.1553755563726382	543	138.30483746528625	10:54
17.8%	445000	889.999999992778	-324402.2828837773	10124.15453370538	-314278.1283500719	292.2487616949244	31.09625105491353	1.1566279695929658	544	139.8878424167633	10:53
18.0%	450000	899.9999999925416	-324605.1372013899	10694.466806503266	-313910.67039488663	308.71167274094915	30.95862795850649	1.1617696290611996	543	141.51413416862488	10:51
18.2%	455000	909.9999999923051	-324205.80688157026	10428.22846021952	-313777.57842135074	301.02630733506845	30.97717278905854	1.161074122694038	543	143.10279083251953	10:50
18.4%	460000	919.9999999920686	-324588.15872605576	10178.508343215903	-314409.65038283984	293.81776515787715	30.884620704467828	1.1645535188455376	543	144.69866228103638	10:48
18.6%	465000	929.9999999918322	-324726.34216485766	10336.572543257644	-314389.76962160005	298.38052312218	30.967105088464027	1.1614515989418794	543	146.28034496307373	10:47
18.8%	470000	939.9999999915957	-324917.1145370911	10265.945020933006	-314651.1695161581	296.3417547615985	31.089192453319704	1.1568905745493956	543	147.86252355575562	10:45
19.0%	475000	949.9999999913592	-324409.052767655	10340.005745729077	-314069.0470219259	298.479627612099	31.089192453319704	1.1568905745493956	543	149.44446682929993	10:43
19.2%	480000	959.9999999911228	-324426.9536278995	10712.243662300616	-313714.7099655989	309.22482809395257	31.053503723646397	1.1582201493163564	543	151.02504634857178	10:42
19.4%	485000	969.9999999908863	-324626.53101215995	10634.740275185424	-313991.7907369745	306.9875776809754	31.0159249967653	1.1596234425814738	544	152.60394835472107	10:40
19.6%	490000	979.9999999906498	-324701.95111267857	10319.619201110369	-314382.3319115682	297.8911397141496	31.004938199728926	1.160034362523329	544	154.1853895187378	10:38
19.8%	495000	989.9999999904134	-324351.5556666684	10314.2088313669	-314037.3468353015	297.7349613535194	31.061303969517763	1.1579292921795568	544	155.76749086380005	10:37
20.0%	500000	999.9999999901769	-324666.66922606446	10369.355110172728	-314297.31411589176	299.32684062002323	31.021328444773772	1.1594214536501308	543	157.39059805870056	10:35
20.2%	505000	1009.9999999899404	-324824.56833545293	10530.462179423641	-314294.1061560293	303.9774355247264	30.839347680293287	1.1662631159536807	543	158.98010659217834	10:34
20.4%	510000	1019.999999989704	-324683.07685509045	10568.638907940234	-314114.4379471502	305.07946351110235	30.954824631498628	1.161912372231601	543	160.56599736213684	10:32
20.6%	515000	1029.9999999894676	-325009.58531577326	10607.11435286656	-314402.4709629067	306.190114390437	30.84743473301518	1.1659573650415562	544	162.1486885547638	10:31
20.8%	520000	1039.9999999892311	-325027.4714331823	10556.723295528567	-314470.74813765375	304.7355016562577	30.811857708739527	1.1673036419805378	543	163.74549651145935	10:29
21.0%	525000	1049.9999999889947	-324862.9085336462	10554.916658318758	-314307.9918753274	304.68335038914296	30.806866262993765	1.167492772960237	543	165.33142113685608	10:27
21.2%	530000	1059.9999999887582	-325085.60680466285	10750.30043826276	-314335.3063664001	310.3233934716353	30.786076544911356	1.1682811763015228	544	166.91769647598267	10:26
21.4%	535000	1069.9999999885217	-324870.26807614724	10186.12816972043	-314684.13990642683	294.03772277042293	30.801814092029836	1.167684267301139	544	168.5016384124756	10:24
21.6%	540000	1079.9999999882853	-325301.229510517	10348.246676305404	-314952.98283421155	298.71751431642855	30.801814092029836	1.167684267301139	544	170.08494973182678	10:23
21.8%	545000	1089.9999999880488	-325071.75695891015	10524.500464911554	-314547.2564939986	303.80534177823773	30.87955563315729	1.1647445367049902	544	171.66775035858154	10:21
22.0%	550000	1099.9999999878123	-324955.2882176186	10544.064808846271	-314411.2234087723	304.3700956319308	30.93780841967066	1.1625514397047467	543	173.2949767112732	10:20
22.2%	555000	1109.9999999875758	-324909.879936275	10412.009454653562	-314497.8704816215	300.55812164343433	30.952033500956336	1.162017148840527	543	174.91238856315613	10:18
22.4%	560000	1119.9999999873394	-324981.4054730728	10431.931080075774	-314549.474392997	301.1331889580637	30.952033500956336	1.162017148840527	543	176.4987108707428	10:16
22.6%	565000	1129.999999987103	-324796.9012674412	10093.435496847324	-314703.4657705939	291.36201105788706	30.863472090311046	1.1653515072560097	543	178.08328533172607	10:15
22.8%	570000	1139.9999999868664	-324863.3967922946	10328.431888017538	-314534.96490427706	298.1455310144059	30.863472090311046	1.1653515072560097	543	179.66642117500305	10:13
23.0%	575000	1149.99999998663	-325199.1722608318	10397.664609359397	-314801.5076514724	300.14403637241554	30.92001267367149	1.1632205361359256	543	181.24939274787903	10:12
23.2%	580000	1159.9999999863935	-324887.4922663484	10658.518566861461	-314228.97369948693	307.67397339672704	30.872137790575668	1.1650243971953682	543	182.8410289287567	10:10
23.4%	585000	1169.999999986157	-324993.5789099805	10312.841544917614	-314680.7373650629	297.6954925988342	30.890619217615985	1.1643273793322664	543	184.42557168006897	10:08
23.6%	590000	1179.9999999859206	-324881.82377626095	10337.490410871696	-314544.33336538926	298.4070187345014	30.877356138168583	1.1648275052648678	543	186.0058798789978	10:07
23.8%	595000	1189.999999985684	-324765.5910970726	10461.704138140834	-314303.88695893175	301.9926325118358	30.907840682960558	1.1636786305627036	543	187.58780670166016	10:05
24.0%	600000	1199.9999999854476	-325027.7366822616	10353.415668215264	-314674.3210140463	298.8667249472855	30.907840682960558	1.1636786305627036	543	189.2174162864685	10:04
24.2%	605000	1209.9999999852112	-324888.7517103319	10471.664298328478	-314417.0874120034	302.28014733309135	30.907840682960558	1.1636786305627036	543	190.8097321987152	10:02
24.4%	610000	1219.9999999849747	-324690.7741139309	10751.260141529532	-313939.5139724013	310.35109673222604	30.943138688194317	1.1623511784640035	543	192.39400243759155	10:01
24.6%	615000	1229.9999999847382	-325214.05935672973	10517.099797737572	-314696.9595589922	303.591710525365	31.01891901661037	1.159511512968516	543	193.97455477714539	9:59
24.8%	620000	1239.9999999845018	-325159.990290731	10569.502244030846	-314590.4880467002	305.1043849899841	31.2370614442056	1.1514141233752164	543	195.55553078651428	9:57
25.0%	625000	1249.9999999842653	-325015.84243528394	10208.128836981254	-314807.7135983027	294.6728047164789	31.177863634804332	1.1536003281330498	543	197.13837480545044	9:56
25.2%	630000	1259.9999999840288	-325110.4453028061	10252.282784639901	-314858.1625181662	295.94737401352216	31.22283787376769	1.1519386503241515	543	198.71870803833008	9:54
25.4%	635000	1269.9999999837923	-325228.47263839655	10431.228833610205	-314797.24380478635	301.1129175705337	31.207043862517516	1.1525216511390601	543	200.31022930145264	9:52
25.6%	640000	1279.9999999835559	-325065.6386293301	10465.354829368323	-314600.2837999618	302.0980151378133	31.248977035061387	1.150975076055865	544	201.89000606536865	9:51
25.8%	645000	1289.9999999833194	-324957.4521681955	10539.663888290457	-314417.78827990504	304.2430565218034	31.2570546648855	1.15067763438387	544	203.4733898639679	9:49
26.0%	650000	1299.999999983083	-324883.67277027265	10407.948420132976	-314475.7243501397	300.4408938486698	31.105393358828927	1.1562880206878652	543	205.10331463813782	9:48
26.2%	655000	1309.9999999828465	-325329.8350802326	10431.659202398032	-314898.17587783455	301.1253408049772	31.16410812599388	1.1541095151572132	543	206.69458866119385	9:46
26.4%	660000	1319.99999998261	-324976.04507277324	10363.513742519926	-314612.5313302533	299.1582208644227	31.281308370684183	1.1497854659207498	543	208.27743005752563	9:45
26.6%	665000	1329.9999999823735	-325294.50953436247	10417.99526060853	-314876.5142737539	300.7309108252135	31.281308370684183	1.1497854659207498	543	209.86030673980713	9:43
26.8%	670000	1339.999999982137	-325218.71530520474	10685.902770186982	-314532.8125350177	308.4644591094097	31.36847300427664	1.1465905182791079	543	211.44457912445068	9:41
27.0%	675000	1349.9999999819006	-325255.5546142977	10539.65277594902	-314715.90183834865	304.24273574755864	31.36847300427664	1.1465905182791079	543	213.02689146995544	9:40
27.2%	680000	1359.9999999816641	-325015.7068325379	10392.677874547611	-314623.0289579903	300.00008686346706	31.176357219819156	1.1536560691168007	543	214.6106927394867	9:38
27.4%	685000	1369.9999999814277	-324957.1477391418	10247.052104417593	-314710.0956347242	295.7963826578783	31.231914713860334	1.1516038657609469	544	216.19308423995972	9:37
27.6%	690000	1379.9999999811912	-325179.34275110613	10432.363566818236	-314746.9791842879	301.14567333041435	31.231883086518312	1.1516050319464517	544	217.77523016929626	9:35
27.8%	695000	1389.9999999809547	-324731.97847073246	10172.000922934503	-314559.97754779796	293.62991880362245	31.097599423674215	1.1565778190652458	544	219.3695924282074	9:33
28.0%	700000	1399.9999999807183	-325409.342716284	10626.452182383853	-314782.8905339001	306.7483295689471	31.059460235246625	1.157998028529235	543	221.00737047195435	9:32
28.2%	705000	1409.9999999804818	-324959.5100965424	10289.086178521762	-314670.4239180207	297.0097586553544	31.05675055999538	1.158099062879008	543	222.59913110733032	9:30
28.4%	710000	1419.9999999802453	-324947.5310475542	10513.256162953285	-314434.27488460095	303.48075829697143	31.05675055999538	1.158099062879008	543	224.18039774894714	9:29
28.6%	715000	1429.9999999800089	-325214.0011815039	10365.106768178774	-314848.8944133251	299.20420591676424	31.05710612059667	1.1580858042580164	543	225.76205801963806	9:27
28.8%	720000	1439.9999999797724	-325247.46184260014	10604.960088496124	-314642.50175410404	306.1279283488739	31.085798308002882	1.157016891225801	543	227.34231305122375	9:25
29.0%	725000	1449.999999979536	-325130.5688966719	10460.37912965369	-314670.1897670182	301.9543841733386	31.220726271748642	1.1520165612593003	543	228.9261393547058	9:24
29.2%	730000	1459.9999999792994	-324954.3640180296	10301.046033331872	-314653.3179846977	297.35499763275925	31.19574070107144	1.1529392446309974	543	230.50769066810608	9:22
29.4%	735000	1469.999999979063	-325109.93016706477	10133.728239822802	-314976.201927242	292.5251209453026	31.28581895380869	1.149619697432252	544	232.08934998512268	9:21
29.6%	740000	1479.9999999788265	-325027.169446008	10432.782410199683	-314594.3870358083	301.15776386687986	31.122543236348832	1.1556508556020322	544	233.67074847221375	9:19
29.8%	745000	1489.99999997859	-324840.6803877432	10450.383797255066	-314390.2965904882	301.66585405395904	31.145410677245767	1.1548023589194283	544	235.25259494781494	9:17
30.0%	750000	1499.9999999783536	-325194.06903772627	10604.116703219173	-314589.9523345071	306.10358277986865	31.05608394592565	1.1581239212974361	543	236.8919553756714	9:16
30.2%	755000	1509.999999978117	-325111.95532316214	10485.650347857001	-314626.30497530516	302.68387543128534	31.03348339970362	1.1589673404159733	543	238.48197150230408	9:14
30.4%	760000	1519.9999999778806	-325074.27919221617	10598.64403528215	-314475.63515693403	305.9456060893275	31.025822153439556	1.1592535257155288	543	240.06239819526672	9:13
30.6%	765000	1529.9999999776442	-325408.482279024	10484.886232072678	-314923.59604695137	302.6618180939525	30.977766279466376	1.1610518781477914	543	241.64176964759827	9:11
30.8%	770000	1539.9999999774077	-325102.4915523431	9946.221307991289	-315156.2702443518	287.1124547859173	30.961114415521426	1.1616763284711384	544	243.22332549095154	9:10
31.0%	775000	1549.9999999771712	-325412.048465475	10441.28758262003	-314970.7608828549	301.40327830461126	30.82780204843613	1.1666999049457802	544	244.80578184127808	9:08
31.2%	780000	1559.9999999769348	-325492.1184847638	10466.86251800641	-315025.25596675737	302.1415368102686	30.86027482415797	1.165472243022357	544	246.38856172561646	9:06
31.4%	785000	1569.9999999766983	-325523.5044298298	10612.741327100375	-314910.7631027294	306.3525453614822	30.827469778408737	1.1667124800747857	544	247.97024416923523	9:05
31.6%	790000	1579.9999999764618	-325472.2242368063	10374.31995244454	-315097.90428436175	299.4701581682805	30.827469778408737	1.1667124800747857	544	249.55177545547485	9:03
31.8%	795000	1589.9999999762254	-325659.3095902287	10516.703968785916	-315142.6056214428	303.5802843346071	30.85523068646255	1.1656627715759669	544	251.1322648525238	9:02
32.0%	800000	1599.9999999759889	-325258.06775941106	10546.618771062595	-314711.4489883485	304.44381954563164	30.79228695027791	1.1680455491232409	544	252.75675654411316	9:00
32.2%	805000	1609.9999999757524	-325562.39544377406	10409.228144059362	-315153.1672997147	300.4778349810431	30.717283327904184	1.1708976127756983	543	254.36515402793884	8:58
32.4%	810000	1619.999999975516	-325540.8985758354	10309.803556645313	-315231.0950191901	297.60779655392815	30.717283327904184	1.1708976127756983	543	255.94940376281738	8:57
32.6%	815000	1629.9999999752795	-325549.30169448105	10639.248281898974	-314910.0534125821	307.1177079921398	30.717283327904184	1.1708976127756983	543	257.53233528137207	8:55
32.8%	820000	1639.999999975043	-325350.88135362073	10470.831908048212	-314880.04944557254	302.25611915100023	30.80605352987227	1.1675235740508334	544	259.11797308921814	8:54
33.0%	825000	1649.9999999748065	-325632.76613719645	10425.92003416127	-315206.8461030352	300.95967118735445	30.720951706500873	1.1707577962822946	544	260.7024083137512	8:52
33.2%	830000	1659.99999997457	-325826.230639064	10612.735279189823	-315213.49535987416	306.35237077955895	30.681235756468052	1.1722733075383198	544	262.2854962348938	8:50
33.4%	835000	1669.9999999743336	-325597.5992792176	10549.2577618736	-315048.341517344	304.51999793604165	30.55419826756328	1.1771473564659218	544	263.8686602115631	8:49
33.6%	840000	1679.9999999740971	-325861.66937800363	10262.504952240928	-315599.1644257627	296.2424520680197	30.566516752266843	1.1766729592088843	544	265.45579743385315	8:47
33.8%	845000	1689.9999999738607	-325737.46466058184	10449.270336217149	-315288.1943243647	301.63371234687196	30.54462462094157	1.177516311493274	544	267.04312896728516	8:46
34.0%	850000	1699.9999999736242	-325888.3894613058	10235.0987876522	-315653.2906736536	295.45133241084756	30.662785451340074	1.1729786837753151	543	268.6781437397003	8:44
34.2%	855000	1709.9999999733877	-325637.95610866975	10198.218164041862	-315439.7379446279	294.3867184181655	30.662785451340074	1.1729786837753151	543	270.2727782726288	8:43
34.4%	860000	1719.9999999731513	-325593.31598985795	10652.082060741746	-314941.2339291162	307.4881740851039	30.662785451340074	1.1729786837753151	543	271.85651874542236	8:41
34.6%	865000	1729.9999999729148	-325781.9785609297	10230.676593517614	-315551.3019674121	295.3236792072635	30.662785451340074	1.1729786837753151	543	273.4561240673065	8:39
34.8%	870000	1739.9999999726783	-325526.8295636644	10246.524528456754	-315280.30503520765	295.7811533939688	30.662785451340074	1.1729786837753151	543	275.0447664260864	8:38
35.0%	875000	1749.9999999724419	-325291.08888968185	10289.309161452707	-315001.77972822916	297.01619538893357	30.662785451340074	1.1729786837753151	543	276.63143038749695	8:36
35.2%	880000	1759.9999999722054	-325765.240303879	10417.091912316508	-315348.1483915625	300.7048343346934	30.710055142867684	1.171173205397221	543	278.2168116569519	8:35
35.4%	885000	1769.999999971969	-325627.43146486557	10186.025665037814	-315441.4057998278	294.03476382047177	30.707640783943713	1.171265287771763	543	279.8019905090332	8:33
35.6%	890000	1779.9999999717324	-325530.30318971403	10357.152198738824	-315173.1509909752	298.97458545207235	30.670484049823866	1.1726842543850988	543	281.38948345184326	8:31
35.8%	895000	1789.999999971496	-325784.2924711837	10598.162983386504	-315186.1294877972	305.93171981167876	30.655930465553872	1.1732409740428975	543	282.97389960289	8:30
36.0%	900000	1799.9999999712595	-325775.68730073015	10570.502566196956	-315205.1847345332	305.1332607754503	30.64597072205592	1.1736222698180823	543	284.6066527366638	8:28
36.2%	905000	1809.999999971023	-325960.56869862444	10126.981848423044	-315833.5868502014	292.33037633468604	30.5942569702509	1.1756060542529594	543	286.2026116847992	8:27
36.4%	910000	1819.9999999707866	-325857.52200789866	10265.910836678617	-315591.61117122	296.34076798230933	30.598361067510734	1.1754483725531044	543	287.78655219078064	8:25
36.6%	915000	1829.99999997055	-325520.6155070326	10306.84817241806	-315213.76733461453	297.5224849975042	30.604759589849508	1.1752026221283127	543	289.3740327358246	8:24
36.8%	920000	1839.9999999703136	-325760.8893558729	10491.183486947963	-315269.7058689249	302.8435977115247	30.604759589849508	1.1752026221283127	543	290.9597501754761	8:22
37.0%	925000	1849.9999999700772	-325727.74486195133	10329.918444931809	-315397.82641701953	298.18844268825865	30.57143764140147	1.1764835576750767	543	292.5581383705139	8:20
37.2%	930000	1859.9999999698407	-325742.13745638344	10407.393295100997	-315334.74416128243	300.4248693398931	30.654780817812764	1.1732849741564066	543	294.14531230926514	8:19
37.4%	935000	1869.9999999696042	-325314.614205044	10491.585627657487	-314823.0285773865	302.8552061005506	30.654780817812764	1.1732849741564066	543	295.7315411567688	8:17
37.6%	940000	1879.9999999693678	-325382.4706104201	10546.31645513136	-314836.15415528876	304.435092747137	30.748182994495767	1.169720946634023	543	297.31739926338196	8:16
37.8%	945000	1889.9999999691313	-325263.7018063097	10525.036771641204	-314738.66503466846	303.82082306876	30.806939016551183	1.167490015813464	543	298.90422797203064	8:14
38.0%	950000	1899.9999999688948	-325523.25711879623	10483.539588790396	-315039.71753000584	302.6229452349516	30.72668163799178	1.1705394726102438	543	300.5401027202606	8:12
38.2%	955000	1909.9999999686584	-325742.54557600577	10233.342748338951	-315509.2028276668	295.4006417271884	30.705887189970372	1.171332177998289	543	302.1307330131531	8:11
38.4%	960000	1919.999999968422	-325696.7841705621	10338.128721295734	-315358.65544926637	298.42544451320526	30.73952117997362	1.170050551829338	543	303.71359300613403	8:09
38.6%	965000	1929.9999999681854	-325687.2784013891	10328.361769954827	-315358.91663143423	298.14350695235396	30.69010918268308	1.1719343683499197	543	305.3005065917969	8:08
38.8%	970000	1939.999999967949	-325595.10442313575	10579.810148073158	-315015.29427506257	305.40193795423477	30.64287946957404	1.1737406647867394	543	306.8863151073456	8:06
39.0%	975000	1949.9999999677125	-326004.8703710308	10339.431795356248	-315665.43857567455	298.4630596818906	30.735249054857952	1.1702131860198126	543	308.4727520942688	8:04
39.2%	980000	1959.999999967476	-325797.48073032027	10400.129590427212	-315397.35113989306	300.2151917130687	30.645155482241194	1.1736534911836374	543	310.05948305130005	8:03
39.4%	985000	1969.9999999672395	-326251.32201135636	10419.710949941418	-315831.61106141494	300.7804367467432	30.616834483954364	1.1747391370080142	543	311.6592741012573	8:01
39.6%	990000	1979.999999967003	-325828.06287559506	10396.607117766402	-315431.45575782866	300.11351030650786	30.670719277455994	1.172675260538626	543	313.2475848197937	8:00
39.8%	995000	1989.9999999667666	-326188.27488678263	10233.260956391923	-315955.0139303907	295.3982806811222	30.66802072548643	1.1727784470194984	543	314.8325638771057	7:58
40.0%	1000000	1999.9999999665301	-325994.2825727646	10171.206455296715	-315823.0761174679	293.60698531494666	30.625313979435596	1.174413876825847	543	316.4649429321289	7:57
40.2%	1005000	2009.9999999662937	-326207.4122289957	10411.929311736088	-315795.4829172596	300.5558081990561	30.625313979435596	1.174413876825847	543	318.0588083267212	7:55
40.4%	1010000	2019.9999999660572	-325892.12254810135	10407.010366530401	-315485.11218157096	300.41381553780013	30.61619805389046	1.1747635567384693	543	319.6454744338989	7:53
40.6%	1015000	2029.9999999658207	-325797.66817579645	10470.099049061357	-315327.5691267351	302.23496408756336	30.64288713525736	1.173740371161527	543	321.23082971572876	7:52
40.8%	1020000	2039.9999999655843	-326172.66380875075	10446.290387423442	-315726.3734213273	301.5476916977426	30.71895247088801	1.1708339909599152	543	322.81730031967163	7:50
41.0%	1025000	2049.999999965348	-326082.7968387243	10207.44857632172	-315875.3482624026	294.65316798190355	30.792388201564236	1.1680417083651429	543	324.4056489467621	7:49
41.2%	1030000	2059.9999999651113	-325814.440205605	10345.536437783067	-315468.90376782196	298.63927925498075	30.742644166707663	1.1699316924257128	543	325.99142694473267	7:47
41.4%	1035000	2069.999999964875	-326121.3612206867	10568.4670244968	-315552.8941961899	305.07450184014675	30.816409154079093	1.1671312364710384	543	327.5768897533417	7:45
41.6%	1040000	2079.9999999646384	-325842.915137675	10283.50644667269	-315559.4086910023	296.848691405931	30.80274220922235	1.1676490838153133	543	329.16260838508606	7:44
41.8%	1045000	2089.999999964402	-326064.20815181435	10097.706193143655	-315966.5019586707	291.4852910512952	30.66605350485271	1.172853680500696	543	330.7612178325653	7:42
42.0%	1050000	2099.9999999641655	-326033.8175809321	10613.969820710789	-315419.84776022134	306.388007654674	30.66605350485271	1.172853680500696	543	332.3906090259552	7:41
42.2%	1055000	2109.999999963929	-326041.32328870514	10382.870470855289	-315658.4528178499	299.7169815853936	30.70068788355349	1.1715305486319527	543	333.9829943180084	7:39
42.4%	1060000	2119.9999999636925	-326217.92812675127	10307.130188607438	-315910.79793814383	297.5306258137915	30.764277235905627	1.1691090105513733	543	335.56949400901794	7:38
42.6%	1065000	2129.999999963456	-325644.6808301064	10393.200418450151	-315251.4804116562	300.01517086953794	30.78104926152187	1.168471984629789	543	337.15509605407715	7:36
42.8%	1070000	2139.9999999632196	-325803.7820254483	10323.102004459648	-315480.6800209886	297.9916760070978	30.71940861965107	1.170816605388359	543	338.74092864990234	7:34
43.0%	1075000	2149.999999962983	-326382.39503234497	10557.270574245968	-315825.124458099	304.7512996695071	30.73023562836296	1.1704040982491406	543	340.3263132572174	7:33
43.2%	1080000	2159.9999999627466	-325851.9150816572	10225.858370826685	-315626.0567108305	295.1845940510358	30.747876588944926	1.1697326030158859	543	341.91096925735474	7:31
43.4%	1085000	2169.99999996251	-326655.9435496194	10582.680698019587	-316073.26285159984	305.48480064310763	30.775761989787107	1.1686727279582318	543	343.4974262714386	7:30
43.6%	1090000	2179.9999999622737	-326148.60448209033	10351.984991946993	-315796.6194901433	298.8254263512993	30.870961103354965	1.1650688036301207	543	345.0832998752594	7:28
43.8%	1095000	2189.9999999620372	-326035.12727782584	10319.318366964779	-315715.8089108611	297.88245568959906	30.72515226747132	1.1705977372055454	543	346.665678024292	7:26
44.0%	1100000	2199.9999999618008	-326361.5103362067	10496.883428608384	-315864.62690759834	303.00813499574394	30.782735497419544	1.1684079773421303	543	348.3373854160309	7:25
44.2%	1105000	2209.9999999615643	-326245.1320511185	10336.875602440045	-315908.25644867844	298.38927137572375	30.782735497419544	1.1684079773421303	543	350.2163197994232	7:24
44.4%	1110000	2219.999999961328	-326338.49110086064	10353.887857916096	-315984.6032429446	298.88035540451466	30.782735497419544	1.1684079773421303	543	351.7990448474884	7:22
44.6%	1115000	2229.9999999610914	-326266.6853745334	10256.493965915997	-316010.1914086174	296.06893601745196	30.83796335508869	1.1663154698464464	543	353.3832628726959	7:20
44.8%	1120000	2239.999999960855	-326156.1896279535	10309.792100938452	-315846.39752701507	297.60746586793033	30.784251632554852	1.1683504328415208	543	354.97040605545044	7:19
45.0%	1125000	2249.9999999606184	-326316.02186577185	10487.83248164488	-315828.189384127	302.7468659649874	30.675773362926265	1.1724820526632933	543	356.558114528656	7:17
45.2%	1130000	2259.999999960382	-325969.31133375387	10400.623747775957	-315568.6875859779	300.2294562990914	30.636178990896337	1.1739973751388983	543	358.1436998844147	7:16
45.4%	1135000	2269.9999999601455	-326217.7271258365	10441.879548022065	-315775.8475778144	301.420366265402	30.58423026770079	1.1759914637309463	543	359.7323863506317	7:14
45.6%	1140000	2279.999999959909	-326764.21873478295	10186.048193764482	-316578.1705410185	294.0354141456371	30.438346564644664	1.1816277090876746	543	361.3199791908264	7:12
45.8%	1145000	2289.9999999596726	-326335.1406015553	10343.785220647947	-315991.35538090736	298.58872777065744	30.52703363532259	1.1781948468776497	543	362.90765738487244	7:11
46.0%	1150000	2299.999999959436	-326342.0155592571	10555.814258631946	-315786.20130062517	304.7092609557145	30.52703363532259	1.1781948468776497	543	364.61146545410156	7:09
46.2%	1155000	2309.9999999591996	-326199.4436840982	10380.66211566443	-315818.78156843374	299.6532341319384	30.643135805041336	1.1737308462301888	543	366.2199261188507	7:08
46.4%	1160000	2319.999999958963	-326237.65606280137	10344.336585652714	-315893.31947714865	298.6046437406625	30.643135805041336	1.1737308462301888	543	367.807480096817	7:06
46.6%	1165000	2329.9999999587267	-326324.90846996073	10292.497619235968	-316032.4108507248	297.10823495982044	30.503603160488005	1.1790998437255553	543	369.3971140384674	7:05
46.8%	1170000	2339.99999995849	-326448.21436906967	10557.165244678385	-315891.0491243913	304.7482591750546	30.460829486520836	1.180755558068875	543	370.98621225357056	7:03
47.0%	1175000	2349.9999999582537	-326404.79596388026	10480.59806295051	-315924.1979009297	302.53803372146785	30.509659331210646	1.1788657922772872	543	372.5727458000183	7:01
47.2%	1180000	2359.9999999580173	-326128.7180632107	10628.593453899794	-315500.12460931094	306.8101405524621	30.651268619603062	1.1734194158800706	543	374.1602532863617	7:00
47.4%	1185000	2369.999999957781	-326309.9688209822	10203.298420137291	-316106.6704008449	294.53336755790747	30.63829571260753	1.1739162666544005	543	375.74755334854126	6:58
47.6%	1190000	2379.9999999575443	-326558.206895703	10457.301414013315	-316100.90548168967	301.86554133893156	30.648856971519265	1.1735117480244122	543	377.333824634552	6:57
47.8%	1195000	2389.999999957308	-326309.0380458422	10201.461649898538	-316107.57639594364	294.4803464561447	30.55707212049748	1.177036647286357	543	378.9214301109314	6:55
48.0%	1200000	2399.9999999570714	-326186.0785048719	10525.727564050021	-315660.3509408219	303.8407638179251	30.53838755758603	1.1777568036876676	542	380.67727494239807	6:54
48.2%	1205000	2409.999999956835	-326707.60859545623	10585.996473629686	-316121.61212182656	305.58051543221757	30.72922765549978	1.1704424895677648	542	382.72675609588623	6:53
48.4%	1210000	2419.9999999565985	-326088.2779546089	10683.359301987932	-315404.918652621	308.39103812110807	30.72922765549978	1.1704424895677648	542	384.3251791000366	6:51
48.6%	1215000	2429.999999956362	-326065.00458715763	10432.597710711116	-315632.4068764465	301.1524322417412	30.72922765549978	1.1704424895677648	542	385.91112184524536	6:49
48.8%	1220000	2439.9999999561255	-326234.34117606224	10533.097011876891	-315701.24416418537	304.053493877962	30.54074348225056	1.177665951076164	542	387.497549533844	6:48
49.0%	1225000	2449.999999955889	-326145.71513379645	10377.3404277854	-315768.37470601103	299.55734867640217	30.454672995062737	1.1809942508799434	542	389.08911991119385	6:46
49.2%	1230000	2459.9999999556526	-326237.0759232106	10371.936744596413	-315865.1391786142	299.4013633331011	30.423712559823937	1.1821960797478002	542	390.6762330532074	6:45
49.4%	1235000	2469.999999955416	-326415.89494951494	10614.26266492367	-315801.63228459127	306.3964610379466	30.43450227365053	1.1817769647160274	542	392.2650058269501	6:43
49.6%	1240000	2479.9999999551796	-326165.7563028231	10412.362155737226	-315753.39414708584	300.5683028842092	30.491724754181526	1.179559175794587	542	393.8527891635895	6:41
49.8%	1245000	2489.999999954943	-326357.12668934854	10652.392230465164	-315704.7344588834	307.49712759497794	30.552082486177014	1.1772288758342604	542	395.4404091835022	6:40
50.0%	1250000	2499.9999999547067	-326537.66212024126	10105.030530996162	-316432.6315892451	291.6967189449039	30.552082486177014	1.1772288758342604	542	397.14355063438416	6:38
50.2%	1255000	2509.9999999544702	-326559.2971221964	10141.965345306306	-316417.3317768901	292.7628972326449	30.552082486177014	1.1772288758342604	542	398.74115085601807	6:37
50.4%	1260000	2519.9999999542338	-326419.86348655145	10375.560441893727	-316044.30304465775	299.5059667391802	30.656228938700615	1.173229551211795	542	400.32537508010864	6:35
50.6%	1265000	2529.9999999539973	-326564.6474706053	10330.87519529586	-316233.7722753095	298.21606070892534	30.656228938700615	1.173229551211795	542	401.9135925769806	6:33
50.8%	1270000	2539.999999953761	-326389.49208349595	10331.48508948533	-316058.00699401065	298.2336662108015	30.659642424964773	1.1730989298920074	542	403.51448345184326	6:32
51.0%	1275000	2549.9999999535244	-326139.70464906754	10461.764089886035	-315677.9405591815	301.99436310802906	30.643335466688132	1.1737231985955534	542	405.10012125968933	6:30
51.2%	1280000	2559.999999953288	-326511.4051374594	10520.642918065369	-315990.76221939403	303.6939879575088	30.558357139957273	1.1769871513337529	542	406.6845908164978	6:29
51.4%	1285000	2569.9999999530514	-326695.34283324785	10455.667084995717	-316239.67574825214	301.8183640037769	30.556110014167515	1.1770737081036018	542	408.2727208137512	6:27
51.6%	1290000	2579.999999952815	-326788.9253625652	10289.001955312724	-316499.92340725247	297.0073274272982	30.556110014167515	1.1770737081036018	542	409.8585686683655	6:25
51.8%	1295000	2589.9999999525785	-326552.8110025909	10371.644966424128	-316181.1660361668	299.3929407226741	30.590483998244597	1.1757510512635787	542	411.4449818134308	6:24
52.0%	1300000	2599.999999952342	-326328.68728145043	10325.06800058713	-316003.6192808633	298.04842740612486	30.588712787891005	1.1758191320111955	542	413.15460443496704	6:22
52.2%	1305000	2609.9999999521056	-326578.5875598467	10486.860048928758	-316091.72751091793	302.7187952499295	30.399892029014868	1.1831224165292962	542	414.7481966018677	6:21
52.4%	1310000	2619.999999951869	-326744.4553674238	10673.611428161015	-316070.8439392628	308.1096512610409	30.435184258989185	1.1817504837012704	542	416.3393552303314	6:19
52.6%	1315000	2629.9999999516326	-326716.2857927948	10288.504105961849	-316427.78168683295	296.99295626614895	30.504858879738578	1.1790513065932267	542	417.92788100242615	6:18
52.8%	1320000	2639.999999951396	-326968.7975466758	10442.239242182624	-316526.55830449314	301.4307493717307	30.458214726245387	1.1808569229307362	542	419.5149509906769	6:16
53.0%	1325000	2649.9999999511597	-326840.8997095465	10884.70618634469	-315956.1935232018	314.20321507163686	30.564701022285814	1.1767428607717474	542	421.10570001602173	6:14
53.2%	1330000	2659.999999950923	-326602.60887454404	10269.746728669626	-316332.8621458744	296.4514967034718	30.46863791025637	1.1804529570877402	542	422.7059516906738	6:13
53.4%	1335000	2669.9999999506867	-327021.73555542936	10731.520629704757	-316290.2149257246	309.78128639714606	30.43579403307938	1.1817268076038028	542	424.29414415359497	6:11
53.6%	1340000	2679.9999999504503	-326939.2409870491	10400.914529562775	-316538.3264574864	300.23785014737155	30.281442523711476	1.1877503421917386	542	425.88409304618835	6:10
53.8%	1345000	2689.999999950214	-327044.35048768733	10374.043985584292	-316670.30650210305	299.46219197486573	30.16715542236079	1.1922500884169578	542	427.4755804538727	6:08
54.0%	1350000	2699.9999999499773	-326747.4424673246	10594.086501711316	-316153.3559656133	305.8140461118474	30.140649462918315	1.1932985639160592	542	429.1164195537567	6:06
54.2%	1355000	2709.999999949741	-326744.90215137025	10040.992687539203	-316703.90946383105	289.8481714548786	30.13709044596048	1.1934394856096229	542	430.7168424129486	6:05
54.4%	1360000	2719.9999999495044	-326817.5663255991	10407.697813692568	-316409.86851190653	300.43365972145074	30.207083686609547	1.1906741508959844	542	432.3073215484619	6:03
54.6%	1365000	2729.999999949268	-326947.6937447934	10277.768984542909	-316669.9247602505	296.683071037621	30.190353378892024	1.1913339757309502	542	433.8967080116272	6:02
54.8%	1370000	2739.9999999490315	-326969.6175295019	10450.236475272635	-316519.3810542293	301.6616013860654	30.20621867547489	1.190708248060192	542	435.48750710487366	6:00
55.0%	1375000	2749.999999948795	-326780.3744462934	10510.257800969652	-316270.11664532375	303.3942061237591	30.281745109923072	1.1877384737582959	542	437.07760858535767	5:58
55.2%	1380000	2759.9999999485585	-326896.8707334012	10332.233436472034	-316564.6372969292	298.255268358364	30.346115194625106	1.1852190466201153	542	438.6636686325073	5:57
55.4%	1385000	2769.999999948322	-326626.8028928526	10822.353168160857	-315804.44972469175	312.40330256620246	30.29169168343132	1.187348468202935	542	440.25080966949463	5:55
55.6%	1390000	2779.9999999480856	-326713.4981539658	10602.313975625197	-316111.1841783406	306.05154436962323	30.39032097604542	1.1834950261942903	542	441.85531282424927	5:54
55.8%	1395000	2789.999999947849	-326611.4416884482	10353.464003090196	-316257.97768535797	298.86812020525974	30.38715493861403	1.183618334531657	542	443.44483494758606	5:52
56.0%	1400000	2799.9999999476127	-326946.02135176345	10488.272670768714	-316457.74868099473	302.7595726780195	30.474206494410083	1.1802372516638027	542	445.08072996139526	5:50
56.2%	1405000	2809.999999947376	-326931.87375146797	10142.661282418814	-316789.21246904915	292.78298649132535	30.431825918366464	1.1818808971922643	542	446.6753635406494	5:49
56.4%	1410000	2819.9999999471397	-326763.8279498385	10211.920507692126	-316551.90744214633	294.7822569246923	30.431825918366464	1.1818808971922643	542	448.26298475265503	5:47
56.6%	1415000	2829.9999999469032	-326739.3921585034	10402.06615710327	-316337.3260014001	300.2710935872581	30.414390259768375	1.1825584340967048	542	449.8490467071533	5:46
56.8%	1420000	2839.999999946667	-326700.3840394772	10309.989994846173	-316390.39404463104	297.6131783695803	30.411429690681402	1.1826735567982398	542	451.4383590221405	5:44
57.0%	1425000	2849.9999999464303	-326910.0632829816	10531.711582709317	-316378.35170027224	304.01350140675936	30.484491101617362	1.1798390729143429	542	453.02624225616455	5:42
57.2%	1430000	2859.999999946194	-326262.45024013077	10446.222343281737	-315816.22789684904	301.5457275025017	30.484491101617362	1.1798390729143429	542	454.6145017147064	5:41
57.4%	1435000	2869.9999999459574	-326797.0060418237	10525.587476635485	-316271.41856518824	303.8367199865818	30.484491101617362	1.1798390729143429	542	456.20428943634033	5:39
57.6%	1440000	2879.999999945721	-327325.73455704126	10375.194292387974	-316950.5402646533	299.49539728972195	30.518947385988074	1.1785070194167613	542	457.79328083992004	5:38
57.8%	1445000	2889.9999999454844	-326569.1364192372	10144.028901750635	-316425.10751748655	292.82246485515947	30.5543406895019	1.1771418694678468	542	459.38238883018494	5:36
58.0%	1450000	2899.999999945248	-326758.13884163793	10011.49862404441	-316746.6402175935	288.99678149386915	30.5543406895019	1.1771418694678468	542	461.01925253868103	5:34
58.2%	1455000	2909.9999999450115	-326621.0611882296	10617.338002807162	-316003.7231854224	306.4852352348686	30.512594154419855	1.1787524042555997	542	462.6185383796692	5:33
58.4%	1460000	2919.999999944775	-326745.50156099023	10395.84503497859	-316349.65652601165	300.09151165463965	30.446405603907174	1.181314937057206	542	464.2057728767395	5:31
58.6%	1465000	2929.9999999445386	-326557.45464094146	10539.912457021299	-316017.54218392016	304.25023182750846	30.578463545041327	1.1762132412774617	542	465.79404067993164	5:30
58.8%	1470000	2939.999999944302	-326843.5567411365	10760.122146674927	-316083.4345944616	310.60691167669904	30.60631368611843	1.1751429488847782	542	467.3825674057007	5:28
59.0%	1475000	2949.9999999440656	-326814.02724039543	10340.53233404415	-316473.49490635126	298.4948283661463	30.66678384709421	1.1728257485013627	542	468.9680349826813	5:27
59.2%	1480000	2959.999999943829	-326841.0550797123	10304.555195641708	-316536.4998840706	297.4562948162645	30.65282241055859	1.1733599352733253	542	470.55621099472046	5:25
59.4%	1485000	2969.9999999435927	-327097.97217208997	10612.082893187475	-316485.8892789025	306.3335386883756	30.48689324004602	1.1797461104483296	542	472.1461446285248	5:23
59.6%	1490000	2979.999999943356	-326363.60718959506	10464.962085568928	-315898.64510402613	302.0866780045589	30.487131341654386	1.1797368967429396	542	473.7335240840912	5:22
59.8%	1495000	2989.9999999431197	-326562.16444642993	10198.393886530484	-316363.77055989945	294.391790908864	30.4261195594865	1.182102556629958	542	475.3241729736328	5:20
60.0%	1500000	2999.9999999428833	-326704.8628474771	10123.939651128136	-316580.92319634894	292.2425587900892	30.400741314394715	1.1830893644217657	542	476.9658513069153	5:19
60.2%	1505000	3009.999999942647	-326855.2491367103	10493.60339584926	-316361.6457408611	302.9134519771293	30.329926794066537	1.1858516495540625	542	478.56304907798767	5:17
60.4%	1510000	3019.9999999424103	-326632.9272888783	10338.293979938173	-316294.6333089401	298.4302149494379	30.297660028494406	1.1871145720749272	542	480.1526622772217	5:15
60.6%	1515000	3029.999999942174	-326979.17159506376	10402.613310331968	-316576.5582847318	300.2868879780897	30.310878646253254	1.1865968697032028	542	481.7419605255127	5:14
60.8%	1520000	3039.9999999419374	-326793.41521991626	10446.970008832743	-316346.4452110835	301.5673099794103	30.31959367044788	1.1862557958569917	542	483.3331263065338	5:12
61.0%	1525000	3049.999999941701	-326519.34785497515	10401.980949743323	-316117.36690523184	300.2686339502239	30.28712281830108	1.1875275817835271	542	484.92238903045654	5:11
61.2%	1530000	3059.9999999414645	-326454.8280929755	10611.450340688949	-315843.37775228656	306.3152791207459	30.28712281830108	1.1875275817835271	542	486.5138449668884	5:09
61.4%	1535000	3069.999999941228	-326777.6105387896	10165.581090588716	-316612.0294482009	293.44460080525533	30.312129228581036	1.1865479144792306	542	488.1045141220093	5:07
61.6%	1540000	3079.9999999409915	-326927.96302875906	10261.276313145456	-316666.6867156136	296.20698557518557	30.491746965679344	1.1795583165530323	542	489.69583344459534	5:06
61.8%	1545000	3089.999999940755	-326816.31949264393	10337.933874210565	-316478.38561843336	298.4198199626148	30.514496857601564	1.1786789042414756	542	491.28329157829285	5:04
62.0%	1550000	3099.9999999405186	-326962.55882351997	10573.459899014902	-316389.09892450506	305.2186285808396	30.514496857601564	1.1786789042414756	542	492.91885709762573	5:03
62.2%	1555000	3109.999999940282	-326764.8034191353	10576.0002088911	-316188.80321024416	305.2919583994599	30.514496857601564	1.1786789042414756	542	494.5168011188507	5:01
62.4%	1560000	3119.9999999400457	-326653.26991973945	10583.66177264487	-316069.6081470946	305.5131208197125	30.436932905878322	1.181682590385165	542	496.1193640232086	4:59
62.6%	1565000	3129.999999939809	-326857.257767862	10617.148762493429	-316240.10900536855	306.4797725320654	30.436932905878322	1.181682590385165	542	497.71182346343994	4:58
62.8%	1570000	3139.9999999395727	-327003.445374188	10483.053691674866	-316520.3916825132	302.60891909283254	30.40788304425585	1.1828114988225726	542	499.3017876148224	4:56
63.0%	1575000	3149.9999999393362	-326725.4569501984	10191.239080962514	-316534.2178692359	294.1852568165162	30.410892244423064	1.182694457976437	542	500.8899097442627	4:55
63.2%	1580000	3159.9999999391	-326544.2508031396	10220.994326930288	-316323.2564762093	295.0441861976373	30.401517281840736	1.1830591672831159	542	502.48106694221497	4:53
63.4%	1585000	3169.9999999388633	-326516.5337276929	10542.908485788677	-315973.6252419042	304.33671664896724	30.36966378180316	1.1843000297273059	542	504.0722336769104	4:51
63.6%	1590000	3179.999999938627	-327111.6223506716	10424.615917048348	-316687.00643362326	300.92202590941173	30.233989119987026	1.1896145618383154	542	505.66064953804016	4:50
63.8%	1595000	3189.9999999383904	-327113.2457213401	10497.206184201406	-316616.0395371387	303.0174518154425	30.138717695011835	1.1933750494484545	542	507.254106760025	4:48
64.0%	1600000	3199.999999938154	-326585.09052788746	10577.26012450472	-316007.8304033827	305.32832773545675	30.210992188835633	1.1905201091968494	542	508.8904881477356	4:47
64.2%	1605000	3209.9999999379174	-326882.9121163088	10288.386170278989	-316594.5259460298	296.98955187745054	30.23586476867535	1.189540765404524	542	510.49404430389404	4:45
64.4%	1610000	3219.999999937681	-327118.35535710433	10200.945539970924	-316917.4098171334	294.4654481763188	30.330639180757824	1.185823797027515	542	512.0868713855743	4:43
64.6%	1615000	3229.9999999374445	-327015.6500941035	10310.728135610621	-316704.92195849284	297.63448589937434	30.34202340512188	1.1853788799571752	542	513.6796488761902	4:42
64.8%	1620000	3239.999999937208	-326557.51610880205	10137.975758747538	-316419.5403500545	292.6477318894458	30.52127158436091	1.178417275970479	542	515.2918574810028	4:40
65.0%	1625000	3249.9999999369716	-327162.2635360643	10108.936991352686	-317053.3265447116	291.8094847267777	30.487302402289828	1.1797302773792273	542	516.880776643753	4:39
65.2%	1630000	3259.999999936735	-327098.7101844242	10421.215000653408	-316677.4951837708	300.8238534050569	30.4493566673696	1.1812004474347666	542	518.4733443260193	4:37
65.4%	1635000	3269.9999999364986	-327119.2860323068	10428.12744327646	-316691.1585890303	301.02339133093	30.32962951406038	1.1858632728409713	542	520.061753988266	4:35
65.6%	1640000	3279.999999936262	-326925.9861286344	10400.353062772823	-316525.6330658616	300.2216425743293	30.274290571092116	1.18803093453629	542	521.6531581878662	4:34
65.8%	1645000	3289.9999999360257	-327367.8289494908	10313.675279998497	-317054.1536694923	297.7195596005931	30.274290571092116	1.18803093453629	542	523.2445764541626	4:32
66.0%	1650000	3299.999999935789	-327178.36366076977	10356.326947437386	-316822.0367133324	298.95076334721125	30.2100053493008	1.190558998707036	542	524.8808116912842	4:31
66.2%	1655000	3309.9999999355528	-327106.3108584207	10598.099350266439	-316508.2115081542	305.9298829471307	30.223012218429176	1.1900466260496094	542	526.5014567375183	4:29
66.4%	1660000	3319.9999999353163	-327487.8374719878	10534.272687612902	-316953.5647843749	304.08743150473964	30.343693628894826	1.1853136325285174	542	528.0934295654297	4:28
66.6%	1665000	3329.99999993508	-327618.81638852926	10768.258490384595	-316850.55789814465	310.8417793257415	30.28827649194668	1.1874823491247821	542	529.6875216960907	4:26
66.8%	1670000	3339.9999999348433	-327306.13606574293	10613.94355965384	-316692.1925060891	306.3872495902502	30.195284915704715	1.1911394053742232	542	531.2779276371002	4:24
67.0%	1675000	3349.999999934607	-327191.22063177184	10317.674238586122	-316873.54639318574	297.83499548132875	30.213601229674662	1.1904173039879977	542	532.8818459510803	4:23
67.2%	1680000	3359.9999999343704	-327136.89825636044	10873.309416809758	-316263.5888395507	313.8742303872548	30.25989653311271	1.1885960574994077	542	534.4761655330658	4:21
67.4%	1685000	3369.999999934134	-327089.8394943555	10553.196285310376	-316536.6432090451	304.6336892663619	30.25413210846535	1.1888225248257565	542	536.0677778720856	4:20
67.6%	1690000	3379.9999999338975	-327215.75922952004	10249.11385735233	-316966.6453721677	295.85589821940914	30.25413210846535	1.1888225248257565	542	537.6592049598694	4:18
67.8%	1695000	3389.999999933661	-327357.69168423954	10239.466982062466	-317118.2247021771	295.5774268321637	30.331554844993676	1.1857879987822058	542	539.2491581439972	4:16
68.0%	1700000	3399.9999999334245	-327516.91377103137	10329.892594816554	-317187.0211762148	298.1876964862773	30.137593563105536	1.1934195623245891	542	540.8798875808716	4:15
68.2%	1705000	3409.999999933188	-327419.97372970555	10535.718615240025	-316884.25511446554	304.1291703538574	30.295663709279218	1.187192796458905	542	542.4774439334869	4:13
68.4%	1710000	3419.9999999329516	-327299.3913806883	10510.379733136848	-316789.01164755144	303.3977258769153	30.48194608690774	1.1799375806601078	542	544.0684082508087	4:12
68.6%	1715000	3429.999999932715	-327168.66801637644	10279.727702978445	-316888.940313398	296.7396123552578	30.62389099621742	1.1744684476587344	542	545.6590094566345	4:10
68.8%	1720000	3439.9999999324787	-327487.9284109889	10458.093473451354	-317029.83493753755	301.88840531134383	30.515416270138495	1.1786433913010004	542	547.2484271526337	4:08
69.0%	1725000	3449.999999932242	-327320.87993505935	10030.340345043156	-317290.5395900162	289.5406757629415	30.568872614055184	1.1765822761504356	542	548.837904214859	4:07
69.2%	1730000	3459.9999999320057	-327365.04982619116	10287.23160587164	-317077.8182203195	296.9562236605391	30.528251250859427	1.17814785472146	542	550.4270970821381	4:05
69.4%	1735000	3469.9999999317693	-327484.6990823775	10313.305526165273	-317171.3935562122	297.70888610686757	30.528251250859427	1.17814785472146	542	552.0254027843475	4:04
69.6%	1740000	3479.999999931533	-327299.1795183991	10405.270504398302	-316893.9090140008	300.36359183250875	30.528251250859427	1.17814785472146	542	553.6122334003448	4:02
69.8%	1745000	3489.9999999312963	-327515.49774299364	10234.798775032048	-317280.6989679616	295.4426721008493	30.458473774668967	1.1808468797773393	542	555.2005054950714	4:00
70.0%	1750000	3499.99999993106	-327320.58472639846	10390.922644754879	-316929.6620816436	299.9494195478203	30.4637216248042	1.1806434605256124	542	556.8305068016052	3:59
70.2%	1755000	3509.9999999308234	-327155.17766954843	10457.045391813679	-316698.13227773475	301.8581508777765	30.529525165376413	1.1780986937978244	542	558.4309902191162	3:57
70.4%	1760000	3519.999999930587	-327128.9607294764	10354.040131503574	-316774.9205979728	298.8847510078444	30.529525165376413	1.1780986937978244	542	560.0199153423309	3:56
70.6%	1765000	3529.9999999303504	-327240.37371743	10342.72631344944	-316897.64740398055	298.5581608411935	30.59340306264851	1.175638867174918	542	561.6032660007477	3:54
70.8%	1770000	3539.999999930114	-326955.8336351318	10222.348104151382	-316733.48553098046	295.0832649883806	30.63952208328251	1.1738692797438217	542	563.1924407482147	3:52
71.0%	1775000	3549.9999999298775	-326931.2125892451	10197.346911240873	-316733.8656780042	294.3615684116771	30.534031140485723	1.1779248391447608	542	564.7775559425354	3:51
71.2%	1780000	3559.999999929641	-327296.89339379466	10205.147430071582	-317091.74596372305	294.58674197666596	30.534031140485723	1.1779248391447608	542	566.3664343357086	3:49
71.4%	1785000	3569.9999999294046	-327000.9764841636	10161.510236797283	-316839.46624736633	293.3270895626497	30.525980842053023	1.178235480972634	542	567.9553823471069	3:48
71.6%	1790000	3579.999999929168	-327278.3653947243	10158.351715321267	-317120.01367940305	293.2359141477467	30.377995526367968	1.1839752128602015	542	569.545597076416	3:46
71.8%	1795000	3589.9999999289316	-327211.08776298474	10462.887148849728	-316748.200614135	302.02678187350296	30.34442996606012	1.1852848697380767	542	571.1464626789093	3:44
72.0%	1800000	3599.999999928695	-327217.0945690504	10846.682848485058	-316370.41172056535	313.1056149344609	30.250910180347322	1.1889491425274137	542	572.7785279750824	3:43
72.2%	1805000	3609.9999999284587	-326839.15855934273	10281.54511591726	-316557.61344342545	296.79207467979944	30.29756024946349	1.1871184816023155	542	574.3759481906891	3:41
72.4%	1810000	3619.999999928222	-327284.1485880027	10425.071050570265	-316859.07753743243	300.9351640146968	30.349165504885733	1.185099923548398	542	575.9657292366028	3:40
72.6%	1815000	3629.9999999279858	-327209.4466881364	10377.850679288758	-316831.59600884764	299.5720778441082	30.414104551743804	1.1825695429700098	542	577.5562472343445	3:38
72.8%	1820000	3639.9999999277493	-326786.3542278891	10536.508463196762	-316249.84576469235	304.1519704885763	30.414104551743804	1.1825695429700098	542	579.1462869644165	3:36
73.0%	1825000	3649.999999927513	-327156.5745732822	10641.430724754904	-316515.1438485273	307.18070744755033	30.39747895804991	1.1832163374217248	542	580.7357199192047	3:35
73.2%	1830000	3659.9999999272763	-327289.87830093526	10468.678873463077	-316821.1994274722	302.193968609017	30.386873843340496	1.183629283651373	542	582.3230130672455	3:33
73.4%	1835000	3669.99999992704	-327176.67634090804	10384.76661700881	-316791.9097238992	299.7717166611488	30.386873843340496	1.183629283651373	542	583.9128210544586	3:32
73.6%	1840000	3679.9999999268034	-327151.5908551822	10358.848916392213	-316792.74193879	299.0235637278877	30.386873843340496	1.183629283651373	542	585.5044763088226	3:30
73.8%	1845000	3689.999999926567	-327721.61253444635	10404.652663752247	-317316.9598706941	300.3457569443575	30.386873843340496	1.183629283651373	542	587.0961446762085	3:28
74.0%	1850000	3699.9999999263305	-327157.34315282997	10666.133948352299	-316491.20920447767	307.89380269734886	30.53794038523789	1.1777740497844509	542	588.7387592792511	3:27
74.2%	1855000	3709.999999926094	-327312.9468998937	10743.209695438405	-316569.7372044553	310.1187086455576	30.61351714530592	1.1748664339638832	542	590.33784532547	3:25
74.4%	1860000	3719.9999999258575	-327134.77068897756	10335.257156897635	-316799.51353207993	298.3425525406778	30.54459354255926	1.1775175095875312	542	591.9269123077393	3:24
74.6%	1865000	3729.999999925621	-327387.6438041455	10268.20053745323	-317119.4432666923	296.40686359689175	30.52029732867457	1.178454892895361	542	593.5147614479065	3:22
74.8%	1870000	3739.9999999253846	-327252.2932543421	10358.58211582338	-316893.7111385187	299.01586213309264	30.50979285845373	1.178860632927306	542	595.1037690639496	3:21
75.0%	1875000	3749.999999925148	-327313.590835497	10247.311060693099	-317066.2797748039	295.8038578154925	30.377686161796408	1.1839872703942254	542	596.6906139850616	3:19
75.2%	1880000	3759.9999999249117	-327242.9597279752	10434.81492079118	-316808.144807184	301.21643530472875	30.377686161796408	1.1839872703942254	542	598.2810773849487	3:17
75.4%	1885000	3769.999999924675	-327464.9662123254	10588.594289012895	-316876.3719233125	305.6555052327315	30.44025082361471	1.181553789684798	542	599.8682241439819	3:16
75.6%	1890000	3779.9999999244387	-327161.32649360393	10613.017474655213	-316548.3090189487	306.3605167709148	30.392239814686324	1.1834203052786412	542	601.4556498527527	3:14
75.8%	1895000	3789.9999999242023	-327077.3835965489	10384.930982699212	-316692.4526138497	299.77646132099426	30.379369536212472	1.1839216635725447	542	603.0449147224426	3:13
76.0%	1900000	3799.999999923966	-326995.05179626425	10467.791592118863	-316527.2602041454	302.1683559148154	30.379369536212472	1.1839216635725447	542	604.6773624420166	3:11
76.2%	1905000	3809.9999999237293	-327156.98846763873	10413.133050409817	-316743.8554172289	300.59055590422304	30.44126997386954	1.1815142321746521	542	606.283570766449	3:09
76.4%	1910000	3819.999999923493	-327051.40796857397	10175.324735444068	-316876.08323312993	293.72586558977554	30.457410505623717	1.1808881031746536	542	607.8748848438263	3:08
76.6%	1915000	3829.9999999232564	-327211.7948936183	10516.680273190768	-316695.11462042754	303.5796003260495	30.368928236638926	1.1843287138531688	542	609.4629468917847	3:06
76.8%	1920000	3839.99999992302	-326951.8064237722	10224.400560564376	-316727.4058632078	295.1425121919998	30.446159947556193	1.1813244685553421	542	611.0511581897736	3:05
77.0%	1925000	3849.9999999227834	-327182.96022853616	10606.506997825261	-316576.4532307109	306.1725821848451	30.446159947556193	1.1813244685553421	542	612.6414561271667	3:03
77.2%	1930000	3859.999999922547	-327415.9126761796	10465.38778567458	-316950.524890505	302.0989664705554	30.446159947556193	1.1813244685553421	542	614.2273900508881	3:01
77.4%	1935000	3869.9999999223105	-327504.0675586788	10362.238243330481	-317141.8293153483	299.1214016853577	30.45493814642865	1.1809839687300587	542	615.8169696331024	3:00
77.6%	1940000	3879.999999922074	-327514.8316585927	10332.55473972652	-317182.27691886615	298.26454325415295	30.60469519694126	1.1752050947788042	542	617.4053428173065	2:58
77.8%	1945000	3889.9999999218376	-327341.38494040584	10249.77441987165	-317091.6105205342	295.87496633790244	30.666745280976784	1.172827223432436	542	618.9942262172699	2:57
78.0%	1950000	3899.999999921601	-327152.16416335496	10317.939422793688	-316834.2247405613	297.8426504174545	30.666745280976784	1.172827223432436	542	620.6236999034882	2:55
78.2%	1955000	3909.9999999213646	-327347.00306875247	10732.665867907079	-316614.3372008454	309.81434539929376	30.69056444049556	1.1719169841053927	542	622.2214024066925	2:53
78.4%	1960000	3919.999999921128	-327616.67579194315	10245.313805127289	-317371.3619868159	295.74620406633716	30.5633329034781	1.176795535787419	542	623.8096358776093	2:52
78.6%	1965000	3929.9999999208917	-327655.51821378106	10326.711970982207	-317328.80624279886	298.09588305396437	30.408436119838473	1.182789985576832	542	625.4084861278534	2:50
78.8%	1970000	3939.9999999206552	-327153.9191307153	10300.680798310219	-316853.2383324051	297.3444545812432	30.408436119838473	1.182789985576832	542	626.998792886734	2:49
79.0%	1975000	3949.9999999204188	-327294.0548652464	10103.066049033027	-317190.9888162134	291.64001125448027	30.408436119838473	1.182789985576832	542	628.5854032039642	2:47
79.2%	1980000	3959.9999999201823	-327095.92217692954	10476.849163527928	-316619.0730134016	302.4298161700347	30.50895194279173	1.1788931257632251	542	630.1762094497681	2:45
79.4%	1985000	3969.999999919946	-327421.8494520368	10416.878668141453	-317004.97078389535	300.6986787247715	30.50895194279173	1.1788931257632251	542	631.765918970108	2:44
79.6%	1990000	3979.9999999197094	-327401.08879536064	10317.19038817648	-317083.89840718417	297.8210284204159	30.541662408301516	1.1776305179059816	542	633.3555028438568	2:42
79.8%	1995000	3989.999999919473	-327429.4030243695	10160.16710267342	-317269.23592169606	293.28831800072004	30.541662408301516	1.1776305179059816	542	634.9440417289734	2:41
80.0%	2000000	3999.9999999192364	-327125.87148191454	10503.081541756344	-316622.7899401582	303.1870527400658	30.541662408301516	1.1776305179059816	542	636.5773079395294	2:39
80.2%	2005000	4009.999999919	-327302.2082134091	10479.103680891052	-316823.1045325181	302.4948961631738	30.540327233310713	1.1776820020568848	542	638.1744954586029	2:37
80.4%	2010000	4019.9999999187635	-327127.16123171675	10460.682725107623	-316666.4785066091	301.96314790715684	30.570656891115874	1.1765136041303075	542	639.7620120048523	2:36
80.6%	2015000	4029.999999918527	-327289.14086796227	10490.037826896101	-316799.10304106615	302.81052653206325	30.626973693879	1.1743502338523888	542	641.3521182537079	2:34
80.8%	2020000	4039.9999999182905	-327115.23972591414	10498.53634954681	-316616.70337636734	303.05584901431473	30.626622725674533	1.1743636914117377	542	642.9367673397064	2:33
81.0%	2025000	4049.999999918054	-327116.61916001077	10610.898879086963	-316505.7202809238	306.2993603623187	30.604974031585947	1.1751943877644901	542	644.5365211963654	2:31
81.2%	2030000	4059.9999999178176	-327139.42725975986	10697.722865101288	-316441.70439465856	308.80566370978613	30.59922163709167	1.1754153143555668	542	646.124213218689	2:29
81.4%	2035000	4069.999999917581	-327188.9066083438	10437.093312184701	-316751.81329615915	301.28220445722405	30.567856038710524	1.176621404983396	542	647.7124886512756	2:28
81.6%	2040000	4079.9999999173447	-327156.3982381319	10646.187414901166	-316510.21082323074	307.31801637545965	30.479788417130827	1.1800211086564836	542	649.3004298210144	2:26
81.8%	2045000	4089.999999917108	-327338.1660173942	10324.810228954973	-317013.3557884392	298.04098644500095	30.488793189260726	1.179672593019083	542	650.8908269405365	2:25
82.0%	2050000	4099.999999917781	-327201.2638120448	10443.98143225327	-316757.28237979155	301.4810402764268	30.53756027371293	1.1777887099434847	542	652.5222215652466	2:23
82.2%	2055000	4109.999999919818	-327142.6312613714	10408.43596504187	-316734.19529632956	300.4549675567923	30.508593500858403	1.1789069764420894	542	654.1154201030731	2:21
82.4%	2060000	4119.999999921855	-327370.51478212746	10231.788070537956	-317138.7267115895	295.3557636427357	30.435584882333302	1.1817349283297367	542	655.7057273387909	2:20
82.6%	2065000	4129.999999923893	-327418.2203185217	10410.797562540973	-317007.42275598075	300.5231385771414	30.458242391667813	1.1808558503506055	542	657.2964193820953	2:18
82.8%	2070000	4139.99999992593	-327054.0209792182	10148.96381215396	-316905.0571670642	292.9649183755641	30.44776776547674	1.1812620878033224	542	658.8859167098999	2:17
83.0%	2075000	4149.999999927967	-326783.5384034261	10617.991881407272	-316165.54652201885	306.50411041210384	30.591106042808892	1.1757271433489913	542	660.473625421524	2:15
83.2%	2080000	4159.999999930004	-327236.2559499255	10285.127769735956	-316951.1281801896	296.89549330489154	30.591106042808892	1.1757271433489913	542	662.0764195919037	2:14
83.4%	2085000	4169.999999932042	-327236.40340728883	10363.058818945803	-316873.34458834305	299.14508881959256	30.45298890875272	1.1810595612590356	542	663.6659281253815	2:12
83.6%	2090000	4179.999999934079	-326940.19101723447	10074.281566407335	-316865.9094508271	290.80910439945535	30.45298890875272	1.1810595612590356	542	665.2551643848419	2:10
83.8%	2095000	4189.999999936116	-327227.8797302138	10481.44986447078	-316746.429865743	302.5626222378403	30.383180081614494	1.1837731805224045	542	666.8449804782867	2:09
84.0%	2100000	4199.999999938153	-327504.69392331573	10302.615367605715	-317202.07855571003	297.4002987980753	30.458290473486286	1.1808539862375595	542	668.4802687168121	2:07
84.2%	2105000	4209.999999940191	-327470.5419002941	10583.484655057344	-316887.0572452367	305.50800805741153	30.426613215141273	1.1820833776432111	542	670.0799887180328	2:06
84.4%	2110000	4219.999999942228	-327177.35204964725	10250.627856640527	-316926.7241930067	295.8996020581553	30.42281598341769	1.1822309196887588	542	671.6728096008301	2:04
84.6%	2115000	4229.999999944265	-327274.2497635701	10321.084329824904	-316953.1654337452	297.93343283118185	30.42281598341769	1.1822309196887588	542	673.2603781223297	2:02
84.8%	2120000	4239.9999999463025	-326827.5609698404	10517.710194805604	-316309.8507750348	303.6093305435779	30.4605621200714	1.1807659221068063	542	674.848592042923	2:01
85.0%	2125000	4249.99999994834	-326943.5348449744	10359.402223979248	-316584.13262099517	299.03953577341593	30.4605621200714	1.1807659221068063	542	676.4395389556885	1:59
85.2%	2130000	4259.999999950377	-327269.0101478784	10543.648718384446	-316725.36142949393	304.35808456258013	30.56527915190431	1.1767206031670392	542	678.0303575992584	1:58
85.4%	2135000	4269.999999952414	-326991.0439973408	10781.252822626691	-316209.7911747141	311.2168800311054	30.56527915190431	1.1767206031670392	542	679.6183848381042	1:56
85.6%	2140000	4279.999999954452	-327054.87004621804	10404.365686173784	-316650.50436004426	300.3374729102032	30.52306467077053	1.1783480495010794	542	681.218430519104	1:54
85.8%	2145000	4289.999999956489	-327247.48540512176	10556.378074098277	-316691.1073310235	304.7255363267898	30.512512878891005	1.1787555440732023	542	682.8083214759827	1:53
86.0%	2150000	4299.999999958526	-327242.9269842308	10524.146291955061	-316718.78069227573	303.795118049667	30.63671121538933	1.1739769803206241	542	684.4453721046448	1:51
86.2%	2155000	4309.999999960563	-327316.3843641585	10438.111440668305	-316878.2729234902	301.3115942484988	30.606308989229934	1.1751431292239167	542	686.0410068035126	1:50
86.4%	2160000	4319.999999962601	-327490.66793132084	10279.885838377953	-317210.7820929429	296.7441771685005	30.563994346163952	1.1767700684747677	542	687.6296989917755	1:48
86.6%	2165000	4329.999999964638	-327426.88487512583	10392.250065086422	-317034.6348100394	299.9877375077893	30.466341703679007	1.180541926215399	542	689.217691898346	1:46
86.8%	2170000	4339.999999966675	-326940.158994263	10481.056498758535	-316459.1024955044	302.5512671521475	30.44921448141922	1.1812059631799532	542	690.8074045181274	1:45
87.0%	2175000	4349.9999999687125	-327004.3517903335	10596.102142241267	-316408.24964809226	305.8722305703065	30.44921448141922	1.1812059631799532	542	692.3980405330658	1:43
87.2%	2180000	4359.99999997075	-327171.01232751017	10118.3686102024	-317052.6437173078	292.08174241707974	30.332827113035272	1.1857382625617954	542	693.9852032661438	1:42
87.4%	2185000	4369.999999972787	-327242.26134255144	10224.233295735005	-317018.0280468164	295.1376838442008	30.332827113035272	1.1857382625617954	542	695.578070640564	1:40
87.6%	2190000	4379.999999974824	-327435.66340959724	10640.106923749789	-316795.55648584745	307.1424939648158	30.332827113035272	1.1857382625617954	542	697.167688369751	1:38
87.8%	2195000	4389.999999976862	-326946.8628978084	10034.524708274499	-316912.33818953385	289.66146362416686	30.44696065082684	1.1812934017314147	542	698.7579329013824	1:37
88.0%	2200000	4399.999999978899	-327125.22216511937	10279.104789406958	-316846.11737571243	296.72163102957734	30.44696065082684	1.1812934017314147	542	700.4006042480469	1:35
88.2%	2205000	4409.999999980936	-327352.8871795479	10238.656477627437	-317114.23070192046	295.5540304175103	30.44696065082684	1.1812934017314147	542	701.9990599155426	1:34
88.4%	2210000	4419.999999982973	-327120.1067233152	10384.346582423872	-316735.7601408913	299.7595917388248	30.478898872806973	1.1800555482562738	542	703.5873823165894	1:32
88.6%	2215000	4429.999999985011	-327250.1974098692	10513.039890151862	-316737.1575197173	303.4745152612499	30.463568544406023	1.1806493932964492	542	705.1792457103729	1:30
88.8%	2220000	4439.999999987048	-327379.20578755427	10287.787560345076	-317091.4182272092	296.97227211237566	30.492950770874344	1.179511749776339	542	706.7700302600861	1:29
89.0%	2225000	4449.999999989085	-327065.27138910396	10547.305229944093	-316517.96615915984	304.4636352010925	30.52444295792446	1.1782948428960736	542	708.3571650981903	1:27
89.2%	2230000	4459.999999991122	-327057.53169514006	10199.520932282368	-316858.0107628577	294.424324758902	30.48296126929786	1.1798982848763833	542	709.9462313652039	1:26
89.4%	2235000	4469.99999999316	-327404.41733547905	10550.489699343723	-316853.9276361353	304.5555596413604	30.45233839638649	1.1810847906466724	542	711.536563873291	1:24
89.6%	2240000	4479.999999995197	-327012.704086242	10203.62177565195	-316809.0823105901	294.54270169523534	30.36793097281879	1.1843676064658573	542	713.1278035640717	1:22
89.8%	2245000	4489.999999997234	-327060.85608203255	10551.882915016766	-316508.97316701576	304.59577688161147	30.39181058317675	1.1834370190339045	542	714.7161483764648	1:21
90.0%	2250000	4499.9999999992715	-327248.50727913255	10225.444573680546	-317023.06270545203	295.17264918164943	30.34228889203011	1.185368508209182	542	716.3597557544708	1:19
90.2%	2255000	4510.000000001309	-327298.24505287275	10347.335172961853	-316950.9098799109	298.6912024182303	30.297083741739534	1.1871371524133596	542	717.9627521038055	1:18
90.4%	2260000	4520.000000003346	-327599.80542707746	10576.207570481822	-317023.59785659565	305.2979441998454	30.31300951808069	1.18651345713941	542	719.5530021190643	1:16
90.6%	2265000	4530.000000005383	-327208.84029872995	10250.652264715844	-316958.1880340141	295.90030663351155	30.37845024166961	1.183957490703812	542	721.1419143676758	1:14
90.8%	2270000	4540.000000007421	-327370.8640223607	10233.21662971452	-317137.6473926462	295.39700112572444	30.432128559796496	1.1818691436231983	542	722.7323336601257	1:13
91.0%	2275000	4550.000000009458	-327330.35902186297	10208.608739331914	-317121.7502825311	294.6866578108038	30.497015400183397	1.1793545449493879	542	724.3183836936951	1:11
91.2%	2280000	4560.000000011495	-327298.2562003413	10194.771318070334	-317103.4848822709	294.28722008834666	30.497015400183397	1.1793545449493879	542	725.9112858772278	1:10
91.4%	2285000	4570.000000013532	-327023.6020947787	10184.226665682592	-316839.3754290961	293.9828330313769	30.497015400183397	1.1793545449493879	542	727.4998264312744	1:08
91.6%	2290000	4580.00000001557	-327545.59640690015	10280.264650206735	-317265.3317566934	296.7551121347249	30.475980905818282	1.1801685343860815	542	729.090324640274	1:07
91.8%	2295000	4590.000000017607	-326885.42991413595	10501.089777505691	-316384.3401366303	303.12955750588065	30.492658612474816	1.1795230509970496	542	730.6803472042084	1:05
92.0%	2300000	4600.000000019644	-327336.80857236986	10619.346773723273	-316717.4617986466	306.5432213917183	30.458753416933003	1.1808360384047318	542	732.335862159729	1:03
92.2%	2305000	4610.000000021681	-327185.62216874183	10560.438431596212	-316625.1837371456	304.8427445782897	30.472246379013146	1.1803131699659932	542	733.9330759048462	1:02
92.4%	2310000	4620.000000023719	-327211.00501354807	10557.520906775375	-316653.4841067727	304.7585258898782	30.49833679455776	1.1793034473281774	542	735.5338318347931	1:00
92.6%	2315000	4630.000000025756	-327025.63402135466	10323.682987820017	-316701.95103353466	298.0084469549402	30.482629737363016	1.179911117560593	542	737.1215553283691	0:59
92.8%	2320000	4640.000000027793	-326914.6288626354	10697.731189353583	-316216.89767328184	308.80590400169564	30.42518905933819	1.1821387091285378	542	738.7119793891907	0:57
93.0%	2325000	4650.0000000298305	-327016.8211150742	10534.964654504995	-316481.8564605692	304.1074061571093	30.424466984035814	1.1821667652705337	542	740.3004279136658	0:55
93.2%	2330000	4660.000000031868	-327568.64144561486	10335.925519154853	-317232.71592646	298.3618458101933	30.53880795516063	1.1777405906742302	542	741.8917849063873	0:54
93.4%	2335000	4670.000000033905	-327487.77922880085	10409.744956675739	-317078.0342721251	300.4927535450241	30.49831412015264	1.1793043240980872	542	743.4811291694641	0:52
93.6%	2340000	4680.000000035942	-327296.2801440318	10435.641044408943	-316860.63909962284	301.2402825902966	30.49831412015264	1.1793043240980872	542	745.070154428482	0:51
93.8%	2345000	4690.00000003798	-327042.64218505425	10260.433052567148	-316782.2091324871	296.18264360579184	30.58645402351518	1.1759059645144259	542	746.6594054698944	0:49
94.0%	2350000	4700.000000040017	-327335.5639521945	10465.032284586654	-316870.5316676079	302.0887044034977	30.589734584900555	1.1757798558131782	542	748.2893619537354	0:47
94.2%	2355000	4710.000000042054	-327558.88812917186	10238.308540745516	-317320.57958842634	295.54398670249685	30.531672612394917	1.1780158321557643	542	749.8855538368225	0:46
94.4%	2360000	4720.000000044091	-327245.4269284853	10277.25727460194	-316968.1696538833	296.6682997699465	30.50041811049765	1.1792229729211052	542	751.4748229980469	0:44
94.6%	2365000	4730.000000046129	-327685.9400940583	10347.725203049331	-317338.214891009	298.70246121615855	30.538093351068046	1.1777681502941588	542	753.0646238327026	0:43
94.8%	2370000	4740.000000048166	-327259.0846893196	10208.894316823198	-317050.1903724964	294.69490142936155	30.51552863311872	1.1786390513504899	542	754.6652002334595	0:41
95.0%	2375000	4750.000000050203	-326839.24944630964	10380.289690722686	-316458.9597555869	299.6424835326971	30.460254316527895	1.1807778538500904	542	756.2547025680542	0:39
95.2%	2380000	4760.0000000522405	-327416.39134760434	10493.740567137671	-316922.6507804667	302.9174116301595	30.52245071197261	1.178371751960585	542	757.8449311256409	0:38
95.4%	2385000	4770.000000054278	-327483.5677365655	10113.628188762605	-317369.9395478029	291.94490310955234	30.545267074647196	1.1774915449814638	542	759.4308862686157	0:36
95.6%	2390000	4780.000000056315	-327212.6273747008	10470.26199536032	-316742.3653793405	302.2396677745662	30.545267074647196	1.1774915449814638	542	761.0201930999756	0:35
95.8%	2395000	4790.000000058352	-327273.47179512796	10563.791479346424	-316709.68031578156	304.93953528309777	30.562840849962896	1.1768144818789459	542	762.6075024604797	0:33
96.0%	2400000	4800.0000000603895	-327115.25849564513	10497.590111028114	-316617.668384617	303.02853443368116	30.5774806221835	1.1762510510268918	542	764.2383456230164	0:31
96.2%	2405000	4810.000000062427	-327189.101921253	10443.645675128811	-316745.45624612423	301.4713481482075	30.551863208498755	1.1772373250739323	542	765.8372330665588	0:30
96.4%	2410000	4820.000000064464	-327347.01534711884	10576.837014589903	-316770.1783325289	305.3161140391669	30.557212811722472	1.177031227985559	542	767.4267971515656	0:28
96.6%	2415000	4830.000000066501	-327412.50518672075	10450.013937711588	-316962.49124900915	301.65517750875	30.50097149633111	1.1792015780193794	542	769.0141351222992	0:27
96.8%	2420000	4840.000000068539	-327174.0635281956	10507.644605957366	-316666.4189222382	303.3187723674029	30.52645706834461	1.1782170999757022	542	770.6033444404602	0:25
97.0%	2425000	4850.000000070576	-327145.6912913573	10329.220450059416	-316816.4708412979	298.168294029282	30.50216898063236	1.1791552837581882	542	772.1931643486023	0:23
97.2%	2430000	4860.000000072613	-327426.07431642304	10553.367598200952	-316872.70671822206	304.63863446746154	30.525721372639747	1.178245496004391	542	773.7960247993469	0:22
97.4%	2435000	4870.00000007465	-327258.93551992736	10634.76689278563	-316624.16862714174	306.9883460375502	30.561105358150577	1.1768813103484654	542	775.385377407074	0:20
97.6%	2440000	4880.000000076688	-327211.90209009347	10431.479488451796	-316780.4226016417	301.12015309492483	30.560204165768734	1.1769160154985183	542	776.9745709896088	0:19
97.8%	2445000	4890.000000078725	-327374.9757127482	10253.7028102449	-317121.27290250326	295.98836516228965	30.64738010411789	1.1735682984127291	542	778.5601625442505	0:17
98.0%	2450000	4900.000000080762	-327392.6390136802	10613.950771204263	-316778.68824247597	306.38745776236703	30.6834323934014	1.1721893841098616	542	780.1901443004608	0:15
98.2%	2455000	4910.0000000827995	-327279.1427330683	10512.321979596194	-316766.8207534721	303.45379170648755	30.6834323934014	1.1721893841098616	542	781.7940373420715	0:14
98.4%	2460000	4920.000000084837	-327300.6347775227	10172.829461091918	-317127.8053164308	293.6538357884645	30.725580309065126	1.1705814294738084	542	783.3811221122742	0:12
98.6%	2465000	4930.000000086874	-327023.1950093316	10434.459400723734	-316588.7356086079	301.206172689799	30.661753455755797	1.1730181632142147	542	784.966028213501	0:11
98.8%	2470000	4940.000000088911	-327158.660054959	10329.90353728477	-316828.75651767425	298.1880123568791	30.56375714084691	1.176779201387187	542	786.5537610054016	0:09
99.0%	2475000	4950.000000090949	-327032.17552268435	10179.695383280803	-316852.48013940355	293.85203083289167	30.532199757400306	1.17799549345868	542	788.1394848823547	0:07
99.2%	2480000	4960.000000092986	-327466.2494512205	10143.472118984606	-317322.7773322359	292.80639249342664	30.56733851006904	1.176641326092231	542	789.7279388904572	0:06
99.4%	2485000	4970.000000095023	-327232.2432928402	10040.689117765098	-317191.5541750751	289.8394084623467	30.61385792743002	1.174853355786025	542	791.3181602954865	0:04
99.6%	2490000	4980.00000009706	-327280.9319042409	10557.664953095667	-316723.26695114526	304.76268400091766	30.61385792743002	1.174853355786025	542	792.9185779094696	0:03
99.8%	2495000	4990.000000099098	-327487.0409979857	10378.385340031411	-317108.6556579543	299.5875116207705	30.507907900528934	1.1789334698684528	542	794.506142616272	0:01
100.0%	2500000	5000.000000101135	-327375.26250774605	10419.430399246336	-316955.8321084997	300.77233823412587	30.372319255466238	1.1841964855260325	508	849.0721938610077	0:00
