#"Progress (%)"	"Step"	"Time (ps)"	"Potential Energy (kJ/mole)"	"Kinetic Energy (kJ/mole)"	"Total Energy (kJ/mole)"	"Temperature (K)"	"Box Volume (nm^3)"	"Density (g/mL)"	"Speed (ns/day)"	"Elapsed Time (s)"	"Time Remaining"
0.2%	5000	10.000000000000009	-329196.05795832735	13920.120567311033	-315275.93739101634	302.66721487688045	48.97872151700531	0.9722859725149509	0	0.0008187294006347656	--
0.4%	10000	19.999999999999794	-329914.02689339	13715.594930182951	-316198.431963207	298.2201840727188	48.60298291698447	0.9798024940987525	469	1.8421781063079834	15:17
0.6%	15000	29.99999999999425	-331106.3408351405	13800.021229504307	-317306.3196056362	300.0558774314361	47.36275753378365	1.0054592756499106	469	3.684316635131836	15:15
0.8%	20000	40.00000000000292	-331978.43057718885	13850.14009976306	-318128.2904774258	301.14561934858693	47.162117539181246	1.0097367626281348	469	5.532516241073608	15:14
1.0%	25000	50.00000000001514	-332725.72035891406	13759.548779718158	-318966.1715791959	299.1758790437221	46.65605624389978	1.0206890105274784	468	7.37946343421936	15:13
1.2%	30000	60.00000000002736	-334045.0553959725	13983.384580179969	-320061.6708157925	304.0427735499814	45.39613617418239	1.0490171167867712	468	9.230559825897217	15:11
1.4%	35000	70.00000000001826	-334144.89299751486	13720.901520482916	-320423.99147703196	298.3355660407712	45.305928839778254	1.0511057846559213	467	11.105550050735474	15:12
1.6%	40000	79.99999999999496	-334704.71258516016	13791.782047891895	-320912.9305372683	299.8767317020988	44.25728646941603	1.076010927954409	466	12.96542501449585	15:11
1.8%	45000	89.99999999997165	-335092.1853086338	14009.99972043332	-321082.18558820046	304.62147043231704	43.267471089930076	1.10062646794681	466	14.835138320922852	15:10
2.0%	50000	99.99999999994834	-335931.3184777633	13788.716990724064	-322142.60148703924	299.81008771637045	43.21585155649867	1.1019411203882505	464	16.76446223258972	15:12
2.2%	55000	109.99999999992504	-336413.9828153721	14057.891743068001	-322356.0910723041	305.6627936762909	43.0622827863136	1.1058708642783759	463	18.644952058792114	15:11
2.4%	60000	119.99999999990173	-336934.984654607	13656.909772299206	-323278.0748823078	296.94418411241713	42.448769985858455	1.1218540348416506	463	20.525508642196655	15:10
2.6%	65000	129.99999999989262	-337200.84441430995	13812.351515918413	-323388.49289839156	300.3239766500848	42.108346805364185	1.1309236171825672	463	22.40497064590454	15:09
2.8%	70000	139.99999999994037	-337629.90372116416	14126.362776645476	-323503.5409445187	307.1515693612733	41.811207922185126	1.1389607296524067	463	24.284485816955566	15:07
3.0%	75000	149.99999999998812	-337289.25960319256	13654.65568976912	-323634.60391342343	296.89517326670034	41.43151684353241	1.149398513758115	462	26.178612232208252	15:06
3.2%	80000	160.00000000003587	-337781.7393574669	13741.583744648786	-324040.15561281814	298.78526266196593	41.22332142616739	1.1552034682113654	462	28.05840802192688	15:05
3.4%	85000	170.00000000008362	-338060.38484999497	13652.435753054022	-324407.9490969409	296.8469048584267	40.847985415212044	1.1658181767996318	462	29.937620401382446	15:03
3.6%	90000	180.00000000013137	-338083.4444501871	13992.280905248463	-324091.1635449386	304.2362076454765	40.847985415212044	1.1658181767996318	462	31.820073127746582	15:02
3.8%	95000	190.0000000001791	-338515.6367333745	13638.28180396068	-324877.3549294138	296.5391534757518	40.663853205997874	1.1710971816039402	461	33.69965624809265	15:00
4.0%	100000	200.00000000022686	-338844.5785829524	13861.52990197549	-324983.0486809769	301.3932694818573	40.51880759544445	1.1752893707576566	461	35.645301818847656	15:00
4.2%	105000	210.0000000002746	-339330.54729029903	13626.62733923043	-325703.9199510686	296.28574874669584	40.2372413873153	1.1835136366409296	460	37.5471727848053	14:59
4.4%	110000	220.00000000032236	-338727.35556648835	13846.095197853712	-324881.26036863466	301.05767045551283	40.117230568924796	1.187054121317846	460	39.44309878349304	14:57
4.6%	115000	230.0000000003701	-339335.4119780213	13731.783217819708	-325603.6287602016	298.57216837550914	40.117230568924796	1.187054121317846	460	41.339279651641846	14:56
4.8%	120000	240.00000000041786	-339387.30658937444	13875.786891033054	-325511.5196983414	301.7032612775258	40.117230568924796	1.187054121317846	460	43.2442672252655	14:54
5.0%	125000	250.0000000004656	-339983.073426462	14060.437167133214	-325922.6362593288	305.7181392035637	39.86153290410994	1.1946686545461587	459	45.135539054870605	14:53
5.2%	130000	260.00000000051335	-339271.2396586018	13737.596849830494	-325533.64280877134	298.6985750255461	39.86153290410994	1.1946686545461587	459	47.02190136909485	14:51
5.4%	135000	270.0000000005611	-339831.2624306666	13719.88612520048	-326111.3763054661	298.3134881528213	39.66168502174671	1.2006883685498846	459	48.907649517059326	14:49
5.6%	140000	280.00000000060885	-339958.348586376	13628.263485048526	-326330.08510132745	296.3213237042188	39.572826858998226	1.203384434788543	459	50.803122997283936	14:48
5.8%	145000	290.0000000006566	-340172.80813565024	14198.68844268626	-325974.11969296396	308.72415688297093	39.572826858998226	1.203384434788543	459	52.69555068016052	14:46
6.0%	150000	300.00000000070435	-340197.1710436793	13832.534158751107	-326364.6368849282	300.7628108013759	39.572826858998226	1.203384434788543	459	54.64147090911865	14:45
6.2%	155000	310.0000000007521	-340243.0463514037	13745.880071511248	-326497.16627989244	298.87867832452247	39.414791959404724	1.2082094441028144	458	56.541205406188965	14:43
6.4%	160000	320.00000000079984	-340723.5250308703	14026.374812302547	-326697.15021856775	304.9775164468215	39.288197559640494	1.2121025356383444	458	58.43467164039612	14:42
6.6%	165000	330.0000000008476	-340139.124013746	14003.926604554232	-326135.19740919175	304.48942178662753	39.288197559640494	1.2121025356383444	458	60.34094595909119	14:40
6.8%	170000	340.00000000089534	-340756.777625003	13747.360903991415	-327009.4167210116	298.91087628145135	39.17531334021268	1.2155952262369811	458	62.236536741256714	14:38
7.0%	175000	350.0000000009431	-340310.04041557	14057.459700473824	-326252.5807150962	305.6533997110551	39.17531334021268	1.2155952262369811	458	64.1376280784607	14:37
7.2%	180000	360.00000000099084	-340518.5787669819	13575.149730363637	-326943.42903661827	295.1664635775127	39.17531334021268	1.2155952262369811	458	66.03797698020935	14:35
7.4%	185000	370.0000000010386	-340360.52452171675	14108.182652029554	-326252.3418696872	306.75627625608735	39.1109280160913	1.2175963675192711	458	67.94338774681091	14:33
7.6%	190000	380.00000000108633	-340563.4625279452	13745.859192623386	-326817.60333532176	298.8782243518138	39.1109280160913	1.2175963675192711	458	69.84407138824463	14:32
7.8%	195000	390.0000000011341	-340478.9151407953	13297.732241633572	-327181.1828991617	289.1345345962907	39.16392978280397	1.2159485564089114	458	71.74595189094543	14:30
8.0%	200000	400.00000000118183	-340322.74923078454	13671.797073709942	-326650.9521570746	297.2678808816536	39.26659860254118	1.2127692638908274	457	73.69767951965332	14:29
8.2%	205000	410.0000000012296	-340521.5429602437	13862.113327680214	-326659.4296325635	301.40595499217903	39.131030930904494	1.2169708476832026	457	75.61853981018066	14:27
8.4%	210000	420.00000000127733	-340315.40770273824	13999.828744381484	-326315.57895835675	304.4003214142965	39.13970799978233	1.2167010516012355	457	77.51771473884583	14:25
8.6%	215000	430.0000000013251	-340450.14097066334	13864.984598585237	-326585.1563720781	301.46838545488794	39.13970799978233	1.2167010516012355	457	79.42311596870422	14:24
8.8%	220000	440.0000000013728	-340975.39490242064	13746.010036659538	-327229.3848657611	298.88150417572643	39.03118453433287	1.2200840033643219	457	81.32526397705078	14:22
9.0%	225000	450.0000000014206	-340940.6119904533	13837.761351653353	-327102.85063879995	300.8764664202117	39.03118453433287	1.2200840033643219	457	83.23414444923401	14:20
9.2%	230000	460.0000000014683	-340627.17779450427	14364.293922719542	-326262.8838717847	312.3249410261577	38.99414381475212	1.22124296686531	457	85.13903951644897	14:18
9.4%	235000	470.00000000151607	-341155.0629512473	13733.528148061827	-327421.5348031855	298.6101086486543	38.99414381475212	1.22124296686531	457	87.04683542251587	14:17
9.6%	240000	480.0000000015638	-340687.8396045797	13886.914875707136	-326800.9247288726	301.94521867381496	38.93803360701396	1.2230027937035413	457	88.95383286476135	14:15
9.8%	245000	490.00000000161157	-340695.0768063334	13660.444237784466	-327034.6325685489	297.02103451176026	39.008867798217004	1.2207820060052372	456	90.85628342628479	14:13
10.0%	250000	500.0000000016593	-340716.7645174624	14138.329482854428	-326578.435034608	307.41176320241135	38.981400548377664	1.2216421989148456	456	92.83115077018738	14:12
10.2%	255000	510.00000000170706	-340951.2794246024	13902.656384531048	-327048.62304007134	302.28748859961445	38.803532926533386	1.2272419620363375	456	94.75699996948242	14:10
10.4%	260000	520.0000000015274	-341138.2210182841	13881.884365768756	-327256.33665251534	301.83583956139296	38.681731946566224	1.2311062996993805	456	96.65951776504517	14:09
10.6%	265000	530.0000000012909	-341209.4464888746	14071.008682405714	-327138.4378064689	305.94799720436794	38.681731946566224	1.2311062996993805	456	98.57382583618164	14:07
10.8%	270000	540.0000000010544	-341500.56718466047	13636.245043388642	-327864.32214127184	296.49486789311413	38.681731946566224	1.2311062996993805	456	100.4882698059082	14:05
11.0%	275000	550.000000000818	-341495.3396542924	14129.836970656745	-327365.5026836356	307.2271092691533	38.681731946566224	1.2311062996993805	456	102.40150570869446	14:03
11.2%	280000	560.0000000005815	-341837.67252209433	13786.58434651949	-328051.08817557484	299.7637173219043	38.681731946566224	1.2311062996993805	456	104.31501770019531	14:02
11.4%	285000	570.000000000345	-341614.02050297486	13717.878993150787	-327896.1415098241	298.269846787473	38.637769457448826	1.2325070663083975	455	106.22228384017944	14:00
11.6%	290000	580.0000000001086	-341824.06211524067	13931.572363558182	-327892.4897516825	302.9162129555035	38.48250881668342	1.2374797108356683	455	108.13118076324463	13:58
11.8%	295000	589.9999999998721	-341839.70221769775	14018.416811008929	-327821.2854066888	304.80448446222914	38.431380061774384	1.239126042472433	455	110.0403265953064	13:56
12.0%	300000	599.9999999996356	-341794.3079907128	13857.616166043637	-327936.6918246692	301.30817254979206	38.431380061774384	1.239126042472433	455	112.03826379776001	13:55
12.2%	305000	609.9999999993992	-341793.4834097591	13937.042034688571	-327856.44137507054	303.03514081387385	38.32313841278135	1.242625887519119	455	113.96416974067688	13:53
12.4%	310000	619.9999999991627	-341730.35445493466	13360.37583273903	-328369.9786221956	290.4966033483602	38.273299240976094	1.2442440246101438	455	115.88579225540161	13:52
12.6%	315000	629.9999999989262	-342288.6920615474	13591.495987407925	-328697.1960741395	295.52188263220637	38.273299240976094	1.2442440246101438	455	117.81025862693787	13:50
12.8%	320000	639.9999999986898	-341918.29219436384	13909.52822011726	-328008.76397424657	302.4369039245689	38.314485950436605	1.2429065065443687	455	119.72999000549316	13:48
13.0%	325000	649.9999999984533	-341960.8302008248	13896.42966725402	-328064.4005335708	302.1521001762922	38.20339615274677	1.2465206939272742	455	121.64896869659424	13:46
13.2%	330000	659.9999999982168	-342177.5579373104	13896.750184579292	-328280.80775273114	302.15906923131513	38.20339615274677	1.2465206939272742	454	123.56979703903198	13:45
13.4%	335000	669.9999999979804	-342065.7799486187	13814.00243566326	-328251.7775129555	300.3598728392551	38.16111957925054	1.2479016445993827	454	125.49275279045105	13:43
13.6%	340000	679.9999999977439	-341933.7531768909	13621.181425678185	-328312.5717512127	296.1673374528175	38.189952964975895	1.2469594797975818	454	127.41615414619446	13:41
13.8%	345000	689.9999999975074	-342248.9800721442	13807.37705782833	-328441.6030143158	300.21581628118804	38.20129078646917	1.2465893927219822	454	129.35489749908447	13:39
14.0%	350000	699.999999997271	-341919.02263178036	13356.77794648195	-328562.2446852984	290.41837398191126	38.08356049237926	1.2504430590787265	454	131.33204126358032	13:38
14.2%	355000	709.9999999970345	-342373.70130623714	13526.954062222285	-328846.74724401487	294.11853812493223	38.09423898108883	1.250092537780875	454	133.2650032043457	13:36
14.4%	360000	719.999999996798	-342643.7718387077	14087.809822303101	-328555.96201640455	306.3133068433836	38.08156915577909	1.2505084464323772	454	135.1908679008484	13:34
14.6%	365000	729.9999999965615	-342421.6782984737	13803.671614541365	-328618.0066839323	300.1352482865269	38.08156915577909	1.2505084464323772	454	137.11320042610168	13:33
14.8%	370000	739.9999999963251	-342299.36640557117	13903.544315336048	-328395.82209023513	302.3067950088121	38.27578078309955	1.244163356263326	454	139.03842735290527	13:31
15.0%	375000	749.9999999960886	-342498.16184134746	14099.419117940215	-328398.7427234072	306.56572945424944	38.27578078309955	1.244163356263326	454	140.9599413871765	13:29
15.2%	380000	759.9999999958521	-342125.4786333106	13591.37982074495	-328534.0988125656	295.51935680348424	38.12029970311591	1.2492379192603238	454	142.8838493824005	13:27
15.4%	385000	769.9999999956157	-342041.7589138375	13899.969713923287	-328141.7891999142	302.22907192813443	38.12029970311591	1.2492379192603238	453	144.80556726455688	13:25
15.6%	390000	779.9999999953792	-341915.00691088673	13923.066401695532	-327991.9405091912	302.7312665842154	38.13636111638556	1.2487117933818708	453	146.7432506084442	13:24
15.8%	395000	789.9999999951427	-342031.9852745021	13897.62892616064	-328134.35634834145	302.1781758378806	38.11963146103029	1.24925981856314	453	148.67066955566406	13:22
16.0%	400000	799.9999999949063	-342164.4573875894	13786.103282438662	-328378.35410515073	299.7532574753234	38.08645289147905	1.250348096694366	453	150.65606784820557	13:20
16.2%	405000	809.9999999946698	-342104.9410221716	13545.434340085802	-328559.5066820858	294.5203575060255	37.982493112569195	1.2537703552414143	453	152.58890175819397	13:19
16.4%	410000	819.9999999944333	-342733.69016814325	13680.653803836101	-329053.03636430716	297.4604540585337	38.02608137202441	1.2523331924949601	453	154.51637864112854	13:17
16.6%	415000	829.9999999941969	-342662.38257527666	13783.14100713155	-328879.2415681451	299.6888482906065	38.07535863657222	1.250712418423792	453	156.44278645515442	13:15
16.8%	420000	839.9999999939604	-342195.5322548022	13722.116795685495	-328473.4154591167	298.36198994702227	38.12572428089441	1.2490601760597762	453	158.36972904205322	13:13
17.0%	425000	849.9999999937239	-342416.8729747705	13633.248444195739	-328783.6245305748	296.4297123991346	38.25133653422095	1.244958430147841	453	160.29268288612366	13:11
17.2%	430000	859.9999999934874	-342197.9099187085	13863.785858668714	-328334.12406003976	301.442321077777	38.263114360293045	1.2445752176440388	453	162.22720766067505	13:10
17.4%	435000	869.999999993251	-342452.51315344207	13904.74318931823	-328547.76996412384	302.33286230093216	38.263114360293045	1.2445752176440388	453	164.14959192276	13:08
17.6%	440000	879.9999999930145	-342400.55864476826	13863.029591892931	-328537.52905287535	301.4258774587995	38.19078089554746	1.246932447203573	453	166.06969738006592	13:06
17.8%	445000	889.999999992778	-342614.15102147567	13847.526224171945	-328766.62479730375	301.0887854697874	38.22861571797201	1.2456983594180406	453	167.99291443824768	13:04
18.0%	450000	899.9999999925416	-342533.12964407617	13855.541468272837	-328677.5881758033	301.2630620931	38.18056100862968	1.2472662167519475	452	169.97841238975525	13:03
18.2%	455000	909.9999999923051	-342679.12339250295	13410.117176399162	-329269.0062161038	291.5781366495301	38.08981094863033	1.2502378640556857	452	171.91361236572266	13:01
18.4%	460000	919.9999999920686	-342805.4441826473	13661.049361821053	-329144.39482082624	297.03419181208125	38.12650140689571	1.2490347166783962	452	173.83710432052612	12:59
18.6%	465000	929.9999999918322	-342559.36234398873	13867.454524655868	-328691.90781933285	301.5220894182362	38.150396581765285	1.2482523944577284	452	175.75806665420532	12:57
18.8%	470000	939.9999999915957	-342546.31436415407	13785.242676490665	-328761.0716876634	299.7345451944831	38.140503270994905	1.2485761801395927	452	177.68770217895508	12:55
19.0%	475000	949.9999999913592	-342620.3050388652	13667.180757140419	-328953.1242817248	297.1675076361539	38.039085672379855	1.251905061358461	452	179.621276140213	12:53
19.2%	480000	959.9999999911228	-342781.32070908544	13473.966824607221	-329307.3538844782	292.9664288773563	38.039085672379855	1.251905061358461	452	181.54764938354492	12:52
19.4%	485000	969.9999999908863	-342530.65766753996	13381.51807499595	-329149.139592544	290.95630221010583	37.98887664694108	1.2535596755145166	452	183.47522568702698	12:50
19.6%	490000	979.9999999906498	-342879.5636522736	13799.891882675163	-329079.67176959844	300.0530650244357	38.03646930820643	1.2519911744917418	452	185.40129613876343	12:48
19.8%	495000	989.9999999904134	-342536.3952464029	13660.764013967224	-328875.63123243564	297.0279874520133	38.0552877920881	1.2513720601162077	452	187.32621455192566	12:46
20.0%	500000	999.9999999901769	-342498.4223309183	13641.707565444989	-328856.7147654733	296.61364030812325	37.95821154026299	1.2545723823733799	452	189.30516481399536	12:44
20.2%	505000	1009.9999999899404	-342610.4529094221	13670.947295490825	-328939.5056139313	297.24940402970395	37.95821154026299	1.2545723823733799	452	191.23795437812805	12:43
20.4%	510000	1019.999999989704	-342638.0617980705	13973.58472983259	-328664.4770682379	303.829693972365	38.03460679380418	1.252052483173244	452	193.16247248649597	12:41
20.6%	515000	1029.9999999894676	-342620.15976389655	13774.70814576782	-328845.45161812875	299.5054913541445	37.988571468343416	1.2535697459006636	452	195.08925557136536	12:39
20.8%	520000	1039.9999999892311	-342433.4516000881	14077.795222987083	-328355.656377101	306.0955579475727	37.991170496303454	1.2534839874789858	452	197.02968072891235	12:37
21.0%	525000	1049.9999999889947	-342837.43689204555	13661.728561257474	-329175.70833078807	297.0489597446415	37.991170496303454	1.2534839874789858	452	198.95229983329773	12:35
21.2%	530000	1059.9999999887582	-342733.7490658244	13667.02580536205	-329066.72326046234	297.1641384970022	37.90530658474549	1.2563234062289594	452	200.8763325214386	12:33
21.4%	535000	1069.9999999885217	-342532.1263948886	13913.445508406912	-328618.6808864817	302.5220780960688	38.023747266390785	1.2524100675577805	452	202.79972863197327	12:31
21.6%	540000	1079.9999999882853	-342794.337741984	13677.361843434572	-329116.9758985494	297.38887648265	37.816563595244766	1.259271582484258	452	204.72478604316711	12:30
21.8%	545000	1089.9999999880488	-342857.1165448624	13759.770512865089	-329097.3460319973	299.1807002199255	37.79478921289426	1.2599970756406211	452	206.655757188797	12:28
22.0%	550000	1099.9999999878123	-342740.2938288741	14031.417628600511	-328708.87620027363	305.0871631382176	37.91787672929345	1.2559069228132866	451	208.64026999473572	12:26
22.2%	555000	1109.9999999875758	-342789.3557338451	13719.711316073732	-329069.6444177714	298.30968725244315	37.879767151348986	1.2571704491326197	451	210.57592344284058	12:24
22.4%	560000	1119.9999999873394	-343017.89404247014	13994.038375158229	-329023.85566731193	304.274420570447	37.88311678145734	1.2570592899581505	451	212.50181651115417	12:22
22.6%	565000	1129.999999987103	-342878.9171061383	13859.126468476312	-329019.790637662	301.3410112762031	37.77738740439562	1.2605774817863513	451	214.44792985916138	12:20
22.8%	570000	1139.9999999868664	-343238.75453131594	14048.78899602639	-329189.96553528955	305.46487131768123	37.82962270510299	1.2588368711453373	451	216.37804889678955	12:19
23.0%	575000	1149.99999998663	-343043.50250662066	14063.009227358485	-328980.49327926215	305.7740638847555	37.717904199524966	1.262565481655267	451	218.3132905960083	12:17
23.2%	580000	1159.9999999863935	-342910.38738131244	13838.447538095254	-329071.9398432172	300.89138627225265	37.719504940484136	1.2625119008809882	451	220.2487826347351	12:15
23.4%	585000	1169.999999986157	-342613.15622043435	14056.104482532717	-328557.05173790164	305.6239330093981	37.77724175401291	1.2605823419504112	451	222.18031787872314	12:13
23.6%	590000	1179.9999999859206	-343229.3840241533	13553.571633640206	-329675.8123905131	294.6972878684343	37.83845925811894	1.2585428903921985	451	224.11291790008545	12:11
23.8%	595000	1189.999999985684	-342889.50988921314	13708.738246388406	-329180.77164282475	298.0710981953838	37.77043775825496	1.2608094242247043	451	226.04181170463562	12:09
24.0%	600000	1199.9999999854476	-343014.64739438525	14123.191019309696	-328891.45637507556	307.08260537820695	37.800209999390916	1.2598163841806114	451	228.03646421432495	12:08
24.2%	605000	1209.9999999852112	-342960.5024067664	14122.914278323844	-328837.5881284426	307.0765881585266	37.800209999390916	1.2598163841806114	451	229.99698686599731	12:06
24.4%	610000	1219.9999999849747	-343077.4372073893	13687.070316956235	-329390.366890433	297.599969240597	37.800209999390916	1.2598163841806114	451	231.93176317214966	12:04
24.6%	615000	1229.9999999847382	-342686.3806336839	13501.19684557635	-329185.18378810753	293.55849520091385	37.877521539855344	1.2572449818975753	451	233.86022090911865	12:02
24.8%	620000	1239.9999999845018	-343010.92554469063	13844.314338245526	-329166.6112064451	301.01894896491297	37.877521539855344	1.2572449818975753	451	235.79281616210938	12:00
25.0%	625000	1249.9999999842653	-342946.29260362126	13809.10452137514	-329137.1880822461	300.25337677342566	37.877521539855344	1.2572449818975753	451	237.71845650672913	11:58
25.2%	630000	1259.9999999840288	-342736.7341435766	13328.289807805517	-329408.4443357711	289.79895222126424	37.877521539855344	1.2572449818975753	451	239.64352130889893	11:57
25.4%	635000	1269.9999999837923	-342973.27434432873	13786.797778640248	-329186.4765656885	299.76835800768305	37.877521539855344	1.2572449818975753	451	241.5731234550476	11:55
25.6%	640000	1279.9999999835559	-343007.7703204573	13845.04290313091	-329162.72741732636	301.034790257641	37.877521539855344	1.2572449818975753	451	243.50345420837402	11:53
25.8%	645000	1289.9999999833194	-343351.72192588	13938.706354058133	-329413.0155718219	303.07132835304174	37.869480918659434	1.2575119258958736	451	245.43570923805237	11:51
26.0%	650000	1299.999999983083	-342756.152786997	13704.518925510496	-329051.63386148645	297.97935688519806	37.89338147627491	1.256718773237913	450	247.43008518218994	11:49
26.2%	655000	1309.9999999828465	-342828.80293370696	13813.323277274274	-329015.4796564327	300.3451057991953	37.903645009205356	1.2563784794611454	450	249.36571788787842	11:47
26.4%	660000	1319.99999998261	-343198.80139837303	14038.738216367054	-329160.063182006	305.2463357473805	37.94991352942	1.254846703294406	450	251.28660583496094	11:45
26.6%	665000	1329.9999999823735	-343211.5472495335	13666.294652057339	-329545.2525974762	297.1482409238947	37.975087380776976	1.2540148599317356	450	253.21648502349854	11:44
26.8%	670000	1339.999999982137	-343108.0907301997	13681.592297128076	-329426.49843307165	297.4808598552715	37.9239129210468	1.2557070253231133	450	255.14871668815613	11:42
27.0%	675000	1349.9999999819006	-342860.12373085914	13740.252441410212	-329119.8712894489	298.7563159411795	37.813793737691114	1.2593638240331764	450	257.0786817073822	11:40
27.2%	680000	1359.9999999816641	-343045.2337123354	14008.428333873013	-329036.8053784624	304.587303544796	37.80440455876294	1.2596766021979835	450	259.00722765922546	11:38
27.4%	685000	1369.9999999814277	-343273.7339047225	13702.99530754191	-329570.7385971806	297.9462286371446	37.85247499757924	1.2580768862735119	450	260.9303689002991	11:36
27.6%	690000	1379.9999999811912	-343211.99401992216	13898.143567227746	-329313.8504526944	302.1893657537789	37.760588370585474	1.2611382909434812	450	262.86020064353943	11:34
27.8%	695000	1389.9999999809547	-343087.1485828171	13556.006250392971	-329531.1423324241	294.7502240961263	37.746435868688856	1.261611137230653	450	264.7889664173126	11:32
28.0%	700000	1399.9999999807183	-342906.37803087063	14092.278819681496	-328814.09921118914	306.4104769061909	37.78879054157147	1.260197090200921	450	266.7890944480896	11:30
28.2%	705000	1409.9999999804818	-342988.8206218996	14095.944641526652	-328892.87598037295	306.4901834060551	37.75282939151045	1.2613974806722474	450	268.731812953949	11:29
28.4%	710000	1419.9999999802453	-343085.12399815145	13657.84732948005	-329427.2766686714	296.9645695551539	37.787628412788536	1.2602358465709873	450	270.6630787849426	11:27
28.6%	715000	1429.9999999800089	-343086.4432042009	14100.21629635331	-328986.22690784757	306.58306262093316	37.67172136978273	1.2641132964234152	450	272.59428000450134	11:25
28.8%	720000	1439.9999999797724	-342946.63168472226	13955.734197307673	-328990.8974874146	303.44156723615896	37.68600352619612	1.2636342256243263	450	274.5314087867737	11:23
29.0%	725000	1449.999999979536	-343415.4204768286	13948.609754373383	-329466.8107224552	303.2866594327356	37.713098214444464	1.2627263772367834	450	276.4646096229553	11:21
29.2%	730000	1459.9999999792994	-342996.3232961375	14044.427953979017	-328951.8953421585	305.3700485434059	37.76981032098584	1.2608303689637772	450	278.3940088748932	11:19
29.4%	735000	1469.999999979063	-342963.70702872175	13501.447197217885	-329462.25983150385	293.56393863322586	37.869496902990136	1.257511395112839	450	280.32879185676575	11:17
29.6%	740000	1479.9999999788265	-342915.2738228429	13445.249978922591	-329470.0238439203	292.3420343068217	37.85492362955314	1.2579955080274612	450	282.257719039917	11:15
29.8%	745000	1489.99999997859	-343116.09447320754	13671.462759026916	-329444.63171418064	297.2606118286655	37.811580286976	1.2594375458859985	450	284.2012872695923	11:14
30.0%	750000	1499.9999999783536	-342828.33685034816	13816.623843363233	-329011.7130069849	300.4168704897978	37.74899306770148	1.2615256729442639	450	286.1901478767395	11:12
30.2%	755000	1509.999999978117	-342878.63251441706	13710.34283339963	-329168.2896810174	298.10598696515893	37.80271727180868	1.259732826619159	450	288.1330940723419	11:10
30.4%	760000	1519.9999999778806	-343187.2101979212	13623.772543816009	-329563.4376541052	296.22367651298583	37.71366146863885	1.2627075183962295	450	290.05932998657227	11:08
30.6%	765000	1529.9999999776442	-343300.91544083477	13903.279963520748	-329397.635477314	302.3010471686768	37.70726977335377	1.262921557804022	450	291.9948000907898	11:06
30.8%	770000	1539.9999999774077	-343055.8524267764	13775.101074074868	-329280.7513527015	299.5140348517217	37.7300453336409	1.2621592012835532	450	293.9228792190552	11:04
31.0%	775000	1549.9999999771712	-343207.6651175663	14110.041018028183	-329097.62409953814	306.79668297945636	37.7300453336409	1.2621592012835532	450	295.85660910606384	11:02
31.2%	780000	1559.9999999769348	-343280.73015063826	13854.289024234102	-329426.44112640416	301.235830019415	37.77563239133675	1.2606360467871787	450	297.78537917137146	11:00
31.4%	785000	1569.9999999766983	-342995.63792011514	13589.213453547369	-329406.42446656775	295.4722531650551	37.77563239133675	1.2606360467871787	450	299.71751618385315	10:58
31.6%	790000	1579.9999999764618	-342845.1774117193	13909.05830572149	-328936.1191059978	302.42668650721896	37.738911407963045	1.261862679818904	450	301.6593108177185	10:57
31.8%	795000	1589.9999999762254	-343340.04040176596	13627.515723660568	-329712.5246781054	296.3050650191311	37.83047821543525	1.2588084034124218	450	303.58814787864685	10:55
32.0%	800000	1599.9999999759889	-343041.5365485069	13625.44236623941	-329416.0941822675	296.25998370585717	37.886094486675	1.2569604898031772	450	305.57023668289185	10:53
32.2%	805000	1609.9999999757524	-342907.538696989	13793.58505133057	-329113.95364565845	299.9159346692397	37.74484927027783	1.261664168843293	450	307.50255036354065	10:51
32.4%	810000	1619.999999975516	-343153.2725794961	13687.422875454035	-329465.8497040421	297.6076349715146	37.74484927027783	1.261664168843293	450	309.43826937675476	10:49
32.6%	815000	1629.9999999752795	-343299.9994150454	13669.014321899844	-329630.9850931455	297.20737510255606	37.74903581630528	1.2615242443392674	450	311.37166929244995	10:47
32.8%	820000	1639.999999975043	-342444.21914037847	13566.78697147849	-328877.4321689	294.98463088948273	37.74864263858191	1.2615373839701438	450	313.30271911621094	10:45
33.0%	825000	1649.9999999748065	-343409.4076064411	13274.324407158354	-330135.08319928276	288.62557463199624	37.74864263858191	1.2615373839701438	449	315.23441529273987	10:43
33.2%	830000	1659.99999997457	-343159.6215214766	13965.833495442042	-329193.78802603454	303.66115775074974	37.717265145906886	1.2625868736367905	449	317.17403650283813	10:42
33.4%	835000	1669.9999999743336	-342861.2913974014	13895.266071867558	-328966.0253255339	302.12679995183214	37.717265145906886	1.2625868736367905	449	319.10426807403564	10:40
33.6%	840000	1679.9999999740971	-343435.3941622504	13593.782172340058	-329841.6119899103	295.5715914851402	37.75713378881418	1.2612536785514321	449	321.0382339954376	10:38
33.8%	845000	1689.9999999738607	-343299.17154839064	13668.332612858598	-329630.838935532	297.19255260329163	37.7785231493968	1.2605395847365415	449	322.97161078453064	10:36
34.0%	850000	1699.9999999736242	-342746.05954031134	13938.357444927753	-328807.7020953836	303.06374197085296	37.83603742090947	1.2586234481410918	449	324.9645526409149	10:34
34.2%	855000	1709.9999999733877	-343011.68777622614	14062.012192871733	-328949.67558335443	305.7523852182682	37.83603742090947	1.2586234481410918	449	326.90442180633545	10:32
34.4%	860000	1719.9999999731513	-343251.40686500014	13999.835760587324	-329251.57110441284	304.400473968685	37.841807497213	1.258431534651396	449	328.8304042816162	10:30
34.6%	865000	1729.9999999729148	-342924.15621396253	13631.752171241087	-329292.40404272143	296.3971787177135	37.833939150524905	1.2586932514014937	449	330.7589340209961	10:28
34.8%	870000	1739.9999999726783	-342766.71020007	13916.055806053408	-328850.6543940166	302.57883417909585	37.82674351661255	1.258932687710386	449	332.6895260810852	10:26
35.0%	875000	1749.9999999724419	-343156.3665366733	13629.449595021782	-329526.9169416515	296.3471134666283	37.92552402744917	1.255653681890692	449	334.63347840309143	10:25
35.2%	880000	1759.9999999722054	-343256.88900017703	13846.31173413664	-329410.5772660404	301.0623786355431	37.74448795388625	1.2616762463669153	449	336.5635344982147	10:23
35.4%	885000	1769.999999971969	-342988.6615547141	14013.968686919881	-328974.6928677942	304.7077682504012	37.72347501383439	1.2623790322931865	449	338.4961371421814	10:21
35.6%	890000	1779.9999999717324	-343137.7904474162	13857.656192967788	-329280.1342544484	301.3090428610508	37.665499371201065	1.2643221164647982	449	340.4271659851074	10:19
35.8%	895000	1789.999999971496	-343130.26590781333	13517.854872420117	-329612.4110353932	293.9206931118994	37.697239736246594	1.263257581082566	449	342.35358572006226	10:17
36.0%	900000	1799.9999999712595	-342882.0746628893	14074.329598463251	-328807.74506442604	306.0202043673098	37.61630297330755	1.2659756573231677	449	344.3708736896515	10:15
36.2%	905000	1809.999999971023	-343231.72938017116	13615.779805521172	-329615.94957465	296.0498892367018	37.646011943808155	1.2649765917776847	449	346.4797399044037	10:14
36.4%	910000	1819.9999999707866	-343093.0791664774	13671.87883214136	-329421.200334336	297.2696585671708	37.87155674859079	1.2574429986819187	449	348.4130802154541	10:12
36.6%	915000	1829.99999997055	-343064.78488623886	13458.49526868057	-329606.2896175583	292.6300285768353	37.87155674859079	1.2574429986819187	449	350.3423066139221	10:10
36.8%	920000	1839.9999999703136	-342777.96440190234	13735.46429042263	-329042.5001114797	298.6522064748272	37.90633031744224	1.2562894768209192	449	352.2806079387665	10:08
37.0%	925000	1849.9999999700772	-342876.26415598765	13745.730650280175	-329130.53350570746	298.8754294368685	37.82644527317533	1.2589426137927684	449	354.2112431526184	10:06
37.2%	930000	1859.9999999698407	-343069.9796564032	13716.169463036706	-329353.8101933665	298.2326762244829	37.8720967126726	1.2574250705999495	449	356.1419458389282	10:04
37.4%	935000	1869.9999999696042	-343003.8304865979	13870.495310959865	-329133.335175638	301.5882056790268	37.76892013181199	1.2608600859252523	449	358.07459568977356	10:02
37.6%	940000	1879.9999999693678	-343341.6963497637	13579.75022229809	-329761.94612746564	295.26649274566034	37.76892013181199	1.2608600859252523	449	360.00704979896545	10:00
37.8%	945000	1889.9999999691313	-343290.6791201052	13748.141753804113	-329542.5373663011	298.9278544129915	37.71497548904684	1.262663524639718	449	361.93812561035156	9:58
38.0%	950000	1899.9999999688948	-343100.7577903376	14096.71154779626	-329004.04624254134	306.506858361101	37.80933144360183	1.2595124553771775	449	363.92676043510437	9:56
38.2%	955000	1909.9999999686584	-343212.60042923363	14134.106980750692	-329078.49344848294	307.31995272236776	37.66898551553669	1.2642051074897915	448	366.053683757782	9:55
38.4%	960000	1919.999999968422	-343558.5323793666	13840.103851640597	-329718.428527726	300.9273997396151	37.66230185541846	1.2644294569544265	448	367.9980628490448	9:53
38.6%	965000	1929.9999999681854	-343203.15711734	13709.396537261988	-329493.760580078	298.085411510008	37.66230185541846	1.2644294569544265	448	369.92657136917114	9:51
38.8%	970000	1939.999999967949	-343214.5606860656	13904.916931345771	-329309.6437547198	302.3366399992164	37.73203447142124	1.2620926634308443	448	371.86044549942017	9:49
39.0%	975000	1949.9999999677125	-342985.38426154444	13661.55727428459	-329323.82698725985	297.04523542696927	37.789090932505616	1.2601870727124929	448	373.7897114753723	9:47
39.2%	980000	1959.999999967476	-342634.84737680765	14048.078103392407	-328586.76927341527	305.4494142752969	37.72683596738269	1.2622665713041028	448	375.7210102081299	9:45
39.4%	985000	1969.9999999672395	-343404.6547745343	14030.656653174703	-329373.99812135956	305.07061713837476	37.605133538430046	1.2663516760028124	448	377.6561288833618	9:43
39.6%	990000	1979.999999967003	-343376.9206235287	13565.78024440021	-329811.1403791285	294.96274147556204	37.74203243598528	1.2617583317345606	448	379.5868170261383	9:41
39.8%	995000	1989.9999999667666	-343136.3470002093	13638.214585845228	-329498.1324143641	296.53769194244865	37.610848610742224	1.2661592503684984	448	381.5171175003052	9:39
40.0%	1000000	1999.9999999665301	-343404.18679864326	14050.191596481685	-329353.9952021616	305.4953682642656	37.68003004231987	1.2638345518624892	448	383.5100440979004	9:38
40.2%	1005000	2009.9999999662937	-343472.3817576983	13687.021964238165	-329785.3597934602	297.59891790038483	37.733664432763426	1.262038145474993	448	385.4587321281433	9:36
40.4%	1010000	2019.9999999660572	-343006.12312836625	13996.07536684518	-329010.04776152107	304.31871117824994	37.82829992012576	1.2588808903189574	448	387.38873076438904	9:34
40.6%	1015000	2029.9999999658207	-343140.83386086754	13569.770476769128	-329571.0633840984	295.0495016808327	37.728141783228324	1.2622228827572435	448	389.31684851646423	9:32
40.8%	1020000	2039.9999999655843	-343393.68162815156	13926.236782779022	-329467.4448453725	302.8002006432272	37.491617736141805	1.2701858910930282	448	391.2447416782379	9:30
41.0%	1025000	2049.999999965348	-343683.69797579636	13540.697200448316	-330143.00077534805	294.41735718690995	37.491617736141805	1.2701858910930282	448	393.1793541908264	9:28
41.2%	1030000	2059.9999999651113	-342796.69028268795	13654.861848656044	-329141.8284340319	296.8996558094934	37.540238427789504	1.2685407945477603	448	395.11161065101624	9:26
41.4%	1035000	2069.999999964875	-343164.6751679843	13874.469251688492	-329290.20591629576	301.67461165278286	37.54135627713406	1.2685030218715347	448	397.0460693836212	9:24
41.6%	1040000	2079.9999999646384	-343272.8156897839	13957.752747923303	-329315.0629418606	303.48545687705445	37.60621697259735	1.266315192442804	448	398.9783544540405	9:22
41.8%	1045000	2089.999999964402	-343460.8732560642	13741.725237317225	-329719.148018747	298.78833915772435	37.60621697259735	1.266315192442804	448	400.9101629257202	9:20
42.0%	1050000	2099.9999999641655	-343369.36255053047	13652.245044840796	-329717.1175056897	296.8427582618888	37.66623240525446	1.2642975111059225	448	402.9115025997162	9:19
42.2%	1055000	2109.999999963929	-343327.93192455755	13593.941569258881	-329733.9903552987	295.57505727563006	37.805806630044415	1.259629885660358	448	404.85223937034607	9:17
42.4%	1060000	2119.9999999636925	-343181.8641336197	13697.245563826007	-329484.6185697937	297.8212111196358	37.73582511265394	1.261965883627429	448	406.7824079990387	9:15
42.6%	1065000	2129.999999963456	-343642.3439168185	13720.075561376016	-329922.2683554425	298.3176070912579	37.621562941967824	1.26579865797063	448	408.70791959762573	9:13
42.8%	1070000	2139.9999999632196	-342987.11248030415	13958.17399265136	-329028.9384876528	303.4946160627099	37.56437511242815	1.2677257039461565	448	410.63848876953125	9:11
43.0%	1075000	2149.999999962983	-343325.30804961524	13639.881881810077	-329685.42616780516	296.5739442021627	37.51788018799713	1.269296763145367	448	412.5700104236603	9:09
43.2%	1080000	2159.9999999627466	-342990.7872421364	13780.13601582095	-329210.6512263154	299.6235103255859	37.63439265853706	1.2653671420919805	448	414.50410175323486	9:07
43.4%	1085000	2169.99999996251	-343449.81544556114	13697.96345908449	-329751.8519864766	297.8368204211076	37.569001858583434	1.2675695793557622	448	416.43720960617065	9:05
43.6%	1090000	2179.9999999622737	-342994.97536982107	13606.47077579324	-329388.5045940278	295.84748164351066	37.620414757636134	1.2658372904576858	448	418.37138628959656	9:03
43.8%	1095000	2189.9999999620372	-343490.4984416969	13904.13047987341	-329586.36796182353	302.31954006997194	37.450616752910854	1.271576492234913	448	420.3045654296875	9:01
44.0%	1100000	2199.9999999618008	-343132.67639835976	13447.56681589564	-329685.1095824641	292.3924096315587	37.474004559488115	1.2707828918338306	448	422.3089997768402	8:59
44.2%	1105000	2209.9999999615643	-343160.5250152555	13773.542813583188	-329386.98220167233	299.48015336622814	37.665622884329444	1.2643179704991159	448	424.25255513191223	8:58
44.4%	1110000	2219.999999961328	-343116.8348888368	13731.164018733398	-329385.6708701034	298.558705039326	37.52432337507363	1.2690788160709112	448	426.1865222454071	8:56
44.6%	1115000	2229.9999999610914	-343501.5434435512	13824.896024990907	-329676.64741856034	300.5967337432874	37.486898292549014	1.2703458021803256	448	428.11940813064575	8:54
44.8%	1120000	2239.999999960855	-343046.8420676423	13668.803431460487	-329378.03863618185	297.20278968092737	37.449074899016665	1.2716288456020284	448	430.051824092865	8:52
45.0%	1125000	2249.9999999606184	-343264.6340196841	13849.759211127537	-329414.8748085566	301.13733763134644	37.570994606536296	1.267502348059098	448	431.98521900177	8:50
45.2%	1130000	2259.999999960382	-343152.1622132897	13905.995317424766	-329246.16689586494	302.36008750525724	37.42484943279519	1.2724519832261543	448	433.9137816429138	8:48
45.4%	1135000	2269.9999999601455	-343121.5475758831	14117.126578351295	-329004.4209975318	306.9507453525851	37.5178487165806	1.26929782788038	448	435.84530544281006	8:46
45.6%	1140000	2279.999999959909	-343573.01611014036	13734.969953422413	-329838.04615671793	298.6414580332212	37.615489036166906	1.2660030509483218	448	437.7768349647522	8:44
45.8%	1145000	2289.9999999596726	-343319.1572840126	13945.02787817091	-329374.1294058417	303.20877817524257	37.615489036166906	1.2660030509483218	448	439.7158999443054	8:42
46.0%	1150000	2299.999999959436	-343431.99190856976	13924.243782687245	-329507.7481258825	302.7568665511041	37.635705106173376	1.265323015693657	448	441.7070724964142	8:40
46.2%	1155000	2309.9999999591996	-342904.3182279668	13807.064905962015	-329097.25332200475	300.2090291175612	37.59841823007748	1.266577854187626	448	443.6435122489929	8:38
46.4%	1160000	2319.999999958963	-343268.3596020393	13534.767381688032	-329733.5922203512	294.2884242714067	37.665957348838475	1.2643067436640896	448	445.5761933326721	8:36
46.6%	1165000	2329.9999999587267	-343190.313469503	13880.686866969565	-329309.62660253345	301.8098021700775	37.62903377148741	1.2655473476117927	448	447.50642704963684	8:35
46.8%	1170000	2339.99999995849	-343385.69589963026	13727.972764304703	-329657.72313532553	298.4893171281204	37.47358837748816	1.2707970051597308	448	449.43779826164246	8:33
47.0%	1175000	2349.9999999582537	-343303.95021830813	13997.22654103066	-329306.72367727745	304.34374132672264	37.50831802852916	1.2696203505174308	448	451.37052750587463	8:31
47.2%	1180000	2359.9999999580173	-343387.46379398816	13717.610545441676	-329669.8532485465	298.2640098897203	37.662074663828555	1.2644370844614403	448	453.30528450012207	8:29
47.4%	1185000	2369.999999957781	-343233.2942298937	13816.495003774844	-329416.7992261189	300.4140691118072	37.60739316454827	1.2662755877371503	448	455.2501964569092	8:27
47.6%	1190000	2379.9999999575443	-343359.64811053127	13689.087539739094	-329670.5605707922	297.64383001023054	37.59042560497848	1.2668471589849064	448	457.1829762458801	8:25
47.8%	1195000	2389.999999957308	-343087.4210503851	13781.275019414783	-329306.1460309703	299.6482758471066	37.498308307331314	1.2699592603592196	448	459.11262702941895	8:23
48.0%	1200000	2399.9999999570714	-343427.03037982015	14031.980461893076	-329395.04991792707	305.09940090471366	37.47624328545279	1.2707069788178502	448	461.09796929359436	8:21
48.2%	1205000	2409.999999956835	-343176.6179399798	13723.90311372547	-329452.71482625435	298.4008301211018	37.39453296296578	1.2734835846155086	448	463.03841495513916	8:19
48.4%	1210000	2419.9999999565985	-343438.25592612394	13689.456961828038	-329748.7989642959	297.65186240867376	37.38379704047951	1.2738493051183555	448	464.97547221183777	8:17
48.6%	1215000	2429.999999956362	-343299.65285740886	13760.24162275454	-329539.4112346543	299.1909436310692	37.487097525191885	1.2703390506746548	448	466.9095387458801	8:15
48.8%	1220000	2439.9999999561255	-343360.153205131	13505.036227038578	-329855.1169780924	293.64197543288475	37.562271232904706	1.2677967098268534	448	468.83975100517273	8:13
49.0%	1225000	2449.999999955889	-343720.95132599334	13817.451429462293	-329903.49989653105	300.4348648152393	37.54319531346877	1.268440884828365	448	470.7744793891907	8:11
49.2%	1230000	2459.9999999556526	-343291.6923993976	14007.249370241005	-329284.4430291566	304.5616691663281	37.54319531346877	1.268440884828365	448	472.7204895019531	8:10
49.4%	1235000	2469.999999955416	-343234.1931902815	13598.118097363198	-329636.0750929183	295.6658681362887	37.64220598291449	1.2651044921308654	448	474.65805411338806	8:08
49.6%	1240000	2479.9999999551796	-343335.42020552215	13766.641402071818	-329568.77880345035	299.33009496761264	37.64220598291449	1.2651044921308654	448	476.59082674980164	8:06
49.8%	1245000	2489.999999954943	-343516.9241490247	13852.655492562779	-329664.2686564619	301.20031190166725	37.56851145952668	1.2675861255244	448	478.5255494117737	8:04
50.0%	1250000	2499.9999999547067	-343390.00914433703	13703.495039420228	-329686.51410491683	297.9570943803732	37.63278307030748	1.2654212629911499	448	480.515661239624	8:02
50.2%	1255000	2509.9999999544702	-343244.90326631285	14048.409961920737	-329196.4933043921	305.45662992375463	37.568906702758746	1.2675727898997802	448	482.45394802093506	8:00
50.4%	1260000	2519.9999999542338	-343181.90395296854	14153.70704526741	-329028.19690770115	307.74611978823447	37.63654135657337	1.2652949013441483	448	484.3831744194031	7:58
50.6%	1265000	2529.9999999539973	-343733.5738811758	13768.599474940584	-329964.9744062352	299.37266963202376	37.52021370636269	1.2692178209695222	448	486.30969405174255	7:56
50.8%	1270000	2539.999999953761	-343496.73738952976	14069.535032227197	-329427.2023573026	305.91595541327297	37.53393430680502	1.2687538560024219	448	488.23898553848267	7:54
51.0%	1275000	2549.9999999535244	-343790.42074018234	13521.290061916032	-330269.1306782663	293.9953849389044	37.5886786119721	1.266906037700749	448	490.1806962490082	7:52
51.2%	1280000	2559.999999953288	-343906.82689323236	13382.234443238265	-330524.5924499941	290.971878309442	37.76403244961188	1.2610232751558257	448	492.110458612442	7:50
51.4%	1285000	2569.9999999530514	-343516.50269881124	14038.197549814598	-329478.30514899665	305.2345799555526	37.76403244961188	1.2610232751558257	448	494.0385973453522	7:48
51.6%	1290000	2579.999999952815	-343337.42333952367	13681.325165201388	-329656.0981743223	297.4750515667682	37.76839925687061	1.2608774748121596	448	495.9654824733734	7:47
51.8%	1295000	2589.9999999525785	-343375.46189583716	13577.405408173743	-329798.0564876634	295.2155091096359	37.756975506154646	1.2612589659078455	448	497.8912317752838	7:45
52.0%	1300000	2599.999999952342	-343324.5034155792	13758.132118872136	-329566.3712967071	299.1450763800083	37.73917015951328	1.2618540280938342	448	499.8760051727295	7:43
52.2%	1305000	2609.9999999521056	-343136.2301447277	13867.704606950947	-329268.52553777676	301.5275269941089	37.73917015951328	1.2618540280938342	448	501.8163254261017	7:41
52.4%	1310000	2619.999999951869	-343284.6640215618	13759.735032929766	-329524.92898863205	299.179928774509	37.7743081474646	1.2606802405697213	448	503.7470304965973	7:39
52.6%	1315000	2629.9999999516326	-343144.127716663	13816.641298251861	-329327.48641841114	300.41725001399095	37.65684411248087	1.2646127152996602	448	505.6897392272949	7:37
52.8%	1320000	2639.999999951396	-343090.38741651556	13734.190242104596	-329356.197174411	298.6245046561416	37.75797878231211	1.2612254526984605	448	507.6195502281189	7:35
53.0%	1325000	2649.9999999511597	-343181.06105394114	14120.197871047312	-329060.86318289384	307.0175249183137	37.75797878231211	1.2612254526984605	448	509.5467641353607	7:33
53.2%	1330000	2659.999999950923	-343414.6472514927	13607.281839114681	-329807.36541237804	295.8651167117849	37.68634087169527	1.263622914329339	448	511.48086524009705	7:31
53.4%	1335000	2669.9999999506867	-343442.7398202403	13742.67930080288	-329700.0605194374	298.8090834994578	37.639234235738016	1.2652043764876746	448	513.4091989994049	7:29
53.6%	1340000	2679.9999999504503	-343578.2298199294	13659.032158456033	-329919.19766147336	296.9903314646527	37.412981058093585	1.2728556382276972	448	515.3418123722076	7:27
53.8%	1345000	2689.999999950214	-343821.48128660856	13765.114300299798	-330056.36698630877	299.2968909707122	37.594313709019104	1.2667161382780028	448	517.2746427059174	7:25
54.0%	1350000	2699.9999999499773	-343688.9413093478	13731.008304980036	-329957.93300436775	298.5553193324408	37.48723037338515	1.2703345488150606	448	519.2625639438629	7:23
54.2%	1355000	2709.999999949741	-343464.03976191446	13722.496360511377	-329741.54340140306	298.3702428804763	37.48723037338515	1.2703345488150606	448	521.2069022655487	7:22
54.4%	1360000	2719.9999999495044	-343706.275320141	13857.045637893601	-329849.2296822474	301.2957674728859	37.34674161917781	1.2751132178622666	448	523.1617381572723	7:20
54.6%	1365000	2729.999999949268	-343430.9909928378	13799.876072193087	-329631.11492064473	300.05272125481434	37.45235750341317	1.271517390550396	448	525.0973753929138	7:18
54.8%	1370000	2739.9999999490315	-343217.16905868467	13639.847136332904	-329577.3219223518	296.573188726177	37.48091488244909	1.270548598721632	448	527.0289363861084	7:16
55.0%	1375000	2749.999999948795	-343590.6585641927	13491.68769489273	-330098.97086929996	293.3517363485505	37.48150259802826	1.2705286763291506	448	528.9617583751678	7:14
55.2%	1380000	2759.9999999485585	-343590.56065391976	13989.517773701811	-329601.04288021795	304.17612847263314	37.58198514910632	1.2671316774183992	448	530.8915190696716	7:12
55.4%	1385000	2769.999999948322	-343503.93943501794	14178.946605877087	-329324.99282914086	308.2949072414399	37.58028389085043	1.2671890404291142	448	532.8214843273163	7:10
55.6%	1390000	2779.9999999480856	-343237.979201157	14083.794933000923	-329154.18426815607	306.22601051881134	37.62279195395415	1.2657573085214762	448	534.7525215148926	7:08
55.8%	1395000	2789.999999947849	-343425.88134302036	13746.815889198091	-329679.06545382226	298.8990259451871	37.75600675643769	1.2612913274940192	448	536.6841855049133	7:06
56.0%	1400000	2799.9999999476127	-343514.3703838205	13476.515147769896	-330037.8552360506	293.02183744012865	37.411218079104	1.272915620710551	447	538.6759674549103	7:04
56.2%	1405000	2809.999999947376	-343752.07397653785	13788.409308994096	-329963.6646675438	299.8033977475711	37.411218079104	1.272915620710551	447	540.6285984516144	7:02
56.4%	1410000	2819.9999999471397	-343658.01452934166	13802.338241783727	-329855.67628755793	300.1062565678851	37.35525550482302	1.2748225982968304	447	542.5603897571564	7:00
56.6%	1415000	2829.9999999469032	-343498.1302946147	13761.774752255174	-329736.3555423595	299.22427868975336	37.435636923224074	1.2720853121950613	447	544.4955370426178	6:58
56.8%	1420000	2839.999999946667	-343166.3679058391	13958.850042194688	-329207.5178636444	303.50931550668446	37.46543949527681	1.2710734085664197	447	546.4316294193268	6:57
57.0%	1425000	2849.9999999464303	-343736.0920859577	13704.512883139789	-330031.5792028179	297.97922550504916	37.57707766232266	1.2672971621326703	447	548.3692607879639	6:55
57.2%	1430000	2859.999999946194	-343527.55591934617	13610.63518317074	-329916.92073617544	295.9380289614356	37.50834609532714	1.2696194004841286	447	550.2988901138306	6:53
57.4%	1435000	2869.9999999459574	-343282.88959719165	13896.18081025545	-329386.7087869362	302.1466892422205	37.5122594953613	1.269486949688787	447	552.2346637248993	6:51
57.6%	1440000	2879.999999945721	-343864.03182431357	14038.215670718932	-329825.81615359464	305.2349739610225	37.47042006232873	1.2709044575290749	447	554.165522813797	6:49
57.8%	1445000	2889.9999999454844	-343696.2464173769	14195.506774075386	-329500.7396433015	308.65497739760235	37.47042006232873	1.2709044575290749	447	556.0982692241669	6:47
58.0%	1450000	2899.999999945248	-343685.8822685349	14056.43837203422	-329629.4438965007	305.6311928176022	37.51482972878371	1.2693999740098092	447	558.0991640090942	6:45
58.2%	1455000	2909.9999999450115	-343619.3632937413	13676.214992026595	-329943.1483017147	297.3639403249601	37.54524374385824	1.2683716799811826	447	560.0409202575684	6:43
58.4%	1460000	2919.999999944775	-343549.56766653253	13716.305017530633	-329833.2626490019	298.23562360564546	37.49294610348831	1.2701408886689172	447	561.9747405052185	6:41
58.6%	1465000	2929.9999999445386	-343647.6415480975	13648.755897652329	-329998.8856504451	296.7668932248927	37.4682240337814	1.2709789457798963	447	563.9078767299652	6:39
58.8%	1470000	2939.999999944302	-343564.3150635731	13386.48826429638	-330177.82679927675	291.06436976208556	37.56546925354754	1.2676887798547407	447	565.8384833335876	6:37
59.0%	1475000	2949.9999999440656	-344097.3979569445	13324.40565447365	-330772.99230247084	289.7144985079917	37.60995507289571	1.2661893317979427	447	567.7716364860535	6:35
59.2%	1480000	2959.999999943829	-343617.02893171366	13849.433356051568	-329767.5955756621	301.13025251683035	37.60995507289571	1.2661893317979427	447	569.7034239768982	6:33
59.4%	1485000	2969.9999999435927	-343812.8092033487	13855.362277839953	-329957.44692550873	301.25916592934254	37.6166452173517	1.2659641392139303	447	571.631822347641	6:32
59.6%	1490000	2979.999999943356	-343907.79607980564	13734.425959681052	-330173.3701201246	298.6296298978389	37.63876605394339	1.2652201141357875	447	573.5639612674713	6:30
59.8%	1495000	2989.9999999431197	-343846.05847292993	13605.033627069613	-330241.0248458603	295.8162335088814	37.60027754092345	1.266515222683404	447	575.492018699646	6:28
60.0%	1500000	2999.9999999428833	-343430.0298634359	13882.798624742947	-329547.23123869294	301.85571842781917	37.47471597857346	1.2707587673227043	447	577.4941074848175	6:26
60.2%	1505000	3009.999999942647	-343785.5179168082	13900.55134862073	-329884.96656818746	302.2417184963232	37.47471597857346	1.2707587673227043	447	579.43408370018	6:24
60.4%	1510000	3019.9999999424103	-343817.9361199584	13782.487223629138	-330035.44889632927	299.67463298041207	37.43800808115513	1.2720047439348467	447	581.3628807067871	6:22
60.6%	1515000	3029.999999942174	-343720.3377613454	13560.877921816867	-330159.4598395285	294.85614955952553	37.61415581652289	1.266047923951591	447	583.2945795059204	6:20
60.8%	1520000	3039.9999999419374	-343802.57175982994	13482.82783354378	-330319.7439262862	293.15909508903593	37.63018140426248	1.265508751369087	447	585.2214021682739	6:18
61.0%	1525000	3049.999999941701	-343388.7273138189	13959.46043572108	-329429.2668780978	303.522587382292	37.59218052676887	1.2667880185558795	447	587.1522879600525	6:16
61.2%	1530000	3059.9999999414645	-343998.2218218107	13853.446672384793	-330144.7751494259	301.2175146401089	37.59218052676887	1.2667880185558795	447	589.0856566429138	6:14
61.4%	1535000	3069.999999941228	-343577.6913089128	13501.546195581623	-330076.1451133312	293.56609116910977	37.59894209556593	1.2665602069776445	447	591.0192284584045	6:12
61.6%	1540000	3079.9999999409915	-343690.5229970416	13621.921950256927	-330068.60104678466	296.1834387869052	37.43869787925563	1.2719813075840682	447	592.9639029502869	6:10
61.8%	1545000	3089.999999940755	-343864.35440345795	13647.350091660095	-330217.00431179785	296.73632657985047	37.459078580211276	1.2712892491663597	447	594.898523569107	6:08
62.0%	1550000	3099.9999999405186	-343619.8287067051	13786.121634838526	-329833.7070718666	299.7536565142345	37.52476525726069	1.269063871718323	447	596.880469083786	6:07
62.2%	1555000	3109.999999940282	-343665.4421500574	13820.53185598072	-329844.91029407666	300.5018429790028	37.47554897683654	1.2707305211762199	447	598.8226928710938	6:05
62.4%	1560000	3119.9999999400457	-343913.3819042051	13823.597998250456	-330089.7839059546	300.56851055826047	37.55433173747419	1.2680647392583146	447	600.7551929950714	6:03
62.6%	1565000	3129.999999939809	-343454.2878684185	13860.085945688266	-329594.20192273025	301.36187332937834	37.43654502882936	1.272054454972486	447	602.6917469501495	6:01
62.8%	1570000	3139.9999999395727	-343522.0849730646	13789.967983078232	-329732.1169899864	299.8372882258658	37.403353833799024	1.2731832576914026	447	604.6271023750305	5:59
63.0%	1575000	3149.9999999393362	-343777.90323948197	13622.264039790522	-330155.6391996914	296.1908768896049	37.403353833799024	1.2731832576914026	447	606.5613973140717	5:57
63.2%	1580000	3159.9999999391	-343875.98108664114	13859.302717182109	-330016.67836945906	301.3448434775588	37.403353833799024	1.2731832576914026	447	608.4938867092133	5:55
63.4%	1585000	3169.9999999388633	-343705.82342734834	14064.324613350742	-329641.4988139976	305.80266451453014	37.47750280466413	1.27066427373528	447	610.4380059242249	5:53
63.6%	1590000	3179.999999938627	-343565.1517936104	14081.570983066156	-329483.58081054426	306.1776548505162	37.54277414922932	1.2684551145157725	447	612.3696596622467	5:51
63.8%	1595000	3189.9999999383904	-343804.2813617726	13507.846905539564	-330296.43445623305	293.70308842610154	37.55986903289479	1.267877793742941	447	614.3058433532715	5:49
64.0%	1600000	3199.999999938154	-344063.53478678997	13650.974221818795	-330412.5605649712	296.815126571286	37.53519738167987	1.268711161911817	447	616.3000571727753	5:47
64.2%	1605000	3209.9999999379174	-344285.16885312117	13789.087684889164	-330496.081168232	299.8181477737513	37.44877640090435	1.2716389815489526	447	618.2441625595093	5:45
64.4%	1610000	3219.999999937681	-344046.9510658241	13711.884338245882	-330335.0667275782	298.1395041302063	37.43559655057041	1.2720866840834368	447	620.1776723861694	5:43
64.6%	1615000	3229.9999999374445	-344247.5943489729	13844.217845475208	-330403.3765034977	301.01685090851277	37.4162155335597	1.2727456051771857	447	622.1128280162811	5:41
64.8%	1620000	3239.999999937208	-343797.7627373611	13709.034029522149	-330088.7287078389	298.0775294512673	37.465642432472876	1.2710665236431464	447	624.044938325882	5:40
65.0%	1625000	3249.9999999369716	-344076.9614818366	13880.220516668951	-330196.7409651677	301.7996622473691	37.556842034774704	1.2679799818793824	447	625.9803276062012	5:38
65.2%	1630000	3259.999999936735	-343802.1138375697	13978.057624088655	-329824.05621348106	303.92694876555277	37.556842034774704	1.2679799818793824	447	627.922566652298	5:36
65.4%	1635000	3269.9999999364986	-344014.212604309	13873.475993781149	-330140.73661052785	301.65301510101335	37.556842034774704	1.2679799818793824	447	629.8544275760651	5:34
65.6%	1640000	3279.999999936262	-343881.180128493	13807.730981531782	-330073.4491469612	300.22351169597164	37.435755249726334	1.2720812914025177	447	631.785897731781	5:32
65.8%	1645000	3289.9999999360257	-343973.0095034092	13854.354934516017	-330118.6545688932	301.23726311630253	37.527405696876066	1.2689745800004677	447	633.7188675403595	5:30
66.0%	1650000	3299.999999935789	-343992.6861881465	13619.540116233879	-330373.1460719126	296.1316502218156	37.50061016237589	1.2698813079707862	447	635.7127163410187	5:28
66.2%	1655000	3309.9999999355528	-343865.720837421	13789.274037305275	-330076.44680011575	299.8221996615562	37.48447622024586	1.2704278860105707	447	637.6564311981201	5:26
66.4%	1660000	3319.9999999353163	-344051.2334694851	13923.308601755612	-330127.9248677295	302.73653277550113	37.450386717957485	1.271584302756105	447	639.590443611145	5:24
66.6%	1665000	3329.99999993508	-343772.4247595508	13868.411256349658	-329904.01350320113	301.54289177520883	37.45852499074055	1.2713080372084078	447	641.5236377716064	5:22
66.8%	1670000	3339.9999999348433	-344076.9909405673	13930.541041145294	-330146.449899422	302.89378876162965	37.45888429182218	1.271295842975678	447	643.473911523819	5:20
67.0%	1675000	3349.999999934607	-344216.6618196362	13701.056448191754	-330515.6053714444	297.9040717350752	37.45888429182218	1.271295842975678	447	645.411693572998	5:18
67.2%	1680000	3359.9999999343704	-343547.67498766823	13782.786628521011	-329764.88835914724	299.68114298471164	37.51639703582284	1.2693469428108686	447	647.3479206562042	5:16
67.4%	1685000	3369.999999934134	-343861.19468340755	13750.5265168788	-330110.66816652875	298.97970666487873	37.49672541383284	1.2700128706474345	447	649.284637928009	5:14
67.6%	1690000	3379.9999999338975	-343749.5660390019	13743.99942813284	-330005.5666108691	298.8377872208307	37.35667820613711	1.2747740476260288	447	651.2235741615295	5:13
67.8%	1695000	3389.999999933661	-343894.92208563123	13876.595717486418	-330018.32636814483	301.7208477092507	37.43804598329832	1.2720034561618159	447	653.1612429618835	5:11
68.0%	1700000	3399.9999999334245	-344095.3159747958	13547.779994981143	-330547.53597981465	294.57135942305655	37.47162406568406	1.2708636220096832	447	655.1584424972534	5:09
68.2%	1705000	3409.999999933188	-343779.99908542563	13596.301375094918	-330183.6977103307	295.6263668786317	37.47162406568406	1.2708636220096832	447	657.1000208854675	5:07
68.4%	1710000	3419.9999999329516	-343794.20237793	13649.464441785072	-330144.7379361449	296.78229920347155	37.45057206281337	1.2715780096183404	447	659.0321636199951	5:05
68.6%	1715000	3429.999999932715	-343928.07028318534	13988.989408284073	-329939.08087490126	304.1646401461743	37.377425158129434	1.2740664634129573	447	660.9820363521576	5:03
68.8%	1720000	3439.9999999324787	-344184.13151251985	13734.13030608786	-330450.001206432	298.62320145857456	37.24346428341116	1.278649148218786	447	662.9139049053192	5:01
69.0%	1725000	3449.999999932242	-344273.51922439603	14069.449751058955	-330204.0694733371	305.91410113237447	37.178685653686365	1.2808770144885064	447	664.8472130298615	4:59
69.2%	1730000	3459.9999999320057	-344008.61042012717	13809.90184877363	-330198.7085713535	300.2707131795206	37.23051053780784	1.2790940332215073	447	666.782589673996	4:57
69.4%	1735000	3469.9999999317693	-343713.3678273843	14028.43634993123	-329684.9314774531	305.0223407606211	37.235763280734744	1.27891359507431	447	668.7163121700287	4:55
69.6%	1740000	3479.999999931533	-344031.7403301129	13848.476188066563	-330183.26414204633	301.10944067351403	37.235763280734744	1.27891359507431	447	670.6507594585419	4:53
69.8%	1745000	3489.9999999312963	-343826.95905742235	14075.574084940507	-329751.3849724819	306.04726341857315	37.283386811032386	1.277279988646552	447	672.5847678184509	4:51
70.0%	1750000	3499.99999993106	-343975.5523894879	13646.478175345534	-330329.0742141424	296.7173683760577	37.246632447974676	1.2785403874891759	447	674.5815186500549	4:49
70.2%	1755000	3509.9999999308234	-343894.3120636579	13804.584597934188	-330089.7274657237	300.1550994178011	37.2823295792184	1.2773162090505508	447	676.5266292095184	4:48
70.4%	1760000	3519.999999930587	-343883.56181605643	13769.034364593677	-330114.52745146275	299.38212550127747	37.2823295792184	1.2773162090505508	447	678.4781651496887	4:46
70.6%	1765000	3529.9999999303504	-343768.68250698963	14146.901022813643	-329621.781484176	307.5981354478324	37.368318155834636	1.2743769651100803	447	680.4080982208252	4:44
70.8%	1770000	3539.999999930114	-343811.715425316	13980.334561655643	-329831.38086366036	303.9764565516755	37.368318155834636	1.2743769651100803	447	682.3423924446106	4:42
71.0%	1775000	3549.9999999298775	-343905.17540330096	13585.125955867463	-330320.0494474335	295.3833781059196	37.39645917731002	1.273417990107317	447	684.2760725021362	4:40
71.2%	1780000	3559.999999929641	-343936.06790368754	13868.00796945272	-330068.0599342348	301.53412304929856	37.39645917731002	1.273417990107317	447	686.2103583812714	4:38
71.4%	1785000	3569.9999999294046	-343890.47043258377	13632.193771528277	-330258.2766610555	296.4067804972646	37.361568356333315	1.2746071960501082	447	688.1472146511078	4:36
71.6%	1790000	3579.999999929168	-343672.3447019968	13956.117923208902	-329716.22677878785	303.44991064448215	37.411101863729314	1.2729195749476208	447	690.0789630413055	4:34
71.8%	1795000	3589.9999999289316	-343812.1239062964	13840.99423359789	-329971.1296726985	300.9467594445751	37.411101863729314	1.2729195749476208	447	692.0088694095612	4:32
72.0%	1800000	3599.999999928695	-343685.84739553876	13711.004563583736	-329974.842831955	298.1203750612142	37.36163643245077	1.274604873606086	447	694.0027737617493	4:30
72.2%	1805000	3609.9999999284587	-343735.6703050104	13858.632725768452	-329877.03757924197	301.3302757563826	37.40117008704085	1.2732575952002312	447	695.9566712379456	4:28
72.4%	1810000	3619.999999928222	-343664.3029018658	13812.669084889845	-329851.6338169759	300.3308815986195	37.4737565385078	1.2707913025416888	447	697.889898777008	4:26
72.6%	1815000	3629.9999999279858	-344005.6453404228	13665.553296916813	-330340.092043506	297.1321215307808	37.45616663984366	1.2713880825178652	447	699.8231813907623	4:24
72.8%	1820000	3639.9999999277493	-343944.78312318	14236.583500173045	-329708.1996230069	309.5481146534272	37.45616663984366	1.2713880825178652	447	701.7491719722748	4:22
73.0%	1825000	3649.999999927513	-343606.26690791623	14017.790884471528	-329588.4760234447	304.7908748500942	37.433342647817945	1.2721632778224892	447	703.6806402206421	4:20
73.2%	1830000	3659.9999999272763	-343761.4242602842	13859.137351766549	-329902.2869085177	301.34124791317254	37.53201223919348	1.2688188306879808	447	705.6089808940887	4:19
73.4%	1835000	3669.99999992704	-344026.87489675183	13613.963232814509	-330412.9116639373	296.01039123098496	37.62362673664947	1.2657292242460014	447	707.5391516685486	4:17
73.6%	1840000	3679.9999999268034	-343770.17587660113	13655.639067888435	-330114.5368087127	296.9165550007956	37.52616138723005	1.2690166572407733	447	709.4681856632233	4:15
73.8%	1845000	3689.999999926567	-343911.73662551143	13930.825484297247	-329980.9111412142	302.8999734506326	37.52616138723005	1.2690166572407733	447	711.4080197811127	4:13
74.0%	1850000	3699.9999999263305	-343692.1263008225	14109.379225076354	-329582.7470757461	306.7822935186333	37.52616138723005	1.2690166572407733	447	713.4111578464508	4:11
74.2%	1855000	3709.999999926094	-343931.71560837503	13819.943474793687	-330111.77213358134	300.48904972090537	37.50723273674217	1.2696570876595357	447	715.3502762317657	4:09
74.4%	1860000	3719.9999999258575	-343805.31431157264	13555.712409156857	-330249.6019024158	294.7438350632066	37.485173650069385	1.270404249084019	447	717.2815270423889	4:07
74.6%	1865000	3729.999999925621	-343979.25442910916	13782.09877702583	-330197.15565208334	299.66618692917405	37.428393135147516	1.2723315080812583	447	719.209193944931	4:05
74.8%	1870000	3739.9999999253846	-343847.9677294001	13950.841097132425	-329897.12663226767	303.3351758442888	37.43180655778959	1.2722154836203174	447	721.1405532360077	4:03
75.0%	1875000	3749.999999925148	-343965.6181849969	13647.4023892506	-330318.2157957463	296.73746369400016	37.49569363273934	1.2700478180011565	447	723.0779976844788	4:01
75.2%	1880000	3759.9999999249117	-343676.69370909117	13655.795185063409	-330020.8985240278	296.91994947933586	37.40962011271723	1.2729699937934362	447	725.0103027820587	3:59
75.4%	1885000	3769.999999924675	-343785.8877389288	13807.738548391997	-329978.14919053676	300.2236762233186	37.434954759989495	1.272108492931803	447	726.9390132427216	3:57
75.6%	1890000	3779.9999999244387	-344080.30079842854	13928.019650937378	-330152.2811474912	302.8389658060268	37.520338946809936	1.2692135844031156	447	728.8688452243805	3:55
75.8%	1895000	3789.9999999242023	-343844.66135775537	13699.86982494281	-330144.7915328126	297.8782708124374	37.53677269105003	1.2686579177877726	447	730.810150384903	3:53
76.0%	1900000	3799.999999923966	-343748.8075608288	13590.919537673988	-330157.8880231548	295.50934880143643	37.528867307090486	1.2689251581462773	447	732.8030378818512	3:52
76.2%	1905000	3809.9999999237293	-343980.63417487114	13802.967964868214	-330177.6662100029	300.11994872889795	37.53897562995028	1.268583467810614	447	734.7436072826385	3:50
76.4%	1910000	3819.999999923493	-343663.8295089864	13450.913763228556	-330212.9157457578	292.4651827963237	37.58524761108863	1.2670216882820513	447	736.6753389835358	3:48
76.6%	1915000	3829.9999999232564	-344033.7964230456	13926.324839296678	-330107.47158374893	302.80211526895346	37.53848970441121	1.2685998892785608	447	738.610985994339	3:46
76.8%	1920000	3839.99999992302	-344031.41516384855	13943.143832753502	-330088.271331095	303.1678131005199	37.60199464902455	1.266457386827372	447	740.5447680950165	3:44
77.0%	1925000	3849.9999999227834	-344174.3387514429	13812.509535219311	-330361.8292162236	300.32741248682686	37.59308399595788	1.2667575740213504	447	742.4775052070618	3:42
77.2%	1930000	3859.999999922547	-344330.6197383014	13999.178799683343	-330331.44093861803	304.38618957178414	37.58678178710225	1.266969972381129	447	744.4099051952362	3:40
77.4%	1935000	3869.9999999223105	-343737.09728623554	13704.140654026383	-330032.9566322092	297.97113207306296	37.6341080177693	1.2653767125346933	447	746.3459882736206	3:38
77.6%	1940000	3879.999999922074	-344287.42445431434	13808.568699767193	-330478.85575454717	300.2417263259339	37.6341080177693	1.2653767125346933	447	748.2920007705688	3:36
77.8%	1945000	3889.9999999218376	-344002.4422438623	13499.267429020269	-330503.17481484206	293.5165436148954	37.64396988308095	1.2650452125694591	447	750.2232072353363	3:34
78.0%	1950000	3899.999999921601	-344145.2684366335	13392.706508621139	-330752.56192801235	291.1995739567689	37.57332529824146	1.2674237242698685	447	752.2168686389923	3:32
78.2%	1955000	3909.9999999213646	-344022.780599891	13721.115908638254	-330301.66469125275	298.3402275137495	37.56809208555657	1.2676002756341451	447	754.1564605236053	3:30
78.4%	1960000	3919.999999921128	-344241.94196427224	14013.030959635971	-330228.91100463626	304.6873791090886	37.550015963933035	1.268210483011271	447	756.0928030014038	3:28
78.6%	1965000	3929.9999999208917	-344047.8813750955	13844.696319747274	-330203.18505534827	301.02725444450346	37.600722507768836	1.2665002347457879	447	758.0256116390228	3:26
78.8%	1970000	3939.9999999206552	-344064.44967491133	13896.624393796827	-330167.8252811145	302.1563341439571	37.61412133911377	1.2660490844214007	447	759.9602613449097	3:24
79.0%	1975000	3949.9999999204188	-343969.8556265371	13917.155202587646	-330052.70042394946	302.6027385185342	37.61362155856506	1.2660659066969457	447	761.8918015956879	3:23
79.2%	1980000	3959.9999999201823	-344036.61465734	13911.976592923093	-330124.6380644169	302.4901392521323	37.760322494058805	1.2611471708217845	447	763.8225264549255	3:21
79.4%	1985000	3969.999999919946	-344203.26536360057	13756.744551147829	-330446.52081245277	299.11490629228973	37.57390995412707	1.2674040029595004	447	765.7645649909973	3:19
79.6%	1990000	3979.9999999197094	-343967.1921594766	14019.367412459762	-329947.8247470168	304.82515352843376	37.61429895463326	1.266043106110703	447	767.6954395771027	3:17
79.8%	1995000	3989.999999919473	-344228.2044621595	13634.214735763311	-330593.98972639616	296.45072261783935	37.67135172194041	1.2641257004580757	447	769.6307356357574	3:15
80.0%	2000000	3999.9999999192364	-344119.8839345974	13576.091883750832	-330543.7920508466	295.1869489562355	37.632229963067275	1.2654398617737137	447	771.6873586177826	3:13
80.2%	2005000	4009.999999919	-343965.1191997412	13764.542107659367	-330200.57709208183	299.2844497025483	37.58880124981198	1.2669019042723173	447	773.9644117355347	3:11
80.4%	2010000	4019.9999999187635	-344110.3434614997	13602.552958860979	-330507.79050263873	295.76229597765735	37.54437533264103	1.2684010177497491	447	775.8987946510315	3:09
80.6%	2015000	4029.999999918527	-344541.1264897076	13727.18759485005	-330813.9388948576	298.4722450739742	37.62843277176264	1.2655675608800998	447	777.8319792747498	3:07
80.8%	2020000	4039.9999999182905	-344237.88056502456	13653.068171608162	-330584.8123934164	296.8606556274299	37.58400824138578	1.2670634695706042	447	779.7627739906311	3:05
81.0%	2025000	4049.999999918054	-344322.28097146977	13794.528090461929	-330527.75288100785	299.9364393068273	37.58771296855554	1.2669385850248098	447	781.6927511692047	3:03
81.2%	2030000	4059.9999999178176	-344111.9665879917	14018.095596843417	-330093.8709911483	304.79750025570706	37.52078576076841	1.2691984700515822	447	783.6344087123871	3:01
81.4%	2035000	4069.999999917581	-344327.46997215063	13670.136962822564	-330657.33300932805	297.2317848481286	37.5564517514218	1.2679931586161524	447	785.5661811828613	2:59
81.6%	2040000	4079.9999999173447	-344351.7650783732	13937.251020399859	-330414.51405797334	303.03968482072196	37.61249297730385	1.2661038956241517	447	787.4988186359406	2:58
81.8%	2045000	4089.999999917108	-344175.3269773627	13653.616802081842	-330521.71017528087	296.8725845799603	37.47542757115404	1.2707346378445596	447	789.4340567588806	2:56
82.0%	2050000	4099.999999917781	-344265.02618270135	14133.616471943853	-330131.4097107575	307.30928751772956	37.52274045517393	1.2691323529418292	447	791.4271478652954	2:54
82.2%	2055000	4109.999999919818	-344227.17004371644	13894.985024030193	-330332.18501968624	302.12068908765025	37.49512025026947	1.2700672398125783	418	846.9481468200684	3:03
82.4%	2060000	4119.999999921855	-344037.6214609087	13863.093359698412	-330174.52810121025	301.4272639715089	37.42990464471535	1.2722801282750265	418	848.8937327861786	3:01
82.6%	2065000	4129.999999923893	-344699.23509520537	13914.59992209771	-330784.6351731077	302.5471786815788	37.47654659392599	1.2706966946207012	418	850.84202003479	2:59
82.8%	2070000	4139.99999992593	-344239.1324203217	13739.172195550309	-330499.9602247714	298.7328279976507	37.38337637957391	1.2738636392597353	418	852.8038327693939	2:57
83.0%	2075000	4149.999999927967	-344282.272563224	13979.320991177601	-330302.95157204644	303.9544183407141	37.3293257857578	1.2757081163482824	418	854.7473692893982	2:55
83.2%	2080000	4159.999999930004	-344329.02853767085	13713.32440013251	-330615.7041375383	298.17081560616435	37.2913914750094	1.277005818209106	419	856.6940655708313	2:53
83.4%	2085000	4169.999999932042	-344549.215773399	13804.10776822294	-330745.10800517607	300.14473163973656	37.329330126370344	1.2757079680103767	419	858.6435611248016	2:51
83.6%	2090000	4179.999999934079	-344081.1750010752	13777.14402892401	-330304.0309721512	299.55845511743127	37.37790674081111	1.2740500481452872	419	860.5904021263123	2:49
83.8%	2095000	4189.999999936116	-344115.5935162769	13830.151849442784	-330285.4416668341	300.7110119020892	37.37790674081111	1.2740500481452872	419	862.5358738899231	2:47
84.0%	2100000	4199.999999938153	-344100.5445526508	13817.325995151501	-330283.21855749935	300.4321374786969	37.44960880217185	1.271610716530067	419	864.5359699726105	2:45
84.2%	2105000	4209.999999940191	-344261.57920514024	14098.247320975932	-330163.3318841643	306.5402509016848	37.38925733313211	1.273663273340851	419	866.491320848465	2:42
84.4%	2110000	4219.999999942228	-344237.14057689585	13692.54675430442	-330544.5938225914	297.71904421782926	37.390245858965706	1.2736296001456078	419	868.4375431537628	2:40
84.6%	2115000	4229.999999944265	-344173.3110831995	13805.337878814893	-330367.9732043846	300.1714781140258	37.367546580705344	1.274403278787632	419	870.3994915485382	2:38
84.8%	2120000	4239.9999999463025	-344126.1526457854	13874.98010806204	-330251.1725377234	301.68571927753624	37.453966278496516	1.2714627745591083	419	872.3454217910767	2:36
85.0%	2125000	4249.99999994834	-344223.0193278831	13862.857856945544	-330360.16147093754	301.42214340075225	37.5261202159778	1.2690180495244574	419	874.2933053970337	2:34
85.2%	2130000	4259.999999950377	-343929.19418367394	13395.063903076543	-330534.1302805974	291.2508311287692	37.459556230065985	1.2712730388535243	419	876.2359938621521	2:32
85.4%	2135000	4269.999999952414	-343894.3486714754	13593.03554998185	-330301.31312149356	295.55535756614285	37.335506547532525	1.2754969273571493	419	878.1808159351349	2:30
85.6%	2140000	4279.999999954452	-344299.35555502545	13923.419788962563	-330375.9357660629	302.7389503351835	37.310835353224185	1.2763403293404232	419	880.1261501312256	2:28
85.8%	2145000	4289.999999956489	-344187.2096807341	13721.935729163108	-330465.27395157097	298.35805299117663	37.39864115840464	1.273343693986017	419	882.0754625797272	2:26
86.0%	2150000	4299.999999958526	-344098.30731868104	13722.281964230826	-330376.0253544502	298.36558123083034	37.39864115840464	1.273343693986017	419	884.0889370441437	2:24
86.2%	2155000	4309.999999960563	-344271.2484496086	13710.864162297807	-330560.3842873108	298.11732229554514	37.39864115840464	1.273343693986017	419	886.0455904006958	2:22
86.4%	2160000	4319.999999962601	-344381.22580972157	13979.443441820167	-330401.7823679014	303.9570808029224	37.47663365097376	1.2706937428320246	419	888.0062551498413	2:20
86.6%	2165000	4329.999999964638	-344069.29704162787	13661.44356251061	-330407.8534791173	297.0427629752572	37.586128029573935	1.266992009531562	419	889.9520726203918	2:18
86.8%	2170000	4339.999999966675	-343885.887947453	13701.579262760426	-330184.3086846926	297.915439368612	37.45293129151357	1.2714979105918722	419	891.8932681083679	2:15
87.0%	2175000	4349.9999999687125	-344244.6299753252	13707.103812012547	-330537.52616331266	298.0355604499995	37.44374163501543	1.2718099688565174	420	893.8438217639923	2:13
87.2%	2180000	4359.99999997075	-344017.23148472555	13830.194330027036	-330187.0371546985	300.7119355636379	37.52709672053454	1.268985028000912	420	895.7910444736481	2:11
87.4%	2185000	4369.999999972787	-344431.5523385056	13727.281085140276	-330704.2712533653	298.4742778470112	37.52394135851504	1.2690917360655691	420	897.739711523056	2:09
87.6%	2190000	4379.999999974824	-344388.59569413133	13818.130554668454	-330570.4651394629	300.4496311338001	37.52394135851504	1.2690917360655691	420	899.6871652603149	2:07
87.8%	2195000	4389.999999976862	-344382.11139139504	13649.245192206243	-330732.8661991888	296.7775320278522	37.46113284460115	1.2712195351978943	420	901.6305468082428	2:05
88.0%	2200000	4399.999999978899	-344525.6284649047	14089.902473175463	-330435.7259917292	306.3588076569854	37.296397095053855	1.2768344288412745	420	903.652247428894	2:03
88.2%	2205000	4409.999999980936	-344132.8422081003	13606.34199874929	-330526.500209351	295.844681625433	37.38861082827731	1.2736852968788042	413	919.6300158500671	2:03
88.4%	2210000	4419.999999982973	-344217.8974679737	13614.574717948912	-330603.3227500248	296.02368684158495	37.3661594502153	1.274450588001922	413	921.5768659114838	2:01
88.6%	2215000	4429.999999985011	-344408.95863591507	14122.170857752462	-330286.78777816263	307.0604238564479	37.26401499806726	1.2779439865825082	414	923.5225100517273	1:59
88.8%	2220000	4439.999999987048	-344633.7475580442	13748.493388445155	-330885.25416959904	298.9355000563567	37.26401499806726	1.2779439865825082	414	925.4739124774933	1:56
89.0%	2225000	4449.999999989085	-344109.8624766588	13872.460196742297	-330237.40227991645	301.630928477615	37.33101202689159	1.2756504926358863	414	927.422905921936	1:54
89.2%	2230000	4459.999999991122	-344287.65300760925	13804.391009162566	-330483.26199844666	300.15089018886124	37.38425594450238	1.2738336681996612	414	929.3701996803284	1:52
89.4%	2235000	4469.99999999316	-344047.51722724806	13943.859923718284	-330103.6573035298	303.18338317097016	37.35994033244401	1.274662739258855	414	931.317866563797	1:50
89.6%	2240000	4479.999999995197	-344254.23850964155	13668.244872693565	-330585.993636948	297.1906448560667	37.42976242365112	1.2722849625304993	414	933.2639718055725	1:48
89.8%	2245000	4489.999999997234	-344029.7019191846	13553.243343170716	-330476.45857601386	294.69014980080107	37.42976242365112	1.2722849625304993	414	935.2107920646667	1:46
90.0%	2250000	4499.9999999992715	-344397.509961408	13847.195360053516	-330550.3146013545	301.08159144292944	37.44704763441184	1.2716976875618629	414	937.2269930839539	1:44
90.2%	2255000	4510.000000001309	-344131.7572016846	13834.90848404837	-330296.8487176362	300.8144361031439	37.470187376814444	1.2709123496982369	414	939.1794352531433	1:42
90.4%	2260000	4520.000000003346	-344155.7951214187	13582.84028726835	-330572.9548341504	295.33368047969003	37.407786244060766	1.2730323995117807	414	941.1256005764008	1:40
90.6%	2265000	4530.000000005383	-344295.48602405813	13689.113902767875	-330606.37212129025	297.6444032254163	37.407786244060766	1.2730323995117807	414	943.0736796855927	1:38
90.8%	2270000	4540.000000007421	-344131.06020376773	13931.122578024158	-330199.93762574357	302.9064332029348	37.39538205218941	1.2734546692487219	414	945.0181217193604	1:35
91.0%	2275000	4550.000000009458	-344555.53347516945	13799.067163262793	-330756.46631190664	300.0351330297816	37.43617687733815	1.272066964496256	414	946.9664297103882	1:33
91.2%	2280000	4560.000000011495	-344052.27608383715	13991.987219790743	-330060.2888640464	304.2298219996692	37.43617687733815	1.272066964496256	414	948.9175565242767	1:31
91.4%	2285000	4570.000000013532	-344322.81859443604	13738.965796095685	-330583.8527983404	298.72834022415896	37.34617084030329	1.2751327060098065	414	950.8676209449768	1:29
91.6%	2290000	4580.00000001557	-344364.9494313632	13901.117562432735	-330463.8318689305	302.25402976594734	37.2683081373114	1.2777967732595854	414	952.8192510604858	1:27
91.8%	2295000	4590.000000017607	-344443.6368580678	13931.74063682377	-330511.89622124407	302.9198717456977	37.308645575891745	1.2764152423017092	414	954.7793028354645	1:25
92.0%	2300000	4600.000000019644	-344413.2171233342	13403.38810920178	-331009.8290141324	291.43182555850876	37.30370785254265	1.2765841956231854	414	956.7813682556152	1:23
92.2%	2305000	4610.000000021681	-344317.1059677621	14086.251404755165	-330230.85456300696	306.279421942993	37.37919884443041	1.274006007482853	415	958.7419095039368	1:21
92.4%	2310000	4620.000000023719	-344115.0473885039	13538.000819562854	-330577.04656894103	294.35872938344346	37.43743982801853	1.2720240513631544	415	960.6881427764893	1:19
92.6%	2315000	4630.000000025756	-344174.5411707411	13968.551903685278	-330205.9892670558	303.7202644982739	37.240095080130935	1.2787648307618935	415	962.6324279308319	1:17
92.8%	2320000	4640.000000027793	-344212.23118401313	13677.31935533239	-330534.9118286807	297.38795265763787	37.22729351665822	1.2792045669769463	415	964.5821080207825	1:14
93.0%	2325000	4650.0000000298305	-344244.6406927398	13763.054804474084	-330481.58588826575	299.2521110521328	37.26192155546472	1.2780157838026596	415	966.5299468040466	1:12
93.2%	2330000	4660.000000031868	-343992.786231078	13685.944810184983	-330306.841420893	297.5754971824612	37.26192155546472	1.2780157838026596	415	968.4763760566711	1:10
93.4%	2335000	4670.000000033905	-344220.9528148865	13986.148186756058	-330234.80462813046	304.10286305145917	37.30719558608339	1.2764648517420196	415	970.4259643554688	1:08
93.6%	2340000	4680.000000035942	-344402.96433579654	13818.116724675394	-330584.84761112113	300.4493304262408	37.28178286858057	1.277334939977712	415	972.3868262767792	1:06
93.8%	2345000	4690.00000003798	-344325.2342476958	13651.117946369592	-330674.1163013262	296.8182515951885	37.24180753744735	1.2787060304421665	415	974.3324890136719	1:04
94.0%	2350000	4700.000000040017	-344616.96916398214	13864.932652828238	-330752.0365111539	301.4672559907055	37.309698615354336	1.2763792163977037	415	976.339026927948	1:02
94.2%	2355000	4710.000000042054	-344177.81553000706	13851.004624197609	-330326.81090580946	301.16441682965274	37.35245516316993	1.274918172705707	415	978.2990365028381	1:00
94.4%	2360000	4720.000000044091	-344085.13166698226	13643.80010909086	-330441.3315578914	296.65913879028386	37.35245516316993	1.274918172705707	415	980.242392539978	0:58
94.6%	2365000	4730.000000046129	-344499.5513006139	13620.532560889724	-330879.0187397242	296.153229090939	37.45496519670988	1.2714288648406917	415	982.1904625892639	0:56
94.8%	2370000	4740.000000048166	-344203.1065678927	13876.992806210394	-330326.1137616823	301.72948166738087	37.45496519670988	1.2714288648406917	415	984.1367073059082	0:54
95.0%	2375000	4750.000000050203	-343894.18711774814	13703.395496284695	-330190.79162146343	297.9549299994365	37.50444896549591	1.2697513280760921	415	986.0789189338684	0:52
95.2%	2380000	4760.0000000522405	-344353.1056273945	13664.603450287905	-330688.5021771066	297.11146887677955	37.537071344338315	1.2686478240632149	415	988.0249767303467	0:49
95.4%	2385000	4770.000000054278	-344063.63302044256	13910.691894355006	-330152.94112608756	302.462205863504	37.537071344338315	1.2686478240632149	415	989.9856359958649	0:47
95.6%	2390000	4780.000000056315	-344174.8333174155	13914.640315822395	-330260.1930015931	302.54805696823513	37.57401281890345	1.2674005332414806	415	991.9336085319519	0:45
95.8%	2395000	4790.000000058352	-344339.23122130433	13544.309717517888	-330794.92150378646	294.49590467325214	37.56313807907349	1.2677674528271217	416	993.8783214092255	0:43
96.0%	2400000	4800.0000000603895	-344238.4592608829	13413.566675929149	-330824.8925849538	291.65313962169625	37.56313807907349	1.2677674528271217	416	995.8812811374664	0:41
96.2%	2405000	4810.000000062427	-344199.67874022236	14103.228769280673	-330096.4499709417	306.6485632598399	37.544431426904204	1.268399122661242	416	997.8351082801819	0:39
96.4%	2410000	4820.000000064464	-344209.9632096701	13747.765943942297	-330462.1972657278	298.9196831242696	37.39408347123683	1.2734988923937745	416	999.7817883491516	0:37
96.6%	2415000	4830.000000066501	-344286.7495856775	13628.698899616948	-330658.05068606057	296.33079098678314	37.29010309552003	1.277049938980233	416	1001.7286427021027	0:35
96.8%	2420000	4840.000000068539	-344067.52148209605	13737.867739015937	-330329.6537430801	298.7044650086753	37.28359681537372	1.27727279421346	416	1003.6802151203156	0:33
97.0%	2425000	4850.000000070576	-344201.86742048984	14003.06206753782	-330198.80535295204	304.47062403199243	37.28359681537372	1.27727279421346	416	1005.6439299583435	0:31
97.2%	2430000	4860.000000072613	-344221.96126118157	13573.947346884264	-330648.0139142973	295.1403199778824	37.266208940990516	1.2778687512353841	416	1007.5925509929657	0:29
97.4%	2435000	4870.00000007465	-344380.40217724943	13499.403125817907	-330880.99905143154	293.51949409018835	37.39563480845699	1.273446061996812	416	1009.5443062782288	0:27
97.6%	2440000	4880.000000076688	-344458.24986970646	13908.837291169159	-330549.4125785373	302.4218809555229	37.345650693915864	1.2751504659271782	416	1011.489372253418	0:24
97.8%	2445000	4890.000000078725	-344740.38632432895	13532.290086662882	-331208.0962376661	294.23456008380396	37.32422430037224	1.2758824804893676	416	1013.429860830307	0:22
98.0%	2450000	4900.000000080762	-344447.95769368	13839.465533921153	-330608.49215975887	300.91352070419896	37.35403357560733	1.2748643004325455	416	1015.428558588028	0:20
98.2%	2455000	4910.0000000827995	-344336.58676297957	13384.809640681646	-330951.7771222979	291.0278712036254	37.384572557865155	1.2738228799858686	416	1017.3810427188873	0:18
98.4%	2460000	4920.000000084837	-344574.2502647233	13812.964402581812	-330761.2858621415	300.3373027343345	37.45072708381754	1.271572746134417	416	1019.311671257019	0:16
98.6%	2465000	4930.000000086874	-344214.7445945737	13637.44710040871	-330577.29749416496	296.52100439449197	37.173237650994984	1.2810647361362086	416	1021.2549622058868	0:14
98.8%	2470000	4940.000000088911	-344568.2936382413	13750.480805121251	-330817.81283312006	298.97871274745705	37.41144844685934	1.2729077825025572	416	1023.2103157043457	0:12
99.0%	2475000	4950.000000090949	-344633.31628338207	13772.144980758185	-330861.1713026239	299.4497600829257	37.5472501500673	1.2683039022130653	416	1025.1461873054504	0:10
99.2%	2480000	4960.000000092986	-344066.7165338472	13594.376812428398	-330472.3397214188	295.58452083144306	37.497543803747384	1.2699851524126051	416	1027.0825281143188	0:08
99.4%	2485000	4970.000000095023	-344341.8422727301	13797.625011286527	-330544.21726144355	300.0037761086993	37.48965793691889	1.2702522909872738	416	1029.0168199539185	0:06
99.6%	2490000	4980.00000009706	-344582.4967461742	13646.15381698314	-330936.342929191	296.7103158048036	37.48965793691889	1.2702522909872738	417	1030.9542417526245	0:04
99.8%	2495000	4990.000000099098	-344032.37722906226	13786.531314611942	-330245.8459144503	299.7625642413919	37.47488525204567	1.2707530273251717	417	1032.8962018489838	0:02
100.0%	2500000	5000.000000101135	-344528.59456096165	13829.813164807194	-330698.78139615443	300.7036478325842	37.41200557322526	1.2728888268096947	417	1034.8905806541443	0:00
