2020-04-02 16:13:30,321 - DEBUG - yank.experiment - DSL string for the ligand: "resname LIG"
2020-04-02 16:13:30,321 - DEBUG - yank.experiment - DSL string for the solvent: "resname HOH or resname NA or resname CL"
2020-04-02 16:13:30,322 - INFO - yank.experiment - Reading phase complex
2020-04-02 16:13:30,322 - DEBUG - yank.pipeline - prmtop: ../complexes/0-build/ZINC000001714738_complex.prmtop
2020-04-02 16:13:30,322 - DEBUG - yank.pipeline - inpcrd: ../complexes/1-equilibrate/ZINC000001714738_complex.inpcrd
2020-04-02 16:13:49,958 - DEBUG - mpiplus.mpiplus - Single node: executing <function find_alchemical_counterions at 0x2ac7b5113a70>
2020-04-02 16:13:49,965 - DEBUG - yank.pipeline - ligand_atoms net charge: 0
2020-04-02 16:13:49,969 - WARNING - openmmtools.multistate.multistatesampler - Warning: The openmmtools.multistate API is experimental and may change in future releases
2020-04-02 16:13:49,970 - INFO - yank.experiment - Reading phase solvent
2020-04-02 16:13:49,970 - DEBUG - yank.pipeline - prmtop: ../ligands/0-build/ZINC000001714738_solv.prmtop
2020-04-02 16:13:49,970 - DEBUG - yank.pipeline - inpcrd: ../ligands/1-equilibrate/ZINC000001714738_solv.inpcrd
2020-04-02 16:13:50,758 - DEBUG - mpiplus.mpiplus - Single node: executing <function find_alchemical_counterions at 0x2ac7b5113a70>
2020-04-02 16:13:50,760 - DEBUG - yank.pipeline - solute_atoms net charge: 0
2020-04-02 16:13:50,762 - WARNING - openmmtools.multistate.multistatesampler - Warning: The openmmtools.multistate API is experimental and may change in future releases
2020-04-02 16:13:50,762 - DEBUG - mpiplus.mpiplus - Single node: executing <function ExperimentBuilder._save_analysis_script at 0x2ac7c04693b0>
2020-04-02 16:13:50,764 - DEBUG - yank.experiment - Generating alchemical path for .complex
2020-04-02 16:13:58,890 - DEBUG - yank.yank - Creating receptor-ligand restraints...
2020-04-02 16:13:58,891 - DEBUG - yank.yank - There are undefined restraint parameters. Trying automatic parametrization.
2020-04-02 16:13:58,892 - DEBUG - yank.restraints - Restraint Harmonic: Automatically picked restrained ligand_atoms atom: ligand_atoms
2020-04-02 16:13:58,903 - DEBUG - yank.restraints - Restraint Harmonic: Automatically picked restrained receptor_atoms atom: receptor_atoms
2020-04-02 16:13:58,914 - DEBUG - yank.restraints - Spring constant sigma, s = 0.781 nm
2020-04-02 16:13:58,915 - DEBUG - yank.restraints - K = 0.0 kcal/mol/A^2
2020-04-02 16:14:08,534 - DEBUG - yank.restraints - Standard state correction: 1.509 kT
2020-04-02 16:14:08,535 - DEBUG - openmmtools.utils - Restraint Harmonic: Computing standard state correction took    0.015s
2020-04-02 16:14:08,535 - DEBUG - yank.yank - Creating alchemically-modified states...
2020-04-02 16:14:11,768 - DEBUG - openmmtools.alchemy - Dictionary of interacting alchemical regions: frozenset()
2020-04-02 16:14:11,768 - DEBUG - openmmtools.alchemy - Using 1 alchemical regions
2020-04-02 16:14:31,552 - DEBUG - openmmtools.alchemy - Adding steric interaction groups between  and the environment.
2020-04-02 16:14:31,573 - DEBUG - openmmtools.alchemy - Adding a steric interaction group between group  and .
2020-04-02 16:14:34,883 - DEBUG - openmmtools.utils - Create alchemically modified system took   23.106s
2020-04-02 16:15:01,609 - DEBUG - yank.yank - Creating expanded cutoff states...
2020-04-02 16:15:04,885 - DEBUG - yank.yank - Setting cutoff for fully interacting system to 16 A. The minimum box dimension is 7.984298710000001 nm.
2020-04-02 16:15:35,871 - DEBUG - yank.yank - Setting cutoff for fully interacting system to 16 A. The minimum box dimension is 7.984298710000001 nm.
2020-04-02 16:15:49,408 - DEBUG - yank.yank - Creating sampler object...
2020-04-02 16:15:49,412 - DEBUG - mpiplus.mpiplus - Single node: executing <bound method ExperimentBuilder._generate_experiment_protocol.<locals>.DummyReporter.nothing of <yank.experiment.ExperimentBuilder._generate_experiment_protocol.<locals>.DummyReporter object at 0x2ac7c01ed510>>
2020-04-02 16:15:49,424 - DEBUG - mpiplus.mpiplus - Single node: executing <function ReplicaExchangeSampler._display_citations at 0x2ac7bdd56b00>
2020-04-02 16:15:49,427 - DEBUG - mpiplus.mpiplus - Single node: executing <function MultiStateSampler._display_citations at 0x2ac7bdcf5ef0>
2020-04-02 16:15:49,430 - DEBUG - mpiplus.mpiplus - Single node: executing <function MultiStateSampler._initialize_reporter at 0x2ac7bdcfa200>
2020-04-02 16:15:49,432 - DEBUG - openmmtools.multistate.multistatesampler - Storing general ReplicaExchange options...
2020-04-02 16:15:49,438 - DEBUG - mpiplus.mpiplus - Single node: executing <function MultiStateSampler._report_iteration at 0x2ac7bdcfa320>
2020-04-02 16:15:49,438 - DEBUG - mpiplus.mpiplus - Single node: executing <function MultiStateSampler._report_iteration_items at 0x2ac7bdcfa5f0>
2020-04-02 16:15:49,438 - DEBUG - openmmtools.utils - Writing iteration information to storage took    0.000s
2020-04-02 16:15:49,982 - DEBUG - yank.yank - Minimizing 1 sampler states in the reference thermodynamic state
2020-04-02 16:15:49,982 - DEBUG - mpiplus.mpiplus - Running _minimize_sampler_state serially.
2020-04-02 16:15:54,885 - DEBUG - yank.yank - Sampler state 1/1: initial energy -2477061.236kT
2020-04-02 16:15:54,885 - DEBUG - yank.yank - Using FIRE: tolerance 1.0 kJ/(nm mol) max_iterations 1000
2020-04-02 16:16:18,337 - DEBUG - yank.yank - Sampler state 1/1: final energy -2552761.169kT
2020-04-02 16:16:18,563 - DEBUG - mpiplus.mpiplus - Single node: executing <bound method ExperimentBuilder._generate_experiment_protocol.<locals>.DummyReporter.nothing of <yank.experiment.ExperimentBuilder._generate_experiment_protocol.<locals>.DummyReporter object at 0x2ac7c01ed510>>
2020-04-02 16:16:18,565 - DEBUG - openmmtools.multistate.multistatesampler - Minimizing all replicas...
2020-04-02 16:16:18,566 - DEBUG - mpiplus.mpiplus - Running _minimize_replica serially.
2020-04-02 16:16:27,373 - DEBUG - openmmtools.multistate.multistatesampler - Replica 1/1: initial energy -2552558.728kT
2020-04-02 16:16:27,373 - DEBUG - openmmtools.multistate.multistatesampler - Using FIRE: tolerance 1.0 kJ/(nm mol) max_iterations 1000
2020-04-02 16:16:58,453 - DEBUG - openmmtools.multistate.multistatesampler - Replica 1/1: final energy -2553078.422kT
2020-04-02 16:16:58,728 - DEBUG - mpiplus.mpiplus - Single node: executing <bound method ExperimentBuilder._generate_experiment_protocol.<locals>.DummyReporter.nothing of <yank.experiment.ExperimentBuilder._generate_experiment_protocol.<locals>.DummyReporter object at 0x2ac7c01ed510>>
2020-04-02 16:16:58,731 - DEBUG - openmmtools.utils - Minimizing all replicas took   40.167s
2020-04-02 16:16:58,739 - DEBUG - yank.experiment - Using <openmmtools.mcmc.LangevinSplittingDynamicsMove object at 0x2ac7d8a240d0> for equilibration.
2020-04-02 16:16:58,743 - DEBUG - openmmtools.multistate.multistatesampler - Equilibration iteration 0/1000
2020-04-02 16:16:58,746 - DEBUG - openmmtools.multistate.multistatesampler - Propagating all replicas...
2020-04-02 16:16:58,749 - DEBUG - mpiplus.mpiplus - Running _propagate_replica serially.
