2020-04-02 16:18:02,286 - CRITICAL - openmmtools.multistate.multistatesampler - NaN encountered in unsampled thermodynamic state energies for the following replicas and states
	Energies for positions at replica 0 (current state 0): [2.80672498e+11            nan] kT
	Energies for positions at replica 1 (current state 1): [7.37267747e+10            nan] kT
	Energies for positions at replica 2 (current state 2): [1.30109081e+12            nan] kT
	Energies for positions at replica 3 (current state 3): [2.96915542e+09            nan] kT
	Energies for positions at replica 4 (current state 4): [4.74973112e+14            nan] kT
	Energies for positions at replica 5 (current state 5): [4.29488344e+08            nan] kT
	Energies for positions at replica 6 (current state 6): [38481319.58142742               nan] kT
	Energies for positions at replica 7 (current state 7): [34761072.44138616               nan] kT
	Energies for positions at replica 8 (current state 8): [1.49382322e+08            nan] kT
	Energies for positions at replica 9 (current state 9): [3.13124593e+14            nan] kT
	Energies for positions at replica 10 (current state 10): [6.60255363e+10            nan] kT
	Energies for positions at replica 11 (current state 11): [1759634.02656944              nan] kT
	Energies for positions at replica 12 (current state 12): [8529967.37012873              nan] kT
	Energies for positions at replica 13 (current state 13): [-37399.40827715             nan] kT
	Energies for positions at replica 14 (current state 14): [349776.21775512             nan] kT
	Energies for positions at replica 15 (current state 15): [-44251.0455961            nan] kT
	Energies for positions at replica 16 (current state 16): [20287710.76580518               nan] kT
	Energies for positions at replica 17 (current state 17): [-53293.25019227             nan] kT
	Energies for positions at replica 18 (current state 18): [1002738.58636835              nan] kT
	Energies for positions at replica 19 (current state 19): [-54726.30616888             nan] kT
	Energies for positions at replica 20 (current state 20): [2487772.74849829              nan] kT
	Energies for positions at replica 21 (current state 21): [151126.34609115             nan] kT
	Energies for positions at replica 22 (current state 22): [23638151.33713347               nan] kT
	Energies for positions at replica 23 (current state 23): [-54291.21236553             nan] kT
	Energies for positions at replica 24 (current state 24): [5.71873775e+09            nan] kT
	Energies for positions at replica 25 (current state 25): [-54837.01039537             nan] kT
	Energies for positions at replica 26 (current state 26): [-54724.58567289             nan] kT
	Energies for positions at replica 27 (current state 27): [-54764.17861381             nan] kT
	Energies for positions at replica 28 (current state 28): [-54737.15796359             nan] kT
	Energies for positions at replica 29 (current state 29): [-54110.00426705             nan] kT
	Energies for positions at replica 30 (current state 30): [-55032.98699914             nan] kT
	Energies for positions at replica 31 (current state 31): [-54930.75259139             nan] kT
	Energies for positions at replica 32 (current state 32): [-54895.08621854             nan] kT
	Energies for positions at replica 33 (current state 33): [-54939.22015496             nan] kT
	Energies for positions at replica 34 (current state 34): [-54874.35610974             nan] kT
	Energies for positions at replica 35 (current state 35): [-54789.44634425             nan] kT
	Energies for positions at replica 36 (current state 36): [-55151.05984155             nan] kT
	Energies for positions at replica 37 (current state 37): [-55147.236086           nan] kT
	Energies for positions at replica 38 (current state 38): [-54713.18967525             nan] kT
	Energies for positions at replica 39 (current state 39): [-54842.89041662             nan] kT
	Energies for positions at replica 40 (current state 40): [-55041.54761284             nan] kT
	Energies for positions at replica 41 (current state 41): [-54749.06235919             nan] kT
	Energies for positions at replica 42 (current state 42): [-54763.12189717             nan] kT
	Energies for positions at replica 43 (current state 43): [-54885.2693941            nan] kT
	Energies for positions at replica 44 (current state 44): [-54956.38225692             nan] kT
	Energies for positions at replica 45 (current state 45): [-54878.29897404             nan] kT
	Energies for positions at replica 46 (current state 46): [-55079.90003497             nan] kT
	Energies for positions at replica 47 (current state 47): [-55064.35254445             nan] kT
	Energies for positions at replica 48 (current state 48): [-55012.69971327             nan] kT
	Energies for positions at replica 49 (current state 49): [-55001.07099473             nan] kT
	Energies for positions at replica 50 (current state 50): [-55120.06250812             nan] kT
	Energies for positions at replica 51 (current state 51): [-55061.8675323            nan] kT
	Energies for positions at replica 52 (current state 52): [-54911.89424346             nan] kT
	Energies for positions at replica 53 (current state 53): [-54894.27026581             nan] kT
	Energies for positions at replica 54 (current state 54): [-54986.43897852             nan] kT
	Energies for positions at replica 55 (current state 55): [-55060.97751756             nan] kT
	Energies for positions at replica 56 (current state 56): [-55048.98627575             nan] kT
	Energies for positions at replica 57 (current state 57): [-55159.66020469             nan] kT
	Energies for positions at replica 58 (current state 58): [-55311.44607864             nan] kT
	Energies for positions at replica 59 (current state 59): [-55265.09759788             nan] kT
	Energies for positions at replica 60 (current state 60): [-54871.1339901            nan] kT
	Energies for positions at replica 61 (current state 61): [-55182.69075703             nan] kT
	Energies for positions at replica 62 (current state 62): [-55295.60275179             nan] kT
	Energies for positions at replica 63 (current state 63): [-54971.20143828             nan] kT
	Energies for positions at replica 64 (current state 64): [-55240.70104031             nan] kT
	Energies for positions at replica 65 (current state 65): [-54816.01204522             nan] kT
	Energies for positions at replica 66 (current state 66): [-55153.92662235             nan] kT
	Energies for positions at replica 67 (current state 67): [-55083.65782061             nan] kT
	Energies for positions at replica 68 (current state 68): [-54972.142252           nan] kT
	Energies for positions at replica 69 (current state 69): [-55181.17764595             nan] kT
	Energies for positions at replica 70 (current state 70): [-55357.64639941             nan] kT
	Energies for positions at replica 71 (current state 71): [-55013.25069602             nan] kT
	Energies for positions at replica 72 (current state 72): [-55346.80149212             nan] kT
	Energies for positions at replica 73 (current state 73): [-55100.72445698             nan] kT
	Energies for positions at replica 74 (current state 74): [-55227.40944153             nan] kT
	Energies for positions at replica 75 (current state 75): [-54810.51419618             nan] kT
	Energies for positions at replica 76 (current state 76): [-55141.74627205             nan] kT
	Energies for positions at replica 77 (current state 77): [-55225.49857179             nan] kT
	Energies for positions at replica 78 (current state 78): [-55385.05976044             nan] kT
	Energies for positions at replica 79 (current state 79): [-55385.05976044             nan] kT
	Energies for positions at replica 80 (current state 80): [-55385.05976044             nan] kT



2020-04-02 16:18:02,287 - CRITICAL - yank.experiment - 

!!!!!!!!!!!!!!!!!!!!!!!!!!!!!!!!!!!
!     CRITICAL: Experiment NaN    !
!!!!!!!!!!!!!!!!!!!!!!!!!!!!!!!!!!!
The following experiment threw a NaN! It should NOT be considered!
Experiment: ../output_GAFF/ZINC000001714738/experiments/
!!!!!!!!!!!!!!!!!!!!!!!!!!!!!!!!!!!
!!!!!!!!!!!!!!!!!!!!!!!!!!!!!!!!!!!




