2020-03-24 22:43:48,564 - DEBUG - yank.experiment - DSL string for the ligand: "resname UNL"
2020-03-24 22:43:48,565 - DEBUG - yank.experiment - DSL string for the solvent: "auto"
2020-03-24 22:43:48,566 - INFO - yank.experiment - Reading phase complex
2020-03-24 22:43:48,567 - DEBUG - yank.pipeline - prmtop: ../output_GAFF/ZINC000001714738/setup/systems/rec-lig/complex.prmtop
2020-03-24 22:43:48,567 - DEBUG - yank.pipeline - inpcrd: ../output_GAFF/ZINC000001714738/setup/systems/rec-lig/complex.inpcrd
2020-03-24 22:44:04,794 - DEBUG - mpiplus.mpiplus - Node 1/1: executing <function find_alchemical_counterions at 0x7f062e6e6cb0>
2020-03-24 22:44:04,801 - DEBUG - yank.pipeline - ligand_atoms net charge: 1
2020-03-24 22:44:06,824 - DEBUG - yank.pipeline - Ions net charges: [('Na+', 1), ('Na+', 1), ('Na+', 1), ('Na+', 1), ('Na+', 1), ('Na+', 1), ('Na+', 1), ('Na+', 1), ('Na+', 1), ('Na+', 1), ('Na+', 1), ('Na+', 1), ('Na+', 1), ('Na+', 1), ('Na+', 1), ('Na+', 1), ('Na+', 1), ('Na+', 1), ('Na+', 1), ('Na+', 1), ('Na+', 1), ('Na+', 1), ('Na+', 1), ('Na+', 1), ('Na+', 1), ('Na+', 1), ('Na+', 1), ('Na+', 1), ('Na+', 1), ('Na+', 1), ('Na+', 1), ('Na+', 1), ('Na+', 1), ('Na+', 1), ('Na+', 1), ('Na+', 1), ('Na+', 1), ('Na+', 1), ('Na+', 1), ('Na+', 1), ('Na+', 1), ('Na+', 1), ('Na+', 1), ('Na+', 1), ('Na+', 1), ('Na+', 1), ('Na+', 1), ('Na+', 1), ('Na+', 1), ('Na+', 1), ('Na+', 1), ('Na+', 1), ('Na+', 1), ('Na+', 1), ('Na+', 1), ('Na+', 1), ('Na+', 1), ('Na+', 1), ('Na+', 1), ('Na+', 1), ('Na+', 1), ('Na+', 1), ('Na+', 1), ('Na+', 1), ('Na+', 1), ('Na+', 1), ('Na+', 1), ('Na+', 1), ('Na+', 1), ('Na+', 1), ('Na+', 1), ('Na+', 1), ('Na+', 1), ('Na+', 1), ('Na+', 1), ('Na+', 1), ('Na+', 1), ('Na+', 1), ('Na+', 1), ('Na+', 1), ('Na+', 1), ('Na+', 1), ('Na+', 1), ('Na+', 1), ('Na+', 1), ('Na+', 1), ('Na+', 1), ('Na+', 1), ('Na+', 1), ('Na+', 1), ('Na+', 1), ('Na+', 1), ('Na+', 1), ('Na+', 1), ('Na+', 1), ('Na+', 1), ('Na+', 1), ('Na+', 1), ('Na+', 1), ('Na+', 1), ('Na+', 1), ('Na+', 1), ('Na+', 1), ('Na+', 1), ('Na+', 1), ('Na+', 1), ('Na+', 1), ('Na+', 1), ('Na+', 1), ('Na+', 1), ('Na+', 1), ('Na+', 1), ('Na+', 1), ('Na+', 1), ('Na+', 1), ('Na+', 1), ('Na+', 1), ('Na+', 1), ('Cl-', -1), ('Cl-', -1), ('Cl-', -1), ('Cl-', -1), ('Cl-', -1), ('Cl-', -1), ('Cl-', -1), ('Cl-', -1), ('Cl-', -1), ('Cl-', -1), ('Cl-', -1), ('Cl-', -1), ('Cl-', -1), ('Cl-', -1), ('Cl-', -1), ('Cl-', -1), ('Cl-', -1), ('Cl-', -1), ('Cl-', -1), ('Cl-', -1), ('Cl-', -1), ('Cl-', -1), ('Cl-', -1), ('Cl-', -1), ('Cl-', -1), ('Cl-', -1), ('Cl-', -1), ('Cl-', -1), ('Cl-', -1), ('Cl-', -1), ('Cl-', -1), ('Cl-', -1), ('Cl-', -1), ('Cl-', -1), ('Cl-', -1), ('Cl-', -1), ('Cl-', -1), ('Cl-', -1), ('Cl-', -1), ('Cl-', -1), ('Cl-', -1), ('Cl-', -1), ('Cl-', -1), ('Cl-', -1), ('Cl-', -1), ('Cl-', -1), ('Cl-', -1), ('Cl-', -1), ('Cl-', -1), ('Cl-', -1), ('Cl-', -1), ('Cl-', -1), ('Cl-', -1), ('Cl-', -1), ('Cl-', -1), ('Cl-', -1), ('Cl-', -1), ('Cl-', -1), ('Cl-', -1), ('Cl-', -1), ('Cl-', -1), ('Cl-', -1), ('Cl-', -1), ('Cl-', -1), ('Cl-', -1), ('Cl-', -1), ('Cl-', -1), ('Cl-', -1), ('Cl-', -1), ('Cl-', -1), ('Cl-', -1), ('Cl-', -1), ('Cl-', -1), ('Cl-', -1), ('Cl-', -1), ('Cl-', -1), ('Cl-', -1), ('Cl-', -1), ('Cl-', -1), ('Cl-', -1), ('Cl-', -1), ('Cl-', -1), ('Cl-', -1), ('Cl-', -1), ('Cl-', -1), ('Cl-', -1), ('Cl-', -1), ('Cl-', -1), ('Cl-', -1), ('Cl-', -1), ('Cl-', -1), ('Cl-', -1), ('Cl-', -1), ('Cl-', -1), ('Cl-', -1), ('Cl-', -1), ('Cl-', -1), ('Cl-', -1), ('Cl-', -1), ('Cl-', -1), ('Cl-', -1), ('Cl-', -1), ('Cl-', -1), ('Cl-', -1), ('Cl-', -1), ('Cl-', -1), ('Cl-', -1), ('Cl-', -1), ('Cl-', -1), ('Cl-', -1), ('Cl-', -1), ('Cl-', -1), ('Cl-', -1), ('Cl-', -1), ('Cl-', -1)]
2020-03-24 22:44:06,825 - DEBUG - mpiplus.mpiplus - Node 1/1: waiting for broadcast of <function find_alchemical_counterions at 0x7f062e6e6cb0>
2020-03-24 22:44:06,827 - WARNING - openmmtools.multistate.multistatesampler - Warning: The openmmtools.multistate API is experimental and may change in future releases
2020-03-24 22:44:06,828 - INFO - yank.experiment - Reading phase solvent
2020-03-24 22:44:06,828 - DEBUG - yank.pipeline - prmtop: ../output_GAFF/ZINC000001714738/setup/systems/rec-lig/solvent.prmtop
2020-03-24 22:44:06,828 - DEBUG - yank.pipeline - inpcrd: ../output_GAFF/ZINC000001714738/setup/systems/rec-lig/solvent.inpcrd
2020-03-24 22:44:07,885 - DEBUG - mpiplus.mpiplus - Node 1/1: executing <function find_alchemical_counterions at 0x7f062e6e6cb0>
2020-03-24 22:44:07,887 - DEBUG - yank.pipeline - solute_atoms net charge: 1
2020-03-24 22:44:07,939 - DEBUG - yank.pipeline - Ions net charges: [('Cl-', -1), ('Na+', 1), ('Na+', 1), ('Na+', 1), ('Na+', 1), ('Na+', 1), ('Na+', 1), ('Na+', 1), ('Na+', 1), ('Na+', 1), ('Cl-', -1), ('Cl-', -1), ('Cl-', -1), ('Cl-', -1), ('Cl-', -1), ('Cl-', -1), ('Cl-', -1), ('Cl-', -1), ('Cl-', -1)]
2020-03-24 22:44:07,939 - DEBUG - mpiplus.mpiplus - Node 1/1: waiting for broadcast of <function find_alchemical_counterions at 0x7f062e6e6cb0>
2020-03-24 22:44:07,940 - WARNING - openmmtools.multistate.multistatesampler - Warning: The openmmtools.multistate API is experimental and may change in future releases
2020-03-24 22:44:07,940 - DEBUG - mpiplus.mpiplus - Node 1/1: executing <function ExperimentBuilder._save_analysis_script at 0x7f061322e7a0>
2020-03-24 22:44:07,943 - DEBUG - yank.experiment - Generating alchemical path for .complex
2020-03-24 22:44:14,784 - DEBUG - yank.yank - Creating receptor-ligand restraints...
2020-03-24 22:44:14,785 - DEBUG - yank.yank - There are undefined restraint parameters. Trying automatic parametrization.
2020-03-24 22:44:14,785 - DEBUG - yank.restraints - Restraint Harmonic: Automatically picked restrained ligand_atoms atom: ligand_atoms
2020-03-24 22:44:14,797 - DEBUG - yank.restraints - Restraint Harmonic: Automatically picked restrained receptor_atoms atom: receptor_atoms
2020-03-24 22:44:14,808 - DEBUG - yank.restraints - Spring constant sigma, s = 0.763 nm
2020-03-24 22:44:14,808 - DEBUG - yank.restraints - K = 0.0 kcal/mol/A^2
2020-03-24 22:44:23,401 - DEBUG - yank.restraints - Standard state correction: 1.437 kT
2020-03-24 22:44:23,402 - DEBUG - openmmtools.utils - Restraint Harmonic: Computing standard state correction took    0.003s
2020-03-24 22:44:23,402 - DEBUG - yank.yank - Creating alchemically-modified states...
2020-03-24 22:44:26,129 - DEBUG - openmmtools.alchemy - Dictionary of interacting alchemical regions: frozenset()
2020-03-24 22:44:26,129 - DEBUG - openmmtools.alchemy - Using 1 alchemical regions
2020-03-24 22:44:41,097 - DEBUG - openmmtools.alchemy - Adding steric interaction groups between  and the environment.
2020-03-24 22:44:41,116 - DEBUG - openmmtools.alchemy - Adding a steric interaction group between group  and .
2020-03-24 22:44:43,262 - DEBUG - openmmtools.utils - Create alchemically modified system took   17.124s
2020-03-24 22:45:09,248 - DEBUG - yank.yank - Creating expanded cutoff states...
2020-03-24 22:45:12,399 - DEBUG - yank.yank - Setting cutoff for fully interacting system to 16 A. The minimum box dimension is 11.462461500000002 nm.
2020-03-24 22:45:42,220 - DEBUG - yank.yank - Setting cutoff for fully interacting system to 16 A. The minimum box dimension is 11.462461500000002 nm.
2020-03-24 22:45:56,435 - DEBUG - yank.yank - Creating sampler object...
2020-03-24 22:45:56,438 - DEBUG - mpiplus.mpiplus - Node 1/1: executing <bound method ExperimentBuilder._generate_experiment_protocol.<locals>.DummyReporter.nothing of <yank.experiment.ExperimentBuilder._generate_experiment_protocol.<locals>.DummyReporter object at 0x7ec9ef1cbdd0>>
2020-03-24 22:45:56,440 - DEBUG - mpiplus.mpiplus - Node 1/1: waiting for broadcast of <bound method ExperimentBuilder._generate_experiment_protocol.<locals>.DummyReporter.nothing of <yank.experiment.ExperimentBuilder._generate_experiment_protocol.<locals>.DummyReporter object at 0x7ec9ef1cbdd0>>
2020-03-24 22:45:56,459 - DEBUG - mpiplus.mpiplus - Node 1/1: executing <function ReplicaExchangeSampler._display_citations at 0x7f0615207050>
2020-03-24 22:45:56,464 - DEBUG - mpiplus.mpiplus - Node 1/1: executing <function MultiStateSampler._display_citations at 0x7f06152aa440>
2020-03-24 22:45:56,466 - DEBUG - mpiplus.mpiplus - Node 1/1: executing <function MultiStateSampler._initialize_reporter at 0x7f06152aa710>
2020-03-24 22:45:56,468 - DEBUG - openmmtools.multistate.multistatesampler - Storing general ReplicaExchange options...
2020-03-24 22:45:56,482 - DEBUG - mpiplus.mpiplus - Node 1/1: executing <function MultiStateSampler._report_iteration at 0x7f06152aa830>
2020-03-24 22:45:56,483 - DEBUG - mpiplus.mpiplus - Node 1/1: executing <function MultiStateSampler._report_iteration_items at 0x7f06152aab00>
2020-03-24 22:45:56,483 - DEBUG - openmmtools.utils - Writing iteration information to storage took    0.000s
2020-03-24 22:45:56,484 - DEBUG - mpiplus.mpiplus - Node 1/1: waiting for barrier after <function MultiStateSampler._initialize_reporter at 0x7f06152aa710>
2020-03-24 22:45:57,721 - DEBUG - yank.yank - Minimizing 1 sampler states in the reference thermodynamic state
2020-03-24 22:45:57,722 - DEBUG - mpiplus.mpiplus - Node 1/1: execute _minimize_sampler_state(0)
2020-03-24 22:46:11,151 - DEBUG - yank.yank - Sampler state 1/1: initial energy -643899.068kT
2020-03-24 22:46:11,193 - DEBUG - yank.yank - Using FIRE: tolerance 1.0 kJ/(nm mol) max_iterations 1000
2020-03-24 22:46:11,772 - DEBUG - yank.yank - Sampler state 1/1: final energy -645960.844kT
2020-03-24 22:46:11,910 - DEBUG - mpiplus.mpiplus - Node 1/1: allgather results of _minimize_sampler_state
2020-03-24 22:46:11,922 - DEBUG - mpiplus.mpiplus - Node 1/1: executing <bound method ExperimentBuilder._generate_experiment_protocol.<locals>.DummyReporter.nothing of <yank.experiment.ExperimentBuilder._generate_experiment_protocol.<locals>.DummyReporter object at 0x7ec9ef1cbdd0>>
2020-03-24 22:46:11,922 - DEBUG - openmmtools.multistate.multistatesampler - Minimizing all replicas...
2020-03-24 22:46:11,922 - DEBUG - mpiplus.mpiplus - Node 1/1: execute _minimize_replica(0)
