log started: Tue Mar 24 22:07:16 2020

Log file: ./leap.log
>> #
>> # ----- leaprc for loading the ff14SB force field
>> # ----- NOTE: this is designed for PDB format 3!
>> #
>> #	load atom type hybridizations
>> #
>> addAtomTypes {
>> 	{ "H"   "H" "sp3" }
>> 	{ "HO"  "H" "sp3" }
>> 	{ "HS"  "H" "sp3" }
>> 	{ "H1"  "H" "sp3" }
>> 	{ "H2"  "H" "sp3" }
>> 	{ "H3"  "H" "sp3" }
>> 	{ "H4"  "H" "sp3" }
>> 	{ "H5"  "H" "sp3" }
>> 	{ "HW"  "H" "sp3" }
>> 	{ "HC"  "H" "sp3" }
>> 	{ "HA"  "H" "sp3" }
>> 	{ "HP"  "H" "sp3" }
>> 	{ "HZ"  "H" "sp3" }
>> 	{ "OH"  "O" "sp3" }
>> 	{ "OS"  "O" "sp3" }
>> 	{ "O"   "O" "sp2" }
>> 	{ "O2"  "O" "sp2" }
>> 	{ "OP"  "O" "sp2" }
>> 	{ "OW"  "O" "sp3" }
>> 	{ "CT"  "C" "sp3" }
>> 	{ "CX"  "C" "sp3" }
>> 	{ "C8"  "C" "sp3" }
>> 	{ "2C"  "C" "sp3" }
>> 	{ "3C"  "C" "sp3" }
>> 	{ "CH"  "C" "sp3" }
>> 	{ "CS"  "C" "sp2" }
>> 	{ "C"   "C" "sp2" }
>> 	{ "CO"   "C" "sp2" }
>> 	{ "C*"  "C" "sp2" }
>> 	{ "CA"  "C" "sp2" }
>> 	{ "CB"  "C" "sp2" }
>> 	{ "CC"  "C" "sp2" }
>> 	{ "CN"  "C" "sp2" }
>> 	{ "CM"  "C" "sp2" }
>> 	{ "CK"  "C" "sp2" }
>> 	{ "CQ"  "C" "sp2" }
>> 	{ "CD"  "C" "sp2" }
>> 	{ "C5"  "C" "sp2" }
>> 	{ "C4"  "C" "sp2" }
>> 	{ "CP"  "C" "sp2" }
>> 	{ "CI"  "C" "sp3" }
>> 	{ "CJ"  "C" "sp2" }
>> 	{ "CW"  "C" "sp2" }
>> 	{ "CV"  "C" "sp2" }
>> 	{ "CR"  "C" "sp2" }
>> 	{ "CA"  "C" "sp2" }
>> 	{ "CY"  "C" "sp2" }
>> 	{ "C0"  "Ca" "sp3" }
>> 	{ "MG"  "Mg" "sp3" }
>> 	{ "N"   "N" "sp2" }
>> 	{ "NA"  "N" "sp2" }
>> 	{ "N2"  "N" "sp2" }
>> 	{ "N*"  "N" "sp2" }
>> 	{ "NP"  "N" "sp2" }
>> 	{ "NQ"  "N" "sp2" }
>> 	{ "NB"  "N" "sp2" }
>> 	{ "NC"  "N" "sp2" }
>> 	{ "NT"  "N" "sp3" }
>> 	{ "NY"  "N" "sp2" }
>> 	{ "N3"  "N" "sp3" }
>> 	{ "S"   "S" "sp3" }
>> 	{ "SH"  "S" "sp3" }
>> 	{ "P"   "P" "sp3" }
>> 	{ "LP"  ""  "sp3" }
>> 	{ "EP"  ""  "sp3" }
>> 	{ "F"   "F" "sp3" }
>> 	{ "Cl"  "Cl" "sp3" }
>> 	{ "Br"  "Br" "sp3" }
>> 	{ "I"   "I"  "sp3" }
>> }
>> #
>> #	Load the main parameter set.
>> #
>> parm10 = loadamberparams parm10.dat
Loading parameters: /share/apps/miniconda3/envs/yank/dat/leap/parm/parm10.dat
Reading title:
PARM99 + frcmod.ff99SB + frcmod.parmbsc0 + OL3 for RNA
>> frcmod14SB = loadamberparams frcmod.ff14SB
Loading parameters: /share/apps/miniconda3/envs/yank/dat/leap/parm/frcmod.ff14SB
Reading force field modification type file (frcmod)
Reading title:
ff14SB protein backbone and sidechain parameters
>> #
>> #	Load main chain and terminating amino acid libraries
>> #
>> loadOff amino12.lib
Loading library: /share/apps/miniconda3/envs/yank/dat/leap/lib/amino12.lib
Loading: ALA
Loading: ARG
Loading: ASH
Loading: ASN
Loading: ASP
Loading: CYM
Loading: CYS
Loading: CYX
Loading: GLH
Loading: GLN
Loading: GLU
Loading: GLY
Loading: HID
Loading: HIE
Loading: HIP
Loading: HYP
Loading: ILE
Loading: LEU
Loading: LYN
Loading: LYS
Loading: MET
Loading: PHE
Loading: PRO
Loading: SER
Loading: THR
Loading: TRP
Loading: TYR
Loading: VAL
>> loadOff aminoct12.lib
Loading library: /share/apps/miniconda3/envs/yank/dat/leap/lib/aminoct12.lib
Loading: CALA
Loading: CARG
Loading: CASN
Loading: CASP
Loading: CCYS
Loading: CCYX
Loading: CGLN
Loading: CGLU
Loading: CGLY
Loading: CHID
Loading: CHIE
Loading: CHIP
Loading: CHYP
Loading: CILE
Loading: CLEU
Loading: CLYS
Loading: CMET
Loading: CPHE
Loading: CPRO
Loading: CSER
Loading: CTHR
Loading: CTRP
Loading: CTYR
Loading: CVAL
Loading: NHE
Loading: NME
>> loadOff aminont12.lib
Loading library: /share/apps/miniconda3/envs/yank/dat/leap/lib/aminont12.lib
Loading: ACE
Loading: NALA
Loading: NARG
Loading: NASN
Loading: NASP
Loading: NCYS
Loading: NCYX
Loading: NGLN
Loading: NGLU
Loading: NGLY
Loading: NHID
Loading: NHIE
Loading: NHIP
Loading: NILE
Loading: NLEU
Loading: NLYS
Loading: NMET
Loading: NPHE
Loading: NPRO
Loading: NSER
Loading: NTHR
Loading: NTRP
Loading: NTYR
Loading: NVAL
>> 
>> #
>> #	Define the PDB name map for the amino acids
>> #
>> addPdbResMap {
>>   { 0 "HYP" "HYP" } { 1 "HYP" "CHYP" }
>>   { 0 "ALA" "NALA" } { 1 "ALA" "CALA" }
>>   { 0 "ARG" "NARG" } { 1 "ARG" "CARG" }
>>   { 0 "ASN" "NASN" } { 1 "ASN" "CASN" }
>>   { 0 "ASP" "NASP" } { 1 "ASP" "CASP" }
>>   { 0 "CYS" "NCYS" } { 1 "CYS" "CCYS" }
>>   { 0 "CYX" "NCYX" } { 1 "CYX" "CCYX" }
>>   { 0 "GLN" "NGLN" } { 1 "GLN" "CGLN" }
>>   { 0 "GLU" "NGLU" } { 1 "GLU" "CGLU" }
>>   { 0 "GLY" "NGLY" } { 1 "GLY" "CGLY" }
>>   { 0 "HID" "NHID" } { 1 "HID" "CHID" }
>>   { 0 "HIE" "NHIE" } { 1 "HIE" "CHIE" }
>>   { 0 "HIP" "NHIP" } { 1 "HIP" "CHIP" }
>>   { 0 "ILE" "NILE" } { 1 "ILE" "CILE" }
>>   { 0 "LEU" "NLEU" } { 1 "LEU" "CLEU" }
>>   { 0 "LYS" "NLYS" } { 1 "LYS" "CLYS" }
>>   { 0 "MET" "NMET" } { 1 "MET" "CMET" }
>>   { 0 "PHE" "NPHE" } { 1 "PHE" "CPHE" }
>>   { 0 "PRO" "NPRO" } { 1 "PRO" "CPRO" }
>>   { 0 "SER" "NSER" } { 1 "SER" "CSER" }
>>   { 0 "THR" "NTHR" } { 1 "THR" "CTHR" }
>>   { 0 "TRP" "NTRP" } { 1 "TRP" "CTRP" }
>>   { 0 "TYR" "NTYR" } { 1 "TYR" "CTYR" }
>>   { 0 "VAL" "NVAL" } { 1 "VAL" "CVAL" }
>>   { 0 "HIS" "NHIS" } { 1 "HIS" "CHIS" }
>> }
>> 
>> #
>> # assume that most often proteins use HIE
>> #
>> NHIS = NHIE
>> HIS = HIE
>> CHIS = CHIE
> 
> source leaprc.gaff2
----- Source: /share/apps/miniconda3/envs/yank/dat/leap/cmd/leaprc.gaff2
----- Source of /share/apps/miniconda3/envs/yank/dat/leap/cmd/leaprc.gaff2 done
>> logFile leap.log
log started: Tue Mar 24 22:07:16 2020

Log file: ./leap.log
>> #
>> # ----- leaprc for loading the general Amber Force field.
>> #       This file is mostly for use with Antechamber
>> #
>> #	load atom type hybridizations
>> #
>> addAtomTypes {
>> 	{ "h1"  "H" "sp3" }
>> 	{ "h2"  "H" "sp3" }
>> 	{ "h3"  "H" "sp3" }
>> 	{ "h4"  "H" "sp3" }
>> 	{ "h5"  "H" "sp3" }
>> 	{ "ha"  "H" "sp3" }
>> 	{ "hc"  "H" "sp3" }
>> 	{ "hn"  "H" "sp3" }
>> 	{ "ho"  "H" "sp3" }
>> 	{ "hp"  "H" "sp3" }
>> 	{ "hs"  "H" "sp3" }
>> 	{ "hw"  "H" "sp3" }
>> 	{ "hx"  "H" "sp3" }
>> 	{ "o"  "O" "sp2" }
>> 	{ "o2"  "O" "sp2" }
>> 	{ "oh"  "O" "sp3" }
>> 	{ "op"  "O" "sp3" }
>> 	{ "oq"  "O" "sp3" }
>> 	{ "os"  "O" "sp3" }
>> 	{ "ow"  "O" "sp3" }
>> 	{ "c"  "C" "sp2" }
>> 	{ "c1"  "C" "sp2" }
>> 	{ "c2"  "C" "sp2" }
>> 	{ "c3"  "C" "sp3" }
>> 	{ "ca"  "C" "sp2" }
>> 	{ "cc"  "C" "sp2" }
>> 	{ "cd"  "C" "sp2" }
>> 	{ "ce"  "C" "sp2" }
>> 	{ "cf"  "C" "sp2" }
>> 	{ "cg"  "C" "sp2" }
>> 	{ "ch"  "C" "sp2" }
>> 	{ "cp"  "C" "sp2" }
>> 	{ "cs"  "C" "sp2" }
>> 	{ "cq"  "C" "sp2" }
>> 	{ "cu"  "C" "sp2" }
>> 	{ "cv"  "C" "sp2" }
>> 	{ "cx"  "C" "sp2" }
>> 	{ "cy"  "C" "sp2" }
>> 	{ "cz"  "C" "sp2" }
>> 	{ "n"   "N" "sp2" }
>> 	{ "n1"  "N" "sp2" }
>> 	{ "n2"  "N" "sp2" }
>> 	{ "n3"  "N" "sp3" }
>> 	{ "n4"  "N" "sp3" }
>> 	{ "n5"  "N" "sp3" }
>> 	{ "n6"  "N" "sp3" }
>> 	{ "n7"  "N" "sp3" }
>> 	{ "n8"  "N" "sp3" }
>> 	{ "n9"  "N" "sp3" }
>> 	{ "na"  "N" "sp2" }
>> 	{ "nb"  "N" "sp2" }
>> 	{ "nc"  "N" "sp2" }
>> 	{ "nd"  "N" "sp2" }
>> 	{ "ne"  "N" "sp2" }
>> 	{ "nf"  "N" "sp2" }
>> 	{ "nh"  "N" "sp2" }
>> 	{ "ni"  "N" "sp2" }
>> 	{ "nj"  "N" "sp2" }
>> 	{ "nk"  "N" "sp3" }
>> 	{ "nl"  "N" "sp3" }
>> 	{ "nm"  "N" "sp2" }
>> 	{ "nn"  "N" "sp2" }
>> 	{ "no"  "N" "sp2" }
>> 	{ "np"  "N" "sp3" }
>> 	{ "nq"  "N" "sp3" }
>> 	{ "ns"  "N" "sp2" }
>> 	{ "nt"  "N" "sp2" }
>> 	{ "nu"  "N" "sp2" }
>> 	{ "nv"  "N" "sp2" }
>> 	{ "nx"  "N" "sp3" }
>> 	{ "ny"  "N" "sp3" }
>> 	{ "nz"  "N" "sp3" }
>> 	{ "n+"  "N" "sp3" }
>> 	{ "s"   "S" "sp2" }
>> 	{ "s2"   "S" "sp2" }
>> 	{ "s3"   "S" "sp3" }
>> 	{ "s4"   "S" "sp3" }
>> 	{ "s6"   "S" "sp3" }
>> 	{ "sh"   "S" "sp3" }
>> 	{ "sp"   "S" "sp3" }
>> 	{ "sq"   "S" "sp3" }
>> 	{ "ss"   "S" "sp3" }
>> 	{ "sx"   "S" "sp3" }
>> 	{ "sy"   "S" "sp3" }
>> 	{ "p2"   "P" "sp2" }
>> 	{ "p3"   "P" "sp3" }
>> 	{ "p4"   "P" "sp3" }
>> 	{ "p5"   "P" "sp3" }
>> 	{ "pb"   "P" "sp3" }
>> 	{ "pc"   "P" "sp3" }
>> 	{ "pd"   "P" "sp3" }
>> 	{ "pe"   "P" "sp3" }
>> 	{ "pf"   "P" "sp3" }
>> 	{ "px"   "P" "sp3" }
>> 	{ "py"   "P" "sp3" }
>> 	{ "f"   "F" "sp3" }
>> 	{ "cl"  "Cl" "sp3" }
>> 	{ "br"  "Br" "sp3" }
>> 	{ "i"   "I"  "sp3" }
>> }
>> #
>> #	Load the general force field parameter set.
>> #
>> gaff = loadamberparams gaff2.dat
Loading parameters: /share/apps/miniconda3/envs/yank/dat/leap/parm/gaff2.dat
Reading title:
AMBER General Force Field for organic molecules (Version 2.11, May 2016)
> 
> source leaprc.water.tip3p
----- Source: /share/apps/miniconda3/envs/yank/dat/leap/cmd/leaprc.water.tip3p
----- Source of /share/apps/miniconda3/envs/yank/dat/leap/cmd/leaprc.water.tip3p done
>> #
>> #       Load water and ions for TIP3P + Li/Merz monovalent ions 
>> #       + Joung-Chetham monovalent ions
>> #       + Li/Merz highly charged ions (+2 to +4, 12-6 normal usage set)
>> #
>> #       Note: the Li/Merz monovalent set is loaded only to get Tl+,
>> #          Cu+, Ag+ NH4+, H3O+.  Since we load Joung-Cheatham second,
>> #          the alkali halide parameters come from the Joung-Cheatham set
>> #
>> addAtomTypes {
>> 	{ "HW"  "H" "sp3" }
>> 	{ "OW"  "O" "sp3" }
>> 	{ "F-"   "F" "sp3" }
>> 	{ "Cl-"  "Cl" "sp3" }
>> 	{ "Br-"  "Br" "sp3" }
>> 	{ "I-"   "I"  "sp3" }
>> 	{ "Li+"  "Li"  "sp3" }
>> 	{ "Na+"  "Na"  "sp3" }
>> 	{ "K+"  "K"  "sp3" }
>> 	{ "Rb+"  "Rb"  "sp3" }
>> 	{ "Cs+"  "Cs"  "sp3" }
>> 	{ "Mg+"  "Mg"  "sp3" }
>>     { "Tl+"  "Tl"  "sp3" }
>>     { "Cu+"  "Cu"  "sp3" }
>>     { "Ag+"  "Ag"  "sp3" }
>>     { "NH4+"  "N"  "sp3" }
>>     { "H3O+"  "O"  "sp3" }
>>     { "Be2+" "Be"  "sp3" }
>>     { "Cu2+" "Cu"  "sp3" }
>>     { "Ni2+" "Ni"  "sp3" }
>>     { "Pt2+" "Pt"  "sp3" }
>>     { "Zn2+" "Zn"  "sp3" }
>>     { "Co2+" "Co"  "sp3" }
>>     { "Pd2+" "Pd"  "sp3" }
>>     { "Ag2+" "Ag"  "sp3" }
>>     { "Cr2+" "Cr"  "sp3" }
>>     { "Fe2+" "Fe"  "sp3" }
>>     { "Mg2+" "Mg"  "sp3" }
>>     { "V2+"  "V"   "sp3" }
>>     { "Mn2+" "Mn"  "sp3" }
>>     { "Hg2+" "Hg"  "sp3" }
>>     { "Cd2+" "Cd"  "sp3" }
>>     { "Yb2+" "Yb"  "sp3" }
>>     { "Ca2+" "Ca"  "sp3" }
>>     { "Sn2+" "Sn"  "sp3" }
>>     { "Pb2+" "Pb"  "sp3" }
>>     { "Eu2+" "Eu"  "sp3" }
>>     { "Sr2+" "Sr"  "sp3" }
>>     { "Sm2+" "Sm"  "sp3" }
>>     { "Ba2+" "Ba"  "sp3" }
>>     { "Ra2+" "Ra"  "sp3" }
>>     { "Al3+" "Al"  "sp3" }
>>     { "Fe3+" "Fe"  "sp3" }
>>     { "Cr3+" "Cr"  "sp3" }
>>     { "In3+" "In"  "sp3" }
>>     { "Tl3+" "Tl"  "sp3" }
>>     { "Y3+"  "Y"   "sp3" }
>>     { "La3+" "La"  "sp3" }
>>     { "Ce3+" "Ce"  "sp3" }
>>     { "Pr3+" "Pr"  "sp3" }
>>     { "Nd3+" "Nd"  "sp3" }
>>     { "Sm3+" "Sm"  "sp3" }
>>     { "Eu3+" "Eu"  "sp3" }
>>     { "Gd3+" "Gd"  "sp3" }
>>     { "Tb3+" "Tb"  "sp3" }
>>     { "Dy3+" "Dy"  "sp3" }
>>     { "Er3+" "Er"  "sp3" }
>>     { "Tm3+" "Tm"  "sp3" }
>>     { "Lu3+" "Lu"  "sp3" }
>>     { "Hf4+" "Hf"  "sp3" }
>>     { "Zr4+" "Zr"  "sp3" }
>>     { "Ce4+" "Ce"  "sp3" }
>>     { "U4+"  "U"   "sp3" }
>>     { "Pu4+" "Pu"  "sp3" }
>>     { "Th4+" "Th"  "sp3" }
>> }
>> loadOff atomic_ions.lib
Loading library: /share/apps/miniconda3/envs/yank/dat/leap/lib/atomic_ions.lib
Loading: AG
Loading: AL
Loading: Ag
Loading: BA
Loading: BR
Loading: Be
Loading: CA
Loading: CD
Loading: CE
Loading: CL
Loading: CO
Loading: CR
Loading: CS
Loading: CU
Loading: CU1
Loading: Ce
Loading: Cl-
Loading: Cr
Loading: Dy
Loading: EU
Loading: EU3
Loading: Er
Loading: F
Loading: FE
Loading: FE2
Loading: GD3
Loading: H3O+
Loading: HE+
Loading: HG
Loading: HZ+
Loading: Hf
Loading: IN
Loading: IOD
Loading: K
Loading: K+
Loading: LA
Loading: LI
Loading: LU
Loading: MG
Loading: MN
Loading: NA
Loading: NH4
Loading: NI
Loading: Na+
Loading: Nd
Loading: PB
Loading: PD
Loading: PR
Loading: PT
Loading: Pu
Loading: RB
Loading: Ra
Loading: SM
Loading: SR
Loading: Sm
Loading: Sn
Loading: TB
Loading: TL
Loading: Th
Loading: Tl
Loading: Tm
Loading: U4+
Loading: V2+
Loading: Y
Loading: YB2
Loading: ZN
Loading: Zr
>> loadOff solvents.lib
Loading library: /share/apps/miniconda3/envs/yank/dat/leap/lib/solvents.lib
Loading: CHCL3BOX
Loading: DC4
Loading: FB3
Loading: FB3BOX
Loading: FB4
Loading: FB4BOX
Loading: MEOHBOX
Loading: NMABOX
Loading: OP3
Loading: OPC
Loading: OPC3BOX
Loading: OPCBOX
Loading: PL3
Loading: POL3BOX
Loading: QSPCFWBOX
Loading: SPC
Loading: SPCBOX
Loading: SPCFWBOX
Loading: SPF
Loading: SPG
Loading: T4E
Loading: TIP3PBOX
Loading: TIP3PFBOX
Loading: TIP4PBOX
Loading: TIP4PEWBOX
Loading: TIP5PBOX
Loading: TP3
Loading: TP4
Loading: TP5
Loading: TPF
>> HOH = TP3
>> WAT = TP3
>> loadAmberParams frcmod.tip3p
Loading parameters: /share/apps/miniconda3/envs/yank/dat/leap/parm/frcmod.tip3p
Reading force field modification type file (frcmod)
Reading title:
This is the additional/replacement parameter set for TIP3P water
>> loadAmberParams frcmod.ions1lm_126_tip3p
Loading parameters: /share/apps/miniconda3/envs/yank/dat/leap/parm/frcmod.ions1lm_126_tip3p
Reading force field modification type file (frcmod)
Reading title:
Li/Merz ion parameters of monovalent ions for TIP3P water model (12-6 normal usage set)
>> loadAmberParams frcmod.ionsjc_tip3p
Loading parameters: /share/apps/miniconda3/envs/yank/dat/leap/parm/frcmod.ionsjc_tip3p
Reading force field modification type file (frcmod)
Reading title:
Monovalent ion parameters for Ewald and TIP3P water from Joung & Cheatham JPCB (2008)
>> loadAmberParams frcmod.ions234lm_126_tip3p
Loading parameters: /share/apps/miniconda3/envs/yank/dat/leap/parm/frcmod.ions234lm_126_tip3p
Reading force field modification type file (frcmod)
Reading title:
Li/Merz ion parameters of divalent to tetravalent ions for TIP3P water model (12-6 normal usage set)
>> 
> 
> 
> # Load molecules
> receptor = loadPdb moli1.pdb
Loading PDB file: ./moli1.pdb
Matching PDB residue names to LEaP variables.
Mapped residue SER, term: Terminal/beginning, seq. number: 0 to: NSER.
Mapped residue GLN, term: Terminal/last, seq. number: 305 to: CGLN.
  total atoms in file: 4682
> ligand = loadMol2 moli2.mol2
Loading Mol2 file: ./moli2.mol2
Reading MOLECULE named UNL
> 
> # Create complex
> complex = combine { receptor ligand }
  Sequence: default_name
  Sequence: UNL
> 
> # Solvate systems
> solvateBox complex TIP3PBOX 16.0 iso
  Solute vdw bounding box:              38.189 79.566 47.625
  Total bounding box for atom centers:  111.566 111.566 111.566
      (box expansion for 'iso' is 122.7%)
  Solvent unit box:                     18.774 18.774 18.774
The number of boxes:  x= 6  y= 6  z= 6
  Volume: 1509301.542 A^3 
  Total mass 797831.620 amu,  Density 0.878 g/cc
  Added 42374 residues.
> addIonsRand complex Na+ 0
4 Na+ ions required to neutralize.
Adding 4 counter ions to "complex". 42370 solvent molecules will remain.
0: Placed Na+ in complex at (-29.34, 11.37, -2.13).
0: Placed Na+ in complex at (-40.83, -15.34, -19.74).
0: Placed Na+ in complex at (-47.85, 1.13, 26.99).
0: Placed Na+ in complex at (6.82, -49.03, -27.93).
> addIonsRand complex Cl- 0

/share/apps/miniconda3/envs/yank/bin/teLeap: Warning!
addIonsRand: 1st Ion & target unit have charges of the same sign:
     unit charge = -5.15143e-14; ion1 charge = -1;
     can't neutralize.
> addIonsRand complex Na+ 115
Adding 115 counter ions to "complex". 42255 solvent molecules will remain.
0: Placed Na+ in complex at (33.73, -47.29, -48.69).
0: Placed Na+ in complex at (8.79, -26.44, -42.62).
0: Placed Na+ in complex at (43.18, -19.03, 40.33).
0: Placed Na+ in complex at (42.45, -6.47, -33.41).
0: Placed Na+ in complex at (-45.02, 49.30, 38.82).
0: Placed Na+ in complex at (32.94, 4.15, 39.25).
0: Placed Na+ in complex at (18.73, -25.86, 8.09).
0: Placed Na+ in complex at (15.02, 16.98, -42.76).
0: Placed Na+ in complex at (2.26, -27.81, 30.79).
0: Placed Na+ in complex at (-5.35, -44.57, 11.84).
0: Placed Na+ in complex at (-21.84, 50.62, 13.51).
0: Placed Na+ in complex at (32.64, -34.85, -23.66).
0: Placed Na+ in complex at (-17.47, 36.92, -16.90).
0: Placed Na+ in complex at (-51.90, -35.31, 40.05).
0: Placed Na+ in complex at (-49.86, -9.05, 45.28).
0: Placed Na+ in complex at (-17.35, -0.89, -31.09).
0: Placed Na+ in complex at (-33.15, -26.77, -8.30).
0: Placed Na+ in complex at (-47.94, -35.34, 13.08).
0: Placed Na+ in complex at (0.94, -9.84, -36.24).
0: Placed Na+ in complex at (-24.48, -27.55, 2.46).
0: Placed Na+ in complex at (-33.54, 38.21, -12.87).
0: Placed Na+ in complex at (41.97, -35.31, -35.04).
0: Placed Na+ in complex at (-40.56, -38.50, 25.81).
0: Placed Na+ in complex at (52.81, -16.66, 9.49).
0: Placed Na+ in complex at (-21.06, -3.77, -44.53).
0: Placed Na+ in complex at (-51.47, -8.76, 33.90).
0: Placed Na+ in complex at (-30.62, 13.41, 9.90).
0: Placed Na+ in complex at (-14.64, 23.65, -47.89).
0: Placed Na+ in complex at (29.90, -16.08, -52.25).
0: Placed Na+ in complex at (15.50, 22.21, -38.51).
0: Placed Na+ in complex at (21.96, 8.11, 36.78).
0: Placed Na+ in complex at (0.48, 43.81, -37.14).
0: Placed Na+ in complex at (-44.07, 46.24, -11.06).
0: Placed Na+ in complex at (21.41, -12.53, 10.53).
0: Placed Na+ in complex at (-19.69, 5.99, -2.02).
0: Placed Na+ in complex at (27.73, 36.88, -31.50).
0: Placed Na+ in complex at (-36.16, -20.71, -45.20).
0: Placed Na+ in complex at (30.62, -10.46, -26.48).
0: Placed Na+ in complex at (43.18, -16.81, 46.17).
0: Placed Na+ in complex at (-8.07, -36.14, -26.10).
0: Placed Na+ in complex at (23.90, 6.69, -40.35).
0: Placed Na+ in complex at (13.84, 55.47, 3.79).
0: Placed Na+ in complex at (-31.18, -48.23, -24.01).
0: Placed Na+ in complex at (35.26, 15.00, -6.98).
0: Placed Na+ in complex at (-15.58, 8.11, 18.00).
0: Placed Na+ in complex at (-21.78, -19.73, -49.29).
0: Placed Na+ in complex at (-20.41, 34.00, -32.98).
0: Placed Na+ in complex at (1.22, -46.97, 7.48).
0: Placed Na+ in complex at (-52.81, -1.58, -42.02).
0: Placed Na+ in complex at (-18.62, 24.24, -43.00).
0: Placed Na+ in complex at (-46.83, -0.13, 33.85).
0: Placed Na+ in complex at (22.21, -1.30, -19.38).
0: Placed Na+ in complex at (7.54, -20.08, 38.35).
0: Placed Na+ in complex at (28.60, 31.92, 47.15).
0: Placed Na+ in complex at (29.75, 51.74, -40.75).
0: Placed Na+ in complex at (23.44, -14.89, 0.10).
0: Placed Na+ in complex at (3.68, -43.14, 38.48).
0: Placed Na+ in complex at (34.90, -19.73, -0.72).
0: Placed Na+ in complex at (-50.71, 22.43, -2.72).
0: Placed Na+ in complex at (-6.91, 17.64, 33.14).
0: Placed Na+ in complex at (-51.93, -7.99, -45.85).
0: Placed Na+ in complex at (-40.59, -17.59, -2.45).
0: Placed Na+ in complex at (28.61, -43.09, 3.05).
0: Placed Na+ in complex at (-7.73, 11.37, 53.37).
0: Placed Na+ in complex at (31.08, 41.32, 29.26).
0: Placed Na+ in complex at (48.39, -13.31, 1.95).
0: Placed Na+ in complex at (-46.83, -37.68, 33.85).
0: Placed Na+ in complex at (14.02, 16.85, -27.04).
0: Placed Na+ in complex at (-50.71, -52.67, -2.72).
0: Placed Na+ in complex at (-5.35, 49.30, -44.49).
0: Placed Na+ in complex at (-45.62, 20.18, 11.44).
0: Placed Na+ in complex at (-48.26, 50.24, 38.21).
0: Placed Na+ in complex at (52.90, -5.67, 54.75).
0: Placed Na+ in complex at (50.51, -18.28, -6.27).
0: Placed Na+ in complex at (47.59, 36.59, -34.85).
0: Placed Na+ in complex at (23.15, 33.59, -26.88).
0: Placed Na+ in complex at (47.03, -27.82, 37.96).
0: Placed Na+ in complex at (-3.46, -5.20, -31.95).
0: Placed Na+ in complex at (-45.70, 17.16, -48.33).
0: Placed Na+ in complex at (-29.88, -16.27, 29.25).
0: Placed Na+ in complex at (-36.39, -27.58, -1.67).
0: Placed Na+ in complex at (-25.68, 21.65, -49.54).
0: Placed Na+ in complex at (26.83, 50.24, -18.11).
0: Placed Na+ in complex at (-43.21, 54.61, 6.42).
0: Placed Na+ in complex at (27.58, -43.01, -31.73).
0: Placed Na+ in complex at (-9.19, -54.05, -39.78).
0: Placed Na+ in complex at (-29.67, -34.72, -55.24).
0: Placed Na+ in complex at (-25.68, -15.90, 25.55).
0: Placed Na+ in complex at (-32.57, 41.87, 42.84).
0: Placed Na+ in complex at (-35.48, 19.85, 13.02).
0: Placed Na+ in complex at (-2.91, -33.68, -14.85).
0: Placed Na+ in complex at (51.25, -20.23, -39.60).
0: Placed Na+ in complex at (20.16, 35.62, -26.43).
0: Placed Na+ in complex at (-19.69, -51.14, 7.17).
0: Placed Na+ in complex at (-21.44, -47.95, -54.48).
0: Placed Na+ in complex at (35.01, 0.89, -52.86).
0: Placed Na+ in complex at (-36.74, 30.56, 11.04).
0: Placed Na+ in complex at (22.46, 13.19, -17.84).
0: Placed Na+ in complex at (-51.22, -35.62, -42.44).
0: Placed Na+ in complex at (25.60, 26.07, -27.93).
0: Placed Na+ in complex at (33.73, 9.03, -29.92).
0: Placed Na+ in complex at (-41.45, 42.93, -28.02).
0: Placed Na+ in complex at (23.56, -15.13, -25.66).
0: Placed Na+ in complex at (7.86, 26.76, -39.31).
0: Placed Na+ in complex at (28.69, -13.95, 33.00).
0: Placed Na+ in complex at (-1.05, 29.60, -34.30).
0: Placed Na+ in complex at (-54.06, -46.58, -25.53).
0: Placed Na+ in complex at (-5.71, 28.77, -35.08).
0: Placed Na+ in complex at (-16.76, -33.80, -6.85).
0: Placed Na+ in complex at (-31.08, 9.72, 45.28).
0: Placed Na+ in complex at (5.18, -31.05, 30.29).
0: Placed Na+ in complex at (41.18, 8.14, -16.90).
0: Placed Na+ in complex at (-41.82, 8.49, -38.58).
0: Placed Na+ in complex at (41.97, -16.53, 40.05).
0: Placed Na+ in complex at (32.62, 55.47, -33.76).
> addIonsRand complex Cl- 115
Adding 115 counter ions to "complex". 42140 solvent molecules will remain.
0: Placed Cl- in complex at (4.85, 10.02, 33.90).
0: Placed Cl- in complex at (-34.62, -45.57, -34.11).
0: Placed Cl- in complex at (50.26, 50.10, 8.41).
0: Placed Cl- in complex at (-34.81, -18.17, 35.07).
0: Placed Cl- in complex at (31.49, 31.33, 27.19).
0: Placed Cl- in complex at (27.56, 48.66, -42.62).
0: Placed Cl- in complex at (16.67, 3.79, -42.14).
0: Placed Cl- in complex at (-1.00, -26.43, 37.95).
0: Placed Cl- in complex at (-13.64, 25.46, 34.75).
0: Placed Cl- in complex at (-29.16, -54.11, -43.24).
0: Placed Cl- in complex at (6.37, 26.87, 32.32).
0: Placed Cl- in complex at (-29.16, -16.56, 50.63).
0: Placed Cl- in complex at (-12.12, -2.81, 54.88).
0: Placed Cl- in complex at (-1.64, -22.32, 23.34).
0: Placed Cl- in complex at (44.52, -45.62, -34.38).
0: Placed Cl- in complex at (-32.60, 11.97, 7.78).
0: Placed Cl- in complex at (5.62, 22.43, -21.50).
0: Placed Cl- in complex at (-14.40, 14.81, 29.44).
0: Placed Cl- in complex at (49.80, 8.69, 26.49).
0: Placed Cl- in complex at (-4.94, -49.26, 2.37).
0: Placed Cl- in complex at (-10.91, 45.53, 17.01).
0: Placed Cl- in complex at (-31.18, -48.23, -5.23).
0: Placed Cl- in complex at (19.93, 47.51, 35.88).
0: Placed Cl- in complex at (52.51, 9.03, -48.69).
0: Placed Cl- in complex at (46.34, 48.66, -5.07).
0: Placed Cl- in complex at (-17.48, 16.41, -2.42).
0: Placed Cl- in complex at (11.26, -13.05, -49.35).
0: Placed Cl- in complex at (22.45, -4.52, 17.18).
0: Placed Cl- in complex at (16.96, 34.97, 46.85).
0: Placed Cl- in complex at (11.12, -34.86, -14.70).
0: Placed Cl- in complex at (38.35, 49.34, 29.82).
0: Placed Cl- in complex at (-9.82, -19.44, -31.50).
0: Placed Cl- in complex at (-33.54, -36.88, 24.68).
0: Placed Cl- in complex at (-6.50, -23.96, -38.21).
0: Placed Cl- in complex at (-13.64, -12.09, -21.58).
0: Placed Cl- in complex at (-31.23, -19.85, 24.34).
0: Placed Cl- in complex at (-25.70, -29.23, -7.70).
0: Placed Cl- in complex at (-20.49, -10.57, 33.81).
0: Placed Cl- in complex at (49.77, -35.62, 16.18).
0: Placed Cl- in complex at (41.98, -38.03, 46.53).
0: Placed Cl- in complex at (30.79, 26.32, 55.00).
0: Placed Cl- in complex at (-17.55, -9.42, -48.84).
0: Placed Cl- in complex at (1.43, -0.89, -31.09).
0: Placed Cl- in complex at (-29.66, -13.39, 53.89).
0: Placed Cl- in complex at (-39.19, 15.23, -32.98).
0: Placed Cl- in complex at (-30.81, 38.80, -19.55).
0: Placed Cl- in complex at (-22.23, -5.20, -31.95).
0: Placed Cl- in complex at (9.82, -5.63, 9.60).
0: Placed Cl- in complex at (31.84, -46.33, 21.24).
0: Placed Cl- in complex at (18.73, 49.23, -10.68).
0: Placed Cl- in complex at (27.36, -9.72, -7.55).
0: Placed Cl- in complex at (17.06, -48.12, 52.58).
0: Placed Cl- in complex at (0.05, 41.33, 3.04).
0: Placed Cl- in complex at (-53.69, 43.79, 29.31).
0: Placed Cl- in complex at (10.85, 5.95, 28.60).
0: Placed Cl- in complex at (-45.15, -41.39, 25.21).
0: Placed Cl- in complex at (41.93, -22.73, 48.21).
0: Placed Cl- in complex at (38.86, -0.63, 20.65).
0: Placed Cl- in complex at (29.75, -4.59, -3.21).
0: Placed Cl- in complex at (-48.78, 17.47, -36.75).
0: Placed Cl- in complex at (0.80, 30.56, -26.51).
0: Placed Cl- in complex at (40.71, 46.17, -13.54).
0: Placed Cl- in complex at (35.09, 37.24, 29.64).
0: Placed Cl- in complex at (-27.73, -43.18, -9.18).
0: Placed Cl- in complex at (3.17, 27.39, 24.01).
0: Placed Cl- in complex at (5.18, -12.28, -44.81).
0: Placed Cl- in complex at (-36.39, -46.36, 17.11).
0: Placed Cl- in complex at (30.99, 39.48, 16.18).
0: Placed Cl- in complex at (7.88, -34.72, 19.86).
0: Placed Cl- in complex at (31.27, 23.69, -5.66).
0: Placed Cl- in complex at (31.88, -1.72, 43.97).
0: Placed Cl- in complex at (43.41, 44.33, 37.66).
0: Placed Cl- in complex at (9.82, -24.40, -46.72).
0: Placed Cl- in complex at (17.72, 10.83, -15.53).
0: Placed Cl- in complex at (-46.74, 39.82, -21.01).
0: Placed Cl- in complex at (7.88, -53.50, -36.47).
0: Placed Cl- in complex at (28.60, -43.18, -27.95).
0: Placed Cl- in complex at (-13.28, 14.31, -12.73).
0: Placed Cl- in complex at (22.29, 35.97, 33.08).
0: Placed Cl- in complex at (13.11, 17.06, 25.20).
0: Placed Cl- in complex at (8.28, -32.56, -46.85).
0: Placed Cl- in complex at (-3.67, -6.74, -53.56).
0: Placed Cl- in complex at (32.80, -26.39, -21.81).
0: Placed Cl- in complex at (44.01, 9.72, -48.59).
0: Placed Cl- in complex at (17.86, 42.73, -49.15).
0: Placed Cl- in complex at (-11.40, -2.97, -24.77).
0: Placed Cl- in complex at (-42.46, -34.85, -42.43).
0: Placed Cl- in complex at (28.06, -41.64, 36.53).
0: Placed Cl- in complex at (-51.90, 21.01, -35.04).
0: Placed Cl- in complex at (33.41, 22.22, -30.79).
0: Placed Cl- in complex at (17.79, 36.91, -32.32).
0: Placed Cl- in complex at (-18.72, 41.33, 3.04).
0: Placed Cl- in complex at (53.28, 1.18, 35.10).
0: Placed Cl- in complex at (14.33, 44.49, -5.90).
0: Placed Cl- in complex at (49.56, 7.55, -38.87).
0: Placed Cl- in complex at (-24.48, -27.55, -35.08).
0: Placed Cl- in complex at (-2.54, -36.66, 22.24).
0: Placed Cl- in complex at (-37.57, 40.56, 19.19).
0: Placed Cl- in complex at (-12.42, 30.35, 49.61).
0: Placed Cl- in complex at (-26.51, -26.18, -40.50).
0: Placed Cl- in complex at (-22.02, -4.66, 19.88).
0: Placed Cl- in complex at (20.08, -0.63, -35.67).
0: Placed Cl- in complex at (-23.68, 2.70, -42.43).
0: Placed Cl- in complex at (-20.90, 38.80, 19.55).
0: Placed Cl- in complex at (-51.53, 3.64, -6.88).
0: Placed Cl- in complex at (16.94, 7.29, 46.25).
0: Placed Cl- in complex at (20.58, -30.90, 15.93).
0: Placed Cl- in complex at (-46.77, 37.37, 18.23).
0: Placed Cl- in complex at (-29.27, 4.99, -28.07).
0: Placed Cl- in complex at (47.10, -0.18, 37.01).
0: Placed Cl- in complex at (38.41, 31.60, 13.58).
0: Placed Cl- in complex at (-26.42, 27.61, 33.86).
0: Placed Cl- in complex at (11.49, 30.82, -32.16).
0: Placed Cl- in complex at (33.80, -20.57, 13.56).
0: Placed Cl- in complex at (43.87, -19.85, 43.12).
> 
> # Check charge
> check complex
Checking 'complex'....

/share/apps/miniconda3/envs/yank/bin/teLeap: Warning!
Close contact of 1.484382 angstroms between .R<ASP 187>.A<O 12> and .R<TYR 54>.A<HH 15>

/share/apps/miniconda3/envs/yank/bin/teLeap: Warning!
Close contact of 1.451534 angstroms between .R<TYR 182>.A<HH 15> and .R<CYS 160>.A<O 11>

/share/apps/miniconda3/envs/yank/bin/teLeap: Warning!
Close contact of 1.495967 angstroms between .R<HID 80>.A<HD1 10> and .R<ASN 63>.A<OD1 9>
Checking parameters for unit 'complex'.
Checking for bond parameters.
Checking for angle parameters.
check:  Warnings: 3
Unit is OK.
> 
> # Save prmtop and inpcrd files
> saveAmberParm complex molo4.prmtop molo3.inpcrd
Checking Unit.
Building topology.
Building atom parameters.
Building bond parameters.
Building angle parameters.
Building proper torsion parameters.
Building improper torsion parameters.
 ** Warning: No sp2 improper torsion term for  NA-CA-CN-CB
        atoms are: NE1 CZ2 CE2 CD2
 ** Warning: No sp2 improper torsion term for  C*-CN-CB-CA
        atoms are: CG CE2 CD2 CE3
 ** Warning: No sp2 improper torsion term for  NA-CA-CN-CB
        atoms are: NE1 CZ2 CE2 CD2
 ** Warning: No sp2 improper torsion term for  C*-CN-CB-CA
        atoms are: CG CE2 CD2 CE3
 ** Warning: No sp2 improper torsion term for  NA-CA-CN-CB
        atoms are: NE1 CZ2 CE2 CD2
 ** Warning: No sp2 improper torsion term for  C*-CN-CB-CA
        atoms are: CG CE2 CD2 CE3
 total 993 improper torsions applied
Building H-Bond parameters.
Incorporating Non-Bonded adjustments.
Not Marking per-residue atom chain types.
Marking per-residue atom chain types.
  (Residues lacking connect0/connect1 - 
   these don't have chain types marked:

	res	total affected

	CGLN	1
	NSER	1
	UNL	1
	WAT	42140
  )
 (no restraints)
> savePDB complex molo5.pdb
Writing pdb file: molo5.pdb
   printing CRYST1 record to PDB file with box info

/share/apps/miniconda3/envs/yank/bin/teLeap: Warning!
 Converting N-terminal residue name to PDB format: NSER -> SER

/share/apps/miniconda3/envs/yank/bin/teLeap: Warning!
 Converting C-terminal residue name to PDB format: CGLN -> GLN
> quit
	Quit

Exiting LEaP: Errors = 0; Warnings = 6; Notes = 0.
