2020-03-24 20:49:36,834 - DEBUG - mpiplus.mpiplus - Running _setup_molecules serially.
2020-03-24 22:02:39,471 - DEBUG - root - Fixing net charge from -0.000997999999997723 to 1.1102230246251565e-16
2020-03-24 22:02:39,483 - DEBUG - mpiplus.mpiplus - Running get_system serially.
2020-03-24 22:02:39,484 - INFO - yank.pipeline - Setting up the systems for receptor and ligand using solvent pme
2020-03-24 22:02:39,484 - DEBUG - yank.pipeline - Setting up solvent phase
2020-03-24 22:02:39,485 - DEBUG - yank.pipeline - Estimating number of water molecules in the box.
2020-03-24 22:02:41,760 - DEBUG - yank.pipeline - Estimated number of water molecules: 4063
2020-03-24 22:02:41,760 - DEBUG - root - Adding 11 ions in 4063 water molecules to reach ionic strength of 0.15 M
2020-03-24 22:02:43,193 - DEBUG - yank.pipeline - Setting up complex phase
2020-03-24 22:02:43,194 - DEBUG - yank.pipeline - Estimating number of water molecules in the box.
2020-03-24 22:04:38,083 - DEBUG - mpiplus.mpiplus - Running _setup_molecules serially.
2020-03-24 22:04:38,083 - DEBUG - mpiplus.mpiplus - Running get_system serially.
2020-03-24 22:04:38,084 - INFO - yank.pipeline - Setting up the systems for receptor and ligand using solvent pme
2020-03-24 22:04:38,084 - DEBUG - yank.pipeline - Setting up solvent phase
2020-03-24 22:04:38,093 - DEBUG - yank.pipeline - Estimating number of water molecules in the box.
2020-03-24 22:04:40,192 - DEBUG - yank.pipeline - Estimated number of water molecules: 4063
2020-03-24 22:04:40,193 - DEBUG - root - Adding 11 ions in 4063 water molecules to reach ionic strength of 0.15 M
2020-03-24 22:04:41,573 - DEBUG - yank.pipeline - Setting up complex phase
2020-03-24 22:04:41,584 - DEBUG - yank.pipeline - Estimating number of water molecules in the box.
2020-03-24 22:07:16,070 - DEBUG - yank.pipeline - Estimated number of water molecules: 42370
2020-03-24 22:07:16,071 - DEBUG - root - Adding 115 ions in 42370 water molecules to reach ionic strength of 0.15 M
2020-03-25 13:45:19,529 - DEBUG - mpiplus.mpiplus - Running _setup_molecules serially.
2020-03-25 13:45:19,529 - DEBUG - mpiplus.mpiplus - Running get_system serially.
2020-03-25 13:45:19,530 - DEBUG - mpiplus.mpiplus - Running _generate_experiment_protocol serially.
2020-04-02 16:15:37,371 - DEBUG - mpiplus.mpiplus - Running _setup_molecules serially.
2020-04-02 16:15:37,371 - DEBUG - mpiplus.mpiplus - Running get_system serially.
2020-04-02 16:15:37,372 - DEBUG - mpiplus.mpiplus - Running _generate_experiment_protocol serially.
2020-04-02 16:17:37,109 - DEBUG - mpiplus.mpiplus - Running _setup_molecules serially.
2020-04-02 16:17:37,109 - DEBUG - mpiplus.mpiplus - Running get_system serially.
2020-04-02 16:17:37,110 - DEBUG - mpiplus.mpiplus - Running _generate_experiment_protocol serially.
