+ source /home/dminh/.bashrc
+++ /opt/packages/anaconda/anaconda3-2019.10/bin/conda shell.bash hook
++ __conda_setup='export CONDA_EXE='\''/opt/packages/anaconda/anaconda3-2019.10/bin/conda'\''
export _CE_M='\'''\''
export _CE_CONDA='\'''\''
export CONDA_PYTHON_EXE='\''/opt/packages/anaconda/anaconda3-2019.10/bin/python'\''

# Copyright (C) 2012 Anaconda, Inc
# SPDX-License-Identifier: BSD-3-Clause

__add_sys_prefix_to_path() {
    # In dev-mode CONDA_EXE is python.exe and on Windows
    # it is in a different relative location to condabin.
    if [ -n "${_CE_CONDA}" ] && [ -n "${WINDIR+x}" ]; then
        SYSP=$(\dirname "${CONDA_EXE}")
    else
        SYSP=$(\dirname "${CONDA_EXE}")
        SYSP=$(\dirname "${SYSP}")
    fi

    if [ -n "${WINDIR+x}" ]; then
        PATH="${SYSP}/bin:${PATH}"
        PATH="${SYSP}/Scripts:${PATH}"
        PATH="${SYSP}/Library/bin:${PATH}"
        PATH="${SYSP}/Library/usr/bin:${PATH}"
        PATH="${SYSP}/Library/mingw-w64/bin:${PATH}"
        PATH="${SYSP}:${PATH}"
    else
        PATH="${SYSP}/bin:${PATH}"
    fi
    \export PATH
}

__conda_hashr() {
    if [ -n "${ZSH_VERSION:+x}" ]; then
        \rehash
    elif [ -n "${POSH_VERSION:+x}" ]; then
        :  # pass
    else
        \hash -r
    fi
}

__conda_activate() {
    if [ -n "${CONDA_PS1_BACKUP:+x}" ]; then
        # Handle transition from shell activated with conda <= 4.3 to a subsequent activation
        # after conda updated to >= 4.4. See issue #6173.
        PS1="$CONDA_PS1_BACKUP"
        \unset CONDA_PS1_BACKUP
    fi

    \local cmd="$1"
    shift
    \local ask_conda
    OLDPATH="${PATH}"
    __add_sys_prefix_to_path
    ask_conda="$(PS1="$PS1" "$CONDA_EXE" $_CE_M $_CE_CONDA shell.posix "$cmd" "$@")" || \return $?
    PATH="${OLDPATH}"
    \eval "$ask_conda"
    __conda_hashr
}

__conda_reactivate() {
    \local ask_conda
    OLDPATH="${PATH}"
    __add_sys_prefix_to_path
    ask_conda="$(PS1="$PS1" "$CONDA_EXE" $_CE_M $_CE_CONDA shell.posix reactivate)" || \return $?
    PATH="${OLDPATH}"
    \eval "$ask_conda"
    __conda_hashr
}

conda() {
    if [ "$#" -lt 1 ]; then
        "$CONDA_EXE" $_CE_M $_CE_CONDA
    else
        \local cmd="$1"
        shift
        case "$cmd" in
            activate|deactivate)
                __conda_activate "$cmd" "$@"
                ;;
            install|update|upgrade|remove|uninstall)
                OLDPATH="${PATH}"
                __add_sys_prefix_to_path
                "$CONDA_EXE" $_CE_M $_CE_CONDA "$cmd" "$@"
                \local t1=$?
                PATH="${OLDPATH}"
                if [ $t1 = 0 ]; then
                    __conda_reactivate
                else
                    return $t1
                fi
                ;;
            *)
                OLDPATH="${PATH}"
                __add_sys_prefix_to_path
                "$CONDA_EXE" $_CE_M $_CE_CONDA "$cmd" "$@"
                \local t1=$?
                PATH="${OLDPATH}"
                return $t1
                ;;
        esac
    fi
}

if [ -z "${CONDA_SHLVL+x}" ]; then
    \export CONDA_SHLVL=0
    # In dev-mode CONDA_EXE is python.exe and on Windows
    # it is in a different relative location to condabin.
    if [ -n "${_CE_CONDA+x}" ] && [ -n "${WINDIR+x}" ]; then
        PATH="$(\dirname "$CONDA_EXE")/condabin${PATH:+":${PATH}"}"
    else
        PATH="$(\dirname "$(\dirname "$CONDA_EXE")")/condabin${PATH:+":${PATH}"}"
    fi
    \export PATH

    # We'\''re not allowing PS1 to be unbound. It must at least be set.
    # However, we'\''re not exporting it, which can cause problems when starting a second shell
    # via a first shell (i.e. starting zsh from bash).
    if [ -z "${PS1+x}" ]; then
        PS1=
    fi
fi


conda activate base'
++ '[' 0 -eq 0 ']'
++ eval 'export CONDA_EXE='\''/opt/packages/anaconda/anaconda3-2019.10/bin/conda'\''
export _CE_M='\'''\''
export _CE_CONDA='\'''\''
export CONDA_PYTHON_EXE='\''/opt/packages/anaconda/anaconda3-2019.10/bin/python'\''

# Copyright (C) 2012 Anaconda, Inc
# SPDX-License-Identifier: BSD-3-Clause

__add_sys_prefix_to_path() {
    # In dev-mode CONDA_EXE is python.exe and on Windows
    # it is in a different relative location to condabin.
    if [ -n "${_CE_CONDA}" ] && [ -n "${WINDIR+x}" ]; then
        SYSP=$(\dirname "${CONDA_EXE}")
    else
        SYSP=$(\dirname "${CONDA_EXE}")
        SYSP=$(\dirname "${SYSP}")
    fi

    if [ -n "${WINDIR+x}" ]; then
        PATH="${SYSP}/bin:${PATH}"
        PATH="${SYSP}/Scripts:${PATH}"
        PATH="${SYSP}/Library/bin:${PATH}"
        PATH="${SYSP}/Library/usr/bin:${PATH}"
        PATH="${SYSP}/Library/mingw-w64/bin:${PATH}"
        PATH="${SYSP}:${PATH}"
    else
        PATH="${SYSP}/bin:${PATH}"
    fi
    \export PATH
}

__conda_hashr() {
    if [ -n "${ZSH_VERSION:+x}" ]; then
        \rehash
    elif [ -n "${POSH_VERSION:+x}" ]; then
        :  # pass
    else
        \hash -r
    fi
}

__conda_activate() {
    if [ -n "${CONDA_PS1_BACKUP:+x}" ]; then
        # Handle transition from shell activated with conda <= 4.3 to a subsequent activation
        # after conda updated to >= 4.4. See issue #6173.
        PS1="$CONDA_PS1_BACKUP"
        \unset CONDA_PS1_BACKUP
    fi

    \local cmd="$1"
    shift
    \local ask_conda
    OLDPATH="${PATH}"
    __add_sys_prefix_to_path
    ask_conda="$(PS1="$PS1" "$CONDA_EXE" $_CE_M $_CE_CONDA shell.posix "$cmd" "$@")" || \return $?
    PATH="${OLDPATH}"
    \eval "$ask_conda"
    __conda_hashr
}

__conda_reactivate() {
    \local ask_conda
    OLDPATH="${PATH}"
    __add_sys_prefix_to_path
    ask_conda="$(PS1="$PS1" "$CONDA_EXE" $_CE_M $_CE_CONDA shell.posix reactivate)" || \return $?
    PATH="${OLDPATH}"
    \eval "$ask_conda"
    __conda_hashr
}

conda() {
    if [ "$#" -lt 1 ]; then
        "$CONDA_EXE" $_CE_M $_CE_CONDA
    else
        \local cmd="$1"
        shift
        case "$cmd" in
            activate|deactivate)
                __conda_activate "$cmd" "$@"
                ;;
            install|update|upgrade|remove|uninstall)
                OLDPATH="${PATH}"
                __add_sys_prefix_to_path
                "$CONDA_EXE" $_CE_M $_CE_CONDA "$cmd" "$@"
                \local t1=$?
                PATH="${OLDPATH}"
                if [ $t1 = 0 ]; then
                    __conda_reactivate
                else
                    return $t1
                fi
                ;;
            *)
                OLDPATH="${PATH}"
                __add_sys_prefix_to_path
                "$CONDA_EXE" $_CE_M $_CE_CONDA "$cmd" "$@"
                \local t1=$?
                PATH="${OLDPATH}"
                return $t1
                ;;
        esac
    fi
}

if [ -z "${CONDA_SHLVL+x}" ]; then
    \export CONDA_SHLVL=0
    # In dev-mode CONDA_EXE is python.exe and on Windows
    # it is in a different relative location to condabin.
    if [ -n "${_CE_CONDA+x}" ] && [ -n "${WINDIR+x}" ]; then
        PATH="$(\dirname "$CONDA_EXE")/condabin${PATH:+":${PATH}"}"
    else
        PATH="$(\dirname "$(\dirname "$CONDA_EXE")")/condabin${PATH:+":${PATH}"}"
    fi
    \export PATH

    # We'\''re not allowing PS1 to be unbound. It must at least be set.
    # However, we'\''re not exporting it, which can cause problems when starting a second shell
    # via a first shell (i.e. starting zsh from bash).
    if [ -z "${PS1+x}" ]; then
        PS1=
    fi
fi


conda activate base'
+++ export CONDA_EXE=/opt/packages/anaconda/anaconda3-2019.10/bin/conda
+++ CONDA_EXE=/opt/packages/anaconda/anaconda3-2019.10/bin/conda
+++ export _CE_M=
+++ _CE_M=
+++ export _CE_CONDA=
+++ _CE_CONDA=
+++ export CONDA_PYTHON_EXE=/opt/packages/anaconda/anaconda3-2019.10/bin/python
+++ CONDA_PYTHON_EXE=/opt/packages/anaconda/anaconda3-2019.10/bin/python
+++ '[' -z '' ']'
+++ export CONDA_SHLVL=0
+++ CONDA_SHLVL=0
+++ '[' -n x ']'
+++ '[' -n '' ']'
+++++ dirname /opt/packages/anaconda/anaconda3-2019.10/bin/conda
++++ dirname /opt/packages/anaconda/anaconda3-2019.10/bin
+++ PATH=/opt/packages/anaconda/anaconda3-2019.10/condabin:/usr/lib64/qt-3.3/bin:/opt/packages/xdusage/2.1-1/bin:/opt/intel/advisor_2019.5.0.602216/bin64:/opt/intel/vtune_amplifier_2019.6.0.602217/bin64:/opt/intel/inspector_2019.5.0.602103/bin64:/opt/intel/itac/2019.5.041/intel64/bin:/opt/intel/clck/2019.5/bin/intel64:/opt/intel/compilers_and_libraries_2019.5.281/linux/bin/intel64:/opt/intel/compilers_and_libraries_2019.5.281/linux/mpi/intel64/libfabric/bin:/opt/intel/compilers_and_libraries_2019.5.281/linux/mpi/intel64/bin:/opt/intel/debugger_2019/gdb/intel64/bin:/opt/packages/slurm/default/bin:/opt/packages/allocations:/opt/packages/interact/bin:/usr/lib64/ccache:/usr/local/bin:/usr/bin:/usr/local/sbin:/usr/sbin:/opt/puppetlabs/puppet/bin:/opt/intel/parallel_studio_xe_2019.5.075/bin:/bin:/sbin:/opt/puppetlabs/bin
+++ export PATH
+++ '[' -z '' ']'
+++ PS1=
+++ conda activate base
+++ '[' 2 -lt 1 ']'
+++ local cmd=activate
+++ shift
+++ case "$cmd" in
+++ __conda_activate activate base
+++ '[' -n '' ']'
+++ local cmd=activate
+++ shift
+++ local ask_conda
+++ OLDPATH=/opt/packages/anaconda/anaconda3-2019.10/condabin:/usr/lib64/qt-3.3/bin:/opt/packages/xdusage/2.1-1/bin:/opt/intel/advisor_2019.5.0.602216/bin64:/opt/intel/vtune_amplifier_2019.6.0.602217/bin64:/opt/intel/inspector_2019.5.0.602103/bin64:/opt/intel/itac/2019.5.041/intel64/bin:/opt/intel/clck/2019.5/bin/intel64:/opt/intel/compilers_and_libraries_2019.5.281/linux/bin/intel64:/opt/intel/compilers_and_libraries_2019.5.281/linux/mpi/intel64/libfabric/bin:/opt/intel/compilers_and_libraries_2019.5.281/linux/mpi/intel64/bin:/opt/intel/debugger_2019/gdb/intel64/bin:/opt/packages/slurm/default/bin:/opt/packages/allocations:/opt/packages/interact/bin:/usr/lib64/ccache:/usr/local/bin:/usr/bin:/usr/local/sbin:/usr/sbin:/opt/puppetlabs/puppet/bin:/opt/intel/parallel_studio_xe_2019.5.075/bin:/bin:/sbin:/opt/puppetlabs/bin
+++ __add_sys_prefix_to_path
+++ '[' -n '' ']'
++++ dirname /opt/packages/anaconda/anaconda3-2019.10/bin/conda
+++ SYSP=/opt/packages/anaconda/anaconda3-2019.10/bin
++++ dirname /opt/packages/anaconda/anaconda3-2019.10/bin
+++ SYSP=/opt/packages/anaconda/anaconda3-2019.10
+++ '[' -n '' ']'
+++ PATH=/opt/packages/anaconda/anaconda3-2019.10/bin:/opt/packages/anaconda/anaconda3-2019.10/condabin:/usr/lib64/qt-3.3/bin:/opt/packages/xdusage/2.1-1/bin:/opt/intel/advisor_2019.5.0.602216/bin64:/opt/intel/vtune_amplifier_2019.6.0.602217/bin64:/opt/intel/inspector_2019.5.0.602103/bin64:/opt/intel/itac/2019.5.041/intel64/bin:/opt/intel/clck/2019.5/bin/intel64:/opt/intel/compilers_and_libraries_2019.5.281/linux/bin/intel64:/opt/intel/compilers_and_libraries_2019.5.281/linux/mpi/intel64/libfabric/bin:/opt/intel/compilers_and_libraries_2019.5.281/linux/mpi/intel64/bin:/opt/intel/debugger_2019/gdb/intel64/bin:/opt/packages/slurm/default/bin:/opt/packages/allocations:/opt/packages/interact/bin:/usr/lib64/ccache:/usr/local/bin:/usr/bin:/usr/local/sbin:/usr/sbin:/opt/puppetlabs/puppet/bin:/opt/intel/parallel_studio_xe_2019.5.075/bin:/bin:/sbin:/opt/puppetlabs/bin
+++ export PATH
++++ PS1=
++++ /opt/packages/anaconda/anaconda3-2019.10/bin/conda shell.posix activate base
+++ ask_conda='PS1='\''(base) '\''
export PATH='\''/opt/packages/anaconda/anaconda3-2019.10/bin:/opt/packages/anaconda/anaconda3-2019.10/condabin:/usr/lib64/qt-3.3/bin:/opt/packages/xdusage/2.1-1/bin:/opt/intel/advisor_2019.5.0.602216/bin64:/opt/intel/vtune_amplifier_2019.6.0.602217/bin64:/opt/intel/inspector_2019.5.0.602103/bin64:/opt/intel/itac/2019.5.041/intel64/bin:/opt/intel/clck/2019.5/bin/intel64:/opt/intel/compilers_and_libraries_2019.5.281/linux/bin/intel64:/opt/intel/compilers_and_libraries_2019.5.281/linux/mpi/intel64/libfabric/bin:/opt/intel/compilers_and_libraries_2019.5.281/linux/mpi/intel64/bin:/opt/intel/debugger_2019/gdb/intel64/bin:/opt/packages/slurm/default/bin:/opt/packages/allocations:/opt/packages/interact/bin:/usr/lib64/ccache:/usr/local/bin:/usr/bin:/usr/local/sbin:/usr/sbin:/opt/puppetlabs/puppet/bin:/opt/intel/parallel_studio_xe_2019.5.075/bin:/bin:/sbin:/opt/puppetlabs/bin'\''
export CONDA_PREFIX='\''/opt/packages/anaconda/anaconda3-2019.10'\''
export CONDA_SHLVL='\''1'\''
export CONDA_DEFAULT_ENV='\''base'\''
export CONDA_PROMPT_MODIFIER='\''(base) '\''
export CONDA_EXE='\''/opt/packages/anaconda/anaconda3-2019.10/bin/conda'\''
export _CE_M='\'''\''
export _CE_CONDA='\'''\''
export CONDA_PYTHON_EXE='\''/opt/packages/anaconda/anaconda3-2019.10/bin/python'\'''
+++ PATH=/opt/packages/anaconda/anaconda3-2019.10/condabin:/usr/lib64/qt-3.3/bin:/opt/packages/xdusage/2.1-1/bin:/opt/intel/advisor_2019.5.0.602216/bin64:/opt/intel/vtune_amplifier_2019.6.0.602217/bin64:/opt/intel/inspector_2019.5.0.602103/bin64:/opt/intel/itac/2019.5.041/intel64/bin:/opt/intel/clck/2019.5/bin/intel64:/opt/intel/compilers_and_libraries_2019.5.281/linux/bin/intel64:/opt/intel/compilers_and_libraries_2019.5.281/linux/mpi/intel64/libfabric/bin:/opt/intel/compilers_and_libraries_2019.5.281/linux/mpi/intel64/bin:/opt/intel/debugger_2019/gdb/intel64/bin:/opt/packages/slurm/default/bin:/opt/packages/allocations:/opt/packages/interact/bin:/usr/lib64/ccache:/usr/local/bin:/usr/bin:/usr/local/sbin:/usr/sbin:/opt/puppetlabs/puppet/bin:/opt/intel/parallel_studio_xe_2019.5.075/bin:/bin:/sbin:/opt/puppetlabs/bin
+++ eval 'PS1='\''(base) '\''
export PATH='\''/opt/packages/anaconda/anaconda3-2019.10/bin:/opt/packages/anaconda/anaconda3-2019.10/condabin:/usr/lib64/qt-3.3/bin:/opt/packages/xdusage/2.1-1/bin:/opt/intel/advisor_2019.5.0.602216/bin64:/opt/intel/vtune_amplifier_2019.6.0.602217/bin64:/opt/intel/inspector_2019.5.0.602103/bin64:/opt/intel/itac/2019.5.041/intel64/bin:/opt/intel/clck/2019.5/bin/intel64:/opt/intel/compilers_and_libraries_2019.5.281/linux/bin/intel64:/opt/intel/compilers_and_libraries_2019.5.281/linux/mpi/intel64/libfabric/bin:/opt/intel/compilers_and_libraries_2019.5.281/linux/mpi/intel64/bin:/opt/intel/debugger_2019/gdb/intel64/bin:/opt/packages/slurm/default/bin:/opt/packages/allocations:/opt/packages/interact/bin:/usr/lib64/ccache:/usr/local/bin:/usr/bin:/usr/local/sbin:/usr/sbin:/opt/puppetlabs/puppet/bin:/opt/intel/parallel_studio_xe_2019.5.075/bin:/bin:/sbin:/opt/puppetlabs/bin'\''
export CONDA_PREFIX='\''/opt/packages/anaconda/anaconda3-2019.10'\''
export CONDA_SHLVL='\''1'\''
export CONDA_DEFAULT_ENV='\''base'\''
export CONDA_PROMPT_MODIFIER='\''(base) '\''
export CONDA_EXE='\''/opt/packages/anaconda/anaconda3-2019.10/bin/conda'\''
export _CE_M='\'''\''
export _CE_CONDA='\'''\''
export CONDA_PYTHON_EXE='\''/opt/packages/anaconda/anaconda3-2019.10/bin/python'\'''
++++ PS1='(base) '
++++ export PATH=/opt/packages/anaconda/anaconda3-2019.10/bin:/opt/packages/anaconda/anaconda3-2019.10/condabin:/usr/lib64/qt-3.3/bin:/opt/packages/xdusage/2.1-1/bin:/opt/intel/advisor_2019.5.0.602216/bin64:/opt/intel/vtune_amplifier_2019.6.0.602217/bin64:/opt/intel/inspector_2019.5.0.602103/bin64:/opt/intel/itac/2019.5.041/intel64/bin:/opt/intel/clck/2019.5/bin/intel64:/opt/intel/compilers_and_libraries_2019.5.281/linux/bin/intel64:/opt/intel/compilers_and_libraries_2019.5.281/linux/mpi/intel64/libfabric/bin:/opt/intel/compilers_and_libraries_2019.5.281/linux/mpi/intel64/bin:/opt/intel/debugger_2019/gdb/intel64/bin:/opt/packages/slurm/default/bin:/opt/packages/allocations:/opt/packages/interact/bin:/usr/lib64/ccache:/usr/local/bin:/usr/bin:/usr/local/sbin:/usr/sbin:/opt/puppetlabs/puppet/bin:/opt/intel/parallel_studio_xe_2019.5.075/bin:/bin:/sbin:/opt/puppetlabs/bin
++++ PATH=/opt/packages/anaconda/anaconda3-2019.10/bin:/opt/packages/anaconda/anaconda3-2019.10/condabin:/usr/lib64/qt-3.3/bin:/opt/packages/xdusage/2.1-1/bin:/opt/intel/advisor_2019.5.0.602216/bin64:/opt/intel/vtune_amplifier_2019.6.0.602217/bin64:/opt/intel/inspector_2019.5.0.602103/bin64:/opt/intel/itac/2019.5.041/intel64/bin:/opt/intel/clck/2019.5/bin/intel64:/opt/intel/compilers_and_libraries_2019.5.281/linux/bin/intel64:/opt/intel/compilers_and_libraries_2019.5.281/linux/mpi/intel64/libfabric/bin:/opt/intel/compilers_and_libraries_2019.5.281/linux/mpi/intel64/bin:/opt/intel/debugger_2019/gdb/intel64/bin:/opt/packages/slurm/default/bin:/opt/packages/allocations:/opt/packages/interact/bin:/usr/lib64/ccache:/usr/local/bin:/usr/bin:/usr/local/sbin:/usr/sbin:/opt/puppetlabs/puppet/bin:/opt/intel/parallel_studio_xe_2019.5.075/bin:/bin:/sbin:/opt/puppetlabs/bin
++++ export CONDA_PREFIX=/opt/packages/anaconda/anaconda3-2019.10
++++ CONDA_PREFIX=/opt/packages/anaconda/anaconda3-2019.10
++++ export CONDA_SHLVL=1
++++ CONDA_SHLVL=1
++++ export CONDA_DEFAULT_ENV=base
++++ CONDA_DEFAULT_ENV=base
++++ export 'CONDA_PROMPT_MODIFIER=(base) '
++++ CONDA_PROMPT_MODIFIER='(base) '
++++ export CONDA_EXE=/opt/packages/anaconda/anaconda3-2019.10/bin/conda
++++ CONDA_EXE=/opt/packages/anaconda/anaconda3-2019.10/bin/conda
++++ export _CE_M=
++++ _CE_M=
++++ export _CE_CONDA=
++++ _CE_CONDA=
++++ export CONDA_PYTHON_EXE=/opt/packages/anaconda/anaconda3-2019.10/bin/python
++++ CONDA_PYTHON_EXE=/opt/packages/anaconda/anaconda3-2019.10/bin/python
+++ __conda_hashr
+++ '[' -n '' ']'
+++ '[' -n '' ']'
+++ hash -r
++ unset __conda_setup
+ module load anaconda3
++ /usr/bin/modulecmd bash load anaconda3
+ eval LOADEDMODULES=psc_path/1.1:slurm/default:intel/19.5:xdusage/2.1-1:anaconda3/2019.10 ';export' 'LOADEDMODULES;_CE_CONDA=' ';export' '_CE_CONDA;_CE_M=' ';export' '_CE_M;_LMFILES_=/opt/modulefiles/psc_path/1.1:/opt/modulefiles/slurm/default:/opt/modulefiles/intel/19.5:/opt/modulefiles/xdusage/2.1-1:/opt/modulefiles/anaconda3/2019.10' ';export' '_LMFILES_;'
++ LOADEDMODULES=psc_path/1.1:slurm/default:intel/19.5:xdusage/2.1-1:anaconda3/2019.10
++ export LOADEDMODULES
++ _CE_CONDA=
++ export _CE_CONDA
++ _CE_M=
++ export _CE_M
++ _LMFILES_=/opt/modulefiles/psc_path/1.1:/opt/modulefiles/slurm/default:/opt/modulefiles/intel/19.5:/opt/modulefiles/xdusage/2.1-1:/opt/modulefiles/anaconda3/2019.10
++ export _LMFILES_
+ conda activate openmm
+ '[' 2 -lt 1 ']'
+ local cmd=activate
+ shift
+ case "$cmd" in
+ __conda_activate activate openmm
+ '[' -n '' ']'
+ local cmd=activate
+ shift
+ local ask_conda
+ OLDPATH=/opt/packages/anaconda/anaconda3-2019.10/bin:/opt/packages/anaconda/anaconda3-2019.10/condabin:/usr/lib64/qt-3.3/bin:/opt/packages/xdusage/2.1-1/bin:/opt/intel/advisor_2019.5.0.602216/bin64:/opt/intel/vtune_amplifier_2019.6.0.602217/bin64:/opt/intel/inspector_2019.5.0.602103/bin64:/opt/intel/itac/2019.5.041/intel64/bin:/opt/intel/clck/2019.5/bin/intel64:/opt/intel/compilers_and_libraries_2019.5.281/linux/bin/intel64:/opt/intel/compilers_and_libraries_2019.5.281/linux/mpi/intel64/libfabric/bin:/opt/intel/compilers_and_libraries_2019.5.281/linux/mpi/intel64/bin:/opt/intel/debugger_2019/gdb/intel64/bin:/opt/packages/slurm/default/bin:/opt/packages/allocations:/opt/packages/interact/bin:/usr/lib64/ccache:/usr/local/bin:/usr/bin:/usr/local/sbin:/usr/sbin:/opt/puppetlabs/puppet/bin:/opt/intel/parallel_studio_xe_2019.5.075/bin:/bin:/sbin:/opt/puppetlabs/bin
+ __add_sys_prefix_to_path
+ '[' -n '' ']'
++ dirname /opt/packages/anaconda/anaconda3-2019.10/bin/conda
+ SYSP=/opt/packages/anaconda/anaconda3-2019.10/bin
++ dirname /opt/packages/anaconda/anaconda3-2019.10/bin
+ SYSP=/opt/packages/anaconda/anaconda3-2019.10
+ '[' -n '' ']'
+ PATH=/opt/packages/anaconda/anaconda3-2019.10/bin:/opt/packages/anaconda/anaconda3-2019.10/bin:/opt/packages/anaconda/anaconda3-2019.10/condabin:/usr/lib64/qt-3.3/bin:/opt/packages/xdusage/2.1-1/bin:/opt/intel/advisor_2019.5.0.602216/bin64:/opt/intel/vtune_amplifier_2019.6.0.602217/bin64:/opt/intel/inspector_2019.5.0.602103/bin64:/opt/intel/itac/2019.5.041/intel64/bin:/opt/intel/clck/2019.5/bin/intel64:/opt/intel/compilers_and_libraries_2019.5.281/linux/bin/intel64:/opt/intel/compilers_and_libraries_2019.5.281/linux/mpi/intel64/libfabric/bin:/opt/intel/compilers_and_libraries_2019.5.281/linux/mpi/intel64/bin:/opt/intel/debugger_2019/gdb/intel64/bin:/opt/packages/slurm/default/bin:/opt/packages/allocations:/opt/packages/interact/bin:/usr/lib64/ccache:/usr/local/bin:/usr/bin:/usr/local/sbin:/usr/sbin:/opt/puppetlabs/puppet/bin:/opt/intel/parallel_studio_xe_2019.5.075/bin:/bin:/sbin:/opt/puppetlabs/bin
+ export PATH
++ PS1='(base) '
++ /opt/packages/anaconda/anaconda3-2019.10/bin/conda shell.posix activate openmm
+ ask_conda='PS1='\''(openmm) '\''
export PATH='\''/home/dminh/.conda/envs/openmm/bin:/opt/packages/anaconda/anaconda3-2019.10/condabin:/usr/lib64/qt-3.3/bin:/opt/packages/xdusage/2.1-1/bin:/opt/intel/advisor_2019.5.0.602216/bin64:/opt/intel/vtune_amplifier_2019.6.0.602217/bin64:/opt/intel/inspector_2019.5.0.602103/bin64:/opt/intel/itac/2019.5.041/intel64/bin:/opt/intel/clck/2019.5/bin/intel64:/opt/intel/compilers_and_libraries_2019.5.281/linux/bin/intel64:/opt/intel/compilers_and_libraries_2019.5.281/linux/mpi/intel64/libfabric/bin:/opt/intel/compilers_and_libraries_2019.5.281/linux/mpi/intel64/bin:/opt/intel/debugger_2019/gdb/intel64/bin:/opt/packages/slurm/default/bin:/opt/packages/allocations:/opt/packages/interact/bin:/usr/lib64/ccache:/usr/local/bin:/usr/bin:/usr/local/sbin:/usr/sbin:/opt/puppetlabs/puppet/bin:/opt/intel/parallel_studio_xe_2019.5.075/bin:/bin:/sbin:/opt/puppetlabs/bin'\''
export CONDA_PREFIX='\''/home/dminh/.conda/envs/openmm'\''
export CONDA_SHLVL='\''2'\''
export CONDA_DEFAULT_ENV='\''openmm'\''
export CONDA_PROMPT_MODIFIER='\''(openmm) '\''
export CONDA_EXE='\''/opt/packages/anaconda/anaconda3-2019.10/bin/conda'\''
export _CE_M='\'''\''
export _CE_CONDA='\'''\''
export CONDA_PYTHON_EXE='\''/opt/packages/anaconda/anaconda3-2019.10/bin/python'\''
export CONDA_PREFIX_1='\''/opt/packages/anaconda/anaconda3-2019.10'\'''
+ PATH=/opt/packages/anaconda/anaconda3-2019.10/bin:/opt/packages/anaconda/anaconda3-2019.10/condabin:/usr/lib64/qt-3.3/bin:/opt/packages/xdusage/2.1-1/bin:/opt/intel/advisor_2019.5.0.602216/bin64:/opt/intel/vtune_amplifier_2019.6.0.602217/bin64:/opt/intel/inspector_2019.5.0.602103/bin64:/opt/intel/itac/2019.5.041/intel64/bin:/opt/intel/clck/2019.5/bin/intel64:/opt/intel/compilers_and_libraries_2019.5.281/linux/bin/intel64:/opt/intel/compilers_and_libraries_2019.5.281/linux/mpi/intel64/libfabric/bin:/opt/intel/compilers_and_libraries_2019.5.281/linux/mpi/intel64/bin:/opt/intel/debugger_2019/gdb/intel64/bin:/opt/packages/slurm/default/bin:/opt/packages/allocations:/opt/packages/interact/bin:/usr/lib64/ccache:/usr/local/bin:/usr/bin:/usr/local/sbin:/usr/sbin:/opt/puppetlabs/puppet/bin:/opt/intel/parallel_studio_xe_2019.5.075/bin:/bin:/sbin:/opt/puppetlabs/bin
+ eval 'PS1='\''(openmm) '\''
export PATH='\''/home/dminh/.conda/envs/openmm/bin:/opt/packages/anaconda/anaconda3-2019.10/condabin:/usr/lib64/qt-3.3/bin:/opt/packages/xdusage/2.1-1/bin:/opt/intel/advisor_2019.5.0.602216/bin64:/opt/intel/vtune_amplifier_2019.6.0.602217/bin64:/opt/intel/inspector_2019.5.0.602103/bin64:/opt/intel/itac/2019.5.041/intel64/bin:/opt/intel/clck/2019.5/bin/intel64:/opt/intel/compilers_and_libraries_2019.5.281/linux/bin/intel64:/opt/intel/compilers_and_libraries_2019.5.281/linux/mpi/intel64/libfabric/bin:/opt/intel/compilers_and_libraries_2019.5.281/linux/mpi/intel64/bin:/opt/intel/debugger_2019/gdb/intel64/bin:/opt/packages/slurm/default/bin:/opt/packages/allocations:/opt/packages/interact/bin:/usr/lib64/ccache:/usr/local/bin:/usr/bin:/usr/local/sbin:/usr/sbin:/opt/puppetlabs/puppet/bin:/opt/intel/parallel_studio_xe_2019.5.075/bin:/bin:/sbin:/opt/puppetlabs/bin'\''
export CONDA_PREFIX='\''/home/dminh/.conda/envs/openmm'\''
export CONDA_SHLVL='\''2'\''
export CONDA_DEFAULT_ENV='\''openmm'\''
export CONDA_PROMPT_MODIFIER='\''(openmm) '\''
export CONDA_EXE='\''/opt/packages/anaconda/anaconda3-2019.10/bin/conda'\''
export _CE_M='\'''\''
export _CE_CONDA='\'''\''
export CONDA_PYTHON_EXE='\''/opt/packages/anaconda/anaconda3-2019.10/bin/python'\''
export CONDA_PREFIX_1='\''/opt/packages/anaconda/anaconda3-2019.10'\'''
++ PS1='(openmm) '
++ export PATH=/home/dminh/.conda/envs/openmm/bin:/opt/packages/anaconda/anaconda3-2019.10/condabin:/usr/lib64/qt-3.3/bin:/opt/packages/xdusage/2.1-1/bin:/opt/intel/advisor_2019.5.0.602216/bin64:/opt/intel/vtune_amplifier_2019.6.0.602217/bin64:/opt/intel/inspector_2019.5.0.602103/bin64:/opt/intel/itac/2019.5.041/intel64/bin:/opt/intel/clck/2019.5/bin/intel64:/opt/intel/compilers_and_libraries_2019.5.281/linux/bin/intel64:/opt/intel/compilers_and_libraries_2019.5.281/linux/mpi/intel64/libfabric/bin:/opt/intel/compilers_and_libraries_2019.5.281/linux/mpi/intel64/bin:/opt/intel/debugger_2019/gdb/intel64/bin:/opt/packages/slurm/default/bin:/opt/packages/allocations:/opt/packages/interact/bin:/usr/lib64/ccache:/usr/local/bin:/usr/bin:/usr/local/sbin:/usr/sbin:/opt/puppetlabs/puppet/bin:/opt/intel/parallel_studio_xe_2019.5.075/bin:/bin:/sbin:/opt/puppetlabs/bin
++ PATH=/home/dminh/.conda/envs/openmm/bin:/opt/packages/anaconda/anaconda3-2019.10/condabin:/usr/lib64/qt-3.3/bin:/opt/packages/xdusage/2.1-1/bin:/opt/intel/advisor_2019.5.0.602216/bin64:/opt/intel/vtune_amplifier_2019.6.0.602217/bin64:/opt/intel/inspector_2019.5.0.602103/bin64:/opt/intel/itac/2019.5.041/intel64/bin:/opt/intel/clck/2019.5/bin/intel64:/opt/intel/compilers_and_libraries_2019.5.281/linux/bin/intel64:/opt/intel/compilers_and_libraries_2019.5.281/linux/mpi/intel64/libfabric/bin:/opt/intel/compilers_and_libraries_2019.5.281/linux/mpi/intel64/bin:/opt/intel/debugger_2019/gdb/intel64/bin:/opt/packages/slurm/default/bin:/opt/packages/allocations:/opt/packages/interact/bin:/usr/lib64/ccache:/usr/local/bin:/usr/bin:/usr/local/sbin:/usr/sbin:/opt/puppetlabs/puppet/bin:/opt/intel/parallel_studio_xe_2019.5.075/bin:/bin:/sbin:/opt/puppetlabs/bin
++ export CONDA_PREFIX=/home/dminh/.conda/envs/openmm
++ CONDA_PREFIX=/home/dminh/.conda/envs/openmm
++ export CONDA_SHLVL=2
++ CONDA_SHLVL=2
++ export CONDA_DEFAULT_ENV=openmm
++ CONDA_DEFAULT_ENV=openmm
++ export 'CONDA_PROMPT_MODIFIER=(openmm) '
++ CONDA_PROMPT_MODIFIER='(openmm) '
++ export CONDA_EXE=/opt/packages/anaconda/anaconda3-2019.10/bin/conda
++ CONDA_EXE=/opt/packages/anaconda/anaconda3-2019.10/bin/conda
++ export _CE_M=
++ _CE_M=
++ export _CE_CONDA=
++ _CE_CONDA=
++ export CONDA_PYTHON_EXE=/opt/packages/anaconda/anaconda3-2019.10/bin/python
++ CONDA_PYTHON_EXE=/opt/packages/anaconda/anaconda3-2019.10/bin/python
++ export CONDA_PREFIX_1=/opt/packages/anaconda/anaconda3-2019.10
++ CONDA_PREFIX_1=/opt/packages/anaconda/anaconda3-2019.10
+ __conda_hashr
+ '[' -n '' ']'
+ '[' -n '' ']'
+ hash -r
+ cd /pylon5/mc4s8bp/dminh/3cl-pro/YANK/complexes/1-equilibrate
+ python ./run_equilibration.py --system_name ../0-build/ZINC000003951740_complex --simulation_time 5
Data will be stored with the prefix ZINC000003951740_complex000
Simulation will run for 2500000 steps

Setting up system...
Performing energy minimization...
Minimized energy from -544205.8647819334 kJ/mol to -4150333.0032369155 kJ/mol
Ramping temperature
After equilibration at 25 K, potential energy is -4200470.040489653 kJ/mol
After equilibration at 50 K, potential energy is -4199841.72948456 kJ/mol
After equilibration at 100 K, potential energy is -4187704.8537776778 kJ/mol
After equilibration at 150 K, potential energy is -4170297.172384914 kJ/mol
After equilibration at 200 K, potential energy is -4155034.131980031 kJ/mol
After equilibration at 250 K, potential energy is -4132897.961583966 kJ/mol
Simulating...
