#"Progress (%)"	"Step"	"Time (ps)"	"Potential Energy (kJ/mole)"	"Kinetic Energy (kJ/mole)"	"Total Energy (kJ/mole)"	"Temperature (K)"	"Box Volume (nm^3)"	"Density (g/mL)"	"Speed (ns/day)"	"Elapsed Time (s)"	"Time Remaining"
0.2%	5000	10.000000000000009	-4119656.8241466875	181565.91105958575	-3938090.9130871017	301.9897781161748	633.8892324878105	0.9904500340837329	0	0.0008795261383056641	--
0.4%	10000	19.999999999999794	-4139273.896175331	180835.27307347947	-3958438.6231018514	300.7745433729356	621.6471491730728	1.0099549443088776	101	8.547873735427856	1:10:56
0.6%	15000	29.99999999999425	-4149344.9930753284	180816.15008010194	-3968528.8429952264	300.7427370250739	615.0624266216911	1.020767298973749	102	17.018941164016724	1:10:29
0.8%	20000	40.00000000000292	-4159790.541799266	180630.2968325343	-3979160.2449667314	300.43361632798053	606.8094285511132	1.0346503900276476	101	25.617149114608765	1:10:35
1.0%	25000	50.00000000001514	-4168608.4325586697	180492.0414636486	-3988116.3910950213	300.20366287510217	595.6118781252588	1.054101899208309	101	34.27054715156555	1:10:40
1.2%	30000	60.00000000002736	-4173047.0457379147	180211.35600333908	-3992835.689734576	299.73681235572525	592.4712298729899	1.0596896191186442	100	43.0041229724884	1:10:48
1.4%	35000	70.00000000001826	-4178716.28227479	180526.38159561582	-3998189.9006791743	300.2607791519007	584.6856595674864	1.0738002577099233	100	51.63348960876465	1:10:42
1.6%	40000	79.99999999999496	-4184190.728506261	180989.9910367476	-4003200.7374695134	301.0318782609951	578.2421415939164	1.0857659218545421	100	60.41303205490112	1:10:46
1.8%	45000	89.99999999997165	-4188315.801382181	181567.19036161684	-4006748.611020564	301.9919059172265	570.3452099247113	1.1007993071524893	99.9	69.20647287368774	1:10:47
2.0%	50000	99.99999999994834	-4191007.2585809524	180473.41506565904	-4010533.843515293	300.1726824902758	570.3452099247113	1.1007993071524893	98.6	78.89781594276428	1:11:35
2.2%	55000	109.99999999992504	-4195736.560054678	180083.0845447349	-4015653.4755099425	299.5234646568293	562.4236833212872	1.1163036524623184	98.5	87.6834044456482	1:11:27
2.4%	60000	119.99999999990173	-4197831.74270683	180470.08591552413	-4017361.6567913056	300.1671452762432	560.634191096901	1.1198667899552832	98.4	96.5878574848175	1:11:24
2.6%	65000	129.99999999989262	-4199706.789597292	180368.57902686746	-4019338.210570425	299.99831378907805	557.701187796994	1.1257562753325148	98.3	105.49397778511047	1:11:21
2.8%	70000	139.99999999994037	-4202259.973898406	181694.4234711979	-4020565.550427208	302.2035265805283	557.701187796994	1.1257562753325148	98.2	114.43646669387817	1:11:18
3.0%	75000	149.99999999998812	-4203316.756060418	181488.3399829635	-4021828.416077454	301.86075790483295	555.5751091855699	1.1300643271136133	98.1	123.28053283691406	1:11:10
3.2%	80000	160.00000000003587	-4204183.450179678	180013.8129482742	-4024169.637231404	299.4082485685072	555.5751091855699	1.1300643271136133	98	132.2372829914093	1:11:06
3.4%	85000	170.00000000008362	-4205763.05569067	181284.2932817438	-4024478.7624089266	301.5213769182421	555.5751091855699	1.1300643271136133	97.9	141.18022775650024	1:11:01
3.6%	90000	180.00000000013137	-4206524.450278383	180487.60389713597	-4026036.8463812466	300.1962820858411	555.5751091855699	1.1300643271136133	97.9	150.0312306880951	1:10:53
3.8%	95000	190.0000000001791	-4209534.790525885	180408.66492041698	-4029126.125605468	300.06498671257987	552.4468146228096	1.1364634482534328	97.8	158.97338771820068	1:10:48
4.0%	100000	200.00000000022686	-4209606.227254681	180861.4125099499	-4028744.8147447314	300.8180198304585	552.4468146228096	1.1364634482534328	97.2	168.81080031394958	1:11:04
4.2%	105000	210.0000000002746	-4211541.287702212	180891.5958715776	-4030649.6918306346	300.8682223526586	551.9747393277964	1.1374354063511156	97.2	177.77943587303162	1:10:57
4.4%	110000	220.00000000032236	-4211862.058243098	181019.61008658897	-4030842.4481565086	301.0811421907571	548.8288669371258	1.143955155687517	97.2	186.7592272758484	1:10:50
4.6%	115000	230.0000000003701	-4213428.448360685	180875.255354475	-4032553.19300621	300.8410439626992	547.3916318973297	1.1469587318072518	97.2	195.61518931388855	1:10:41
4.8%	120000	240.00000000041786	-4213249.682066038	180773.61862497835	-4032476.06344106	300.67199651755914	547.3916318973297	1.1469587318072518	97.1	204.60110664367676	1:10:34
5.0%	125000	250.0000000004656	-4215234.780839703	180423.87157322964	-4034810.9092664733	300.09027920103205	544.5408645872519	1.1529632627273008	97.1	213.58736991882324	1:10:27
5.2%	130000	260.00000000051335	-4216527.876431647	180087.47879309516	-4036440.3976385514	299.53077339710745	543.6893078287364	1.154769098605546	97.1	222.4932563304901	1:10:18
5.4%	135000	270.0000000005611	-4217613.758336999	180680.3752384677	-4036933.3830985315	300.51690931292467	542.8619911194293	1.1565289561499985	97	231.4691948890686	1:10:10
5.6%	140000	280.00000000060885	-4217982.434263094	180629.53124568763	-4037352.903017407	300.43234296449174	542.8619911194293	1.1565289561499985	97	240.47872376441956	1:10:03
5.8%	145000	290.0000000006566	-4218477.167275779	179916.9000333817	-4038560.267242397	299.24705801520247	542.8619911194293	1.1565289561499985	97	249.34988689422607	1:09:54
6.0%	150000	300.00000000070435	-4218093.487377807	179943.1034070643	-4038150.383970742	299.29064081639086	542.3850984741766	1.1575458354019563	96.6	259.40896582603455	1:10:04
6.2%	155000	310.0000000007521	-4220203.946233143	180399.9567246107	-4039803.9895085325	300.05050279264145	542.3985887049726	1.1575170455769062	96.6	268.35034108161926	1:09:55
6.4%	160000	320.00000000079984	-4221026.292755759	180892.02675345188	-4040134.2660023076	300.86893901759225	540.0558537325385	1.16253829596262	96.6	277.3659596443176	1:09:47
6.6%	165000	330.0000000008476	-4221201.832610777	180861.7290771248	-4040340.1035336517	300.8185463612943	539.1130538361631	1.1645713407519585	96.6	286.28209114074707	1:09:37
6.8%	170000	340.00000000089534	-4223378.622035082	180180.33054725506	-4043198.2914878274	299.6852092186381	539.1130538361631	1.1645713407519585	96.5	295.32390999794006	1:09:30
7.0%	175000	350.0000000009431	-4222717.081383812	180204.75535182477	-4042512.3260319876	299.7258338120405	538.3373285548531	1.1662494473646572	96.5	304.3778831958771	1:09:22
7.2%	180000	360.00000000099084	-4223056.668543271	180229.70105791077	-4042826.96748536	299.7673247956833	538.3373285548531	1.1662494473646572	96.5	313.44197249412537	1:09:15
7.4%	185000	370.0000000010386	-4222457.912383792	179403.98209877146	-4043053.9302850207	298.3939464792274	538.0114186416818	1.1669559235526277	96.5	322.36329555511475	1:09:05
7.6%	190000	380.00000000108633	-4224161.819350878	180750.69235598794	-4043411.1269948897	300.63386436574143	538.0114186416818	1.1669559235526277	96.5	331.42834305763245	1:08:58
7.8%	195000	390.0000000011341	-4224332.713210876	180508.21363419725	-4043824.499576679	300.23056126239936	537.1098684329639	1.1689146836095095	96.4	340.4885473251343	1:08:50
8.0%	200000	400.00000000118183	-4226039.7349499	179619.07596770715	-4046420.6589821926	298.751701684348	537.1098684329639	1.1689146836095095	96.2	350.4034090042114	1:08:52
8.2%	205000	410.0000000012296	-4225218.13234178	179111.8456261661	-4046106.2867156137	297.90805004620813	537.1098684329639	1.1689146836095095	96.2	359.36852526664734	1:08:43
8.4%	210000	420.00000000127733	-4228054.578398201	179740.85670133607	-4048313.721696865	298.95425367504276	536.5827942840535	1.1700628842573413	96.1	368.44939661026	1:08:35
8.6%	215000	430.0000000013251	-4227574.664272285	181209.32755068518	-4046365.3367216	301.39669005187716	536.5827942840535	1.1700628842573413	96.1	377.5127754211426	1:08:27
8.8%	220000	440.0000000013728	-4228161.40520982	181460.81967746923	-4046700.5855323505	301.8149847148029	536.5827942840535	1.1700628842573413	96.1	386.4866392612457	1:08:18
9.0%	225000	450.0000000014206	-4229046.701319615	179940.54595684673	-4049106.1553627686	299.28638713342116	536.5827942840535	1.1700628842573413	96.1	395.5355107784271	1:08:10
9.2%	230000	460.0000000014683	-4228237.359858197	180855.6441022693	-4047381.715755928	300.80842551759775	536.5827942840535	1.1700628842573413	96.1	404.6181573867798	1:08:02
9.4%	235000	470.00000000151607	-4228538.467829307	179285.16567581776	-4049253.3021534886	298.1963248827782	536.5827942840535	1.1700628842573413	96.1	413.6830401420593	1:07:53
9.6%	240000	480.0000000015638	-4228229.16386146	179593.47020298016	-4048635.69365848	298.7091128571652	535.8194197968867	1.1717298566014223	96.1	422.6582465171814	1:07:44
9.8%	245000	490.00000000161157	-4230506.614639572	181224.80220228437	-4049281.8124372875	301.4224282897192	535.035128653553	1.1734474584927688	96.1	431.73014426231384	1:07:36
10.0%	250000	500.0000000016593	-4231071.984878791	180714.67683272265	-4050357.308046068	300.57396149181454	534.5509683005471	1.1745102883620027	95.9	441.6529643535614	1:07:35
10.2%	255000	510.00000000170706	-4231177.352444958	181196.30207204504	-4049981.050372913	301.3750254046896	533.6518082903258	1.1764892429284115	95.8	450.76862692832947	1:07:27
10.4%	260000	520.0000000015274	-4231103.469400698	180192.42043253325	-4050911.048968165	299.70531773874137	533.6518082903258	1.1764892429284115	95.8	459.86532616615295	1:07:19
10.6%	265000	530.0000000012909	-4231819.469480161	181485.32533636916	-4050334.1441437914	301.8557437892933	533.4923931367913	1.1768407947325346	95.8	468.83030366897583	1:07:10
10.8%	270000	540.0000000010544	-4231786.562949565	180336.95922427508	-4051449.60372529	299.9457221042556	533.4923931367913	1.1768407947325346	95.8	477.92308259010315	1:07:01
11.0%	275000	550.000000000818	-4232741.124073353	181267.57856621154	-4051473.545507141	301.49357614217456	533.1495613846037	1.1775975399705054	95.8	487.0025701522827	1:06:53
11.2%	280000	560.0000000005815	-4232274.325300633	179581.3835811839	-4052692.941719449	298.6890097650533	533.1495613846037	1.1775975399705054	95.8	495.9889304637909	1:06:43
11.4%	285000	570.000000000345	-4232527.342252609	180196.58529847523	-4052330.756954134	299.71224495836293	532.3107917617241	1.1794530970243762	95.8	505.0704073905945	1:06:35
11.6%	290000	580.0000000001086	-4233950.54134904	180346.9606026419	-4053603.5807463983	299.9623569120575	532.3107917617241	1.1794530970243762	95.8	514.1796708106995	1:06:27
11.8%	295000	589.9999999998721	-4233833.526908671	181361.80050770118	-4052471.7264009696	301.6502909298683	532.3107917617241	1.1794530970243762	95.8	523.2653045654297	1:06:18
12.0%	300000	599.9999999996356	-4234398.6929259775	180467.78408889662	-4053930.908837081	300.16331675959907	531.9791419587839	1.1801883991374722	95.6	533.2270531654358	1:06:16
12.2%	305000	609.9999999993992	-4234378.597222127	180370.70167030208	-4054007.895551825	300.00184427900376	532.1097315193485	1.1798987590965229	95.6	542.2305631637573	1:06:07
12.4%	310000	619.9999999991627	-4234071.178621972	180319.8527954896	-4053751.3258264824	299.917269810523	531.1809161806859	1.181961913159733	95.6	551.3480498790741	1:05:58
12.6%	315000	629.9999999989262	-4235189.399629318	179533.65244966792	-4055655.7471796502	298.60962088785914	531.1809161806859	1.181961913159733	95.6	560.3366813659668	1:05:49
12.8%	320000	639.9999999986898	-4234781.987666841	180228.85970596207	-4054553.1279608784	299.76592541577315	530.7966154984769	1.1828176623418294	95.6	569.4339575767517	1:05:40
13.0%	325000	649.9999999984533	-4235366.522357012	180519.43633976267	-4054847.0860172496	300.24922744452454	530.4345944919734	1.1836249340489873	95.6	578.5385055541992	1:05:32
13.2%	330000	659.9999999982168	-4236141.545304171	179925.01988951728	-4056216.5254146536	299.26056337828743	530.5532933507088	1.1833601257241624	95.6	587.6559171676636	1:05:23
13.4%	335000	669.9999999979804	-4235834.0960147595	180841.23709146617	-4054992.858923293	300.7844630349359	530.6826970183847	1.1830715707339385	95.6	596.6286196708679	1:05:14
13.6%	340000	679.9999999977439	-4237087.425286542	179589.01719067487	-4057498.408095867	298.701706377666	530.5942399474942	1.1832688043974842	95.6	605.7476801872253	1:05:05
13.8%	345000	689.9999999975074	-4237460.019813949	180903.28146822122	-4056556.7383457283	300.88765843907464	530.6347324166867	1.1831785097509382	95.6	614.857590675354	1:04:57
14.0%	350000	699.999999997271	-4236931.1780384155	179519.37248980213	-4057411.8055486134	298.58586972286236	530.6347324166867	1.1831785097509382	95.4	624.8443455696106	1:04:53
14.2%	355000	709.9999999970345	-4238300.839623698	180814.41754941235	-4057486.422074286	300.73985539076557	530.2634001370924	1.1840070647164123	95.4	633.847457408905	1:04:44
14.4%	360000	719.999999996798	-4238815.017425705	180005.70017236285	-4058809.317253342	299.39475498161596	529.915922897914	1.1847834435498044	95.4	642.9519593715668	1:04:35
14.6%	365000	729.9999999965615	-4238809.380640162	180908.87583207927	-4057900.5048080827	300.89696327328244	529.915922897914	1.1847834435498044	95.4	652.0515270233154	1:04:27
14.8%	370000	739.9999999963251	-4238629.687027746	180259.2240076566	-4058370.463020089	299.816428886815	529.5816351774449	1.1855313141901092	95.4	661.0917687416077	1:04:17
15.0%	375000	749.9999999960886	-4238072.419777439	180047.28882975178	-4058025.130947687	299.46392737936253	529.5971719836418	1.1854965342266892	95.4	670.1929759979248	1:04:09
15.2%	380000	759.9999999958521	-4239405.999945501	180779.007406559	-4058626.992538942	300.68095941673084	529.6178338212742	1.1854502847703081	95.4	679.3306167125702	1:04:00
15.4%	385000	769.9999999956157	-4238375.258464291	179459.42594430898	-4058915.832519982	298.48616353976524	529.6834827509722	1.185303360154118	95.4	688.3171219825745	1:03:51
15.6%	390000	779.9999999953792	-4239469.117573137	181073.55468245002	-4058395.5628906875	301.17086562198693	529.3097921126639	1.1861401796799333	95.4	697.4383101463318	1:03:42
15.8%	395000	789.9999999951427	-4239502.299711348	180560.55717714113	-4058941.7425342062	300.3176217399261	529.3097921126639	1.1861401796799333	95.4	706.5284395217896	1:03:33
16.0%	400000	799.9999999949063	-4240701.902910062	180243.40616005298	-4060458.4967500092	299.79011982769583	529.3097921126639	1.1861401796799333	95.2	716.7935345172882	1:03:30
16.2%	405000	809.9999999946698	-4239228.728808011	179424.88156285335	-4059803.8472451577	298.4287075446939	528.7135948853721	1.187477715716732	95.2	725.8218743801117	1:03:21
16.4%	410000	819.9999999944333	-4240768.343829653	179792.40077017574	-4060975.9430594775	299.039984426048	528.232965145712	1.188558180479471	95.2	734.9442353248596	1:03:12
16.6%	415000	829.9999999941969	-4240908.230165041	182018.58142193413	-4058889.648743107	302.7426827858211	528.232965145712	1.188558180479471	95.2	744.0601913928986	1:03:03
16.8%	420000	839.9999999939604	-4241229.558198369	181495.81478934476	-4059733.7434090246	301.87319038793163	527.6766078844829	1.189811340017382	95.2	753.1835653781891	1:02:54
17.0%	425000	849.9999999937239	-4240114.042283756	180786.64536491787	-4059327.396918838	300.6936632626048	527.769403327684	1.1896021405641237	95.2	762.184809923172	1:02:45
17.2%	430000	859.9999999934874	-4241371.492458116	180265.57516225672	-4061105.9172958597	299.82699245437715	527.769403327684	1.1896021405641237	95.2	771.3268327713013	1:02:36
17.4%	435000	869.999999993251	-4240947.695558834	180799.54942538004	-4060148.146133454	300.7151259608229	528.1011485840951	1.1888548502614862	95.2	780.4422426223755	1:02:27
17.6%	440000	879.9999999930145	-4241314.498468015	180212.20478381967	-4061102.2936841957	299.73822409115235	528.2934009785649	1.188422211520937	95.2	789.4730715751648	1:02:18
17.8%	445000	889.999999992778	-4241510.104778684	179671.03262377408	-4061839.07215491	298.8381186716875	527.8346353651705	1.189455124498432	95.2	798.5834565162659	1:02:09
18.0%	450000	899.9999999925416	-4241842.428636305	180237.24807542624	-4061605.180560879	299.77987738406085	527.8346353651705	1.189455124498432	95.1	808.5790028572083	1:02:04
18.2%	455000	909.9999999923051	-4241400.02137856	180233.38817606174	-4061166.6332024983	299.7734574005638	527.7885303013203	1.1895590295689542	95.1	817.7409148216248	1:01:56
18.4%	460000	919.9999999920686	-4241907.661758416	179051.11588175735	-4062856.545876659	297.80704120632174	527.7361058698552	1.1896771983944823	95.1	826.9002182483673	1:01:47
18.6%	465000	929.9999999918322	-4243189.547895522	180753.66060517976	-4062435.8872903422	300.6388013107307	527.7233083305399	1.1897060486280775	95.1	835.9190204143524	1:01:38
18.8%	470000	939.9999999915957	-4241706.122105314	181279.39902798485	-4060426.7230773293	301.51323654322294	527.7233083305399	1.1897060486280775	95.1	845.0626208782196	1:01:29
19.0%	475000	949.9999999913592	-4241675.46494886	180246.61926430743	-4061428.8456845526	299.795464028241	527.1966172893515	1.190894613760915	95.1	854.1732246875763	1:01:20
19.2%	480000	959.9999999911228	-4242560.807551739	180918.057835075	-4061642.7497166637	300.91223525375034	527.2382215496226	1.190800640510416	95.1	863.2029716968536	1:01:10
19.4%	485000	969.9999999908863	-4242711.384430844	180729.77507943904	-4061981.6093514054	300.59907367366196	526.9749448315426	1.1913955645909553	95.1	872.3182258605957	1:01:01
19.6%	490000	979.9999999906498	-4243303.683617924	179985.5842211332	-4063318.0993967913	299.36129709509424	526.9749448315426	1.1913955645909553	95.1	881.4877939224243	1:00:53
19.8%	495000	989.9999999904134	-4241967.718426302	178784.0032618567	-4063183.7151644453	297.36276573442797	526.6215455118206	1.1921950730532174	95.1	890.5240428447723	1:00:43
20.0%	500000	999.9999999901769	-4242343.250969603	179510.08602374006	-4062833.1649458627	298.5704239940402	527.1514461764015	1.1909966604032984	95	900.700076341629	1:00:39
20.2%	505000	1009.9999999899404	-4243445.451256571	180536.69709415812	-4062908.754162413	300.2779364205629	526.5559066768777	1.1923436884131964	95	909.7595806121826	1:00:29
20.4%	510000	1019.999999989704	-4243868.842158732	180867.50608611098	-4063001.336072621	300.82815498028964	527.0796636280222	1.1911588612645618	95	918.9100704193115	1:00:21
20.6%	515000	1029.9999999894676	-4242532.473124974	180420.7109380149	-4062111.7621869594	300.0850222696971	526.8151783535395	1.191756877402515	95	927.9155285358429	1:00:11
20.8%	520000	1039.9999999892311	-4245279.421918219	180365.27037624837	-4064914.1515419707	299.9928106708964	526.5900820887373	1.1922663059519316	95	937.0671715736389	1:00:02
21.0%	525000	1049.9999999889947	-4245194.148875954	181583.41235495283	-4063610.736521001	302.0188871723507	526.8090466147645	1.191770748731989	95	946.2098264694214	59:53
21.2%	530000	1059.9999999887582	-4245348.910446787	178960.65474959346	-4066388.2556971936	297.6565815904672	527.101914248337	1.1911085787236713	95	955.2396984100342	59:44
21.4%	535000	1069.9999999885217	-4245123.707678643	181102.08581910434	-4064021.621859539	301.2183200784835	526.7631679888528	1.1918745464302265	95	964.3470361232758	59:35
21.6%	540000	1079.9999999882853	-4245075.650051951	179011.22964816642	-4066064.420403785	297.7407003675502	526.3955004711138	1.192707026106725	95	973.482372045517	59:26
21.8%	545000	1089.9999999880488	-4246038.508202913	181427.568441043	-4064610.93976187	301.7596795451714	526.2740369141443	1.1929823017761518	95	982.611368894577	59:17
22.0%	550000	1099.9999999878123	-4244035.047602331	180684.0396503931	-4063351.007951938	300.52300415164086	526.2740369141443	1.1929823017761518	94.9	992.6110355854034	59:11
22.2%	555000	1109.9999999875758	-4243350.624504495	181797.92302339055	-4061552.701481105	302.37567236835474	526.2740369141443	1.1929823017761518	94.9	1001.6962332725525	59:02
22.4%	560000	1119.9999999873394	-4245761.889989459	179476.01884137592	-4066285.871148083	298.5137617010847	526.466348202174	1.1925465209065202	94.9	1010.8302798271179	58:53
22.6%	565000	1129.999999987103	-4244374.79332814	179953.7314320907	-4064421.0618960494	299.30831789520374	525.80405405951	1.1940486328996722	94.9	1019.9405424594879	58:44
22.8%	570000	1139.9999999868664	-4245307.427844596	180586.86963417285	-4064720.558210423	300.3613859741611	525.80405405951	1.1940486328996722	94.9	1029.0897090435028	58:35
23.0%	575000	1149.99999998663	-4245223.329873511	179912.9593304022	-4065310.3705431083	299.2405036349696	525.8338411953805	1.1939809931129608	94.9	1038.1231718063354	58:25
23.2%	580000	1159.9999999863935	-4244242.202571401	180577.77460048356	-4063664.427970918	300.34625864552464	525.8124179977355	1.1940296395311971	94.9	1047.255497455597	58:16
23.4%	585000	1169.999999986157	-4244516.891796124	179613.45690634276	-4064903.4348897813	298.7423557719752	525.6578917249177	1.194380645295089	94.9	1056.373031616211	58:07
23.6%	590000	1179.9999999859206	-4244751.50771745	179510.93564843404	-4065240.5720690163	298.57183713360655	525.8987056897133	1.1938337271613175	94.9	1065.4063799381256	57:58
23.8%	595000	1189.999999985684	-4246353.32471207	180418.33246053875	-4065934.9922515308	300.0810662634122	526.7037149473225	1.1920090823465244	94.9	1074.5223202705383	57:49
24.0%	600000	1199.9999999854476	-4245756.958684133	180264.14625455692	-4065492.8124295766	299.82461582146914	526.3743252915601	1.192755006762732	94.8	1084.51970744133	57:43
24.2%	605000	1209.9999999852112	-4245069.715469274	181071.74720969688	-4063997.9682595767	301.16785934017724	526.246226652181	1.1930453466943851	94.8	1093.6767807006836	57:34
24.4%	610000	1219.9999999849747	-4246315.354541013	180822.5977111135	-4065492.7568298997	300.7534610571744	525.8611853836118	1.1939189074486682	94.8	1102.816773891449	57:25
24.6%	615000	1229.9999999847382	-4244985.407977941	179535.12407099	-4065450.2839069515	298.6120685642645	525.2037045339445	1.195413525272051	94.8	1111.8303020000458	57:15
24.8%	620000	1239.9999999845018	-4246274.369579095	180664.5786620652	-4065609.79091703	300.4906356331631	524.687596659627	1.1965893913252725	94.8	1120.9791831970215	57:06
25.0%	625000	1249.9999999842653	-4245526.537175802	180891.1333238929	-4064635.4038519086	300.86745301951754	524.6373691373216	1.1967039499211312	94.8	1130.117217540741	56:57
25.2%	630000	1259.9999999840288	-4245644.291226074	179750.24628088943	-4065894.0449451846	298.96987090753635	524.9041807985792	1.1960956587689704	94.8	1139.1535606384277	56:48
25.4%	635000	1269.9999999837923	-4246456.436545048	180245.30507621568	-4066211.131468832	299.7932782028957	524.7197371180121	1.1965160970906263	94.8	1148.2893657684326	56:39
25.6%	640000	1279.9999999835559	-4246116.79343264	179823.56217409225	-4066293.231258548	299.0918136785747	525.0781389707139	1.1956993927676747	94.8	1157.445548772812	56:30
25.8%	645000	1289.9999999833194	-4246066.635432095	180014.24902427942	-4066052.386407816	299.40897387258707	525.1382821965658	1.195562451278036	94.8	1166.46670460701	56:20
26.0%	650000	1299.999999983083	-4245535.888398495	180832.86204375428	-4064703.0263547404	300.77053322407295	525.2717991673018	1.1952585555100292	94.7	1176.444547176361	56:14
26.2%	655000	1309.9999999828465	-4247333.398898302	179335.9797945592	-4067997.4191037426	298.2808415431708	525.2717991673018	1.1952585555100292	94.7	1185.6086256504059	56:05
26.4%	660000	1319.99999998261	-4247057.23674527	180064.41884375323	-4066992.817901517	299.4924189012415	525.2152051281197	1.1953873494003484	94.7	1194.772397518158	55:56
26.6%	665000	1329.9999999823735	-4247382.10304149	180430.54702124782	-4066951.5560202417	300.1013821501158	525.0795683711506	1.1956961377691238	94.7	1203.8091278076172	55:46
26.8%	670000	1339.999999982137	-4247071.150771103	180756.75500625555	-4066314.3957648473	300.64394807803313	525.0795683711506	1.1956961377691238	94.7	1212.9963047504425	55:38
27.0%	675000	1349.9999999819006	-4246660.5013546245	180482.23995377237	-4066178.2614008524	300.1873604988716	524.4628538221165	1.197102153846358	94.7	1222.1575384140015	55:29
27.2%	680000	1359.9999999816641	-4248491.2317621885	180666.27560672048	-4067824.956155468	300.49345807894565	525.3757199419629	1.1950221300524106	94.7	1231.1977939605713	55:19
27.4%	685000	1369.9999999814277	-4248012.462563966	179677.3619995763	-4068335.10056439	298.8486460156309	525.3757199419629	1.1950221300524106	94.7	1240.3213374614716	55:10
27.6%	690000	1379.9999999811912	-4245674.924808012	180908.98671434415	-4064765.9380936683	300.8971476983784	525.2132865715821	1.1953917160420018	94.7	1249.485069513321	55:01
27.8%	695000	1389.9999999809547	-4247753.725420229	179196.7022320392	-4068557.02318819	298.04918792517327	525.5576973959302	1.1946083465882182	94.7	1258.5077369213104	54:52
28.0%	700000	1399.9999999807183	-4246721.134442999	180376.687782728	-4066344.446660271	300.0118006896137	526.1203494333181	1.193330789426986	94.7	1268.5227718353271	54:45
28.2%	705000	1409.9999999804818	-4248567.4698236855	180642.2706750878	-4067925.1991485977	300.45353183984525	525.7800308522194	1.1941031897031642	94.7	1277.6736459732056	54:36
28.4%	710000	1419.9999999802453	-4246434.753938168	179969.59102572058	-4066465.162912448	299.3346963884647	525.7800308522194	1.1941031897031642	94.7	1286.8362486362457	54:27
28.6%	715000	1429.9999999800089	-4249496.267507582	180965.50853311704	-4068530.758974465	300.99115769954176	525.3480453834733	1.1950850820518044	94.7	1295.8545587062836	54:17
28.8%	720000	1439.9999999797724	-4248072.718721354	179621.89284700842	-4068450.825874346	298.7563868631363	524.7052933688626	1.1965490340146065	94.7	1305.0066847801208	54:08
29.0%	725000	1449.999999979536	-4249160.460315254	180903.31266396545	-4068257.147651288	300.8877103254438	525.0473963031017	1.1957694035690896	94.7	1314.140991449356	53:59
29.2%	730000	1459.9999999792994	-4248245.727272842	180791.0693520145	-4067454.6579208276	300.7010214658815	524.8781925867261	1.196154880866241	94.7	1323.1838445663452	53:50
29.4%	735000	1469.999999979063	-4248273.534696824	180365.26812889418	-4067908.2665679296	299.99280693298107	525.1407133111873	1.1955569164770152	94.7	1332.305163860321	53:41
29.6%	740000	1479.9999999788265	-4248233.201827948	180648.26661791158	-4067584.9352100366	300.4635046008794	525.1666332631634	1.1954979089622626	94.7	1341.4504268169403	53:32
29.8%	745000	1489.99999997859	-4248032.459066022	180311.3944086911	-4067721.064657331	299.90320138579733	525.7509041119157	1.1941693433383367	94.7	1350.458743572235	53:22
30.0%	750000	1499.9999999783536	-4248518.350129795	180566.20159102758	-4067952.148538768	300.3270098199199	525.1985088979633	1.1954253511501125	94.6	1360.588314294815	53:16
30.2%	755000	1509.999999978117	-4249284.5548555385	178763.08432823667	-4070521.470527302	297.32797228622246	524.8634627101015	1.1961884500038755	94.6	1369.6521208286285	53:06
30.4%	760000	1519.9999999778806	-4248555.437104737	180271.8141498006	-4068283.6229549367	299.8373694599122	524.8609694638141	1.1961941322561016	94.6	1378.7966549396515	52:57
30.6%	765000	1529.9999999776442	-4249158.118765324	180813.51344991487	-4068344.6053154096	300.7383516458993	524.7059758189688	1.1965474777429934	94.6	1387.8284511566162	52:48
30.8%	770000	1539.9999999774077	-4250236.907682528	179974.87232750395	-4070262.035355024	299.3434805216999	524.7059758189688	1.1965474777429934	94.6	1396.9562599658966	52:39
31.0%	775000	1549.9999999771712	-4248554.879935461	179145.68436265152	-4069409.19557281	297.96433237620795	524.6424084210387	1.1966924553666838	94.6	1406.096845149994	52:30
31.2%	780000	1559.9999999769348	-4250132.857107445	180391.81365422189	-4069741.0434532226	300.03695881841435	524.2596983270332	1.1975660420328922	94.6	1415.2712762355804	52:20
31.4%	785000	1569.9999999766983	-4250721.866584004	179439.41274518252	-4071282.4538388215	298.45287655583564	524.2806081182611	1.197518279717192	94.6	1424.2945873737335	52:11
31.6%	790000	1579.9999999764618	-4249830.519954177	179369.67813034516	-4070460.8418238317	298.33689035149337	523.8311849610658	1.198545695536488	94.6	1433.4463613033295	52:02
31.8%	795000	1589.9999999762254	-4249437.232096141	181956.83664012107	-4067480.3954560203	302.639985683426	523.0566586182555	1.2003204654375292	94.6	1442.5905113220215	51:53
32.0%	800000	1599.9999999759889	-4251040.794096565	181153.61068305047	-4069887.1834135144	301.30401888692035	522.9353112408738	1.2005990003487648	94.6	1452.6039998531342	51:46
32.2%	805000	1609.9999999757524	-4250578.22388637	179627.33134942802	-4070950.892536942	298.76543246056923	523.5846723457308	1.1991099913411787	94.6	1461.6707246303558	51:36
32.4%	810000	1619.999999975516	-4249452.516699105	180371.13921290485	-4069081.3774861996	300.00257202240425	523.5846723457308	1.1991099913411787	94.6	1470.8300285339355	51:27
32.6%	815000	1629.9999999752795	-4251301.65322857	181570.9870284204	-4069730.6662001493	301.99822072907034	523.403645450725	1.1995247212735929	94.6	1479.9696862697601	51:18
32.8%	820000	1639.999999975043	-4249412.645729842	181042.43563338454	-4068370.210096457	301.1191068162307	523.5038544336936	1.1992951085375134	94.6	1489.1438207626343	51:09
33.0%	825000	1649.9999999748065	-4250142.494850376	179266.61427868673	-4070875.880571689	298.16546924324405	523.6015761038262	1.199071279721221	94.6	1498.176596879959	51:00
33.2%	830000	1659.99999997457	-4251461.046778823	180595.02475197532	-4070866.022026848	300.3749499862673	523.2612303598706	1.1998511938120697	94.6	1507.3453752994537	50:51
33.4%	835000	1669.9999999743336	-4250259.013284261	180696.39766650082	-4069562.6156177605	300.5435586407547	523.5042033213766	1.1992943092711676	94.6	1516.4784066677094	50:42
33.6%	840000	1679.9999999740971	-4252166.87524142	180092.17036488754	-4072074.704876533	299.538576661037	523.3917330007725	1.1995520225802583	94.6	1525.5367000102997	50:32
33.8%	845000	1689.9999999738607	-4251212.913851027	180693.77492809668	-4070519.1389229307	300.5391963671093	523.808470958241	1.1985976682933703	94.6	1534.677351474762	50:23
34.0%	850000	1699.9999999736242	-4250954.187865352	179306.8730762852	-4071647.314789067	298.23242974966865	523.0892293182717	1.200245726223621	94.5	1544.687760591507	50:16
34.2%	855000	1709.9999999733877	-4250131.220707834	181230.48933914534	-4068900.7313686884	301.43188742876544	523.12743723622	1.2001580632815518	94.5	1553.8642189502716	50:07
34.4%	860000	1719.9999999731513	-4250707.61478104	180499.70651622664	-4070207.908264813	300.21641178547736	522.9606190280588	1.2005408994079103	94.5	1562.9106125831604	49:57
34.6%	865000	1729.9999999729148	-4252045.26982235	180583.87132458296	-4071461.398497767	300.35639903116896	523.4828023000717	1.1993433388151196	94.5	1572.050565958023	49:48
34.8%	870000	1739.9999999726783	-4252822.311059212	179879.57543772605	-4072942.7356214863	299.1849778246284	523.2388946485421	1.199902412347573	94.5	1581.2120690345764	49:39
35.0%	875000	1749.9999999724419	-4251923.419734772	179722.4512312502	-4072200.968503522	298.9236407488887	523.4890968590813	1.199328917621891	94.5	1590.3719673156738	49:30
35.2%	880000	1759.9999999722054	-4250743.823427853	180166.21839166514	-4070577.605036188	299.66173715435866	523.2488284650351	1.1998796323436336	94.5	1599.4173800945282	49:21
35.4%	885000	1769.999999971969	-4251007.9300967725	179821.0417112001	-4071186.8883855725	299.08762151483035	523.5719390811963	1.1991391536846623	94.5	1608.5703496932983	49:12
35.6%	890000	1779.9999999717324	-4252374.590304258	179854.54205664436	-4072520.048247614	299.1433410154155	523.8640253857092	1.1984705601049856	94.5	1617.7393140792847	49:03
35.8%	895000	1789.999999971496	-4251214.886146251	181182.6713411387	-4070032.214805112	301.3523540707484	523.6841627485529	1.1988821823972529	94.5	1626.7822017669678	48:53
36.0%	900000	1799.9999999712595	-4250373.302199633	179444.8047609269	-4070928.497438706	298.4618448342352	523.6619549423775	1.1989330253941184	94.5	1636.9125769138336	48:46
36.2%	905000	1809.999999971023	-4251669.835734566	180695.58723565494	-4070974.248498911	300.5422106904159	523.609549974928	1.1990530194740068	94.5	1645.9852528572083	48:37
36.4%	910000	1819.9999999707866	-4251535.160463776	180314.15997650288	-4071221.0004872736	299.9078012206725	523.7064702920895	1.1988311154007647	94.5	1655.141137599945	48:27
36.6%	915000	1829.99999997055	-4252308.812213424	180444.23018311552	-4071864.582030308	300.12414068993326	523.6419503708124	1.1989788279534652	94.5	1664.1754460334778	48:18
36.8%	920000	1839.9999999703136	-4251133.609449035	180744.95165812163	-4070388.657790913	300.6243161412715	523.4089957288705	1.199512459751621	94.5	1673.3271934986115	48:09
37.0%	925000	1849.9999999700772	-4252279.683830056	179341.5243554895	-4072938.159474567	298.29006354258314	522.9345386802694	1.200600774061191	94.5	1682.468531370163	48:00
37.2%	930000	1859.9999999698407	-4252407.261211902	180643.92098690986	-4071763.340224992	300.4562767234969	522.9790380954115	1.200498616941358	94.5	1691.629890680313	47:51
37.4%	935000	1869.9999999696042	-4251840.219783177	180227.81514119564	-4071612.4046419812	299.76418804183436	522.8048492619888	1.2008986007094997	94.5	1700.674062013626	47:41
37.6%	940000	1879.9999999693678	-4252646.612893244	180323.13483966523	-4072323.478053579	299.92272867549707	522.7854607626165	1.2009431383325089	94.5	1709.8348536491394	47:32
37.8%	945000	1889.9999999691313	-4252179.5820167875	181410.97796406804	-4070768.6040527197	301.73208540907353	522.6368051838746	1.2012847271672293	94.5	1718.9793350696564	47:23
38.0%	950000	1899.9999999688948	-4252139.121820022	179939.72264113906	-4072199.399178883	299.2850177523164	522.6024059196808	1.2013637993456843	94.4	1728.9975094795227	47:15
38.2%	955000	1909.9999999686584	-4252690.379212178	180023.113369485	-4072667.2658426934	299.4237175082517	522.47805426151	1.2016497282556098	94.4	1738.1891875267029	47:06
38.4%	960000	1919.999999968422	-4253563.710400968	179942.69007667893	-4073621.020324289	299.28995334399787	522.4739378079345	1.2016591957810927	94.4	1747.2525634765625	46:57
38.6%	965000	1929.9999999681854	-4252986.21859525	181289.41616754315	-4071696.8024277063	301.5298975658506	522.6252874200234	1.201311201419698	94.4	1756.3982439041138	46:48
38.8%	970000	1939.999999967949	-4252537.24853764	179629.27882878596	-4072907.9697088543	298.7686716085775	522.587278230117	1.2013985760411126	94.4	1765.5668652057648	46:39
39.0%	975000	1949.9999999677125	-4252318.191042071	179496.07523523615	-4072822.1158068352	298.547120528721	522.5294128360707	1.201531620038831	94.5	1774.5980699062347	46:29
39.2%	980000	1959.999999967476	-4252887.901488869	179961.94739303377	-4072925.954095836	299.32198310475616	522.8127454615616	1.2008804631734504	94.5	1783.7750720977783	46:20
39.4%	985000	1969.9999999672395	-4251522.01047082	180743.29482597977	-4070778.7156448397	300.62156041268804	522.9580598495461	1.2005467744459093	94.5	1792.9272763729095	46:11
39.6%	990000	1979.999999967003	-4252700.835909804	179223.34968732798	-4073477.486222476	298.0935093457695	522.978019140423	1.200500955957549	94.5	1802.0939564704895	46:02
39.8%	995000	1989.9999999667666	-4252657.599346874	180104.82764825024	-4072552.771698624	299.5596289068685	522.938765026177	1.2005910709094887	94.5	1811.1345312595367	45:53
40.0%	1000000	1999.9999999665301	-4251907.738227628	178771.06136887212	-4073136.676858756	297.34124011120934	522.8575648410613	1.2007775236334457	94.4	1821.1350746154785	45:45
40.2%	1005000	2009.9999999662937	-4253887.1472623665	180680.9503068616	-4073206.196955505	300.51786579630664	522.7840171285499	1.2009464546588877	94.4	1830.3344292640686	45:36
40.4%	1010000	2019.9999999660572	-4253666.139319727	179632.76833059333	-4074033.370989134	298.7744755277735	522.6278110362892	1.2013054006405885	94.4	1839.5159294605255	45:27
40.6%	1015000	2029.9999999658207	-4252381.688397772	180407.44327889444	-4071974.2451188774	300.06295481545675	522.2012270241111	1.2022867420299548	94.4	1848.577567577362	45:17
40.8%	1020000	2039.9999999655843	-4252891.615882453	179687.72307666563	-4073203.892805787	298.8658790928809	522.3212258787903	1.2020105268870667	94.4	1857.760187625885	45:08
41.0%	1025000	2049.999999965348	-4252786.9263683045	180024.71917651728	-4072762.207191787	299.42638836924397	522.0772893256095	1.2025721569575771	94.4	1866.9301738739014	44:59
41.2%	1030000	2059.9999999651113	-4253331.875949638	180622.24019162543	-4072709.6357580125	300.42021610771764	522.0772893256095	1.2025721569575771	94.4	1876.0165197849274	44:50
41.4%	1035000	2069.999999964875	-4253057.735145003	180304.2739991674	-4072753.461145835	299.89135835381177	522.6748736881473	1.2011972327896134	94.4	1885.1913788318634	44:41
41.6%	1040000	2079.9999999646384	-4254662.167671157	180233.56435585042	-4074428.603315307	299.77375043186566	522.4910395406741	1.20161986409336	94.4	1894.3754544258118	44:32
41.8%	1045000	2089.999999964402	-4252791.225675973	181020.03838408226	-4071771.187291891	301.0818545572151	522.4910395406741	1.20161986409336	94.4	1903.4051399230957	44:22
42.0%	1050000	2099.9999999641655	-4253907.1227144385	180124.3776240613	-4073782.745090377	299.5921454339132	522.4910395406741	1.20161986409336	94.4	1913.3969769477844	44:14
42.2%	1055000	2109.999999963929	-4253941.909501753	179804.83918203454	-4074137.070319718	299.0606726335174	522.6572864099884	1.2012376527558246	94.4	1922.5792977809906	44:05
42.4%	1060000	2119.9999999636925	-4252506.290051385	181065.066915136	-4071441.223136249	301.15674833007404	522.6744935629192	1.2011981063837485	94.4	1931.7608246803284	43:56
42.6%	1065000	2129.999999963456	-4253328.204369712	179968.47025810974	-4073359.734111602	299.3328322700289	522.885699878066	1.2007129131075318	94.4	1940.8064494132996	43:47
42.8%	1070000	2139.9999999632196	-4253407.5025634365	180711.5370234248	-4072695.965540012	300.5687391992176	522.7738363773537	1.2009698424725157	94.4	1949.9687581062317	43:38
43.0%	1075000	2149.999999962983	-4253220.720988468	180798.53164774386	-4072422.1893407246	300.7134331406193	522.2884478596357	1.202085963217768	94.4	1959.1257076263428	43:29
43.2%	1080000	2159.9999999627466	-4252524.870022096	180775.8819469133	-4071748.9880751823	300.6757609912147	522.2884478596357	1.202085963217768	94.4	1968.2334892749786	43:19
43.4%	1085000	2169.99999996251	-4253668.130091427	180675.85433714022	-4072992.275754287	300.5093899169058	522.047981174688	1.2026396702275084	94.4	1977.3702080249786	43:10
43.6%	1090000	2179.9999999622737	-4253795.913291259	180125.77716109398	-4073670.136130165	299.5944732160144	521.7139248811188	1.2034097270183577	94.4	1986.5445737838745	43:01
43.8%	1095000	2189.9999999620372	-4255000.214447545	179579.1329170211	-4075421.081530524	298.68526634445647	521.7139248811188	1.2034097270183577	94.4	1995.7089550495148	42:52
44.0%	1100000	2199.9999999618008	-4253115.970055499	181034.9720950063	-4072080.997960493	301.10669307465525	521.8511428701065	1.203093296816133	94.3	2005.7774708271027	42:44
44.2%	1105000	2209.9999999615643	-4255008.834741132	180144.1724873703	-4074864.662253762	299.6250692704617	522.338457732914	1.2019708727705682	94.3	2014.8587856292725	42:35
44.4%	1110000	2219.999999961328	-4254007.361822866	180718.16235694458	-4073289.199465921	300.5797587952855	522.338457732914	1.2019708727705682	94.3	2024.0128800868988	42:26
44.6%	1115000	2229.9999999610914	-4254788.533876111	180492.7651745109	-4074295.7687016	300.20486658829617	522.3398746537792	1.2019676122543954	94.3	2033.0565071105957	42:16
44.8%	1120000	2239.999999960855	-4254209.051182295	180693.30999844644	-4073515.7411838486	300.5384230721604	522.3398746537792	1.2019676122543954	94.3	2042.226479768753	42:07
45.0%	1125000	2249.9999999606184	-4254542.2271168325	179903.82974126597	-4074638.3973755664	299.2253188319334	522.0031598039398	1.2027429338908089	94.3	2051.393187522888	41:58
45.2%	1130000	2259.999999960382	-4254133.62270358	180530.76045640686	-4073602.862247173	300.26806229878093	522.3081060909615	1.2020407200295755	94.3	2060.5729217529297	41:49
45.4%	1135000	2269.9999999601455	-4253929.443221533	179814.50329056807	-4074114.9399309647	299.0767464767553	521.9083291560968	1.202961472061667	94.3	2069.613170862198	41:40
45.6%	1140000	2279.999999959909	-4254857.201518006	180635.66964598733	-4074221.5318720182	300.44255266813974	522.2453190589779	1.202185235578839	94.3	2078.7773060798645	41:30
45.8%	1145000	2289.9999999596726	-4254211.244179894	179847.65525902002	-4074363.588920874	299.1318865387774	521.7993026663836	1.2032128228509242	94.3	2087.9241814613342	41:21
46.0%	1150000	2299.999999959436	-4254737.186323036	180312.61155235805	-4074424.5747706783	299.9052258018552	521.3317229160958	1.20429197826488	94.3	2098.074762582779	41:13
46.2%	1155000	2309.9999999591996	-4254629.730409936	178992.31106907327	-4075637.419340863	297.7092340120583	521.2176697361014	1.204555502196892	94.3	2107.144599676132	41:04
46.4%	1160000	2319.999999958963	-4255026.226483582	180396.16497556673	-4074630.061508015	300.04419616026877	521.192562739944	1.2046135282942059	94.3	2116.315999031067	40:55
46.6%	1165000	2329.9999999587267	-4254215.885118613	180105.71021984896	-4074110.174898764	299.56109684542434	521.3580117067071	1.2042312534290847	94.3	2125.484136581421	40:46
46.8%	1170000	2339.99999995849	-4255543.927913395	179405.2359980149	-4076138.69191538	298.39603202905386	521.3767707846118	1.2041879253232612	94.3	2134.533129930496	40:36
47.0%	1175000	2349.9999999582537	-4255919.870084382	179285.47876045827	-4076634.3913239236	298.1968456212834	521.8631254093949	1.2030656724985775	94.3	2143.681691646576	40:27
47.2%	1180000	2359.9999999580173	-4254076.001394544	180065.81023473444	-4074010.1911598095	299.4947331344102	521.8631254093949	1.2030656724985775	94.3	2152.858319759369	40:18
47.4%	1185000	2369.999999957781	-4254017.438687172	180871.206389507	-4073146.232297665	300.8343095155491	521.5345178080045	1.2038236981161656	94.3	2161.914116859436	40:09
47.6%	1190000	2379.9999999575443	-4255927.253914881	180466.48981400585	-4075460.764100875	300.1611640549157	521.5267740236809	1.2038415728477156	94.3	2171.0814032554626	40:00
47.8%	1195000	2389.999999957308	-4256278.730135265	181201.28817196868	-4075077.441963296	301.383318542982	521.3487673022131	1.2042526065069263	94.3	2180.232961654663	39:50
48.0%	1200000	2399.9999999570714	-4254828.951680042	181243.44194545582	-4073585.509734586	301.4534308709397	521.1615454668108	1.2046852216628976	94.3	2190.251868247986	39:42
48.2%	1205000	2409.999999956835	-4255073.135186737	180794.59116957904	-4074278.5440171584	300.7068791343099	520.6565149417297	1.205853751764018	94.3	2199.328049659729	39:33
48.4%	1210000	2419.9999999565985	-4254257.19734352	180830.58719078504	-4073426.610152735	300.76674957140693	520.5928240686644	1.2060012794952661	94.3	2208.515499830246	39:24
48.6%	1215000	2429.999999956362	-4254852.594072805	180248.81973647562	-4074603.774336329	299.7991239669263	520.6039248879574	1.2059755639721386	94.3	2217.685616493225	39:15
48.8%	1220000	2439.9999999561255	-4255315.639810325	180889.98186612187	-4074425.657944203	300.86553785562603	520.8175462927966	1.2054809143659353	94.3	2226.868455886841	39:06
49.0%	1225000	2449.999999955889	-4255864.66520398	180252.18492755305	-4075612.480276427	299.8047211261114	521.0619213175753	1.2049155507953764	94.3	2235.9108805656433	38:56
49.2%	1230000	2459.9999999556526	-4254181.36815803	181144.8502929498	-4073036.5178650804	301.28944815474233	521.1588270305153	1.2046915054671072	94.3	2245.0838253498077	38:47
49.4%	1235000	2469.999999955416	-4255583.476210663	180965.47684394612	-4074617.999366717	300.99110499248	520.8333677856072	1.2054442951537272	94.3	2254.247353076935	38:38
49.6%	1240000	2479.9999999551796	-4256206.966661681	180732.91940013508	-4075474.0472615464	300.60430346984884	521.0022535059788	1.2050535438147745	94.3	2263.3093667030334	38:29
49.8%	1245000	2489.999999954943	-4254920.032864944	180429.96905727594	-4074490.063807668	300.10042085065925	520.9999801554753	1.2050588019897934	94.3	2272.469906806946	38:19
50.0%	1250000	2499.9999999547067	-4256681.784276007	180038.21093448263	-4076643.573341524	299.4488285562294	520.5316928973368	1.2061429121217595	94.3	2282.488912820816	38:11
50.2%	1255000	2509.9999999544702	-4256594.732946245	180562.60861925874	-4076032.1243269863	300.3210338041528	520.2070262638082	1.2068956784994946	94.3	2291.6669476032257	38:02
50.4%	1260000	2519.9999999542338	-4256024.092874695	181418.71111029835	-4074605.381764396	301.74494757631965	520.3540280973862	1.206554726247572	94.3	2300.8602261543274	37:53
50.6%	1265000	2529.9999999539973	-4256488.086140386	179827.83898618622	-4076660.2471541995	299.09892709280405	520.3540280973862	1.206554726247572	94.3	2309.919447660446	37:44
50.8%	1270000	2539.999999953761	-4255353.632204536	179900.86164467977	-4075452.7705598567	299.2203821407656	520.2592241047428	1.2067745901156042	94.3	2319.0941677093506	37:34
51.0%	1275000	2549.9999999535244	-4255069.131572439	181177.03475659955	-4073892.09681584	301.3429790129285	520.5088347614281	1.2061958798655699	94.3	2328.239399909973	37:25
51.2%	1280000	2559.999999953288	-4254971.912572658	180500.16845618794	-4074471.7441164698	300.21718010782155	520.7705614989824	1.2055896748766013	94.3	2337.309513568878	37:16
51.4%	1285000	2569.9999999530514	-4256130.363752818	179969.4879328032	-4076160.8758200146	299.33452491901284	520.7705614989824	1.2055896748766013	94.3	2346.4608738422394	37:07
51.6%	1290000	2579.999999952815	-4256748.341881056	179846.60756613803	-4076901.7343149185	299.13014396199566	520.5565266961628	1.206085371568719	94.3	2355.6453177928925	36:58
51.8%	1295000	2589.9999999525785	-4255221.262546981	179988.31058653927	-4075232.9519604417	299.3658317265085	520.6875125233876	1.2057819648491435	94.3	2364.6827857494354	36:48
52.0%	1300000	2599.999999952342	-4254564.020958807	180455.18096691108	-4074108.8399918964	300.1423545977606	520.8957808453	1.2052998603751854	94.2	2374.8212175369263	36:40
52.2%	1305000	2609.9999999521056	-4255872.387742007	180193.34260949361	-4075679.0451325136	299.7068515509753	520.6815970510917	1.2057956637581282	94.2	2383.9183356761932	36:31
52.4%	1310000	2619.999999951869	-4255141.25421486	180628.3485999805	-4074512.905614879	300.43037592721805	520.545323304811	1.2061113294360102	94.2	2393.115063905716	36:22
52.6%	1315000	2629.9999999516326	-4255454.584512945	180264.03221928995	-4075190.5522936555	299.8244261521376	520.6416455784729	1.2058881905716352	94.2	2402.1467111110687	36:12
52.8%	1320000	2639.999999951396	-4256007.918738984	181165.01745739268	-4074842.901281591	301.3229912217189	520.6331487421664	1.205907870906212	94.2	2411.315321445465	36:03
53.0%	1325000	2649.9999999511597	-4256180.270442589	181231.62828769416	-4074948.6421548952	301.433781786674	520.1965760737136	1.2069199237364778	94.2	2420.456902742386	35:54
53.2%	1330000	2659.999999950923	-4256413.762761093	180261.65111993143	-4076152.111641161	299.8204657850029	519.9719843623149	1.2074412291516639	94.2	2429.5463721752167	35:45
53.4%	1335000	2669.9999999506867	-4256908.777721995	180203.85666887852	-4076704.921053116	299.72433907626134	519.9719843623149	1.2074412291516639	94.2	2438.6969113349915	35:36
53.6%	1340000	2679.9999999504503	-4256568.835056768	179466.81257964083	-4077102.022477127	298.49844937223156	519.947971259322	1.2074969932130628	94.2	2447.8918266296387	35:27
53.8%	1345000	2689.999999950214	-4256684.010939685	180568.61092997764	-4076115.400009707	300.3310171565983	520.6255598781037	1.205925448742588	94.2	2457.0550870895386	35:17
54.0%	1350000	2699.9999999499773	-4257670.977495959	181107.22910620715	-4076563.7483897517	301.22687465859104	521.0524423898745	1.2049374704841875	94.2	2467.0950422286987	35:09
54.2%	1355000	2709.999999949741	-4256710.420618437	179827.57881893063	-4076882.8417995065	299.09849436921996	520.9545804195754	1.2051638194969052	94.2	2476.176342010498	35:00
54.4%	1360000	2719.9999999495044	-4256682.211512975	180737.07589550642	-4075945.135617469	300.6112167671061	520.3068436572902	1.2066641436229097	94.2	2485.3519377708435	34:50
54.6%	1365000	2729.999999949268	-4257072.172939381	179774.450092538	-4077297.722846843	299.0101279341261	520.7140307829178	1.2057205583242747	94.2	2494.5128121376038	34:41
54.8%	1370000	2739.9999999490315	-4257377.042083335	180320.99967696436	-4077056.042406371	299.91917736288275	520.0706515908497	1.2072121547377652	94.2	2503.696148633957	34:32
55.0%	1375000	2749.999999948795	-4255401.2719753245	180291.76057739643	-4075109.511397928	299.8705453859918	520.0706515908497	1.2072121547377652	94.2	2512.7349569797516	34:23
55.2%	1380000	2759.9999999485585	-4255953.276922965	180000.92403907215	-4075952.352883893	299.3868110706456	519.4946127865669	1.2085507654355754	94.2	2521.928833961487	34:14
55.4%	1385000	2769.999999948322	-4257246.446313125	180914.45807176887	-4076331.9882413563	300.90624794194855	519.3294599334392	1.2089350987393068	94.2	2531.1017322540283	34:05
55.6%	1390000	2779.9999999480856	-4257028.1504505435	180194.13797337856	-4076834.012477165	299.70817444116835	519.3294599334392	1.2089350987393068	94.2	2540.178594827652	33:55
55.8%	1395000	2789.999999947849	-4257817.939332057	181446.9008892073	-4076371.0384428496	301.7918342690263	519.0187185969039	1.2096588994326272	94.2	2549.3304591178894	33:46
56.0%	1400000	2799.9999999476127	-4257563.090830075	181442.99370458449	-4076120.09712549	301.7853356382513	519.3407751583096	1.208908758861619	94.2	2559.353718519211	33:38
56.2%	1405000	2809.999999947376	-4257110.353850305	181309.93208643358	-4075800.4217638713	301.56402069919324	519.6919761947407	1.2080917941430724	94.2	2568.549447774887	33:28
56.4%	1410000	2819.9999999471397	-4257236.226538509	180781.52375970886	-4076454.7027788004	300.6851447449401	520.1540822265488	1.2070185227334516	94.2	2577.744673728943	33:19
56.6%	1415000	2829.9999999469032	-4258031.216201771	180654.10664591542	-4077377.1095558554	300.47321803635185	520.2115920375167	1.2068850858624944	94.2	2586.7867403030396	33:10
56.8%	1420000	2839.999999946667	-4257094.406139175	180896.74538138308	-4076197.660757792	300.8767872826859	520.1070959964593	1.2071275642183072	94.2	2595.9607667922974	33:01
57.0%	1425000	2849.9999999464303	-4258834.909835577	179121.76159420045	-4079713.1482413765	297.9245427951445	519.7602019223635	1.2079332153573445	94.2	2605.117060661316	32:52
57.2%	1430000	2859.999999946194	-4257812.776196388	179431.5265687961	-4078381.2496275916	298.4397598609493	519.6480012900599	1.208194028196434	94.2	2614.187351703644	32:42
57.4%	1435000	2869.9999999459574	-4258263.439680087	179946.61343232763	-4078316.8262477596	299.2964788712563	519.7368059468679	1.2079875905248976	94.2	2623.3407402038574	32:33
57.6%	1440000	2879.999999945721	-4257368.105025879	179688.1573336953	-4077679.947692184	298.8666013715469	520.1430470378787	1.2070441304527175	94.2	2632.5242710113525	32:24
57.8%	1445000	2889.9999999454844	-4256895.576801575	179778.9414285527	-4077116.635373022	299.01759815559336	520.1466725526006	1.2070357171406731	94.2	2641.559057712555	32:15
58.0%	1450000	2899.999999945248	-4258376.805369473	179137.95741088982	-4079238.8479585834	297.9514805119212	520.0228275563037	1.20732317631746	94.2	2651.5741832256317	32:06
58.2%	1455000	2909.9999999450115	-4256989.752771852	180237.27245556758	-4076752.480316284	299.7799179343681	519.9417122466832	1.2075115289557503	94.2	2660.7689571380615	31:57
58.4%	1460000	2919.999999944775	-4258049.915110004	179284.7017312516	-4078765.2133787526	298.1955532262719	519.9417122466832	1.2075115289557503	94.2	2669.9832367897034	31:48
58.6%	1465000	2929.9999999445386	-4257337.573175032	180433.17745863454	-4076904.395716397	300.10575722910573	520.6949568163087	1.2057647259763105	94.2	2679.020467042923	31:39
58.8%	1470000	2939.999999944302	-4258683.805705208	179760.56557119693	-4078923.2401340115	298.9870344828577	520.4824456653547	1.206257035470763	94.2	2688.20370054245	31:29
59.0%	1475000	2949.9999999440656	-4257126.818358927	180172.843394034	-4076953.974964893	299.6727561996393	520.7431471454036	1.2056531427528454	94.2	2697.372219800949	31:20
59.2%	1480000	2959.999999943829	-4257130.208746817	180454.93842822628	-4076675.2703185906	300.14195119492365	520.8823163131595	1.205331016738534	94.2	2706.4337825775146	31:11
59.4%	1485000	2969.9999999435927	-4259690.071555377	179677.0013437565	-4080013.0702116205	298.8480461542893	520.5345720441738	1.206136240782838	94.2	2715.571534872055	31:02
59.6%	1490000	2979.999999943356	-4259118.467092506	180363.9075918218	-4078754.559500684	299.9905440176232	520.6338256223909	1.2059063030956896	94.2	2724.7499759197235	30:53
59.8%	1495000	2989.9999999431197	-4257442.21123547	180639.82327577335	-4076802.387959697	300.4494611992078	520.56142265117	1.2060740281624325	94.2	2733.791412115097	30:43
60.0%	1500000	2999.9999999428833	-4259257.542399727	180440.77748889482	-4078816.764910832	300.1183979910118	519.9461699004321	1.2075011765988999	94.2	2743.835119485855	30:35
60.2%	1505000	3009.999999942647	-4258224.228953521	180045.58193505128	-4078178.6470184694	299.4610883841521	520.1139596066527	1.207111634530397	94.2	2753.012289047241	30:26
60.4%	1510000	3019.9999999424103	-4258806.209544668	181819.87003721853	-4076986.3395074494	302.412175772532	520.1139596066527	1.207111634530397	94.2	2762.2151231765747	30:17
60.6%	1515000	3029.999999942174	-4257884.809027037	181114.49770794492	-4076770.311319092	301.2389641715024	520.1212517648638	1.207094710690066	94.2	2771.254139184952	30:07
60.8%	1520000	3039.9999999419374	-4258228.526740989	180447.25688463202	-4077781.2698563566	300.12917485584063	520.6523712648523	1.2058633487015995	94.2	2780.438175678253	29:58
61.0%	1525000	3049.999999941701	-4258514.999545484	179938.4774264718	-4078576.522119012	299.28294664712445	519.883951473945	1.207645687355534	94.2	2789.6087012290955	29:49
61.2%	1530000	3059.9999999414645	-4260107.131748311	180387.67067389042	-4079719.4610744207	300.03006800006784	519.6760154079187	1.2081288982137164	94.2	2798.695116996765	29:40
61.4%	1535000	3069.999999941228	-4259073.740267907	181256.9208447604	-4077816.819423147	301.475849670738	519.5789182960633	1.2083546691652216	94.2	2807.8493638038635	29:30
61.6%	1540000	3079.9999999409915	-4259394.784245444	179429.5209195438	-4079965.263325901	298.43642396177563	519.5789182960633	1.2083546691652216	94.2	2817.0319769382477	29:21
61.8%	1545000	3089.999999940755	-4258440.922283158	180096.78576312592	-4078344.136520032	299.54625322918673	519.9528736572695	1.207485608275925	94.2	2826.0656583309174	29:12
62.0%	1550000	3099.9999999405186	-4259476.512511411	180009.6739574551	-4079466.838553956	299.4013643857231	519.5295061130921	1.2084695951536482	94.1	2836.2437267303467	29:03
62.2%	1555000	3109.999999940282	-4261191.912940566	179625.69614548743	-4081566.216795079	298.7627127051244	519.5212033431133	1.2084889084078725	94.1	2845.3233392238617	28:54
62.4%	1560000	3119.9999999400457	-4259866.519830745	180347.68482488536	-4079518.8350058594	299.963561475807	519.4306436661558	1.2086996013396172	94.1	2854.5373878479004	28:45
62.6%	1565000	3129.999999939809	-4260883.599719105	180695.7015246235	-4080187.8981944816	300.542400781717	519.06321372367	1.2095552050758498	94.1	2863.574708223343	28:36
62.8%	1570000	3139.9999999395727	-4258879.530812037	180027.92329527444	-4078851.607516763	299.43171762464704	519.5434089785433	1.2084372567775032	94.1	2872.758275747299	28:27
63.0%	1575000	3149.9999999393362	-4259935.473142109	179903.40241979316	-4080032.070722316	299.22460808884284	519.4717458828118	1.208603965276097	94.1	2881.896265268326	28:17
63.2%	1580000	3159.9999999391	-4259176.830857003	180355.33392022146	-4078821.496936782	299.97628384527525	519.4322275802398	1.208695915630067	94.1	2891.071788549423	28:08
63.4%	1585000	3169.9999999388633	-4258893.516132718	179465.45617005278	-4079428.059962665	298.4961933219183	519.4322275802398	1.208695915630067	94.1	2900.110234260559	27:59
63.6%	1590000	3179.999999938627	-4261372.926581112	181021.41880089356	-4080351.507780218	301.08415053757903	518.9066029347256	1.2099202599698662	94.1	2909.2821230888367	27:50
63.8%	1595000	3189.9999999383904	-4262235.9173853705	179901.52157884595	-4082334.3958065244	299.22147977727263	518.888107433089	1.2099633869597273	94.1	2918.4646418094635	27:41
64.0%	1600000	3199.999999938154	-4259361.615861214	181123.99937800493	-4078237.6164832087	301.2547678387018	519.3346154211629	1.2089230975172138	94.1	2928.503755569458	27:32
64.2%	1605000	3209.9999999379174	-4258900.952600768	181196.4293421047	-4077704.5232586632	301.3752370868102	519.4143735681427	1.2087374625579104	94.1	2937.5982949733734	27:23
64.4%	1610000	3219.999999937681	-4259395.767789858	180750.14547000176	-4078645.6223198567	300.63295475679195	519.6699981908328	1.2081428870409985	94.1	2946.770843744278	27:14
64.6%	1615000	3229.9999999374445	-4259071.8709026035	180613.609944781	-4078458.2609578227	300.40586183650873	519.3301494269413	1.2089334936853815	94.1	2955.9346837997437	27:04
64.8%	1620000	3239.999999937208	-4260517.803471035	180234.9046476266	-4080282.898823409	299.7759796742038	518.9324640030638	1.2098599634328455	94.1	2965.1337172985077	26:55
65.0%	1625000	3249.9999999369716	-4261126.44444877	180548.9788399005	-4080577.4656088697	300.29836405287546	519.2711708377735	1.2090708038151543	94.1	2974.1814193725586	26:46
65.2%	1630000	3259.999999936735	-4260887.2899556495	179921.56873352095	-4080965.7212221287	299.25482323782006	519.126873543876	1.2094068789713683	94.1	2983.3769495487213	26:37
65.4%	1635000	3269.9999999364986	-4260312.065691821	180690.94886277826	-4079621.1168290433	300.53449590966403	519.2304237905605	1.2091656866703755	94.1	2992.53169965744	26:28
65.6%	1640000	3279.999999936262	-4259676.272822628	180683.39268489837	-4078992.8801377295	300.52192808529634	519.0436001713533	1.2096009115912307	94.1	3001.6379866600037	26:18
65.8%	1645000	3289.9999999360257	-4259497.98402585	180179.95879855566	-4079318.0252272943	299.6845909070476	518.7355889148677	1.210319140115718	94.1	3010.806479692459	26:09
66.0%	1650000	3299.999999935789	-4260070.230246073	180430.03368481947	-4079640.196561253	300.10052834251945	519.0832389415822	1.2095085427975456	94.1	3020.839265346527	26:00
66.2%	1655000	3309.9999999355528	-4260562.066363195	180173.0376673943	-4080389.028695801	299.67307932510175	518.774544625985	1.2102282550804546	94.1	3030.0381767749786	25:51
66.4%	1660000	3319.9999999353163	-4259696.731970232	180029.7926915224	-4079666.9392787097	299.43482690080384	519.0329000000038	1.2096258482320843	94.1	3039.122493505478	25:42
66.6%	1665000	3329.99999993508	-4260254.5665049385	179673.23553597438	-4080581.330968964	298.8417826687599	518.9130884106355	1.2099051381529873	94.1	3048.281900405884	25:33
66.8%	1670000	3339.9999999348433	-4261228.542048794	179391.03389262455	-4081837.5081561697	298.3724103556319	518.9144850826087	1.2099018816615126	94.1	3057.480185985565	25:24
67.0%	1675000	3349.999999934607	-4261368.184827394	180186.8688426936	-4081181.3159847003	299.6960840484848	518.650845235985	1.2105168972340137	94.1	3066.646547794342	25:14
67.2%	1680000	3359.9999999343704	-4260204.129225273	178562.4015031064	-4081641.727722166	296.99418627166085	518.2025501962197	1.2115641107615749	94.1	3075.732983112335	25:05
67.4%	1685000	3369.999999934134	-4259959.283677056	179726.76152545784	-4080232.5221515987	298.9308098522947	518.2142863139567	1.2115366721914207	94.1	3084.913163661957	24:56
67.6%	1690000	3379.9999999338975	-4259469.477474859	180795.31158859248	-4078674.1658862666	300.7080773723313	519.1317356986334	1.2093955517436035	94.1	3094.0969729423523	24:47
67.8%	1695000	3389.999999933661	-4259758.271545142	179983.41671093853	-4079774.8548342036	299.3576919804616	519.5952563025909	1.2083166740021922	94.1	3103.141273498535	24:38
68.0%	1700000	3399.9999999334245	-4260989.592826388	179449.51478275275	-4081540.078043635	298.46967878521093	519.8587062772394	1.2077043326231032	94.1	3113.304877758026	24:29
68.2%	1705000	3409.999999933188	-4260065.256015877	181610.9140672078	-4078454.3419486694	302.06462943714706	519.7574417620294	1.207939630059818	94.1	3122.393010854721	24:20
68.4%	1710000	3419.9999999329516	-4260102.473650779	179791.0099406142	-4080311.4637101647	299.0376711266614	519.6411770902895	1.2082098948324385	94.1	3131.5747232437134	24:10
68.6%	1715000	3429.999999932715	-4260784.83559287	179984.94806181127	-4080799.8875310584	299.3602390021331	519.1953710075222	1.2092473218790833	94.1	3140.621969938278	24:01
68.8%	1720000	3439.9999999324787	-4260940.025283384	179450.35159825833	-4081489.673685126	298.47107061987515	518.576132907853	1.210691298888653	94.1	3149.815542936325	23:52
69.0%	1725000	3449.999999932242	-4261116.164663588	180831.57075453462	-4080284.593909053	300.76838548531157	518.5835939436894	1.210673880267483	94.1	3158.979080438614	23:43
69.2%	1730000	3459.9999999320057	-4260188.419408825	179582.4163076712	-4080606.003101154	298.69072744895624	518.6797078990788	1.2104495363158168	94.1	3168.206995010376	23:34
69.4%	1735000	3469.9999999317693	-4261909.486644679	181155.44246450378	-4080754.044180175	301.3070656002126	518.1730232081774	1.211633149166526	94.1	3177.2778658866882	23:24
69.6%	1740000	3479.999999931533	-4260982.515993757	181314.71163717847	-4079667.8043565787	301.57197029424947	518.0984461595046	1.211807556221804	94.1	3186.484483718872	23:15
69.8%	1745000	3489.9999999312963	-4262910.518974618	180597.39630828323	-4082313.1226663347	300.3788944809086	517.8938539757644	1.2122862766242515	94.1	3195.6547627449036	23:06
70.0%	1750000	3499.99999993106	-4260274.917959363	179752.07287449876	-4080522.8450848646	298.97290899213914	518.373878237521	1.2111636760276459	94.1	3205.8344643115997	22:57
70.2%	1755000	3509.9999999308234	-4259992.701254862	179907.62030867685	-4080085.0809461856	299.231623498953	517.7668337211308	1.2125836786622288	94	3215.6186244487762	22:48
70.4%	1760000	3519.999999930587	-4261611.990115908	179052.27134466957	-4082559.7187712383	297.8089630317704	517.5639107228993	1.213059100364907	94	3224.6951475143433	22:39
70.6%	1765000	3529.9999999303504	-4260172.867164399	179621.15965988536	-4080551.707504513	298.75516738853713	517.8641148948378	1.2123558938822343	94	3233.8591973781586	22:30
70.8%	1770000	3539.999999930114	-4260578.99014553	179506.7321063748	-4081072.258039155	298.564845585874	517.8641148948378	1.2123558938822343	94	3243.0702435970306	22:21
71.0%	1775000	3549.9999999298775	-4260233.119133433	180900.48786416644	-4079332.631269267	300.8830119728755	517.7013466619064	1.2127370654356862	94	3252.1570239067078	22:12
71.2%	1780000	3559.999999929641	-4259832.481444793	181438.9912780813	-4078393.4901667116	301.77867859627366	518.9036598627838	1.209927122288721	94	3261.3340249061584	22:02
71.4%	1785000	3569.9999999294046	-4260375.927740107	179644.08493296386	-4080731.8428071435	298.7932978839029	518.8032461142266	1.2101613022379407	94	3270.483555793762	21:53
71.6%	1790000	3579.999999929168	-4263041.554195933	180411.27100266787	-4082630.283193265	300.069321282853	518.8544455396787	1.210041886159093	94	3279.676929950714	21:44
71.8%	1795000	3589.9999999289316	-4260691.750710599	180716.40830492048	-4079975.3424056787	300.57684136558476	518.5911798460628	1.2106561706453014	94.1	3288.752420425415	21:35
72.0%	1800000	3599.999999928695	-4262339.923243774	180352.88353621887	-4081987.0397075554	299.9722082403507	518.2573910605855	1.2114359056954922	94	3298.7882063388824	21:26
72.2%	1805000	3609.9999999284587	-4261845.962715236	180241.00549237835	-4081604.957222857	299.7861269135295	518.4303742012094	1.2110316894341386	94	3307.988739967346	21:17
72.4%	1810000	3619.999999928222	-4262389.199115286	180738.2014307105	-4081650.997684575	300.6130888152486	518.2141488515422	1.2115369935658113	94	3317.1843750476837	21:08
72.6%	1815000	3629.9999999279858	-4260559.559119971	180306.62391390422	-4080252.9352060664	299.89526685307703	518.1682163883427	1.2116443889571373	94	3326.2441878318787	20:58
72.8%	1820000	3639.9999999277493	-4261317.11692282	180305.34351745577	-4081011.7734053642	299.8931372317339	518.1441143864516	1.211700749831541	94	3335.4341151714325	20:49
73.0%	1825000	3649.999999927513	-4262388.838012498	178967.85419717297	-4083420.983815325	297.6685560826194	518.3806291680004	1.2111479029039682	94	3344.613203048706	20:40
73.2%	1830000	3659.9999999272763	-4260967.088389576	180838.10518978754	-4080128.9831997887	300.7792538946987	518.8515840658985	1.2100485595571062	94	3353.6981480121613	20:31
73.4%	1835000	3669.99999992704	-4260744.286042907	181272.63220954518	-4079471.6538333623	301.5019816221465	518.2301777004278	1.2114995207511725	94	3362.855485200882	20:22
73.6%	1840000	3679.9999999268034	-4260255.837306113	179769.02498177966	-4080486.8123243335	299.0011046103942	518.3699601459738	1.2111728305900746	94	3372.0609669685364	20:12
73.8%	1845000	3689.999999926567	-4261393.41376076	180458.65678353314	-4080934.7569772266	300.14813575505127	518.4541532965909	1.2109761450087153	94	3381.1261701583862	20:03
74.0%	1850000	3699.9999999263305	-4262562.287152857	178934.413344163	-4083627.8738086936	297.61293553291625	518.0132130049079	1.2120069453072326	94	3391.1603820323944	19:54
74.2%	1855000	3709.999999926094	-4262434.777124395	180551.07887309	-4081883.6982513047	300.3018569362765	517.8651046832034	1.2123535767232911	94	3400.37646985054	19:45
74.4%	1860000	3719.9999999258575	-4260702.539742601	180083.84434166655	-4080618.6954009347	299.5247283902331	518.032554112679	1.2119616941801317	94	3409.572320461273	19:36
74.6%	1865000	3729.999999925621	-4262508.652476004	180114.34706159806	-4082394.305414406	299.5754620856184	518.1008521263296	1.2118019288062796	94	3418.6476242542267	19:27
74.8%	1870000	3739.9999999253846	-4262503.430636977	180108.86163769773	-4082394.5689992793	299.56633844596126	518.0983101138291	1.2118078744262344	94	3427.84104681015	19:17
75.0%	1875000	3749.999999925148	-4261712.754479475	180642.91706433898	-4081069.8374151364	300.4546069477518	518.421913351774	1.2110514539474082	94	3437.015372991562	19:08
75.2%	1880000	3759.9999999249117	-4261522.943910727	180979.27423274654	-4080543.6696779807	301.01405352041735	518.0359981825931	1.2119536366690273	94	3446.1044867038727	18:59
75.4%	1885000	3769.999999924675	-4262524.261195323	179225.74834373585	-4083298.5128515875	298.09749891469335	518.5210440837034	1.2108199254136995	94	3455.2818174362183	18:50
75.6%	1890000	3779.9999999244387	-4262526.827839493	179082.77678836707	-4083444.051051126	297.8597012574637	518.3443952868192	1.21123256589947	94	3464.4676265716553	18:41
75.8%	1895000	3789.9999999242023	-4261596.781351273	179999.1638305376	-4081597.617520735	299.3838834011195	518.5561563599952	1.210737938837628	94	3473.6507737636566	18:31
76.0%	1900000	3799.999999923966	-4261252.786472003	178842.78740049666	-4082409.9990715063	297.46053854255604	518.5066485213723	1.2108535420196922	94	3483.7014105319977	18:23
76.2%	1905000	3809.9999999237293	-4262708.465758915	180620.22456359887	-4082088.2411953164	300.4168636113324	518.2603489849306	1.2114289915339804	94	3492.790641784668	18:13
76.4%	1910000	3819.999999923493	-4260486.207458054	180197.91041240114	-4080288.2970456528	299.7144489561185	518.1810253914622	1.211614438117571	94	3502.0150101184845	18:04
76.6%	1915000	3829.9999999232564	-4261886.796399043	180750.02953681175	-4081136.7668622313	300.6327619307371	518.1810253914622	1.211614438117571	94	3511.0810599327087	17:55
76.8%	1920000	3839.99999992302	-4263328.452624739	180309.48452090722	-4083018.968103832	299.90002476203176	517.903412974687	1.2122639013262293	94	3520.2712490558624	17:46
77.0%	1925000	3849.9999999227834	-4262123.840163868	179791.7273004779	-4082332.11286339	299.0388642765474	517.903412974687	1.2122639013262293	94	3529.4379546642303	17:36
77.2%	1930000	3859.999999922547	-4263060.6098282775	180246.58713575514	-4082814.0226925225	299.79541059037746	517.8121962664972	1.2124774511872283	94	3538.632631778717	17:27
77.4%	1935000	3869.9999999223105	-4261469.0312858345	179633.27778461654	-4081835.753501218	298.7753228779536	518.1687491318235	1.2116431432323609	94	3547.6959228515625	17:18
77.6%	1940000	3879.999999922074	-4262212.3854687875	180776.8723223199	-4081435.5131464675	300.6774082346182	518.1543407474128	1.2116768355491154	94	3556.8752019405365	17:09
77.8%	1945000	3889.9999999218376	-4262433.234568777	180981.6505244059	-4081451.584044371	301.0180058911391	518.1711662393229	1.2116374912935441	94	3566.0490233898163	17:00
78.0%	1950000	3899.999999921601	-4261760.099037194	180968.31189336922	-4080791.7871438246	300.9958203927511	518.3572419536337	1.2112025474103867	94	3576.1305775642395	16:51
78.2%	1955000	3909.9999999213646	-4263091.036469937	179306.83228447303	-4083784.2041854644	298.23236190262486	517.4502022682886	1.2133256672249626	94	3585.2557985782623	16:42
78.4%	1960000	3919.999999921128	-4262443.068385187	181458.139595813	-4080984.9287893735	301.8105270649061	517.8587701719201	1.2123684063792772	94	3594.459210395813	16:32
78.6%	1965000	3929.9999999208917	-4263340.013607616	180406.65614560456	-4082933.3574620113	300.0616456148135	517.7262758346242	1.2126786706174653	94	3603.637971639633	16:23
78.8%	1970000	3939.9999999206552	-4262143.009910181	180183.83058178175	-4081959.1793283992	299.6910306563955	517.5915409183302	1.212994344553881	94	3612.742460012436	16:14
79.0%	1975000	3949.9999999204188	-4263582.201018261	180156.62668835357	-4083425.574329907	299.6457837392164	517.7142771128904	1.212706776069767	94	3621.9104244709015	16:05
79.2%	1980000	3959.9999999201823	-4263628.454568747	181673.60827730165	-4081954.8462914457	302.1689056775764	517.4684919472006	1.213282782803564	94	3631.1058869361877	15:56
79.4%	1985000	3969.999999919946	-4262133.239739936	179739.02560122192	-4082394.214138714	298.95120809498894	517.5078333711309	1.213190547924732	94	3640.1661174297333	15:46
79.6%	1990000	3979.9999999197094	-4262395.674598468	180955.3746723354	-4081440.299926132	300.97430254016166	517.6641659722588	1.2128241690125185	94	3649.3767092227936	15:37
79.8%	1995000	3989.999999919473	-4261966.508876283	180275.3486599772	-4081691.1602163054	299.843248239347	517.4971784181954	1.213215526782065	94	3658.5682904720306	15:28
80.0%	2000000	3999.9999999192364	-4262703.732289857	179909.6222627489	-4082794.1100271083	299.2349532521125	516.9852217504401	1.2144169417398414	94	3668.6631853580475	15:19
80.2%	2005000	4009.999999919	-4262431.616196572	180537.50416785534	-4081894.1120287166	300.2792787871191	517.3937832013628	1.2134579739983422	94	3677.758094549179	15:10
80.4%	2010000	4019.9999999187635	-4262867.116567857	180484.0720366327	-4082383.044531224	300.19040771347954	517.5013716079638	1.213205696386992	94	3686.9463951587677	15:01
80.6%	2015000	4029.999999918527	-4261475.4194801	180109.9304769785	-4081365.489003122	299.568116194523	517.8965118366397	1.2122800551336823	94	3696.1203124523163	14:51
80.8%	2020000	4039.9999999182905	-4262745.162874946	180680.50362978637	-4082064.65924516	300.51712285998093	517.9411567030033	1.2121755604814302	94	3705.3143763542175	14:42
81.0%	2025000	4049.999999918054	-4262048.291944137	179485.43299575787	-4082562.858948379	298.52941980769936	518.0298691042099	1.211967975917165	94	3714.381593942642	14:33
81.2%	2030000	4059.9999999178176	-4261731.575815803	180700.33334020086	-4081031.2424756023	300.55010465603084	518.1695042742664	1.2116413774720147	94	3723.5678935050964	14:24
81.4%	2035000	4069.999999917581	-4262149.859864119	180743.43658145625	-4081406.4232826633	300.62179618770017	518.0450251709782	1.2119325182509941	94	3732.739171266556	14:15
81.6%	2040000	4079.9999999173447	-4262153.927531758	180762.754930022	-4081391.172601736	300.6539274603763	518.1688416792587	1.2116429268270963	94	3741.827385187149	14:05
81.8%	2045000	4089.999999917108	-4263244.448322583	180554.42561742	-4082690.022705163	300.3074234138808	518.2417731428277	1.2114724139573199	94	3750.9968132972717	13:56
82.0%	2050000	4099.999999917781	-4263483.980724577	179385.76603970444	-4084098.2146848724	298.3636485912389	518.2417731428277	1.2114724139573199	94	3761.041596889496	13:47
82.2%	2055000	4109.999999919818	-4263674.608520064	179841.17385559232	-4083833.434664471	299.1211063346543	518.1785524105505	1.2116202204861461	94	3770.255021572113	13:38
82.4%	2060000	4119.999999921855	-4263706.264651165	180283.33831995365	-4083422.926331212	299.856537053472	518.2536225190642	1.211444714792646	94	3779.453064918518	13:29
82.6%	2065000	4129.999999923893	-4261520.661176706	180898.50222061807	-4080622.1589560877	300.87970934821936	518.5182467761857	1.2108264575573626	94	3788.5210678577423	13:20
82.8%	2070000	4139.99999992593	-4261881.309365065	179598.0812221307	-4082283.228142934	298.71678214179053	517.4035528596412	1.2134350613807623	94	3797.7161149978638	13:10
83.0%	2075000	4149.999999927967	-4261926.2699722275	179077.48154766392	-4082848.7884245636	297.8508939402989	517.4358480963386	1.2133593260549855	94	3806.914535999298	13:01
83.2%	2080000	4159.999999930004	-4263786.5093659945	180330.93912061455	-4083455.57024538	299.9357091576729	516.9862391348354	1.214414551871887	94	3816.015600204468	12:52
83.4%	2085000	4169.999999932042	-4264573.504999044	180488.75785120006	-4084084.747147844	300.1982014016958	516.9862391348354	1.214414551871887	94	3825.210136651993	12:43
83.6%	2090000	4179.999999934079	-4262566.4012369495	179706.02829369667	-4082860.372943253	298.89632527298875	517.689146594477	1.2127656452776043	94	3834.4174523353577	12:34
83.8%	2095000	4189.999999936116	-4263030.617226224	179829.9870306592	-4083200.630195565	299.10249983104546	517.6728897047053	1.2128037307130335	94	3843.495239496231	12:24
84.0%	2100000	4199.999999938153	-4262702.954200296	180532.69065268018	-4082170.2635476156	300.27127270067245	517.6626822732777	1.2128276451487081	93.9	3853.673430919647	12:15
84.2%	2105000	4209.999999940191	-4263782.881984821	179160.75627314515	-4084622.1257116753	297.9894007542928	517.6539760695	1.2128480431850681	93.9	3862.7792756557465	12:06
84.4%	2110000	4219.999999942228	-4264737.435987355	179950.45391767603	-4084786.982069679	299.3028665643615	517.5289652963519	1.2131410105004397	93.9	3871.983276605606	11:57
84.6%	2115000	4229.999999944265	-4263780.6730516385	180707.27182270872	-4083073.40122893	300.5616450976301	517.5945110908555	1.2129873838879577	93.9	3881.0568413734436	11:48
84.8%	2120000	4239.9999999463025	-4264173.195702896	180157.08524339666	-4084016.1104595	299.64654643159025	517.58617824151	1.2130069123096057	93.9	3890.245039463043	11:38
85.0%	2125000	4249.99999994834	-4262247.585941037	180382.443780152	-4081865.142160885	300.0213743610962	517.5057096445278	1.2131955265848575	93.9	3899.4136452674866	11:29
85.2%	2130000	4259.999999950377	-4262231.522134652	180671.43973867997	-4081560.082395972	300.50204732929285	517.3187994626213	1.2136338609287816	93.9	3908.496810436249	11:20
85.4%	2135000	4269.999999952414	-4265466.012187202	180353.57453616906	-4085112.4376510335	299.97335754707035	517.0635399787454	1.2142329972611707	93.9	3917.670220375061	11:11
85.6%	2140000	4279.999999954452	-4263932.941414461	180776.31451672062	-4083156.6268977397	300.6764804636056	517.4701216917568	1.213278961634133	93.9	3926.8674080371857	11:02
85.8%	2145000	4289.999999956489	-4264013.250930446	179623.18385228663	-4084390.0670781597	298.7585341296317	518.0895228674738	1.2118284277357647	94	3936.0508983135223	10:52
86.0%	2150000	4299.999999958526	-4264484.265488194	178731.66674232137	-4085752.5987458727	297.27571693859613	517.7450400883116	1.212634720393987	93.9	3946.093448638916	10:43
86.2%	2155000	4309.999999960563	-4265000.165172316	180346.16346024477	-4084654.0017120712	299.96103106375136	517.712412606107	1.2127111435524758	93.9	3955.216187953949	10:34
86.4%	2160000	4319.999999962601	-4264285.029469514	180123.624958267	-4084161.4045112473	299.59089356138435	517.4296019500442	1.213373973110024	93.9	3964.4061195850372	10:25
86.6%	2165000	4329.999999964638	-4264137.245547544	179059.0596309471	-4085078.185916597	297.82025365926086	517.3809184875396	1.2134881467183136	93.9	3973.6151609420776	10:16
86.8%	2170000	4339.999999966675	-4263008.704516657	180497.62184257136	-4082511.082674085	300.212944448845	517.8326518191474	1.2124295556050302	93.9	3982.832051038742	10:07
87.0%	2175000	4349.9999999687125	-4263856.104428646	180770.22732897403	-4083085.8770996723	300.6663559393146	517.670691915426	1.2128088797142786	93.9	3991.8817489147186	9:57
87.2%	2180000	4359.99999997075	-4263379.1367609585	179942.1014241296	-4083437.035336829	299.28897426674854	517.111678874214	1.2141199620354786	93.9	4001.0763552188873	9:48
87.4%	2185000	4369.999999972787	-4264358.460614661	179829.17066571047	-4084529.2899489505	299.1011420108011	517.2132303340959	1.213881577463342	93.9	4010.2674236297607	9:39
87.6%	2190000	4379.999999974824	-4264052.851368631	180626.01086141888	-4083426.8405072126	300.4264876799948	517.2206574732168	1.2138641464748041	93.9	4019.382139444351	9:30
87.8%	2195000	4389.999999976862	-4264114.925583589	181393.5874723712	-4082721.3381112176	301.70316064727103	517.0195642843414	1.214336275246979	93.9	4028.5582218170166	9:21
88.0%	2200000	4399.999999978899	-4263869.749386904	180887.34908744213	-4082982.4002994616	300.8611588824769	516.7468196569199	1.2149772152244647	93.9	4038.592524290085	9:11
88.2%	2205000	4409.999999980936	-4264854.7383627985	180319.48365602762	-4084535.2547067706	299.91665583875067	516.796027680865	1.2148615281357544	93.9	4047.8159832954407	9:02
88.4%	2210000	4419.999999982973	-4264050.10481575	180254.6867123642	-4083795.418103386	299.80888222350904	517.1760144982799	1.2139689280291468	93.9	4057.0315334796906	8:53
88.6%	2215000	4429.999999985011	-4263851.515077797	179714.67563772423	-4084136.8394400724	298.91070798111355	517.1698094395423	1.2139834933583027	93.9	4066.108678817749	8:44
88.8%	2220000	4439.999999987048	-4264173.436299043	180213.48750835418	-4083959.9487906885	299.7403575846882	517.2456762585442	1.2138054327766694	93.9	4075.346940279007	8:35
89.0%	2225000	4449.999999989085	-4263696.255445946	180162.22362951888	-4083534.031816427	299.6550928601344	516.8727170566011	1.2146812768492692	93.9	4084.543300151825	8:25
89.2%	2230000	4459.999999991122	-4263398.964943148	180723.33532728697	-4082675.629615861	300.58836274608655	516.8727170566011	1.2146812768492692	93.9	4093.6430399417877	8:16
89.4%	2235000	4469.99999999316	-4265202.201905845	180550.11438134284	-4084652.087524502	300.30025274390897	517.0865498818247	1.2141789649457122	93.9	4102.829893350601	8:07
89.6%	2240000	4479.999999995197	-4264904.348106675	179862.08000702446	-4085042.2680996503	299.1558785228664	516.7547872813674	1.2149584820024386	93.9	4112.026166200638	7:58
89.8%	2245000	4489.999999997234	-4264933.390126349	180969.83850569176	-4083963.5516206576	300.99835953302176	516.1340410269567	1.2164196933681277	93.9	4121.115329027176	7:49
90.0%	2250000	4499.9999999992715	-4264811.515603122	180570.5453650308	-4084240.9702380914	300.3342346086468	516.1340410269567	1.2164196933681277	93.9	4131.178246974945	7:40
90.2%	2255000	4510.000000001309	-4263597.393007385	179917.74701140667	-4083679.645995978	299.24846675269254	516.3713586331629	1.2158606425901441	93.9	4140.411794900894	7:30
90.4%	2260000	4520.000000003346	-4262120.692509107	179776.71469938438	-4082343.977809723	299.0138945449126	516.322917053517	1.2159747150208091	93.9	4149.636907339096	7:21
90.6%	2265000	4530.000000005383	-4264022.772647619	179713.71928376198	-4084309.0533638573	298.9091173239292	516.322917053517	1.2159747150208091	93.9	4158.7325091362	7:12
90.8%	2270000	4540.000000007421	-4262607.157714425	180068.35765646823	-4082538.8000579565	299.4989701374889	516.248692419263	1.2161495440902284	93.9	4167.9569709300995	7:03
91.0%	2275000	4550.000000009458	-4263959.745221758	181132.50925567097	-4082827.2359660873	301.26892190569146	516.248692419263	1.2161495440902284	93.9	4177.1592564582825	6:54
91.2%	2280000	4560.000000011495	-4263437.276354689	180296.32888866193	-4083140.947466027	299.87814363666223	516.982349547178	1.214423688686434	93.9	4186.25373339653	6:44
91.4%	2285000	4570.000000013532	-4264350.516238064	180337.4093538597	-4084013.106884204	299.9464707829728	516.9151349841593	1.2145816004054575	93.9	4195.4326939582825	6:35
91.6%	2290000	4580.00000001557	-4265250.079955067	179272.63789681927	-4085977.4420582475	298.1754880352777	517.0322125967599	1.2143065685783883	93.9	4204.6399183273315	6:26
91.8%	2295000	4590.000000017607	-4264103.273222437	180058.41489139808	-4084044.858331039	299.48243281834203	517.3819523797938	1.2134857217864239	93.9	4213.708498477936	6:17
92.0%	2300000	4600.000000019644	-4263078.016219645	179374.8351138788	-4083703.181105766	298.3454677122104	517.597703258782	1.2129799030598982	93.9	4223.733587026596	6:08
92.2%	2305000	4610.000000021681	-4264464.007753689	180818.94982612232	-4083645.0579275666	300.7473937069066	517.1345587102486	1.214066245134935	93.9	4232.936993837357	5:58
92.4%	2310000	4620.000000023719	-4264016.120196514	181172.3192465191	-4082843.800949995	301.33513593360493	517.078105673649	1.2141987932459823	93.9	4242.142617464066	5:49
92.6%	2315000	4630.000000025756	-4263871.657771196	180353.0690952385	-4083518.5886759576	299.9725168716727	517.078105673649	1.2141987932459823	93.9	4251.227232217789	5:40
92.8%	2320000	4640.000000027793	-4264279.609640313	180588.28454601008	-4083691.325094303	300.36373932842946	517.0892167355254	1.2141727028973823	93.9	4260.430452108383	5:31
93.0%	2325000	4650.0000000298305	-4264732.820431067	180291.40638777488	-4084441.414043292	299.86995627956435	516.624206790358	1.2152655715136358	93.9	4269.612683534622	5:22
93.2%	2330000	4660.000000031868	-4264074.0678058015	180711.38491812535	-4083362.682887676	300.5684862098466	516.473777523242	1.2156195323868302	93.9	4278.727483510971	5:12
93.4%	2335000	4670.000000033905	-4264884.946015335	180986.16106368764	-4083898.784951647	301.0255080524696	516.1763170410189	1.2163200658293105	93.9	4287.9260511398315	5:03
93.6%	2340000	4680.000000035942	-4264414.836119652	180807.7683075004	-4083607.0678121513	300.72879602902793	516.6177774683993	1.2152806955259432	93.9	4297.158174037933	4:54
93.8%	2345000	4690.00000003798	-4263099.78370682	180244.35194473815	-4082855.4317620816	299.791692905514	516.7461108877127	1.214978881687781	93.9	4306.251651287079	4:45
94.0%	2350000	4700.000000040017	-4265132.223932303	180165.80120580673	-4084966.4227264957	299.66104326934425	516.8465473007304	1.2147427804283135	93.8	4320.54612493515	4:36
94.2%	2355000	4710.000000042054	-4264586.599497425	180087.354232778	-4084499.2452646475	299.53056622197016	517.048081519331	1.2142692998260167	93.8	4329.659664154053	4:27
94.4%	2360000	4720.000000044091	-4264394.43880103	181360.40694393776	-4083034.031857092	301.6479730828163	516.7388518596941	1.2149959494304374	93.8	4338.872913122177	4:17
94.6%	2365000	4730.000000046129	-4265220.725915498	180923.8046262774	-4084296.921289221	300.92179361297076	516.4065058514012	1.2157778897222615	93.8	4347.9405562877655	4:08
94.8%	2370000	4740.000000048166	-4264174.550293449	180464.00446772133	-4083710.545825728	300.1570302989225	517.1107396406159	1.2141221672541542	93.8	4357.130175828934	3:59
95.0%	2375000	4750.000000050203	-4264387.85736541	181185.54037295378	-4083202.316992456	301.3571259922847	517.2470799678119	1.2138021387417657	93.8	4366.303781986237	3:50
95.2%	2380000	4760.0000000522405	-4265979.361588627	181600.30893157987	-4084379.0526570473	302.04699042916104	517.0256088257704	1.2143220784532436	93.8	4375.516830444336	3:41
95.4%	2385000	4770.000000054278	-4265213.9931948185	179836.43836224143	-4085377.5548325772	299.11323001812576	516.8804320632129	1.2146631464007152	93.8	4384.572798490524	3:31
95.6%	2390000	4780.000000056315	-4264631.365905574	180453.1347206148	-4084178.231184959	300.1389511754916	516.5975928336599	1.2153281792875505	93.8	4393.764107704163	3:22
95.8%	2395000	4790.000000058352	-4266387.830750116	180048.32420636207	-4086339.506543754	299.4656494710866	516.5755900791077	1.2153799443499012	93.8	4402.9578239917755	3:13
96.0%	2400000	4800.0000000603895	-4264150.177727634	179650.98524621228	-4084499.192481422	298.8047748404233	516.4436894679369	1.2156903544889612	93.8	4413.026075363159	3:04
96.2%	2405000	4810.000000062427	-4264862.123172478	180975.46188478384	-4083886.661287694	301.00771262686175	516.3310117821	1.2159556516969776	93.8	4422.160286903381	2:55
96.4%	2410000	4820.000000064464	-4264565.933577008	179875.95359320258	-4084689.979983805	299.17895378620824	516.4215948952288	1.2157423665643532	93.8	4431.367907047272	2:45
96.6%	2415000	4830.000000066501	-4266159.734796373	180798.53152482523	-4085361.203271548	300.71343293617474	516.3282759227578	1.215962094659303	93.8	4440.5785710811615	2:36
96.8%	2420000	4840.000000068539	-4263865.559833176	180731.2928212287	-4083134.267011948	300.6015980600053	517.0259055136098	1.2143213816320786	93.8	4449.801401138306	2:27
97.0%	2425000	4850.000000070576	-4265399.3148909295	180761.07631043464	-4084638.2385804947	300.6511354937909	517.0986545933739	1.214150542349735	93.8	4458.877697944641	2:18
97.2%	2430000	4860.000000072613	-4264951.743618169	182421.891140512	-4082529.8524776567	303.4134882895341	517.2316628963342	1.2138383184184467	93.8	4468.079938411713	2:08
97.4%	2435000	4870.00000007465	-4265682.670055686	180609.35493557574	-4085073.31512011	300.39878468596726	516.4967171422265	1.2155655420167513	93.8	4477.254633665085	1:59
97.6%	2440000	4880.000000076688	-4265622.48991934	181308.67078824423	-4084313.819131096	301.5619228430587	516.4967171422265	1.2155655420167513	93.8	4486.34827208519	1:50
97.8%	2445000	4890.000000078725	-4264349.146839647	179477.36146622163	-4084871.785373425	298.5159948239043	516.6759719460089	1.2151438154907468	93.8	4495.530786514282	1:41
98.0%	2450000	4900.000000080762	-4265189.456731796	179686.4271330755	-4085503.029598721	298.86372361273067	516.6832651161765	1.2151266632986344	93.8	4505.573147058487	1:32
98.2%	2455000	4910.0000000827995	-4265352.871198202	179169.2040815852	-4086183.6671166164	298.0034515845477	516.6882306321056	1.215114985597373	93.8	4514.805257320404	1:22
98.4%	2460000	4920.000000084837	-4265153.285494826	180652.31689609375	-4084500.9685987323	300.4702412322349	516.8034570340799	1.214844063787796	93.8	4523.897150278091	1:13
98.6%	2465000	4930.000000086874	-4265152.153053234	180208.70529618784	-4084943.4477570467	299.73240356301864	516.6742221733789	1.2151479307055155	93.8	4533.06444811821	1:04
98.8%	2470000	4940.000000088911	-4265877.408299215	181391.783737389	-4084485.624561826	301.7001605823146	516.8460219517032	1.2147440151557005	93.8	4542.257200956345	0:55
99.0%	2475000	4950.000000090949	-4265163.4602701245	180210.0109941622	-4084953.449275962	299.7345752671632	517.1304563398058	1.2140758762626682	93.8	4551.426134109497	0:46
99.2%	2480000	4960.000000092986	-4266429.49053335	181124.18992268335	-4085305.3006106666	301.2550847624284	517.1337509534117	1.2140681414921315	93.8	4560.505401849747	0:36
99.4%	2485000	4970.000000095023	-4264724.00770805	179988.6030970747	-4084735.4046109756	299.36631824510204	517.1337509534117	1.2140681414921315	93.8	4569.686309576035	0:27
99.6%	2490000	4980.00000009706	-4265816.571455017	180473.05660164708	-4085343.5148533694	300.17208627446195	517.1942011368557	1.2139262399748572	93.8	4578.881700992584	0:18
99.8%	2495000	4990.000000099098	-4264232.102755144	179447.29078806925	-4084784.811967075	298.4659797226662	517.0007722819929	1.2143804140787948	93.8	4587.945185661316	0:09
100.0%	2500000	5000.000000101135	-4265106.4320620075	179454.9838581896	-4085651.448203818	298.47877523326133	517.0007722819929	1.2143804140787948	93.8	4598.089234113693	0:00
