#"Progress (%)"	"Step"	"Time (ps)"	"Potential Energy (kJ/mole)"	"Kinetic Energy (kJ/mole)"	"Total Energy (kJ/mole)"	"Temperature (K)"	"Box Volume (nm^3)"	"Density (g/mL)"	"Speed (ns/day)"	"Elapsed Time (s)"	"Time Remaining"
0.2%	5000	10.000000000000009	-4660198.152892232	180251.09543764978	-4479947.057454582	299.3950843301979	642.2449954642908	0.9789878142098153	0	0.0008153915405273438	--
0.4%	10000	19.999999999999794	-4684226.139859313	182115.03658975087	-4502111.103269562	302.4910700553602	630.6879279392263	0.9969273176850243	102	8.465104818344116	1:10:15
0.6%	15000	29.99999999999425	-4699794.887980847	181608.41915056104	-4518186.468830286	301.64958406848666	616.8361437354761	1.0193144981569238	103	16.85847759246826	1:09:49
0.8%	20000	40.00000000000292	-4706362.884437574	182982.31589637004	-4523380.568541204	303.9316114318918	609.5221039798441	1.0315458950403715	102	25.448412895202637	1:10:07
1.0%	25000	50.00000000001514	-4718199.278848498	180446.7359389571	-4537752.542909541	299.7200410481867	601.3500945725509	1.0455640233060979	101	34.07725429534912	1:10:17
1.2%	30000	60.00000000002736	-4722458.698595494	181387.74018301556	-4541070.958412479	301.2830387338369	598.4702998650035	1.050595199859718	101	42.75598669052124	1:10:24
1.4%	35000	70.00000000001826	-4727260.8777196705	180880.91556391492	-4546379.962155756	300.4412086234132	597.3296358247015	1.0526014223766025	101	51.30042243003845	1:10:15
1.6%	40000	79.99999999999496	-4730989.715658109	180523.19725290543	-4550466.518405204	299.84704244854976	592.4704702446217	1.061234366730848	101	60.03746819496155	1:10:19
1.8%	45000	89.99999999997165	-4737982.113774578	181829.24442523633	-4556152.869349342	302.0163724176677	581.9263391559838	1.0804632510855365	101	68.76599597930908	1:10:20
2.0%	50000	99.99999999994834	-4739725.69701506	181270.76051630513	-4558454.936498755	301.08873679578403	580.4293361033267	1.083249906901415	99.2	78.42645144462585	1:11:09
2.2%	55000	109.99999999992504	-4745257.691201027	181095.7832918912	-4564161.907909135	300.79810155314055	570.3572401528651	1.102379316037548	99.1	87.18052959442139	1:11:03
2.4%	60000	119.99999999990173	-4748755.305116866	179727.69935815703	-4569027.605758709	298.5257292065724	566.1555425742022	1.1105605739333952	98.9	96.07311940193176	1:11:02
2.6%	65000	129.99999999989262	-4752180.455961774	180820.13763354637	-4571360.318328228	300.3402571504476	565.4343379482443	1.1119770804480749	98.8	104.91740703582764	1:10:57
2.8%	70000	139.99999999994037	-4752437.139678786	179949.07758539732	-4572488.062093388	298.893436003874	564.8542837367472	1.113118980239177	98.7	113.80077195167542	1:10:54
3.0%	75000	149.99999999998812	-4754398.388619547	180950.03042094494	-4573448.358198602	300.5560076397451	564.8542837367472	1.113118980239177	98.7	122.54024195671082	1:10:45
3.2%	80000	160.00000000003587	-4754679.896893531	180113.2739885926	-4574566.622904939	299.16616442120767	564.8542837367472	1.113118980239177	98.6	131.41544437408447	1:10:40
3.4%	85000	170.00000000008362	-4757394.197597438	180091.5197280888	-4577302.677869349	299.1300308341009	559.9907057586735	1.1227865352603492	98.5	140.29616355895996	1:10:35
3.6%	90000	180.00000000013137	-4759020.371743891	180347.95517422786	-4578672.416569663	299.55596728589137	557.8773540582995	1.127039876637604	98.5	149.13614630699158	1:10:28
3.8%	95000	190.0000000001791	-4760487.738410501	180922.92580439447	-4579564.8126061065	300.51098717017084	557.8773540582995	1.127039876637604	98.4	158.03852081298828	1:10:23
4.0%	100000	200.00000000022686	-4760471.423628593	180112.12209908784	-4580359.301529505	299.16425114542653	557.5840686761867	1.127632691854977	97.8	167.81903529167175	1:10:39
4.2%	105000	210.0000000002746	-4763395.684368015	179739.95567123278	-4583655.728696782	298.5460868076065	557.5840686761867	1.127632691854977	97.8	176.7745921611786	1:10:33
4.4%	110000	220.00000000032236	-4765486.890540474	181267.68784806848	-4584219.202692405	301.08363312768375	554.6323987766523	1.1336337828147203	97.7	185.73291659355164	1:10:27
4.6%	115000	230.0000000003701	-4765911.664264632	181724.48654811044	-4584187.177716522	301.8423707375103	554.0231852470829	1.13488034623744	97.7	194.55991005897522	1:10:18
4.8%	120000	240.00000000041786	-4769520.001088575	180022.6702550472	-4589497.330833528	299.0156726176511	549.8842421161842	1.1434225172139616	97.6	203.5337779521942	1:10:12
5.0%	125000	250.0000000004656	-4768554.64346635	181714.72706089795	-4586839.9164054515	301.8261603367363	549.8708235516718	1.1434504202925662	97.6	212.5324423313141	1:10:06
5.2%	130000	260.00000000051335	-4769791.17051025	180607.9520977037	-4589183.218412546	299.98781931231395	549.8708235516718	1.1434504202925662	97.6	221.41270279884338	1:09:57
5.4%	135000	270.0000000005611	-4771535.205821363	181547.66217501642	-4589987.543646347	301.54866740125277	548.6244893201358	1.1460480465900014	97.5	230.39199781417847	1:09:51
5.6%	140000	280.00000000060885	-4772458.14120567	180440.00231638085	-4592018.138889289	299.70885657524815	546.3876848381219	1.150739743490116	97.4	239.43762683868408	1:09:45
5.8%	145000	290.0000000006566	-4774509.887640256	181087.66914812464	-4593422.218492132	300.78462404970924	546.3876848381219	1.150739743490116	97.4	248.32483673095703	1:09:37
6.0%	150000	300.00000000070435	-4773815.374920658	180509.34326499086	-4593306.031655667	299.8240311272043	543.2736206408899	1.1573358256472197	97	258.3572578430176	1:09:47
6.2%	155000	310.0000000007521	-4775790.014349712	179930.6190796123	-4595859.3952701	298.8627766290574	542.6319926728306	1.1587043019703989	97	267.3169512748718	1:09:39
6.4%	160000	320.00000000079984	-4776414.947976198	180186.9454295238	-4596228.002546675	299.28853187321545	541.0579838175844	1.1620751252212544	96.9	276.3799328804016	1:09:32
6.6%	165000	330.0000000008476	-4775202.376171878	180241.46755259103	-4594960.9086192865	299.3790925191518	541.0579838175844	1.1620751252212544	96.9	285.3103082180023	1:09:23
6.8%	170000	340.00000000089534	-4778602.803999996	181625.54139760596	-4596977.26260239	301.67802393225276	540.8943195647995	1.162426746878517	96.9	294.35091638565063	1:09:16
7.0%	175000	350.0000000009431	-4778519.664193702	181070.02557371423	-4597449.638619987	300.7553182669307	540.8943195647995	1.162426746878517	96.8	303.37109088897705	1:09:09
7.2%	180000	360.00000000099084	-4778178.997558279	181551.5414855809	-4596627.456072698	301.5551108933756	540.8943195647995	1.162426746878517	96.8	312.42697620391846	1:09:01
7.4%	185000	370.0000000010386	-4779378.882139018	179726.35205657457	-4599652.530082443	298.52349135348237	540.0502489214282	1.1642435598400318	96.8	321.3453848361969	1:08:52
7.6%	190000	380.00000000108633	-4780457.0129680205	181532.72439258045	-4598924.28857544	301.52385590914355	537.4163750207103	1.1699495093958547	96.8	330.4145939350128	1:08:45
7.8%	195000	390.0000000011341	-4780786.68734336	180924.31506025433	-4599862.372283106	300.51329470885355	537.345701929602	1.1701033841695299	96.7	339.49080085754395	1:08:38
8.0%	200000	400.00000000118183	-4781443.42433876	179716.17437838452	-4601727.249960375	298.5065863421004	537.345701929602	1.1701033841695299	96.4	349.42642617225647	1:08:41
8.2%	205000	410.0000000012296	-4781921.783758524	180196.54118409898	-4601725.2425744245	299.30447031588216	537.345701929602	1.1701033841695299	96.4	358.4022147655487	1:08:32
8.4%	210000	420.00000000127733	-4781871.173437935	180764.6572912582	-4601106.516146678	300.2481049129385	537.345701929602	1.1701033841695299	96.4	367.48260402679443	1:08:25
8.6%	215000	430.0000000013251	-4783408.257645279	181251.6068455078	-4602156.650799772	301.0569227595382	537.345701929602	1.1701033841695299	96.4	376.53378033638	1:08:17
8.8%	220000	440.0000000013728	-4782827.705592642	181509.73791920158	-4601317.96767344	301.4856756300223	537.2139483169956	1.170390356144979	96.4	385.5182161331177	1:08:08
9.0%	225000	450.0000000014206	-4784450.414123551	181080.53745615634	-4603369.876667394	300.7727783878946	537.2139483169956	1.170390356144979	96.3	394.57316160202026	1:08:00
9.2%	230000	460.0000000014683	-4786099.090315813	180480.96354641585	-4605618.126769397	299.7768927272107	536.0589475426667	1.172912097035251	96.3	403.6410722732544	1:07:52
9.4%	235000	470.00000000151607	-4786425.223993715	180261.9067973188	-4606163.317196396	299.41304187953745	535.7831165592884	1.1735159337130827	96.3	412.72811102867126	1:07:44
9.6%	240000	480.0000000015638	-4785657.778689809	182381.38690103122	-4603276.391788778	302.9334749889532	535.472447801234	1.174196780578651	96.3	421.7249722480774	1:07:35
9.8%	245000	490.00000000161157	-4787259.614226121	180382.96737218436	-4606876.646853937	299.61412216109096	535.0082081741426	1.1752156596672694	96.3	430.7970337867737	1:07:27
10.0%	250000	500.0000000016593	-4785928.442466436	182383.11614933092	-4603545.326317105	302.9363472513339	535.0450896319057	1.1751346502952473	96.1	440.74970030784607	1:07:27
10.2%	255000	510.00000000170706	-4787360.933293918	179989.7190745347	-4607371.214219384	298.9609410697269	535.0450896319057	1.1751346502952473	96	449.88767671585083	1:07:19
10.4%	260000	520.0000000015274	-4787020.3209517505	179743.08948527646	-4607277.231466474	298.5512920382189	534.756488455374	1.1757688553025358	96	458.9005751609802	1:07:11
10.6%	265000	530.0000000012909	-4788506.074787543	180378.31490541957	-4608127.759882123	299.6063944650345	534.756488455374	1.1757688553025358	96	467.9797399044037	1:07:02
10.8%	270000	540.0000000010544	-4789401.90344766	180612.21938521691	-4608789.684062443	299.9949072298757	533.8144468983378	1.1778437768967331	96	477.0879521369934	1:06:54
11.0%	275000	550.000000000818	-4790068.435952405	180778.94610266367	-4609289.489849742	300.2718384713135	533.8144468983378	1.1778437768967331	96	486.18654894828796	1:06:46
11.2%	280000	560.0000000005815	-4790929.50346544	181380.40459702865	-4609549.098868411	301.270854406303	533.1330663892032	1.179349141772745	96	495.1932678222656	1:06:37
11.4%	285000	570.000000000345	-4789942.125205093	180016.3785041344	-4609925.746700958	299.005222088679	533.1330663892032	1.179349141772745	95.9	504.2807426452637	1:06:29
11.6%	290000	580.0000000001086	-4790256.985734513	179840.39960965115	-4610416.586124862	298.7129230830822	533.0616092325606	1.1795072340737107	95.9	513.4135749340057	1:06:21
11.8%	295000	589.9999999998721	-4792317.665280309	180866.4906844905	-4611451.174595818	300.4172490575574	530.9481242814845	1.1842023646804414	95.9	522.5529201030731	1:06:13
12.0%	300000	599.9999999996356	-4791452.374736183	180858.29060619787	-4610594.084129985	300.40362881782477	529.9826488800118	1.1863596395570453	95.7	532.57568526268	1:06:11
12.2%	305000	609.9999999993992	-4792431.976599348	181059.8010852287	-4611372.175514119	300.73833550416344	529.9826488800118	1.1863596395570453	95.7	541.6552927494049	1:06:03
12.4%	310000	619.9999999991627	-4792712.59107984	178577.17438390668	-4614135.416695934	296.61471989562574	529.9826488800118	1.1863596395570453	95.7	550.8175234794617	1:05:55
12.6%	315000	629.9999999989262	-4791790.212625735	179455.82377815084	-4612334.388847585	298.07414686247824	529.839691204721	1.1866797348970983	95.7	559.8366889953613	1:05:45
12.8%	320000	639.9999999986898	-4792866.534413824	181170.93134346398	-4611695.60307036	300.9229216391614	529.839691204721	1.1866797348970983	95.7	568.9763314723969	1:05:37
13.0%	325000	649.9999999984533	-4792766.066794584	180067.9177731813	-4612698.149021402	299.09082824693917	529.839691204721	1.1866797348970983	95.7	578.1059141159058	1:05:29
13.2%	330000	659.9999999982168	-4793721.657008862	181929.65989310617	-4611791.997115756	302.18316140387583	529.8714273271995	1.186608659893867	95.6	587.2561039924622	1:05:21
13.4%	335000	669.9999999979804	-4792510.325695181	180950.71555980973	-4611559.610135372	300.5571456478537	529.6911909322167	1.1870124235787762	95.6	596.4019079208374	1:05:12
13.6%	340000	679.9999999977439	-4794877.60613875	180506.56399730325	-4614371.042141447	299.8194147941846	529.6911909322167	1.1870124235787762	95.6	605.4639267921448	1:05:03
13.8%	345000	689.9999999975074	-4796019.397156266	180450.72337571342	-4615568.673780552	299.7266641367234	529.3894202241943	1.187689062676216	95.6	614.5915169715881	1:04:55
14.0%	350000	699.999999997271	-4797517.400200925	181051.42488227086	-4616465.9753186535	300.7244227233016	528.1913036340883	1.1903831433248169	95.4	624.689049243927	1:04:52
14.2%	355000	709.9999999970345	-4795576.180140214	180501.57894949467	-4615074.60119072	299.81113468467726	528.2153889917132	1.1903288647022792	95.4	633.8774380683899	1:04:44
14.4%	360000	719.999999996798	-4797035.111931561	181583.60409864062	-4615451.50783292	301.60836654054685	528.087639698091	1.190616816284957	95.4	642.9334936141968	1:04:35
14.6%	365000	729.9999999965615	-4796503.308814335	180224.4007565698	-4616278.908057765	299.3507447589254	527.399648716979	1.1921699717213652	95.4	652.0708358287811	1:04:27
14.8%	370000	739.9999999963251	-4796657.484813923	180805.53870790984	-4615851.946106013	300.3160084957503	527.2612988149484	1.1924827892923915	95.4	661.2384486198425	1:04:18
15.0%	375000	749.9999999960886	-4798862.109228531	181226.61286301422	-4617635.496365516	301.0154080298871	527.2612988149484	1.1924827892923915	95.4	670.2788047790527	1:04:09
15.2%	380000	759.9999999958521	-4797447.644819398	181149.65083595438	-4616297.993983444	300.8875749505604	527.2612988149484	1.1924827892923915	95.4	679.4447736740112	1:04:01
15.4%	385000	769.9999999956157	-4799298.02444774	180584.4304477486	-4618713.593999991	299.94875011079375	527.2505469263646	1.192507106843437	95.4	688.5929503440857	1:03:52
15.6%	390000	779.9999999953792	-4799461.881853865	180816.13232695757	-4618645.749526908	300.33360438031593	526.7771302731118	1.193578817612675	95.4	697.6455664634705	1:03:43
15.8%	395000	789.9999999951427	-4801235.051895402	180128.6769236088	-4621106.374971794	299.19174852662957	526.2159499387983	1.1948517036967539	95.3	706.7882237434387	1:03:34
16.0%	400000	799.9999999949063	-4799399.131662267	180859.07034636778	-4618540.0613159	300.40492395765926	526.3238915466344	1.1946066564623525	95.2	717.0517637729645	1:03:32
16.2%	405000	809.9999999946698	-4799356.795875429	180788.61020361408	-4618568.185671815	300.2878904365567	526.3238915466344	1.1946066564623525	95.2	726.2387719154358	1:03:23
16.4%	410000	819.9999999944333	-4799874.828672403	179843.90210571684	-4620030.926566686	298.71874069047266	526.3759121212508	1.1944885961117957	95.2	735.4088535308838	1:03:15
16.6%	415000	829.9999999941969	-4800227.812215425	180585.4443433626	-4619642.367872062	299.95043418024204	525.9564517119471	1.1954412237938077	95.2	744.4739944934845	1:03:05
16.8%	420000	839.9999999939604	-4800363.359670548	181200.60464570014	-4619162.755024848	300.9722086673694	524.9559555328918	1.1977195756518733	95.2	753.6703019142151	1:02:57
17.0%	425000	849.9999999937239	-4799474.83672283	181172.2187370117	-4618302.617985819	300.9250599856654	524.9559555328918	1.1977195756518733	95.1	762.8360111713409	1:02:48
17.2%	430000	859.9999999934874	-4800571.063873317	180374.11083378797	-4620196.953039529	299.5994115483559	524.5709408009287	1.1985986553826002	95.1	771.9280507564545	1:02:39
17.4%	435000	869.999999993251	-4800118.583390641	180417.2746326855	-4619701.308757955	299.6711061429411	524.5709408009287	1.1985986553826002	95.1	781.1245081424713	1:02:31
17.6%	440000	879.9999999930145	-4803115.047474882	180811.15542157862	-4622303.892053303	300.32533779529456	524.3454069689172	1.1991142020894074	95.1	790.3254241943359	1:02:22
17.8%	445000	889.999999992778	-4801631.794306668	180856.22934660764	-4620775.564960061	300.400205088347	524.2321422296185	1.199373280742829	95.1	799.5135312080383	1:02:14
18.0%	450000	899.9999999925416	-4802955.989763225	180977.17546099157	-4621978.814302234	300.60109525230115	523.8668164318708	1.2002096803521207	95	809.5850093364716	1:02:09
18.2%	455000	909.9999999923051	-4804036.274744189	180532.40481315128	-4623503.8699310385	299.8623361047109	523.8668164318708	1.2002096803521207	95	818.6921172142029	1:02:00
18.4%	460000	919.9999999920686	-4804697.49885829	181291.93105685269	-4623405.567801437	301.1239008304722	523.8668164318708	1.2002096803521207	95	827.9065082073212	1:01:51
18.6%	465000	929.9999999918322	-4804871.16818529	180922.90449895337	-4623948.263686337	300.5109517820678	523.4592603033053	1.2011441423969946	95	836.9893605709076	1:01:42
18.8%	470000	939.9999999915957	-4804005.497752845	180478.8236270805	-4623526.6741257645	299.7733383447626	523.4592603033053	1.2011441423969946	95	846.2154500484467	1:01:34
19.0%	475000	949.9999999913592	-4805587.839087064	180137.94213864626	-4625449.896948418	299.2071379467646	523.70296211587	1.2005851976786546	94.9	855.4080898761749	1:01:25
19.2%	480000	959.9999999911228	-4805246.780798915	181579.2577467175	-4623667.523052197	301.6011472978711	523.4096112239263	1.2012580793587788	94.9	864.5574278831482	1:01:16
19.4%	485000	969.9999999908863	-4805640.207285503	180511.254760785	-4625128.952524718	299.8272061006661	523.3370356897547	1.2014246678874743	94.9	873.7869024276733	1:01:08
19.6%	490000	979.9999999906498	-4805076.582510125	180179.36156034793	-4624897.220949777	299.2759351500391	523.4946350353246	1.2010629760405314	94.9	883.0294106006622	1:00:59
19.8%	495000	989.9999999904134	-4805677.383262361	180602.04992012362	-4625075.333342237	299.97801586035695	523.6990120797778	1.2005942531757114	94.9	892.2283720970154	1:00:50
20.0%	500000	999.9999999901769	-4806828.508824496	180763.02029955082	-4626065.4885249445	300.2453858877415	523.3605486097256	1.2013706917095943	94.8	902.3289034366608	1:00:45
20.2%	505000	1009.9999999899404	-4807226.601476204	180077.8491914918	-4627148.752284712	299.10732422337344	523.4345898390757	1.201200754596828	94.8	911.465767621994	1:00:36
20.4%	510000	1019.999999989704	-4806614.368192924	180028.07169961315	-4626586.296493311	299.0246443575864	522.9791060745576	1.202246929167266	94.8	920.6971988677979	1:00:28
20.6%	515000	1029.9999999894676	-4806748.3997908505	181365.24830266304	-4625383.151488188	301.2456799682852	523.4514047857039	1.2011621681561504	94.8	929.9223942756653	1:00:19
20.8%	520000	1039.9999999892311	-4807444.315773959	180899.18258416458	-4626545.133189795	300.47154994286444	523.6565916977755	1.200691510935199	94.8	939.0323770046234	1:00:10
21.0%	525000	1049.9999999889947	-4805844.835005242	181880.04087168665	-4623964.794133556	302.100744755776	523.2471108550868	1.201631143780765	94.8	948.2292408943176	1:00:01
21.2%	530000	1059.9999999887582	-4806676.4428762635	180737.30323589302	-4625939.13964037	300.2026701282403	522.8645019195999	1.2025104438883112	94.7	957.4695031642914	59:52
21.4%	535000	1069.9999999885217	-4806316.468700229	181048.97541014242	-4625267.493290087	300.72035417707343	522.9558392556957	1.2023004183138222	94.7	966.6845324039459	59:44
21.6%	540000	1079.9999999882853	-4806670.681503337	180469.23474921577	-4626201.446754121	299.75741132423616	523.088249372736	1.2019960781966479	94.7	975.8112585544586	59:34
21.8%	545000	1089.9999999880488	-4807641.27367311	181406.18532409778	-4626235.088349012	301.3136759100293	522.9957831412131	1.2022085924295323	94.7	985.0177528858185	59:26
22.0%	550000	1099.9999999878123	-4807292.751447754	180677.03648697783	-4626615.714960776	300.10256772203877	522.9981676071654	1.2022031112909095	94.6	995.1081855297089	59:20
22.2%	555000	1109.9999999875758	-4807402.328760287	180424.55378023253	-4626977.774980054	299.68319672684794	522.9981676071654	1.2022031112909095	94.6	1004.4509348869324	59:12
22.4%	560000	1119.9999999873394	-4807817.999700243	180283.13019087465	-4627534.869509368	299.4482937024903	522.8993388152272	1.2024303295570913	94.6	1013.5886735916138	59:02
22.6%	565000	1129.999999987103	-4808066.794725195	180942.77958740975	-4627124.015137785	300.5439640851	522.3234486941956	1.2037560746480918	94.6	1022.7841351032257	58:54
22.8%	570000	1139.9999999868664	-4808157.231654969	181293.29497315627	-4626863.936681813	301.126166280431	522.3234486941956	1.2037560746480918	94.6	1032.021704673767	58:45
23.0%	575000	1149.99999998663	-4808551.784422104	180857.4982887206	-4627694.286133383	300.4023127872212	522.2216553033954	1.203990715267243	94.6	1041.1363546848297	58:36
23.2%	580000	1159.9999999863935	-4807887.027474418	181695.93599753603	-4626191.091476882	301.7949485874471	522.227787238328	1.2039765781552283	94.6	1050.3705592155457	58:27
23.4%	585000	1169.999999986157	-4808230.738659601	180551.84663235603	-4627678.892027245	299.8946287522879	521.901851264593	1.2047284806008784	94.6	1059.5885727405548	58:18
23.6%	590000	1179.9999999859206	-4809170.796226892	180057.57494360834	-4629113.221283283	299.07364892092903	521.901851264593	1.2047284806008784	94.6	1068.7128992080688	58:09
23.8%	595000	1189.999999985684	-4808593.310913446	180114.67354168484	-4628478.637371762	299.1684890634799	521.5649520795891	1.2055066618065884	94.6	1077.9101157188416	58:00
24.0%	600000	1199.9999999854476	-4809344.248612932	180176.0621709822	-4629168.18644195	299.27045490064035	521.5649520795891	1.2055066618065884	94.5	1087.9972479343414	57:54
24.2%	605000	1209.9999999852112	-4810022.970868783	179728.4790048508	-4630294.491863932	298.5270241911441	521.5649520795891	1.2055066618065884	94.5	1097.247614622116	57:45
24.4%	610000	1219.9999999849747	-4810083.958494781	181513.13742413162	-4628570.821070649	301.4913221702707	521.1960668700783	1.2063598792534846	94.5	1106.5033628940582	57:36
24.6%	615000	1229.9999999847382	-4808769.549466926	181099.0960616235	-4627670.453405302	300.80360402718077	521.4558333328424	1.2057589235854824	94.5	1115.6066875457764	57:27
24.8%	620000	1239.9999999845018	-4809429.028078241	180406.2700685379	-4629022.758009704	299.65282768309044	521.6287509997699	1.205359219735678	94.5	1124.8521883487701	57:18
25.0%	625000	1249.9999999842653	-4809912.134574064	180534.23651392822	-4629377.898060136	299.86537853952797	522.3679469668685	1.2036535318593307	94.5	1134.0696020126343	57:09
25.2%	630000	1259.9999999840288	-4808819.21412147	180349.80188336613	-4628469.412238104	299.55903464943134	522.3679469668685	1.2036535318593307	94.5	1143.2110862731934	57:00
25.4%	635000	1269.9999999837923	-4809473.021205421	180993.5621790375	-4628479.459026383	300.6283134105007	521.2856035749916	1.2061526732846508	94.5	1152.4286274909973	56:51
25.6%	640000	1279.9999999835559	-4810613.07044558	180349.48058477227	-4630263.589860808	299.5585009760056	521.425741666955	1.2058285083638505	94.5	1161.6708257198334	56:42
25.8%	645000	1289.9999999833194	-4809471.442457834	180064.83022074218	-4629406.612237092	299.0856998563425	521.6760662331016	1.2052498954702537	94.4	1170.9300453662872	56:33
26.0%	650000	1299.999999983083	-4808963.678462602	180058.2754287877	-4628905.403033814	299.07481241909716	521.8907668787259	1.20475406770874	94.4	1181.0564198493958	56:27
26.2%	655000	1309.9999999828465	-4809218.276426883	179246.09457619645	-4629972.181850687	297.7257889678803	522.268667196963	1.2038823383208217	94.4	1190.1990149021149	56:18
26.4%	660000	1319.99999998261	-4809720.977981417	179542.63770907983	-4630178.340272337	298.2183438456278	521.5701754272226	1.2054945890680275	94.4	1199.450899362564	56:09
26.6%	665000	1329.9999999823735	-4810483.786711097	179754.171357242	-4630729.615353854	298.56969890550374	521.0748885565497	1.2066404236797983	94.4	1208.6838302612305	56:00
26.8%	670000	1339.999999982137	-4811182.468408602	181509.42791997566	-4629673.040488627	301.4851607247222	520.9805790697475	1.2068588533942326	94.4	1217.8153204917908	55:51
27.0%	675000	1349.9999999819006	-4810217.108098077	179788.24326285493	-4630428.864835221	298.6262919654765	520.5185311689881	1.2079301439753216	94.4	1227.034577846527	55:42
27.2%	680000	1359.9999999816641	-4810729.3413643595	180255.3805065118	-4630473.960857848	299.4022017823842	520.5181768304651	1.2079309662639606	94.3	1236.2964041233063	55:33
27.4%	685000	1369.9999999814277	-4811930.928250904	181333.1057584985	-4630597.822492406	301.1922915564292	520.6634700002934	1.2075938884216795	94.3	1245.4166181087494	55:24
27.6%	690000	1379.9999999811912	-4810242.251186428	181543.16923968308	-4628699.081946745	301.5412046851469	520.0890302831551	1.2089276790830692	94.3	1254.6563606262207	55:15
27.8%	695000	1389.9999999809547	-4811206.302122186	180451.80503533388	-4630754.497086852	299.72846076144015	520.1444441812772	1.2087988852528262	94.3	1263.8772201538086	55:06
28.0%	700000	1399.9999999807183	-4811424.383469987	180465.93085735786	-4630958.452612629	299.75192359624754	519.9784138327682	1.2091848576217876	94.3	1273.9811553955078	54:59
28.2%	705000	1409.9999999804818	-4811604.0004585525	180010.7764612708	-4631593.223997282	298.99591715718054	520.0947437946846	1.208914398383129	94.3	1283.120037317276	54:50
28.4%	710000	1419.9999999802453	-4811867.439609913	180706.84995201518	-4631160.589657898	300.15208755911584	520.0947437946846	1.208914398383129	94.3	1292.3616225719452	54:41
28.6%	715000	1429.9999999800089	-4812849.669169266	180077.73570649422	-4632771.933462772	299.1071357260423	519.8753898554427	1.2094244824160842	94.3	1301.5696675777435	54:32
28.8%	720000	1439.9999999797724	-4811005.457184078	179351.81382576324	-4631653.643358315	297.9013874770739	519.9927306027936	1.2091515655765224	94.3	1310.815090417862	54:23
29.0%	725000	1449.999999979536	-4812420.06573364	181092.31820331275	-4631327.747530328	300.7923460791744	519.9927306027936	1.2091515655765224	94.3	1319.9136700630188	54:13
29.2%	730000	1459.9999999792994	-4812351.307933917	180995.84673116627	-4631355.461202751	300.6321080264257	519.9927306027936	1.2091515655765224	94.3	1329.141141653061	54:04
29.4%	735000	1469.999999979063	-4812479.399272069	180778.21905632768	-4631701.1802157415	300.2706308553567	520.2279961080606	1.2086047444593433	94.3	1338.3535046577454	53:55
29.6%	740000	1479.9999999788265	-4813233.067132556	179758.49260043938	-4633474.574532117	298.5768764428626	520.4995054329725	1.2079742972546326	94.3	1347.5019953250885	53:46
29.8%	745000	1489.99999997859	-4812169.708669515	180200.16077366998	-4631969.547895845	299.31048241429534	520.53334830958	1.2078957598751932	94.3	1356.719979763031	53:37
30.0%	750000	1499.9999999783536	-4812492.1281933915	180723.81124725868	-4631768.316946133	300.1802600837124	520.53334830958	1.2078957598751932	94.2	1366.79256606102	53:30
30.2%	755000	1509.999999978117	-4813654.639876758	181316.41256002386	-4632338.227316733	301.164564337613	520.53334830958	1.2078957598751932	94.2	1376.033991098404	53:21
30.4%	760000	1519.9999999778806	-4814030.629146124	180169.46616002257	-4633861.162986102	299.2594989990815	520.53334830958	1.2078957598751932	94.2	1385.2770292758942	53:12
30.6%	765000	1529.9999999776442	-4814270.535188883	180301.5795709846	-4633968.955617898	299.47893791966106	520.53334830958	1.2078957598751932	94.2	1394.3953928947449	53:03
30.8%	770000	1539.9999999774077	-4813067.558270824	180612.64599126266	-4632454.912279561	299.99561581781927	520.1247274522608	1.2088447080310905	94.2	1403.6268763542175	52:54
31.0%	775000	1549.9999999771712	-4814330.076455282	180180.39738278225	-4634149.6790725	299.2776556396945	520.182767703663	1.208709829186353	94.2	1412.8443291187286	52:45
31.2%	780000	1559.9999999769348	-4814041.820867666	180371.42860726165	-4633670.392260404	299.5949563996363	520.2902434862713	1.2084601473280736	94.2	1421.9730722904205	52:35
31.4%	785000	1569.9999999766983	-4814371.239038327	180217.20419647984	-4634154.034841847	299.3387913518751	520.335249941791	1.2083556214327513	94.2	1431.178705215454	52:26
31.6%	790000	1579.9999999764618	-4812863.962647634	179988.47275139356	-4632875.48989624	298.9588709407159	520.4131307805249	1.2081747886602483	94.2	1440.4350092411041	52:17
31.8%	795000	1589.9999999762254	-4814211.746667656	180449.44676834185	-4633762.2998993145	299.7245437059391	520.4131307805249	1.2081747886602483	94.2	1449.662057876587	52:08
32.0%	800000	1599.9999999759889	-4814055.0626999475	180489.76693156225	-4633565.295768385	299.7915150529829	520.4131307805249	1.2081747886602483	94.1	1459.7608370780945	52:01
32.2%	805000	1609.9999999757524	-4814222.478917692	180126.63672042408	-4634095.842197267	299.1883597716095	520.334865209106	1.2083565148841298	94.1	1468.8943183422089	51:52
32.4%	810000	1619.999999975516	-4814382.719796659	179777.88209377162	-4634604.837702888	298.6090821777417	520.1765656177146	1.2087242406818772	94.1	1478.1896743774414	51:43
32.6%	815000	1629.9999999752795	-4814035.114313222	180220.34204486496	-4633814.772268357	299.34400328348414	519.9817962364972	1.2091769920553368	94.1	1487.324730873108	51:34
32.8%	820000	1639.999999975043	-4814899.275072665	179265.270525131	-4635634.004547534	297.7576400078666	520.0448772032084	1.2090303199950445	94.1	1496.5583772659302	51:24
33.0%	825000	1649.9999999748065	-4814302.4949163785	179296.5736346883	-4635005.92128169	297.8096341280852	519.9613446891188	1.209224552399571	94.1	1505.7784659862518	51:15
33.2%	830000	1659.99999997457	-4815407.429262847	180129.68769332583	-4635277.741569521	299.19342740399753	519.768921665481	1.2096722179581123	94.1	1515.016548871994	51:06
33.4%	835000	1669.9999999743336	-4815018.239365352	179962.90924798735	-4635055.330117365	298.91641024310127	519.6069595245029	1.2100492743056281	94.1	1524.1286339759827	50:57
33.6%	840000	1679.9999999740971	-4813789.938996126	179283.95848703934	-4634505.9805090865	297.78868050677687	519.6069595245029	1.2100492743056281	94.1	1533.3663828372955	50:48
33.8%	845000	1689.9999999738607	-4815830.012542086	179972.24983899758	-4635857.762703088	298.93192486189685	519.0630513513331	1.211317242982111	94.1	1542.5908017158508	50:39
34.0%	850000	1699.9999999736242	-4815483.105425142	180716.65719021903	-4634766.448234923	300.1683772737606	518.8314719753303	1.211857911978545	94	1552.6990375518799	50:31
34.2%	855000	1709.9999999733877	-4813830.474948748	180515.13612105718	-4633315.338827691	299.8336529973309	518.8314719753303	1.211857911978545	94	1561.8670275211334	50:22
34.4%	860000	1719.9999999731513	-4816084.479977866	181063.23951066384	-4635021.240467202	300.7440466909422	518.9743043611352	1.2115243837954157	94	1571.1417622566223	50:13
34.6%	865000	1729.9999999729148	-4816569.42499697	180073.6797114794	-4636495.7452854905	299.10039876299334	518.9743043611352	1.2115243837954157	94	1580.3705933094025	50:04
34.8%	870000	1739.9999999726783	-4816193.730944971	181504.93894191398	-4634688.792003057	301.477704581601	518.9743043611352	1.2115243837954157	94	1589.4925439357758	49:55
35.0%	875000	1749.9999999724419	-4815146.050400399	179750.49936445983	-4635395.551035939	298.56359976593393	518.6124217437193	1.2123697735251813	94	1598.7199683189392	49:46
35.2%	880000	1759.9999999722054	-4816912.023885547	179364.0563048639	-4637547.9675806835	297.92172210002775	518.889075252925	1.2117233803589018	94	1607.9632403850555	49:37
35.4%	885000	1769.999999971969	-4815498.050985081	181505.14063260512	-4633992.910352476	301.47803958761773	519.1637508448972	1.2110822900742564	94	1617.0703942775726	49:27
35.6%	890000	1779.9999999717324	-4815503.107527043	181205.97099366435	-4634297.136533379	300.98112211223577	519.1637508448972	1.2110822900742564	94	1626.310849905014	49:18
35.8%	895000	1789.999999971496	-4815129.636037506	181212.03790629908	-4633917.598131207	300.99119918730423	518.6959548075744	1.2121745281974143	94	1635.5433888435364	49:09
36.0%	900000	1799.9999999712595	-4815482.822991399	180667.80016744434	-4634815.022823955	300.0872262970177	518.6438544033073	1.2122962972734868	94	1645.653930902481	49:01
36.2%	905000	1809.999999971023	-4816817.065356248	180525.68025398685	-4636291.385102261	299.85116668599954	518.6438544033073	1.2122962972734868	94	1654.8049342632294	48:52
36.4%	910000	1819.9999999707866	-4815231.204182731	180354.11779671698	-4634877.086386014	299.5662033339739	518.6209262971844	1.2123498926005298	94	1664.0429728031158	48:43
36.6%	915000	1829.99999997055	-4816733.669256868	180102.6038461593	-4636631.065410709	299.1484414321413	518.840786676383	1.2118361556046087	94	1673.2596909999847	48:34
36.8%	920000	1839.9999999703136	-4817329.646528945	180210.62376098466	-4637119.022767961	299.32786132099113	518.840786676383	1.2118361556046087	94	1682.5070865154266	48:25
37.0%	925000	1849.9999999700772	-4817605.443955697	180249.72729941402	-4637355.7166562835	299.3928118676563	518.5601397712552	1.212492006373899	94	1691.6214773654938	48:15
37.2%	930000	1859.9999999698407	-4817556.288513854	181370.90776073266	-4636185.380753121	301.2550802658085	518.5601397712552	1.212492006373899	94	1700.8629570007324	48:06
37.4%	935000	1869.9999999696042	-4817045.078146237	180439.22563901148	-4636605.852507225	299.70756652269154	519.1059010577812	1.2112172545439686	94	1710.0801997184753	47:57
37.6%	940000	1879.9999999693678	-4817498.401196886	181512.81125261166	-4635985.589944274	301.49078040296837	519.1141074307519	1.2111981071149216	94	1719.3237178325653	47:48
37.8%	945000	1889.9999999691313	-4817630.292997809	181110.75395471227	-4636519.539043097	300.8229676592073	518.9322885649971	1.2116224759023198	94	1728.4306166172028	47:39
38.0%	950000	1899.9999999688948	-4816855.93915727	180395.98694822413	-4636459.952209046	299.6357475335022	518.9299561706983	1.211627921688059	93.9	1738.5204927921295	47:31
38.2%	955000	1909.9999999686584	-4816761.265083872	180668.9030679615	-4636092.36201591	300.0890582026299	518.7688896267865	1.2120041060078122	93.9	1747.7784821987152	47:22
38.4%	960000	1919.999999968422	-4818617.924083243	180683.08057771408	-4637934.843505529	300.11260689018525	518.7688896267865	1.2120041060078122	93.9	1757.0253784656525	47:13
38.6%	965000	1929.9999999681854	-4818041.554735452	181756.04879118552	-4636285.505944266	301.8947952756479	518.8214634507311	1.2118812897887883	93.9	1766.1301324367523	47:03
38.8%	970000	1939.999999967949	-4817667.586026169	180984.22478395057	-4636683.361242219	300.6128041000985	518.6840103220268	1.212202442690333	93.9	1775.3646574020386	46:54
39.0%	975000	1949.9999999677125	-4817757.169647584	181930.8553617229	-4635826.31428586	302.1851470640819	518.4361218822261	1.2127820530985547	93.9	1784.5848805904388	46:45
39.2%	980000	1959.999999967476	-4818494.460518615	180876.3190714105	-4637618.141447205	300.43357389998675	518.4361218822261	1.2127820530985547	93.9	1793.7197728157043	46:36
39.4%	985000	1969.9999999672395	-4818019.101025389	180686.97790250555	-4637332.123122883	300.11908030374076	518.2728861659402	1.213164032076079	93.9	1802.943478345871	46:27
39.6%	990000	1979.999999967003	-4817573.593432991	181134.3418486785	-4636439.251584312	300.86214689130037	518.1627654599301	1.2134218554640634	93.9	1812.1965870857239	46:18
39.8%	995000	1989.9999999667666	-4819604.335537492	180236.50914117834	-4639367.826396314	299.3708566524047	517.7060552848604	1.2144923125359581	93.9	1821.3229262828827	46:08
40.0%	1000000	1999.9999999665301	-4819334.66388799	180485.56055480128	-4638849.103333188	299.7845283075098	518.017898752152	1.2137611959188443	93.9	1831.533725976944	46:01
40.2%	1005000	2009.9999999662937	-4819254.157325183	180406.15206672403	-4638848.005258459	299.6526316833772	518.0602447789009	1.2136619835886429	93.9	1840.6940612792969	45:51
40.4%	1010000	2019.9999999660572	-4818083.380397933	179154.2239521152	-4638929.156445817	297.57319287309656	517.8676585099955	1.2141133240600757	93.9	1849.9510700702667	45:42
40.6%	1015000	2029.9999999658207	-4819957.663520637	182176.10923146288	-4637781.554289174	302.5925110406215	517.9089908364556	1.2140164303409908	93.9	1859.0862517356873	45:33
40.8%	1020000	2039.9999999655843	-4819447.025231394	180917.4505934561	-4638529.574637938	300.5018929051034	518.1998693513997	1.2133349726308271	93.9	1868.3420774936676	45:24
41.0%	1025000	2049.999999965348	-4818944.222217801	179782.42922960204	-4639161.792988199	298.6166349202762	518.0159281855541	1.2137658131461153	93.9	1877.5650324821472	45:15
41.2%	1030000	2059.9999999651113	-4820397.208544381	179891.5176721144	-4640505.690872267	298.79782962184595	518.2216747083235	1.213283918799161	93.9	1886.8201656341553	45:05
41.4%	1035000	2069.999999964875	-4818573.476665292	182301.98531825937	-4636271.491347033	302.8015898344568	518.357853830076	1.212965173867879	93.9	1895.9587662220001	44:56
41.6%	1040000	2079.9999999646384	-4819437.784525683	180771.82159057586	-4638665.962935107	300.26000473520133	518.2301359076916	1.2132641093816534	93.9	1905.2057423591614	44:47
41.8%	1045000	2089.999999964402	-4818588.826016055	180620.6875996914	-4637968.138416364	300.00897284085335	517.5712482517816	1.2148086402027345	93.9	1914.442369222641	44:38
42.0%	1050000	2099.9999999641655	-4819027.341162118	179849.62547519157	-4639177.715686927	298.728247144136	517.4955239096736	1.21498640132494	93.8	1924.5831944942474	44:30
42.2%	1055000	2109.999999963929	-4819838.141844735	180091.5468879188	-4639746.594956816	299.1300759462795	517.2268147616193	1.215617609822798	93.8	1933.7436645030975	44:21
42.4%	1060000	2119.9999999636925	-4820496.782818582	180483.9293304122	-4640012.85348817	299.781818861765	517.8841880868674	1.2140745725785997	93.8	1943.0015017986298	44:12
42.6%	1065000	2129.999999963456	-4820710.604771863	180705.14510214044	-4640005.459669722	300.1492558222502	517.5583333165339	1.2148389540319529	93.8	1952.2374906539917	44:02
42.8%	1070000	2139.9999999632196	-4820270.331059813	180675.74446043276	-4639594.58659938	300.1004216801771	517.466790273069	1.215053866480949	93.8	1961.492588043213	43:53
43.0%	1075000	2149.999999962983	-4821455.42780752	179573.2321690837	-4641882.195638437	298.26916090674285	517.5409026211937	1.2148798696148329	93.8	1970.608840227127	43:44
43.2%	1080000	2159.9999999627466	-4819801.324376088	181418.1142523936	-4638383.210123694	301.33348972854964	517.4670536598375	1.2150532480278338	93.8	1979.8535916805267	43:35
43.4%	1085000	2169.99999996251	-4820931.3547577765	180103.95745025008	-4640827.397307526	299.15068975362817	517.3307314308113	1.215373427667459	93.8	1989.0819118022919	43:26
43.6%	1090000	2179.9999999622737	-4820992.981685128	179677.44117660585	-4641315.540508523	298.44225092053335	516.9177122354552	1.216344515605192	93.8	1998.3499639034271	43:16
43.8%	1095000	2189.9999999620372	-4820373.0232522115	181443.69793632987	-4638929.3253158815	301.37598394580243	516.7928162747401	1.2166384757997863	93.8	2007.4734449386597	43:07
44.0%	1100000	2199.9999999618008	-4820244.931244992	181317.67417385514	-4638927.2570711365	301.166659864292	517.0972627154734	1.2159221671276588	93.8	2017.5704145431519	42:59
44.2%	1105000	2209.9999999615643	-4820850.631629057	180859.6854744619	-4639990.946154595	300.40594567864895	516.7253625224391	1.2167972967835015	93.8	2026.8393204212189	42:50
44.4%	1110000	2219.999999961328	-4820919.970535644	181062.92798987616	-4639857.042545768	300.7435292583448	516.7253625224391	1.2167972967835015	93.8	2036.1194734573364	42:41
44.6%	1115000	2229.9999999610914	-4821339.008729025	179608.98828501758	-4641730.020444008	298.3285514215097	516.4146632626141	1.2175293790545183	93.8	2045.2561898231506	42:31
44.8%	1120000	2239.999999960855	-4821024.218648596	182171.89168557688	-4638852.326963019	302.58550574335476	516.5029397519095	1.2173212888174163	93.8	2054.573603630066	42:22
45.0%	1125000	2249.9999999606184	-4821785.347431139	180263.2661315749	-4641522.081299564	299.4152997187658	516.3696587247423	1.21763549362985	93.8	2063.8737914562225	42:13
45.2%	1130000	2259.999999960382	-4820672.820006808	179692.74226168112	-4640980.0777451275	298.46766585432516	516.3696587247423	1.21763549362985	93.8	2073.024380683899	42:04
45.4%	1135000	2269.9999999601455	-4821745.257563926	180501.79375643336	-4641243.4638074925	299.8114914766366	516.3318988906245	1.2177245404510018	93.8	2082.259796857834	41:55
45.6%	1140000	2279.999999959909	-4821930.062600561	182585.67046397825	-4639344.392136583	303.27278773713533	516.6033622391325	1.2170846538271936	93.8	2091.528610229492	41:46
45.8%	1145000	2289.9999999596726	-4822243.100374554	181347.12016890637	-4640895.980205648	301.21556933776924	517.0175778187815	1.2161095701027795	93.8	2100.654862642288	41:36
46.0%	1150000	2299.999999959436	-4821613.462623858	179747.8161503717	-4641865.646473486	298.5591429768851	517.1010332338975	1.2159133010519043	93.7	2110.8998506069183	41:28
46.2%	1155000	2309.9999999591996	-4822675.0617143735	182094.39949842493	-4640580.662215949	302.456792073954	516.2430002588259	1.2179342363606787	93.7	2120.063976049423	41:19
46.4%	1160000	2319.999999958963	-4821885.149960031	179667.52992684182	-4642217.620033189	298.42578844383263	515.9731585515503	1.2185711870396858	93.7	2129.330688714981	41:10
46.6%	1165000	2329.9999999587267	-4820691.013627109	180918.95521138347	-4639772.058415726	300.5043920589096	515.8754129321541	1.2188020761118723	93.7	2138.454802751541	41:01
46.8%	1170000	2339.99999995849	-4822177.401698382	180195.90048223775	-4641981.501216144	299.303406117147	516.187337748861	1.218065570997564	93.7	2147.714879989624	40:51
47.0%	1175000	2349.9999999582537	-4821773.138552704	181289.7927083231	-4640483.345844381	301.1203490571152	516.187337748861	1.218065570997564	93.7	2156.953104496002	40:42
47.2%	1180000	2359.9999999580173	-4822415.475332303	181388.34022681756	-4641027.135105485	301.28403539998345	515.8801235945704	1.2187909468497236	93.7	2166.2411453723907	40:33
47.4%	1185000	2369.999999957781	-4821358.965865204	180745.39999138765	-4640613.565873817	300.2161187499434	515.8801235945704	1.2187909468497236	93.7	2175.3766062259674	40:24
47.6%	1190000	2379.9999999575443	-4821102.780502912	180291.22660554363	-4640811.553897368	299.4617417580858	515.7700315199291	1.2190511000491973	93.7	2184.6380155086517	40:15
47.8%	1195000	2389.999999957308	-4821978.417305401	180023.83393413783	-4641954.583371263	299.01760547580443	516.369456926769	1.2176359694836627	93.7	2193.8849534988403	40:05
48.0%	1200000	2399.9999999570714	-4821318.448921472	180767.4674934296	-4640550.981428042	300.25277262779514	516.6665119074053	1.2169358954107337	93.7	2204.033912420273	39:57
48.2%	1205000	2409.999999956835	-4822264.018705585	180170.09091819337	-4642093.9277873915	299.2605367155224	516.5982575958346	1.2170966801608671	93.7	2213.22496843338	39:48
48.4%	1210000	2419.9999999565985	-4822503.065823814	179618.42385999308	-4642884.641963821	298.34422380762555	516.0883063610679	1.2182993037181702	93.7	2222.478870153427	39:39
48.6%	1215000	2429.999999956362	-4822476.75176921	180332.29770795847	-4642144.454061252	299.5299604068611	516.1367420171684	1.2181849752441465	93.7	2231.71839928627	39:30
48.8%	1220000	2439.9999999561255	-4821557.78751701	179440.9397626123	-4642116.847754398	298.0494246765935	516.2075952269058	1.2180177705839517	93.7	2241.001438856125	39:20
49.0%	1225000	2449.999999955889	-4822419.200656038	181466.27461680298	-4640952.926039235	301.4134835634204	516.265947727516	1.2178801004877269	93.7	2250.147133588791	39:11
49.2%	1230000	2459.9999999556526	-4822819.353523931	181381.3070524049	-4641438.046471526	301.2723533747437	516.1505478269249	1.218152391669282	93.7	2259.401356458664	39:02
49.4%	1235000	2469.999999955416	-4821944.700193583	180487.03057876043	-4641457.669614823	299.78697000111583	516.1505478269249	1.218152391669282	93.7	2268.6554815769196	38:53
49.6%	1240000	2479.9999999551796	-4821715.914665984	180847.1853078842	-4640868.729358099	300.3851830396338	516.1505478269249	1.218152391669282	93.7	2277.82462143898	38:43
49.8%	1245000	2489.999999954943	-4823475.268558768	180496.29270161001	-4642978.975857157	299.8023542851608	515.9730166894897	1.218571522074686	93.7	2287.067008495331	38:34
50.0%	1250000	2499.9999999547067	-4822482.199784377	180252.96850396006	-4642229.231280416	299.3981954727103	516.0693467336043	1.218344062239644	93.7	2297.199177980423	38:26
50.2%	1255000	2509.9999999544702	-4822448.412188648	179833.65608150294	-4642614.756107145	298.7017221570977	516.3861888520829	1.2175965156900859	93.6	2306.4735612869263	38:17
50.4%	1260000	2519.9999999542338	-4823678.620569947	179373.3894141671	-4644305.23115578	297.93722429179036	516.5755279075597	1.2171502332748765	93.6	2315.759555578232	38:08
50.6%	1265000	2529.9999999539973	-4822458.709356487	180696.65030617412	-4641762.059050312	300.13514605970744	516.5755279075597	1.2171502332748765	93.7	2324.8929495811462	37:58
50.8%	1270000	2539.999999953761	-4823394.65867555	179918.50007684328	-4643476.158598706	298.84264709893046	516.5755279075597	1.2171502332748765	93.6	2334.164763689041	37:49
51.0%	1275000	2549.9999999535244	-4822298.126144707	180524.34277499677	-4641773.783369711	299.84894514812726	516.5401008273202	1.2172337119416996	93.6	2343.418454647064	37:40
51.2%	1280000	2559.999999953288	-4823134.307780132	180179.27252730177	-4642955.03525283	299.27578726713	516.5401008273202	1.2172337119416996	93.6	2352.5958642959595	37:31
51.4%	1285000	2569.9999999530514	-4824008.2895350605	180363.0119088123	-4643645.277626248	299.5809763562091	516.4265932650795	1.2175012528335158	93.6	2361.82719373703	37:21
51.6%	1290000	2579.999999952815	-4822655.551123304	180420.7800791841	-4642234.77104412	299.6769286509681	516.656278415011	1.2169599994519509	93.6	2371.1350367069244	37:12
51.8%	1295000	2589.9999999525785	-4823536.013917524	180156.14366719796	-4643379.870250327	299.2373704852268	516.6111715026548	1.217066255977292	93.6	2380.2743949890137	37:03
52.0%	1300000	2599.999999952342	-4824619.66600231	181783.1411144631	-4642836.524887847	301.93979532623115	516.333635087669	1.2177204457928108	93.6	2390.51282453537	36:55
52.2%	1305000	2609.9999999521056	-4824171.136431225	181908.2207298502	-4642262.915701374	302.1475511898274	516.0582437483907	1.2183702748934906	93.6	2399.6871416568756	36:45
52.4%	1310000	2619.999999951869	-4824251.465130822	180846.4894660316	-4643404.97566479	300.3840272539802	516.0582437483907	1.2183702748934906	93.6	2408.9502844810486	36:36
52.6%	1315000	2629.9999999516326	-4824094.54398769	179692.0087326439	-4644402.535255046	298.4664474706731	516.0582437483907	1.2183702748934906	93.6	2418.194406270981	36:27
52.8%	1320000	2639.999999951396	-4823728.465212693	180287.44464528415	-4643441.02056741	299.45545996374733	516.0582437483907	1.2183702748934906	93.6	2427.3427000045776	36:18
53.0%	1325000	2649.9999999511597	-4824549.218598409	180553.96581425655	-4643995.2527841525	299.898148690085	516.5608765059535	1.2171847557439481	93.6	2436.5838434696198	36:08
53.2%	1330000	2659.999999950923	-4823866.343601987	180611.49166561916	-4643254.851936367	299.99369849563857	516.6377795718741	1.2170035741826886	93.6	2445.8656363487244	35:59
53.4%	1335000	2669.9999999506867	-4823729.887655207	180070.86886615664	-4643659.01878905	299.0957299798695	516.6377795718741	1.2170035741826886	93.6	2455.0003197193146	35:50
53.6%	1340000	2679.9999999504503	-4824577.797845919	180934.55754220957	-4643643.240303709	300.53030735857584	516.2840573564262	1.2178373810654193	93.6	2464.277097463608	35:41
53.8%	1345000	2689.999999950214	-4823349.673242399	180186.858011552	-4643162.815230846	299.288386672927	516.5736341405077	1.2171546953667387	93.6	2473.522994995117	35:32
54.0%	1350000	2699.9999999499773	-4824044.273265579	180782.2357532941	-4643262.037512285	300.2773025447801	516.3314239295261	1.2177256606070845	93.6	2483.657719373703	35:23
54.2%	1355000	2709.999999949741	-4824508.9155373555	180076.72777247484	-4644432.18776488	299.10546155873703	516.0657565467469	1.2183525380642546	93.6	2492.95610165596	35:14
54.4%	1360000	2719.9999999495044	-4823615.722186802	180082.90504245373	-4643532.817144348	299.1157219361387	516.1984430990913	1.2180393658724804	93.6	2502.110102891922	35:05
54.6%	1365000	2729.999999949268	-4824275.400881653	182106.92275766007	-4642168.478123993	302.4775930696189	516.1811775948566	1.2180801075049579	93.6	2511.349262714386	34:55
54.8%	1370000	2739.9999999490315	-4824069.36588759	181305.91444379953	-4642763.45144379	301.1471270821852	515.9836407678433	1.2185464317456383	93.6	2520.6172297000885	34:46
55.0%	1375000	2749.999999948795	-4823913.691858696	179753.69479698778	-4644159.997061708	298.56890734417004	516.1370854071481	1.2181841647762968	93.6	2529.8561515808105	34:37
55.2%	1380000	2759.9999999485585	-4823982.720209984	181795.32269765434	-4642187.39751233	301.96002880175024	515.6902985560565	1.2192395824728366	93.6	2539.013752222061	34:28
55.4%	1385000	2769.999999948322	-4823940.787171435	180238.12522099316	-4643702.661950441	299.37354094317845	515.6902985560565	1.2192395824728366	93.6	2548.2468223571777	34:18
55.6%	1390000	2779.9999999480856	-4824695.929157774	181451.39111248532	-4643244.538045289	301.38876222666795	515.5587438700392	1.2195506947997232	93.6	2557.52542924881	34:09
55.8%	1395000	2789.999999947849	-4825071.725213433	181890.08480650993	-4643181.640406922	302.11742762089887	515.5587438700392	1.2195506947997232	93.6	2566.659383058548	34:00
56.0%	1400000	2799.9999999476127	-4824090.974267103	180448.64888765354	-4643642.325379449	299.72321843490323	515.5587438700392	1.2195506947997232	93.5	2576.889739751816	33:51
56.2%	1405000	2809.999999947376	-4824196.528354339	179297.44238003486	-4644899.085974304	297.81107710453784	515.5587438700392	1.2195506947997232	93.5	2586.055200815201	33:42
56.4%	1410000	2819.9999999471397	-4824616.120081845	181471.41651886687	-4643144.703562978	301.4220242061183	515.4921725376789	1.2197081891691024	93.5	2595.3221707344055	33:33
56.6%	1415000	2829.9999999469032	-4824442.127899285	179396.8568718429	-4645045.271027442	297.9762034805316	515.2045105139034	1.2203892075199743	93.6	2604.4640674591064	33:24
56.8%	1420000	2839.999999946667	-4823836.095904903	181746.17718702534	-4642089.918717877	301.8783986498586	515.8125267956678	1.2189506683808196	93.5	2613.7203834056854	33:14
57.0%	1425000	2849.9999999464303	-4824559.558367562	179919.52102599808	-4644640.037341563	298.8443428842324	516.0822207917888	1.2183136697329577	93.5	2622.9671154022217	33:05
57.2%	1430000	2859.999999946194	-4824855.285830852	181408.55091359245	-4643446.734917259	301.31760512812656	516.0822207917888	1.2183136697329577	93.5	2632.2543873786926	32:56
57.4%	1435000	2869.9999999459574	-4824835.095700453	180325.74156906296	-4644509.35413139	299.5190707323615	515.8827602282878	1.2187847177109488	93.6	2641.388612270355	32:47
57.6%	1440000	2879.999999945721	-4825101.861071568	180191.39273262804	-4644910.46833894	299.29591879469126	515.4058046518077	1.2199125788300793	93.5	2650.66361784935	32:37
57.8%	1445000	2889.9999999454844	-4824989.281567432	179893.9826990296	-4645095.298868403	298.8019240044036	516.0419321509605	1.21840878642561	93.5	2659.9004974365234	32:28
58.0%	1450000	2899.999999945248	-4825057.274622505	179939.77122818184	-4645117.5033943225	298.87797824703443	515.2727628148604	1.2202275564926206	93.5	2670.065234899521	32:20
58.2%	1455000	2909.9999999450115	-4824846.913682982	179867.81258573648	-4644979.101097246	298.7584557344477	515.4293619906692	1.2198568235780114	93.5	2679.39031124115	32:11
58.4%	1460000	2919.999999944775	-4825461.842349001	180081.55707238492	-4645380.285276616	299.11348297270024	515.400466598945	1.219925213583549	93.5	2688.5367963314056	32:01
58.6%	1465000	2929.9999999445386	-4824786.095779251	180528.15438744737	-4644257.941391804	299.85527619442865	515.3619148040315	1.2200164704368262	93.5	2697.772702932358	31:52
58.8%	1470000	2939.999999944302	-4823659.270372179	180206.2946891625	-4643452.975683017	299.3206707803726	515.1517952148531	1.2205140895113207	93.5	2707.0336363315582	31:43
59.0%	1475000	2949.9999999440656	-4824871.34956533	179724.5235464473	-4645146.826018883	298.5204542182993	515.3280889285274	1.2200965517018074	93.5	2716.1773676872253	31:33
59.2%	1480000	2959.999999943829	-4825079.443897305	180257.08113618646	-4644822.362761118	299.4050265095439	515.5394793557673	1.2195962665797828	93.5	2725.45134806633	31:24
59.4%	1485000	2969.9999999435927	-4824049.4658085015	181241.30164250138	-4642808.164166	301.0398059308407	515.5394793557673	1.2195962665797828	93.5	2734.6882989406586	31:15
59.6%	1490000	2979.999999943356	-4824888.578191644	180010.56161143936	-4644878.0165802045	298.9955602939767	515.5394793557673	1.2195962665797828	93.5	2743.9494154453278	31:06
59.8%	1495000	2989.9999999431197	-4826724.165138091	180685.54857445887	-4646038.616563632	300.11670620559704	515.2299418436594	1.2203289701039264	93.5	2753.077014684677	30:56
60.0%	1500000	2999.9999999428833	-4825170.652932466	180509.19490311944	-4644661.458029347	299.8237846997699	515.0751887428364	1.2206956150060206	93.5	2763.2256104946136	30:48
60.2%	1505000	3009.999999942647	-4824217.77471832	180758.71711463702	-4643459.057603683	300.23823834499274	515.3786261396933	1.2199769109678913	93.5	2772.504387140274	30:39
60.4%	1510000	3019.9999999424103	-4825806.042306799	180923.40424150293	-4644882.638065296	300.51178184893877	515.7128261082358	1.2191863232131812	93.5	2781.676346063614	30:29
60.6%	1515000	3029.999999942174	-4824402.362158798	181566.8113297859	-4642835.550829012	301.580473936426	515.7128261082358	1.2191863232131812	93.5	2790.9062502384186	30:20
60.8%	1520000	3039.9999999419374	-4825694.622756471	179516.9218142329	-4646177.700942238	298.17563002750853	515.7128261082358	1.2191863232131812	93.5	2800.164724111557	30:11
61.0%	1525000	3049.999999941701	-4824307.572771632	180649.54598947725	-4643658.026782155	300.05690630845635	515.6450202372631	1.219346642788236	93.5	2809.416568994522	30:02
61.2%	1530000	3059.9999999414645	-4825397.591705881	180653.24874761005	-4644744.342958271	300.0630565489347	515.2679698582056	1.220238906893052	93.5	2818.5863132476807	29:52
61.4%	1535000	3069.999999941228	-4826589.147983833	180180.40651227822	-4646408.741471555	299.27767080368676	515.2679698582056	1.220238906893052	93.5	2827.825953245163	29:43
61.6%	1540000	3079.9999999409915	-4825024.798883032	180028.69535350162	-4644996.103529531	299.02568023982656	515.1988108423556	1.220402708749979	93.5	2837.083974123001	29:34
61.8%	1545000	3089.999999940755	-4825325.942033887	180047.6236096691	-4645278.318424217	299.05711986485477	515.0706699718169	1.2207063243014442	93.5	2846.345542192459	29:25
62.0%	1550000	3099.9999999405186	-4825974.115873798	180037.7719632563	-4645936.343910541	299.040756388664	515.0706699718169	1.2207063243014442	93.5	2856.5171167850494	29:16
62.2%	1555000	3109.999999940282	-4826670.5688938545	180843.6872496484	-4645826.881644206	300.3793728034299	515.1161482732972	1.2205985512284747	93.5	2865.6911759376526	29:07
62.4%	1560000	3119.9999999400457	-4826542.977738155	180602.0453811002	-4645940.932357055	299.9780083210891	515.1223474121327	1.2205838621746616	93.5	2874.955183506012	28:57
62.6%	1565000	3129.999999939809	-4826339.430905199	181236.34759736672	-4645103.083307832	301.0315773164333	515.2368681778354	1.2203125652098408	93.5	2884.103092432022	28:48
62.8%	1570000	3139.9999999395727	-4825492.344286177	180780.54973571148	-4644711.794550465	300.27450208814435	514.9924182835141	1.2208918072860613	93.5	2893.36461353302	28:39
63.0%	1575000	3149.9999999393362	-4825703.497962472	180831.14912425278	-4644872.348838219	300.3585471152361	515.0084609939346	1.220853776039582	93.5	2902.6092557907104	28:30
63.2%	1580000	3159.9999999391	-4825698.749944273	180403.78161979408	-4645294.96832448	299.64869439713345	514.6776801154498	1.2216384129106606	93.5	2911.8901817798615	28:20
63.4%	1585000	3169.9999999388633	-4826911.800639816	180649.71100453613	-4646262.089635279	300.05718039665175	515.4362318404569	1.2198405650524697	93.5	2921.054286956787	28:11
63.6%	1590000	3179.999999938627	-4825881.915386299	180949.94304461757	-4644931.972341681	300.5558625086276	515.4362318404569	1.2198405650524697	93.5	2930.319479703903	28:02
63.8%	1595000	3189.9999999383904	-4826616.372728964	180043.0193564579	-4646573.353372507	299.04947225097976	515.4362318404569	1.2198405650524697	93.5	2939.5611312389374	27:53
64.0%	1600000	3199.999999938154	-4827599.591489876	179819.18802246885	-4647780.4034674065	298.67769087038585	514.7533693999922	1.221458783319211	93.4	2949.691371679306	27:44
64.2%	1605000	3209.9999999379174	-4825487.76566405	182275.3481319687	-4643212.417532082	302.75734576139615	514.955093989508	1.2209802983511981	93.4	2958.858819246292	27:35
64.4%	1610000	3219.999999937681	-4826934.230954902	181547.16116516475	-4645387.069789737	301.547835229407	514.7924647384825	1.2213660209968058	93.4	2968.1196308135986	27:25
64.6%	1615000	3229.9999999374445	-4826286.2459950745	180185.09014420825	-4646101.155850866	299.2854502647395	514.6822094707718	1.2216276621321311	93.4	2977.369637489319	27:16
64.8%	1620000	3239.999999937208	-4825969.357225117	180565.43666386194	-4645403.920561255	299.91720164494564	514.677813199987	1.2216380970214216	93.4	2986.654765844345	27:07
65.0%	1625000	3249.9999999369716	-4827244.297359703	180815.89055330903	-4646428.406806394	300.3332027969485	514.677813199987	1.2216380970214216	93.4	2995.805267572403	26:58
65.2%	1630000	3259.999999936735	-4826744.7545108395	180010.50792348923	-4646734.24658735	298.99547111888285	514.9931983119517	1.220889958076534	93.4	3005.092366695404	26:48
65.4%	1635000	3269.9999999364986	-4826641.316239204	181038.87289815934	-4645602.443341045	300.7035740159334	514.9868608998257	1.2209049823099896	93.4	3014.3579144477844	26:39
65.6%	1640000	3279.999999936262	-4827496.422266271	180334.29653856377	-4647162.1257277075	299.5332804424824	515.0947464601585	1.2206492662130293	93.4	3023.5155045986176	26:30
65.8%	1645000	3289.9999999360257	-4827286.900818837	180702.26419027153	-4646584.636628565	300.1444706593648	515.0947464601585	1.2206492662130293	93.4	3032.7526893615723	26:21
66.0%	1650000	3299.999999935789	-4826843.278346141	179670.58921462504	-4647172.689131516	298.43086988714714	515.0497994831956	1.2207557889114233	93.4	3042.870178937912	26:12
66.2%	1655000	3309.9999999355528	-4826011.281831268	179208.9927337411	-4646802.289097527	297.66416321618226	515.0854139782097	1.220671382326073	93.4	3052.1579649448395	26:03
66.4%	1660000	3319.9999999353163	-4828766.969509559	180615.15742136666	-4648151.812088192	299.9997872755624	514.8389988440313	1.2212556269212553	93.4	3061.3051640987396	25:53
66.6%	1665000	3329.99999993508	-4827397.626067437	180488.17338573356	-4646909.4526817035	299.78886819091196	514.8346741429752	1.2212658856815228	93.4	3070.5289878845215	25:44
66.8%	1670000	3339.9999999348433	-4826547.007984738	180632.15722465792	-4645914.85076008	300.02802376160224	514.8346741429752	1.2212658856815228	93.4	3079.811217069626	25:35
67.0%	1675000	3349.999999934607	-4826918.93690812	181286.18322635305	-4645632.753681767	301.1143537473159	515.0216590562248	1.2208224901627647	93.4	3089.0545876026154	25:26
67.2%	1680000	3359.9999999343704	-4827479.8579084305	180948.3467726025	-4646531.511135828	300.55321111839106	515.027808921878	1.2208079125143916	93.4	3098.2045447826385	25:16
67.4%	1685000	3369.999999934134	-4827981.113494239	179215.65739027006	-4648765.456103968	297.6752331372758	514.4790646525206	1.2221100283671151	93.4	3107.4457581043243	25:07
67.6%	1690000	3379.9999999338975	-4828566.594108369	180676.3900215319	-4647890.204086837	300.10149395005294	514.4922626471122	1.2220786782327873	93.4	3116.7214181423187	24:58
67.8%	1695000	3389.999999933661	-4827777.722497906	182384.89629721455	-4645392.826200691	302.939304057363	514.4922626471122	1.2220786782327873	93.4	3125.9805841445923	24:49
68.0%	1700000	3399.9999999334245	-4827429.966267494	179830.24319969476	-4647599.723067799	298.69605339800205	514.7630821569805	1.2214357363433401	93.4	3136.1091117858887	24:40
68.2%	1705000	3409.999999933188	-4826529.656385515	181265.73597480528	-4645263.920410709	301.0803910876905	513.9572068438458	1.2233509247936476	93.4	3145.289407491684	24:30
68.4%	1710000	3419.9999999329516	-4828401.549326148	179705.2837312929	-4648696.265594855	298.48849709722515	514.1914017494016	1.2227937343129842	93.4	3154.555284023285	24:21
68.6%	1715000	3429.999999932715	-4827887.065108948	180157.68248771314	-4647729.382621235	299.2399264491547	513.991822308841	1.223268536593532	93.4	3163.8194274902344	24:12
68.8%	1720000	3439.9999999324787	-4828385.775328204	180588.76140076888	-4647797.0139274355	299.9559437760616	513.991822308841	1.223268536593532	93.4	3172.975460290909	24:03
69.0%	1725000	3449.999999932242	-4829822.170506756	181491.2934321115	-4648330.877074644	301.45503954010366	514.2754341608687	1.2225939302792006	93.4	3182.2234869003296	23:53
69.2%	1730000	3459.9999999320057	-4828548.092532549	180056.20413914468	-4648491.888393404	299.0713720298122	514.3119686608071	1.2225070824891582	93.4	3191.5010154247284	23:44
69.4%	1735000	3469.9999999317693	-4828134.794981523	180364.8502538614	-4647769.944727662	299.58402982708907	513.8591757623566	1.2235843086074532	93.4	3200.6407585144043	23:35
69.6%	1740000	3479.999999931533	-4828855.91724983	180582.81885213018	-4648273.0983977	299.9460732682208	513.8410256477779	1.2236275285807316	93.4	3209.909372806549	23:26
69.8%	1745000	3489.9999999312963	-4828999.776075004	179621.73423107094	-4649378.041843933	298.3497222975272	513.8410256477779	1.2236275285807316	93.4	3219.167861223221	23:16
70.0%	1750000	3499.99999993106	-4829523.22617502	181263.07721658942	-4648260.148958431	301.0759749195761	513.9854586451592	1.223283681904413	93.4	3229.6262753009796	23:08
70.2%	1755000	3509.9999999308234	-4827712.003236211	181367.34318113065	-4646344.66005508	301.249159538348	514.1858609703914	1.2228069109294009	93.4	3238.7940607070923	22:58
70.4%	1760000	3519.999999930587	-4826851.5397689855	181233.5248732092	-4645618.014895776	301.0268888026956	514.2763211906101	1.2225918215350622	93.4	3248.0625019073486	22:49
70.6%	1765000	3529.9999999303504	-4829560.650272431	181067.5005818942	-4648493.149690537	300.7511242833266	514.2763211906101	1.2225918215350622	93.4	3257.3105618953705	22:40
70.8%	1770000	3539.999999930114	-4827299.285187236	180328.60202982672	-4646970.68315741	299.52382192618654	514.4170368633535	1.2222573889281898	93.4	3266.5829844474792	22:31
71.0%	1775000	3549.9999999298775	-4828416.226931544	181560.83675499237	-4646855.390176551	301.5705502334948	513.9803546122591	1.223295829606368	93.4	3275.7112724781036	22:21
71.2%	1780000	3559.999999929641	-4829287.95856047	180125.11342598454	-4649162.845134485	299.18582959632226	513.9116896263446	1.2234592771258637	93.4	3284.975955247879	22:12
71.4%	1785000	3569.9999999294046	-4827700.625943571	181372.0541899316	-4646328.57175364	301.2569844720818	513.7419594617453	1.2238634838305384	93.4	3294.2283129692078	22:03
71.6%	1790000	3579.999999929168	-4830545.255859445	180428.55152246685	-4650116.704336978	299.6898369326701	514.1173650181316	1.2229698257218062	93.4	3303.490573167801	21:53
71.8%	1795000	3589.9999999289316	-4827668.290824477	179859.40850689623	-4647808.88231758	298.74449665205225	514.750434066315	1.2214657486151381	93.4	3312.6238627433777	21:44
72.0%	1800000	3599.999999928695	-4828561.447953364	179982.54123259842	-4648578.906720766	298.9490187533238	514.6024526048193	1.221816998955536	93.3	3322.8768198490143	21:35
72.2%	1805000	3609.9999999284587	-4828250.239571135	180394.35641323085	-4647855.883157903	299.63303923283627	514.358901832409	1.2223955336572387	93.3	3332.052814245224	21:26
72.4%	1810000	3619.999999928222	-4827838.119784224	180566.23367781696	-4647271.886106407	299.91852547634704	514.8167664426272	1.221308366938839	93.3	3341.32622051239	21:17
72.6%	1815000	3629.9999999279858	-4827966.247907062	180989.28424746695	-4646976.963659595	300.6212078132769	514.8167664426272	1.221308366938839	93.4	3350.4609653949738	21:07
72.8%	1820000	3639.9999999277493	-4827575.494867686	182710.14545173614	-4644865.3494159505	303.4795393208985	514.8167664426272	1.221308366938839	93.4	3359.7322704792023	20:58
73.0%	1825000	3649.999999927513	-4828477.462559182	181242.8650849039	-4647234.597474278	301.04240279145233	514.6741338776234	1.2216468303151207	93.4	3368.9815278053284	20:49
73.2%	1830000	3659.9999999272763	-4828825.654114462	181171.896872135	-4647653.757242328	300.92452537165013	514.4619616972941	1.2221506566246991	93.3	3378.259883403778	20:40
73.4%	1835000	3669.99999992704	-4827534.939522118	179748.98106251686	-4647785.958459602	298.56107788312846	514.7442893550109	1.2214803297470678	93.4	3387.414002895355	20:30
73.6%	1840000	3679.9999999268034	-4828765.87869001	180255.24524935678	-4648510.633440653	299.4019771217393	514.9843802561124	1.220910863323832	93.4	3396.6901144981384	20:21
73.8%	1845000	3689.999999926567	-4828821.132001285	180949.3001678368	-4647871.831833448	300.5547946973751	515.2231410972224	1.220345077974931	93.4	3405.9624030590057	20:12
74.0%	1850000	3699.9999999263305	-4828715.12447767	180772.5789181199	-4647942.54555955	300.26126264791117	514.9566081126344	1.2209767083118093	93.3	3416.0977573394775	20:03
74.2%	1855000	3709.999999926094	-4827712.942846406	180799.0419469524	-4646913.900899454	300.3052174473519	514.5805684184988	1.2218689606355833	93.3	3425.26744890213	19:54
74.4%	1860000	3719.9999999258575	-4827608.22445452	180253.0753359274	-4647355.149118593	299.39837291943144	514.3991327440074	1.222299930683745	93.3	3434.5591428279877	19:44
74.6%	1865000	3729.999999925621	-4828507.224242263	180201.4802654889	-4648305.743976774	299.31267407567435	514.1982643942735	1.2227774145395989	93.3	3443.825278520584	19:35
74.8%	1870000	3739.9999999253846	-4830192.319028044	180465.77834068914	-4649726.540687355	299.7516702677405	514.1982643942735	1.2227774145395989	93.3	3452.981543302536	19:26
75.0%	1875000	3749.999999925148	-4830534.278775006	179613.7743437518	-4650920.504431254	298.33650101235617	513.9799649659437	1.2232967569824238	93.3	3462.232034444809	19:17
75.2%	1880000	3759.9999999249117	-4829902.937943786	179791.65563821324	-4650111.282305573	298.6319598833646	513.9799649659437	1.2232967569824238	93.3	3471.504310131073	19:07
75.4%	1885000	3769.999999924675	-4827909.696317877	180534.77063950067	-4647374.925678376	299.8662657162212	513.829497553231	1.2236549814496438	93.3	3480.6497452259064	18:58
75.6%	1890000	3779.9999999244387	-4828705.671122033	180104.42176372398	-4648601.249358309	299.1514609731946	513.829497553231	1.2236549814496438	93.3	3489.929594039917	18:49
75.8%	1895000	3789.9999999242023	-4830081.056255607	181652.3862673583	-4648428.6699882485	301.72261296525596	513.3493728495129	1.2247994398175595	93.3	3499.195850133896	18:40
76.0%	1900000	3799.999999923966	-4830796.597171128	181664.03858486924	-4649132.558586258	301.7419673363091	513.4652086416578	1.2245231297366772	93.3	3509.3431556224823	18:31
76.2%	1905000	3809.9999999237293	-4829366.884448586	179722.7434395287	-4649644.141009057	298.51749748031267	513.3947126979133	1.224691273099927	93.3	3518.51469540596	18:21
76.4%	1910000	3819.999999923493	-4829032.578288961	180474.2854292088	-4648558.292859753	299.76580044807906	513.1953351796253	1.2251670683575246	93.3	3527.792127609253	18:12
76.6%	1915000	3829.9999999232564	-4829900.517409755	179992.51148701707	-4649908.0059227375	298.96557923610595	512.8182777565737	1.2260678910419724	93.3	3537.040452480316	18:03
76.8%	1920000	3839.99999992302	-4830913.55704397	180344.4785095838	-4650569.078534386	299.55019258420776	513.430045742815	1.2246069927347598	93.3	3546.3277106285095	17:54
77.0%	1925000	3849.9999999227834	-4829493.610674944	179703.77089703328	-4649789.83977791	298.48598429618147	513.1692793245953	1.2252292754630683	93.3	3555.468592643738	17:44
77.2%	1930000	3859.999999922547	-4829768.949244123	180310.19766311997	-4649458.751581003	299.4932524757827	513.1692793245953	1.2252292754630683	93.3	3564.74649143219	17:35
77.4%	1935000	3869.9999999223105	-4829535.592230284	180769.56269983362	-4648766.02953045	300.2562527425567	513.2998157108822	1.2249176895300586	93.3	3573.9991357326508	17:26
77.6%	1940000	3879.999999922074	-4829164.61485442	180592.81690946073	-4648571.797944959	299.96267993133347	513.2998157108822	1.2249176895300586	93.3	3583.1912202835083	17:16
77.8%	1945000	3889.9999999218376	-4830386.641312003	180873.85338320315	-4649512.7879288	300.4294784190302	513.549715046836	1.2243216301647377	93.3	3592.443524122238	17:07
78.0%	1950000	3899.999999921601	-4830528.331028411	181648.16865280078	-4648880.16237561	301.71560755392653	513.2789833739902	1.2249674049846164	93.3	3602.5687453746796	16:58
78.2%	1955000	3909.9999999213646	-4831069.186578184	179843.94887799778	-4651225.237700187	298.71881837871615	513.184072804307	1.2251939559639076	93.3	3611.860178232193	16:49
78.4%	1960000	3919.999999921128	-4830605.55823794	181082.2235158032	-4649523.334722137	300.7755789143987	513.2558362548191	1.2250226492984673	93.3	3621.1823675632477	16:40
78.6%	1965000	3929.9999999208917	-4829559.411339218	181657.23706795272	-4647902.174271265	301.7306700916191	513.2558362548191	1.2250226492984673	93.3	3630.347138404846	16:30
78.8%	1970000	3939.9999999206552	-4831387.125038926	180788.01045059343	-4650599.114588332	300.2868942533948	513.6206272979745	1.2241525960599955	93.3	3639.623361349106	16:21
79.0%	1975000	3949.9999999204188	-4829361.382560256	180209.90208453126	-4649151.480475725	299.32666262435015	513.3461598686883	1.2248071057113006	93.3	3648.8914217948914	16:12
79.2%	1980000	3959.9999999201823	-4830323.233982329	180642.11389071922	-4649681.12009161	300.04456167427253	513.4636680254057	1.2245268038432444	93.3	3658.0976572036743	16:03
79.4%	1985000	3969.999999919946	-4830780.22560545	180659.27095738237	-4650120.954648067	300.073059373041	513.4636680254057	1.2245268038432444	93.3	3667.35361123085	15:53
79.6%	1990000	3979.9999999197094	-4828520.736863954	180503.139741904	-4648017.59712205	299.81372714367933	513.357170240977	1.224780836316428	93.3	3676.6351494789124	15:44
79.8%	1995000	3989.999999919473	-4828128.166161192	179380.08903774887	-4648748.077123443	297.94835229277356	513.6239012505381	1.2241447930400806	93.3	3685.777040719986	15:35
80.0%	2000000	3999.9999999192364	-4829356.167465138	181184.57211720987	-4648171.595347929	300.94557881412095	513.7652790002455	1.2238079333042635	93.3	3696.0732674598694	15:26
80.2%	2005000	4009.999999919	-4829955.895344143	179978.9354981474	-4649976.9598459955	298.94302966811233	513.5188571191336	1.224395201033313	93.3	3705.2573385238647	15:17
80.4%	2010000	4019.9999999187635	-4829774.119370753	182383.76250126763	-4647390.356869485	302.9374208347822	513.4004730837237	1.2246775319863101	93.3	3714.5376925468445	15:07
80.6%	2015000	4029.999999918527	-4831907.883130004	179955.58949718226	-4651952.293632821	298.90425221762996	513.3393247394532	1.2248234140563896	93.3	3723.6911611557007	14:58
80.8%	2020000	4039.9999999182905	-4830304.318387648	180936.0738300511	-4649368.244557597	300.532825895981	513.5993903818412	1.224203213771978	93.3	3732.9801197052	14:49
81.0%	2025000	4049.999999918054	-4830384.687045106	181640.60138769753	-4648744.085657408	301.703038409932	513.5993903818412	1.224203213771978	93.3	3742.231737613678	14:39
81.2%	2030000	4059.9999999178176	-4830072.1569607435	179757.8128419041	-4650314.344118839	298.57574737142204	513.5934813955447	1.224217298452326	93.3	3751.508109807968	14:30
81.4%	2035000	4069.999999917581	-4831528.376066582	180570.39887513887	-4650957.977191444	299.9254438232254	513.219540920684	1.2251092839700535	93.3	3760.6549587249756	14:21
81.6%	2040000	4079.9999999173447	-4831371.989136101	181488.19225395203	-4649883.796882149	301.4498885173355	512.7487454404989	1.2262341544231845	93.3	3769.9169466495514	14:12
81.8%	2045000	4089.999999917108	-4829351.399965552	181490.4368483865	-4647860.9631171655	301.45361676397044	513.3233694872382	1.2248614843404477	93.3	3779.2055881023407	14:02
82.0%	2050000	4099.999999917781	-4830799.688342392	181001.52798479405	-4649798.160357598	300.6415445261311	513.3533456368436	1.2247899612240358	93.3	3789.363854408264	13:53
82.2%	2055000	4109.999999919818	-4829189.568731241	179971.70239528548	-4649217.866335955	298.9310155639203	513.3533456368436	1.2247899612240358	93.3	3798.5586454868317	13:44
82.4%	2060000	4119.999999921855	-4829589.133330738	182236.7133339374	-4647352.419996801	302.6931737873697	513.2165146624797	1.225116508010816	93.3	3807.831661939621	13:35
82.6%	2065000	4129.999999923893	-4830955.247821349	181288.25945816562	-4649666.988363183	301.11780234549	512.8448397843916	1.2260043886979841	93.3	3817.111208677292	13:26
82.8%	2070000	4139.99999992593	-4830751.356552302	181632.84083152705	-4649118.515720774	301.6901482116035	512.8448397843916	1.2260043886979841	93.3	3826.296993494034	13:16
83.0%	2075000	4149.999999927967	-4830036.301971309	180799.17172948105	-4649237.130241828	300.30543301470266	513.1048240263121	1.2253831865446199	93.3	3835.5498201847076	13:07
83.2%	2080000	4159.999999930004	-4830034.356027369	181231.79601383675	-4648802.560013533	301.02401718631876	513.4358396801733	1.2245931734887	93.3	3844.8202612400055	12:58
83.4%	2085000	4169.999999932042	-4829684.511671739	179698.87181094018	-4649985.639860799	298.4778469681368	513.964663168914	1.223333177071243	93.3	3854.0806567668915	12:48
83.6%	2090000	4179.999999934079	-4830193.594571637	181235.86500647973	-4648957.729565158	301.030775738285	513.3845669493179	1.2247154760280317	93.3	3863.2565145492554	12:39
83.8%	2095000	4189.999999936116	-4830660.060146715	180119.77232840718	-4650540.287818307	299.1769580920703	513.1272132781955	1.2253297194664619	93.3	3872.5027883052826	12:30
84.0%	2100000	4199.999999938153	-4830184.543167533	179238.13132090523	-4650946.411846628	297.7125620885447	513.1790150077675	1.2252060312467417	93.2	3882.6230595111847	12:21
84.2%	2105000	4209.999999940191	-4830756.434339699	181077.36317934122	-4649679.071160358	300.76750594906457	512.6765048218375	1.2264069415766936	93.2	3891.919362783432	12:12
84.4%	2110000	4219.999999942228	-4831260.5399618745	180581.08990956994	-4650679.450052304	299.9432015136699	513.000076112215	1.2256333937838333	93.2	3901.1106164455414	12:02
84.6%	2115000	4229.999999944265	-4831398.603768925	179826.01456984068	-4651572.589199085	298.68902969038635	512.9434873512889	1.2257686076559537	93.2	3910.3731186389923	11:53
84.8%	2120000	4239.9999999463025	-4829549.602889934	180702.03021152	-4648847.572678413	300.14408202323546	512.9434873512889	1.2257686076559537	93.2	3919.665858030319	11:44
85.0%	2125000	4249.99999994834	-4830064.437585688	180030.352665261	-4650034.084920427	299.0284330164061	513.124473137984	1.2253362628597564	93.2	3928.934695959091	11:34
85.2%	2130000	4259.999999950377	-4830931.310712249	179009.55947640561	-4651921.751235844	297.33290677220214	513.124473137984	1.2253362628597564	93.2	3938.1022214889526	11:25
85.4%	2135000	4269.999999952414	-4831631.581571184	179407.26517910688	-4652224.316392077	297.99349156426536	513.2103275407184	1.2251312776765848	93.2	3947.346172094345	11:16
85.6%	2140000	4279.999999954452	-4829555.2804833315	179977.63220504412	-4649577.648278288	298.9408649126216	513.2103275407184	1.2251312776765848	93.2	3956.6254341602325	11:07
85.8%	2145000	4289.999999956489	-4832181.102590723	180359.55347824297	-4651821.54911248	299.5752319411228	513.5524397077239	1.2243151345062575	93.2	3965.8952553272247	10:57
86.0%	2150000	4299.999999958526	-4830815.923433596	181200.62724840592	-4649615.296185191	300.97224621021473	513.3125306360695	1.224887347904142	93.2	3976.0531339645386	10:48
86.2%	2155000	4309.999999960563	-4830421.7150851665	181471.93297914398	-4648949.782106022	301.4228820409505	513.3125306360695	1.224887347904142	93.2	3985.2257256507874	10:39
86.4%	2160000	4319.999999962601	-4832973.458997349	180153.7976218826	-4652819.661375467	299.2334737297961	513.3125306360695	1.224887347904142	93.2	3994.489515066147	10:30
86.6%	2165000	4329.999999964638	-4829662.880001739	179388.77314250072	-4650274.106859238	297.9627764951242	513.3125306360695	1.224887347904142	93.2	4003.6300506591797	10:20
86.8%	2170000	4339.999999966675	-4831194.957048021	179825.18861527895	-4651369.768432742	298.68765778895596	513.3125306360695	1.224887347904142	93.2	4012.908234357834	10:11
87.0%	2175000	4349.9999999687125	-4830999.976226137	181267.73233630578	-4649732.243889831	301.08370702215586	513.1775490450489	1.2252095312174003	93.2	4022.1600437164307	10:02
87.2%	2180000	4359.99999997075	-4832115.895680521	180914.21626067607	-4651201.679419844	300.49652071397696	513.1467869306068	1.2252829800565526	93.2	4031.4307708740234	9:53
87.4%	2185000	4369.999999972787	-4832087.361393105	180558.80171634373	-4651528.559676762	299.90618107019174	512.6728731756325	1.2264156291362431	93.2	4040.692533493042	9:43
87.6%	2190000	4379.999999974824	-4830743.572829904	180390.09060965126	-4650353.482220253	299.6259537800719	512.6728731756325	1.2264156291362431	93.2	4049.86519575119	9:34
87.8%	2195000	4389.999999976862	-4830978.372009338	180530.9847508963	-4650447.387258441	299.85997739694517	512.6728731756325	1.2264156291362431	93.2	4059.1237800121307	9:25
88.0%	2200000	4399.999999978899	-4832029.749212929	180274.9443100556	-4651754.804902873	299.4346970446049	512.7052281549221	1.2263382344655784	93.2	4069.271369457245	9:16
88.2%	2205000	4409.999999980936	-4832623.680916628	180640.78295244148	-4651982.897964186	300.04235100045145	512.7082652767326	1.2263309700252503	93.2	4078.5672931671143	9:06
88.4%	2210000	4419.999999982973	-4833147.958923986	180675.69336836442	-4652472.265555622	300.1003368168143	512.9120255071997	1.225843795873242	93.2	4087.734561443329	8:57
88.6%	2215000	4429.999999985011	-4831962.062156463	179936.92713968028	-4652025.135016783	298.8732542473566	511.92154611889424	1.2282155909701662	93.2	4096.987099647522	8:48
88.8%	2220000	4439.999999987048	-4833173.892472581	180014.73303823182	-4653159.159434349	299.0024889879371	511.95103151621686	1.2281448529064292	93.2	4106.295043230057	8:39
89.0%	2225000	4449.999999989085	-4832836.416891578	179656.26744529523	-4653180.149446283	298.40708158602285	511.8656423511254	1.2283497314036833	93.2	4115.447589635849	8:29
89.2%	2230000	4459.999999991122	-4831781.033223744	180791.12861060956	-4650989.9046131335	300.29207348283984	511.8519050402407	1.2283826984044297	93.2	4124.73477435112	8:20
89.4%	2235000	4469.99999999316	-4832845.878371444	181359.53803627656	-4651486.340335167	301.23619527870716	511.8526984848585	1.2283807942362122	93.2	4134.013320684433	8:11
89.6%	2240000	4479.999999995197	-4833295.782969861	181406.15167289236	-4651889.631296969	301.3136200157477	511.7769501012049	1.2285626075430756	93.2	4143.19656419754	8:01
89.8%	2245000	4489.999999997234	-4833018.853607894	180680.32391520738	-4652338.529692686	300.108028104122	512.0137121756956	1.227994503555455	93.2	4152.452776432037	7:52
90.0%	2250000	4499.9999999992715	-4832676.078519136	180543.23359822173	-4652132.844920914	299.88032259745023	512.0137121756956	1.227994503555455	93.2	4162.747403383255	7:43
90.2%	2255000	4510.000000001309	-4832197.994790029	179746.33491253277	-4652451.659877496	298.5566826571482	511.784413244602	1.228544691915567	93.2	4172.057941198349	7:34
90.4%	2260000	4520.000000003346	-4832743.380202577	180949.2105963729	-4651794.169606204	300.55464592016	511.8358218815137	1.2284212972540436	93.2	4181.373763561249	7:25
90.6%	2265000	4530.000000005383	-4833014.234398725	180958.33066764864	-4652055.903731077	300.56979425810533	511.8358218815137	1.2284212972540436	93.2	4190.524901390076	7:15
90.8%	2270000	4540.000000007421	-4832392.718064534	180811.73083590306	-4651580.98722863	300.32629355215016	512.8118570428683	1.2260832421513583	93.2	4199.800642967224	7:06
91.0%	2275000	4550.000000009458	-4832517.06567521	180803.76949214068	-4651713.296183069	300.3130698478429	512.8118570428683	1.2260832421513583	93.2	4209.073146820068	6:57
91.2%	2280000	4560.000000011495	-4832987.74787924	180452.7161215639	-4652535.031757676	299.72997406563394	512.8372110710718	1.2260226261343645	93.2	4218.23912525177	6:47
91.4%	2285000	4570.000000013532	-4833578.164898183	181070.6360986863	-4652507.528799497	300.75633234218526	512.3386765668682	1.227215615479143	93.2	4227.4909291267395	6:38
91.6%	2290000	4580.00000001557	-4833637.114907421	181186.4998825287	-4652450.615024893	300.94878081108413	512.6214557060747	1.2265386423023414	93.2	4236.7583360672	6:29
91.8%	2295000	4590.000000017607	-4832571.25105922	181177.41320264895	-4651393.837856571	300.93368793587985	512.6214557060747	1.2265386423023414	93.2	4246.0454778671265	6:20
92.0%	2300000	4600.000000019644	-4832597.758799989	180925.04036587733	-4651672.718434111	300.51449943350525	512.6960916233321	1.226360088499971	93.2	4256.599438667297	6:10
92.2%	2305000	4610.000000021681	-4832435.359704756	180011.40759450672	-4652423.95211025	298.99696546253443	512.9170226804833	1.2258318529008005	93.2	4265.787410497665	6:01
92.4%	2310000	4620.000000023719	-4832660.995438614	180336.94199541528	-4652324.053443199	299.5376745171771	512.9170226804833	1.2258318529008005	93.2	4275.083859443665	5:52
92.6%	2315000	4630.000000025756	-4832483.309305519	181065.77401158828	-4651417.53529393	300.74825646906396	513.368561306337	1.2247536598206126	93.2	4284.2534375190735	5:43
92.8%	2320000	4640.000000027793	-4833820.380700787	180132.22723079278	-4653688.153469994	299.197645547761	513.1156324707792	1.2253573746509947	93.2	4293.541531324387	5:33
93.0%	2325000	4650.0000000298305	-4834465.450539635	179538.62620228916	-4654926.824337346	298.2116807770292	513.1046408880231	1.2253836239107285	93.2	4302.781713962555	5:24
93.2%	2330000	4660.000000031868	-4833433.495474195	180139.21226740416	-4653294.283206791	299.2092476166429	513.1046408880231	1.2253836239107285	93.2	4311.945225715637	5:15
93.4%	2335000	4670.000000033905	-4834055.150017477	180655.55327816724	-4653399.59673931	300.06688434880925	513.1046408880231	1.2253836239107285	93.2	4321.229119300842	5:06
93.6%	2340000	4680.000000035942	-4833211.771802596	180606.02752170363	-4652605.744280892	299.9846226127741	512.52151650837	1.226777811359478	93.2	4330.508069515228	4:56
93.8%	2345000	4690.00000003798	-4833824.198506617	180192.1097224249	-4653632.088784192	299.2971097068473	512.6855895054738	1.2263852098968853	93.2	4339.781600952148	4:47
94.0%	2350000	4700.000000040017	-4833510.027109496	181201.1563040684	-4652308.870805427	300.97312496584334	512.6855895054738	1.2263852098968853	93.2	4349.982441186905	4:38
94.2%	2355000	4710.000000042054	-4833400.449434711	181555.49798718738	-4651844.951447523	301.5616825989692	512.9247370770464	1.2258134163693772	93.2	4359.198132514954	4:28
94.4%	2360000	4720.000000044091	-4833669.49544606	181615.2668520306	-4652054.228594029	301.66095802521056	512.9247370770464	1.2258134163693772	93.2	4368.472637176514	4:19
94.6%	2365000	4730.000000046129	-4833014.225390205	181190.94114210515	-4651823.2842481	300.95615769432686	512.750864176976	1.2262290875043083	93.2	4377.735854625702	4:10
94.8%	2370000	4740.000000048166	-4833947.755650509	179973.3043514344	-4653974.451299075	298.93367639544056	512.3993070346166	1.2270704032281248	93.2	4386.908428192139	4:01
95.0%	2375000	4750.000000050203	-4833206.331373396	179632.353885621	-4653573.9774877755	298.36736142677546	512.3993070346166	1.2270704032281248	93.2	4396.21346116066	3:51
95.2%	2380000	4760.0000000522405	-4833810.7547753835	181923.26919682295	-4651887.48557856	302.1725465277331	512.716596845308	1.2263110423290613	93.2	4405.494216442108	3:42
95.4%	2385000	4770.000000054278	-4832785.488776732	179848.4006734259	-4652937.0881033065	298.72621276189255	512.716596845308	1.2263110423290613	93.2	4414.763387680054	3:33
95.6%	2390000	4780.000000056315	-4833117.247575904	180375.7393880371	-4652741.508187867	299.60211655902765	513.0568812677668	1.2254976928545105	93.2	4423.951902389526	3:24
95.8%	2395000	4790.000000058352	-4833578.970815824	180721.77675038873	-4652857.194065436	300.1768808068183	512.9013199873164	1.2258693822669968	93.2	4433.21481180191	3:14
96.0%	2400000	4800.0000000603895	-4833456.823619614	180772.57152197862	-4652684.2520976355	300.261250363002	512.7580175951429	1.226211980547166	93.1	4443.358156681061	3:05
96.2%	2405000	4810.000000062427	-4833782.94074466	180325.23021088316	-4653457.710533776	299.51822137205676	512.7580175951429	1.226211980547166	93.1	4452.693631410599	2:56
96.4%	2410000	4820.000000064464	-4834146.614671551	180471.89298973713	-4653674.721681814	299.76182663246567	512.2908433359333	1.2273302021220738	93.1	4461.90346455574	2:46
96.6%	2415000	4830.000000066501	-4832656.634205719	179333.79375669488	-4653322.840449025	297.87145634081503	512.2908433359333	1.2273302021220738	93.1	4471.213932752609	2:37
96.8%	2420000	4840.000000068539	-4833029.136428524	179815.23376000335	-4653213.902668521	298.6711228839808	511.9032227674238	1.2282595544088666	93.1	4480.541393041611	2:28
97.0%	2425000	4850.000000070576	-4833195.396715669	179967.70294288947	-4653227.69377278	298.9243725175385	511.9514443169668	1.2281438626189283	93.1	4489.697507858276	2:19
97.2%	2430000	4860.000000072613	-4833404.683886464	179707.64769198457	-4653697.036194479	298.49242360989854	511.96368490698916	1.228114498806701	93.1	4498.986558914185	2:09
97.4%	2435000	4870.00000007465	-4834085.898796566	181427.58522356264	-4652658.313573003	301.3492209073531	512.4863977183725	1.2268618778879217	93.1	4508.248385429382	2:00
97.6%	2440000	4880.000000076688	-4834055.126946425	181178.97512826472	-4652876.15181816	300.9362822771254	512.5247003628494	1.2267701904935429	93.1	4517.418124198914	1:51
97.8%	2445000	4890.000000078725	-4834211.315089291	180613.57699158942	-4653597.738097701	299.99716219910846	512.5367246610894	1.2267414100180518	93.1	4526.67617559433	1:42
98.0%	2450000	4900.000000080762	-4833032.499761548	181261.2156130914	-4651771.2841484565	301.0728828166686	512.5367246610894	1.2267414100180518	93.1	4536.8055720329285	1:32
98.2%	2455000	4910.0000000827995	-4834445.379419176	182192.20675242768	-4652253.172666748	302.61924884565434	511.9810350590087	1.2280728801298504	93.1	4546.13973402977	1:23
98.4%	2460000	4920.000000084837	-4833123.747581768	180502.62585952136	-4652621.1217222465	299.81287359070143	512.1731172356592	1.2276123114198527	93.1	4555.4534413814545	1:14
98.6%	2465000	4930.000000086874	-4834278.843261955	181622.44388523506	-4652656.39937672	301.6728789983191	511.4748265747341	1.229288308297435	93.1	4564.62403678894	1:04
98.8%	2470000	4940.000000088911	-4835338.414118143	179973.7351651723	-4655364.678952971	298.9343919723144	512.2568180537369	1.2274117242316949	93.1	4573.91836810112	0:55
99.0%	2475000	4950.000000090949	-4834712.292632172	180507.57745740458	-4654204.715174767	299.82109814025114	512.4509360833134	1.22694677680237	93.1	4583.179391384125	0:46
99.2%	2480000	4960.000000092986	-4833665.212912571	180964.04388375205	-4652701.169028819	300.5792838471307	512.4509360833134	1.22694677680237	93.1	4592.339195728302	0:37
99.4%	2485000	4970.000000095023	-4835036.244192517	180686.8423395367	-4654349.40185298	300.1188551351425	512.4509360833134	1.22694677680237	93.1	4601.5774784088135	0:27
99.6%	2490000	4980.00000009706	-4835422.33247619	180333.16415459712	-4655089.168321593	299.53139956518527	512.2024387732839	1.2275420355331075	93.1	4610.84910774231	0:18
99.8%	2495000	4990.000000099098	-4834762.283745932	180172.83903410204	-4654589.4447118305	299.2651013057804	511.904962799617	1.2282553793933433	93.1	4620.073815584183	0:09
100.0%	2500000	5000.000000101135	-4835738.529299506	181780.35775640458	-4653958.171543102	301.9351721991505	511.8691323553831	1.2283413563220045	93.1	4630.22446680069	0:00
