#"Progress (%)"	"Step"	"Time (ps)"	"Potential Energy (kJ/mole)"	"Kinetic Energy (kJ/mole)"	"Total Energy (kJ/mole)"	"Temperature (K)"	"Box Volume (nm^3)"	"Density (g/mL)"	"Speed (ns/day)"	"Elapsed Time (s)"	"Time Remaining"
0.2%	5000	10.000000000000009	-5955574.361085862	184676.3144588194	-5770898.046627043	300.91486511704613	644.8739892953381	0.9936928866384879	0	0.0008955001831054688	--
0.4%	10000	19.999999999999794	-5985732.141700594	185619.87761861386	-5800112.26408198	302.4523236795641	629.2513593125011	1.0183636260096214	101	8.536529541015625	1:10:51
0.6%	15000	29.99999999999425	-6004299.861947646	184126.76803516675	-5820173.0939124795	300.01942441890577	619.8445083137632	1.0338184614787096	101	17.083096981048584	1:10:45
0.8%	20000	40.00000000000292	-6014844.800134163	186288.78824112637	-5828556.011893037	303.5422585222566	613.9929890929631	1.0436710309797022	101	25.73853588104248	1:10:55
1.0%	25000	50.00000000001514	-6035960.127769604	186484.19248383256	-5849475.935285772	303.86065366409997	587.9533634265531	1.0898937497463794	100	34.49259114265442	1:11:08
1.2%	30000	60.00000000002736	-6047927.671524089	184159.59623827258	-5863768.075285817	300.0729152758063	577.9880047428553	1.1086851122906163	99.5	43.40984225273132	1:11:28
1.4%	35000	70.00000000001826	-6055621.013849127	185582.85865998792	-5870038.155189139	302.3920043312256	577.9880047428553	1.1086851122906163	99.2	52.25863456726074	1:11:33
1.6%	40000	79.99999999999496	-6057301.41367776	183920.81915937617	-5873380.594518384	299.6838476647284	575.5552669628887	1.113371265495309	98.8	61.1913685798645	1:11:40
1.8%	45000	89.99999999997165	-6061693.767685203	184372.64331054868	-5877321.124374654	300.420057957343	573.0236828378416	1.1182900727024607	98.5	70.18253517150879	1:11:47
2.0%	50000	99.99999999994834	-6066184.863683668	183535.51917340196	-5882649.344510266	299.05603302781196	573.0236828378416	1.1182900727024607	97.1	80.0641143321991	1:12:39
2.2%	55000	109.99999999992504	-6066938.332192956	184826.1397561795	-5882112.192436776	301.15899311623406	573.0447615338286	1.1182489378766147	97	89.11575865745544	1:12:37
2.4%	60000	119.99999999990173	-6071596.768288155	184550.37491977963	-5887046.3933683755	300.70965699648065	567.2326096423241	1.129707081447646	96.9	98.03266191482544	1:12:29
2.6%	65000	129.99999999989262	-6072295.58164778	185702.55458946712	-5886593.027058313	302.58703900353777	567.2326096423241	1.129707081447646	96.8	107.09217405319214	1:12:26
2.8%	70000	139.99999999994037	-6076382.752010122	184050.49247466805	-5892332.259535454	299.8951396666003	565.0764326499891	1.134017734443157	96.7	116.18359923362732	1:12:23
3.0%	75000	149.99999999998812	-6076308.141134487	185005.94315679575	-5891302.197977692	301.45196796903303	565.0764326499891	1.134017734443157	96.6	125.26390266418457	1:12:19
3.2%	80000	160.00000000003587	-6079599.917022895	184326.13458933454	-5895273.78243356	300.3442758213829	563.4606492026708	1.1372696511242448	96.5	134.23151469230652	1:12:11
3.4%	85000	170.00000000008362	-6081905.857660886	185665.46864777652	-5896240.38901311	302.52661051180473	558.1427503192076	1.1481053826722247	96.5	143.324227809906	1:12:06
3.6%	90000	180.00000000013137	-6083906.5346303005	184246.316387032	-5899660.218243268	300.21421862563403	557.0216983498224	1.150416039158533	96.4	152.43104362487793	1:12:01
3.8%	95000	190.0000000001791	-6086419.654687983	184131.57276312305	-5902288.08192486	300.02725332793034	555.1969740286834	1.1541970254107607	96.3	161.43131351470947	1:11:53
4.0%	100000	200.00000000022686	-6088572.962133924	183097.06933464046	-5905475.892799283	298.3416150772581	554.894633189379	1.1548259031769408	95.7	171.57631063461304	1:12:14
4.2%	105000	210.0000000002746	-6090843.814280427	183311.8309678287	-5907531.983312598	298.69155149478155	553.4736115149562	1.1577908731492352	95.5	180.8624393939972	1:12:11
4.4%	110000	220.00000000032236	-6091898.988967211	183845.62434382617	-5908053.364623385	299.5613238974276	553.4736115149562	1.1577908731492352	95.5	190.00270795822144	1:12:04
4.6%	115000	230.0000000003701	-6091079.100033704	184796.15888976824	-5906282.941143936	301.1101417602891	551.3638631491775	1.1622210644725997	95.5	199.0298204421997	1:11:55
4.8%	120000	240.00000000041786	-6092729.803177921	183679.55974024496	-5909050.243437676	299.2907352844059	551.3638631491775	1.1622210644725997	95.5	208.18987226486206	1:11:48
5.0%	125000	250.0000000004656	-6094665.572632159	184781.05629269066	-5909884.516339469	301.0855333205125	551.3638631491775	1.1622210644725997	95.4	217.3544888496399	1:11:41
5.2%	130000	260.00000000051335	-6094422.898165597	185001.85258365516	-5909421.0455819415	301.4453027165427	551.3638631491775	1.1622210644725997	95.4	226.507337808609	1:11:34
5.4%	135000	270.0000000005611	-6097100.69000609	184199.60213309716	-5912901.087872993	300.13810159101024	551.3638631491775	1.1622210644725997	95.4	235.56144952774048	1:11:25
5.6%	140000	280.00000000060885	-6096378.572719529	183380.41568449215	-5912998.157035037	298.80330464961554	550.731000031648	1.1635566109482443	95.3	244.71003937721252	1:11:17
5.8%	145000	290.0000000006566	-6097568.6188489925	185036.37424269217	-5912532.2446063	301.50155292059935	549.6629782156946	1.1658174578559688	95.3	253.87815403938293	1:11:10
6.0%	150000	300.00000000070435	-6098131.456656946	184707.775765845	-5913423.680891101	300.9661287292086	549.6629782156946	1.1658174578559688	94.7	264.575190782547	1:11:27
6.2%	155000	310.0000000007521	-6099934.888481278	185420.3945777307	-5914514.4939035475	302.1272824715651	548.754371628002	1.1677477739992597	94.7	273.8007712364197	1:11:20
6.4%	160000	320.00000000079984	-6100498.279045312	184003.45523922832	-5916494.823806084	299.81849636017904	547.3439396739693	1.1707569034612213	94.7	282.88279819488525	1:11:10
6.6%	165000	330.0000000008476	-6102169.124350888	184005.12892442738	-5918163.99542646	299.8212234925533	544.9550735218438	1.1758890357688832	94.7	292.0890967845917	1:11:02
6.8%	170000	340.00000000089534	-6102627.821321111	183373.85932595082	-5919253.96199516	298.79262160262107	544.0903877957502	1.1777577959740002	94.6	301.2997441291809	1:10:54
7.0%	175000	350.0000000009431	-6104284.765439535	184205.82818153864	-5920078.937257996	300.1482464248644	544.0903877957502	1.1777577959740002	94.6	310.4175515174866	1:10:45
7.2%	180000	360.00000000099084	-6103849.198551584	184340.44265272596	-5919508.755898858	300.36758963386677	541.54419916528	1.183295282137048	94.6	319.6635208129883	1:10:37
7.4%	185000	370.0000000010386	-6105381.892653901	183946.34623330837	-5921435.546420593	299.7254419321452	541.2619288194783	1.1839123755454148	94.6	328.93154978752136	1:10:30
7.6%	190000	380.00000000108633	-6106137.172352182	183275.974709298	-5922861.197642883	298.63312667061837	541.2619288194783	1.1839123755454148	94.5	338.21036887168884	1:10:23
7.8%	195000	390.0000000011341	-6108557.905406181	184624.85612316726	-5923933.049283014	300.83101799145624	541.2619288194783	1.1839123755454148	94.5	347.38295793533325	1:10:14
8.0%	200000	400.00000000118183	-6107944.1825440675	184804.8741472462	-5923139.308396821	301.12434255553524	541.2619288194783	1.1839123755454148	94.2	357.6113395690918	1:10:17
8.2%	205000	410.0000000012296	-6109077.306581425	183328.24201290746	-5925749.064568517	298.71829194295856	539.8928605740352	1.1869145579358673	94.2	366.81573724746704	1:10:09
8.4%	210000	420.00000000127733	-6109985.633314947	184098.35020826774	-5925887.283106679	299.97311990728883	539.8928605740352	1.1869145579358673	94.2	376.07049345970154	1:10:00
8.6%	215000	430.0000000013251	-6109176.591545516	184578.41240667625	-5924598.179138839	300.755341775346	537.8046440753277	1.1915231729594493	94.2	385.3463852405548	1:09:52
8.8%	220000	440.0000000013728	-6109898.462047139	184544.8961739035	-5925353.565873235	300.7007298306924	537.8046440753277	1.1915231729594493	94.2	394.5203297138214	1:09:43
9.0%	225000	450.0000000014206	-6110025.013322078	184247.93114900638	-5925777.082173071	300.21684974746	537.8046440753277	1.1915231729594493	94.1	403.8070242404938	1:09:35
9.2%	230000	460.0000000014683	-6110828.594142843	183906.87130353748	-5926921.722839305	299.66112078082523	537.4986501649684	1.1922014980768534	94.1	413.08778166770935	1:09:27
9.4%	235000	470.00000000151607	-6113376.69681132	183363.9495066075	-5930012.747304712	298.7764743670659	536.9535261982284	1.1934118404585983	94.1	422.2554392814636	1:09:18
9.6%	240000	480.0000000015638	-6112602.561171936	183663.5821043588	-5928938.979067577	299.26470104086115	536.5044290022644	1.1944108217944593	94.1	431.5536983013153	1:09:10
9.8%	245000	490.00000000161157	-6114193.306085356	183633.6106049281	-5930559.695480428	299.21586494764057	535.7384774588064	1.196118484863231	94.1	440.853408575058	1:09:02
10.0%	250000	500.0000000016593	-6116279.942168025	184430.12060974643	-5931849.821558279	300.5137124889815	535.7384774588064	1.196118484863231	93.9	451.03050899505615	1:09:02
10.2%	255000	510.00000000170706	-6115772.427436486	184475.86878154447	-5931296.558654942	300.58825537222185	535.7384774588064	1.196118484863231	93.9	460.2683539390564	1:08:53
10.4%	260000	520.0000000015274	-6117159.938532	182786.90213902804	-5934373.036392973	297.8362231426998	534.2134090934773	1.1995331547898918	93.8	469.5615322589874	1:08:44
10.6%	265000	530.0000000012909	-6117948.174455558	185309.54616555004	-5932638.628290008	301.94666410099853	533.9272506973418	1.20017604477769	93.8	478.87315487861633	1:08:36
10.8%	270000	540.0000000010544	-6117087.105643444	183330.43335295358	-5933756.67229049	298.72186255133	533.9731734282159	1.2000728273048868	93.8	488.18907713890076	1:08:28
11.0%	275000	550.000000000818	-6118101.5566714415	184389.59592194716	-5933711.960749494	300.4476808432951	533.8902575376881	1.200259204759372	93.8	497.38435101509094	1:08:18
11.2%	280000	560.0000000005815	-6117960.611234851	184445.93567454515	-5933514.675560306	300.53948183631053	533.8902575376881	1.200259204759372	93.8	506.68073987960815	1:08:10
11.4%	285000	570.000000000345	-6118414.470832389	184226.5599632282	-5934187.910869161	300.18202715797594	533.8902575376881	1.200259204759372	93.8	516.0017485618591	1:08:01
11.6%	290000	580.0000000001086	-6119854.625434859	184668.66756871255	-5935185.957866146	300.9024051385599	533.8902575376881	1.200259204759372	93.7	525.3300514221191	1:07:53
11.8%	295000	589.9999999998721	-6118831.117174296	184125.76018665158	-5934705.356987644	300.017782212644	533.8902575376881	1.200259204759372	93.7	534.5447766780853	1:07:44
12.0%	300000	599.9999999996356	-6119277.199096786	184331.84992889944	-5934945.349167886	300.35358849712753	533.6153420615889	1.2008775712205835	93.6	544.7066819667816	1:07:42
12.2%	305000	609.9999999993992	-6119524.361863616	183076.2261239725	-5936448.135739643	298.30765277979117	533.3758079078863	1.2014168742569382	93.6	554.0551652908325	1:07:33
12.4%	310000	619.9999999991627	-6122876.613873795	184239.4726729227	-5938637.141200872	300.20306735637604	532.9464700224906	1.2023847271451473	93.6	563.2477967739105	1:07:24
12.6%	315000	629.9999999989262	-6121863.56055956	183955.82111180623	-5937907.739447753	299.74088046736574	532.8167109885437	1.2026775488179835	93.6	572.5604531764984	1:07:15
12.8%	320000	639.9999999986898	-6121680.736504043	183778.08214108297	-5937902.654362961	299.4512694332818	532.8167109885437	1.2026775488179835	93.5	581.8697583675385	1:07:06
13.0%	325000	649.9999999984533	-6122531.522478621	184119.02952987477	-5938412.492948746	300.0068151610106	532.8167109885437	1.2026775488179835	93.5	591.216432094574	1:06:58
13.2%	330000	659.9999999982168	-6123330.991363423	185029.22793582702	-5938301.763427596	301.4899086013334	532.8167109885437	1.2026775488179835	93.5	600.4159047603607	1:06:48
13.4%	335000	669.9999999979804	-6123140.690470823	182851.42505996587	-5940289.265410857	297.9413579354742	532.8371181389604	1.202631487421722	93.5	609.7190546989441	1:06:40
13.6%	340000	679.9999999977439	-6123914.939813552	182556.5565580125	-5941358.383255539	297.4608939639433	532.3676162120913	1.2036921037767803	93.5	619.0156848430634	1:06:31
13.8%	345000	689.9999999975074	-6124288.888258001	183684.40591985936	-5940604.482338142	299.2986317354981	532.2183583343658	1.2040296729831619	93.5	628.3385956287384	1:06:22
14.0%	350000	699.999999997271	-6124604.82206931	184519.4756238956	-5940085.346445414	300.6593091352489	532.0131052838315	1.2044941930501665	93.4	638.5246248245239	1:06:19
14.2%	355000	709.9999999970345	-6124858.690824443	183302.6817915364	-5941556.009032906	298.6766436645165	532.0131052838315	1.2044941930501665	88.7	682.1448404788971	1:09:40
14.4%	360000	719.999999996798	-6125385.79550745	183711.53619872907	-5941674.259308721	299.34283829349977	532.0131052838315	1.2044941930501665	88.7	691.473685503006	1:09:28
14.6%	365000	729.9999999965615	-6126111.942231755	183412.6437351668	-5942699.298496588	298.85581760749085	531.5991675963537	1.2054320905700326	88.8	700.6747291088104	1:09:15
14.8%	370000	739.9999999963251	-6125980.006793327	183769.5973679816	-5942210.409425345	299.43744419337037	531.2556682693818	1.2062114989350672	88.8	709.9724192619324	1:09:03
15.0%	375000	749.9999999960886	-6127464.61734801	184021.5821924818	-5943443.035155528	299.84803273959636	530.255586194158	1.2084864594077551	88.9	719.2909164428711	1:08:51
15.2%	380000	759.9999999958521	-6127450.28918832	183660.29214494865	-5943789.997043371	299.25934032259556	530.1318665983723	1.2087684900980245	88.9	728.6084764003754	1:08:39
15.4%	385000	769.9999999956157	-6128551.831328686	183486.43535853998	-5945065.395970146	298.9760549885496	530.0142136144506	1.2090368135053549	89	737.8383045196533	1:08:26
15.6%	390000	779.9999999953792	-6128830.682808195	183684.64222228853	-5945146.040585907	299.299016770871	529.4509875869957	1.2103229778859728	89	747.1515839099884	1:08:14
15.8%	395000	789.9999999951427	-6129009.565936839	183159.29872670525	-5945850.267210134	298.4430127533725	529.1633998284398	1.2109807597213222	89.1	756.4847140312195	1:08:03
16.0%	400000	799.9999999949063	-6129964.413168211	183815.1926535819	-5946149.220514629	299.51173796112613	529.0713062336857	1.2111915509134106	89	766.7265417575836	1:07:56
16.2%	405000	809.9999999946698	-6129987.6230559	184206.45076179178	-5945781.172294108	300.1492608681808	528.5973263814877	1.2122775957411724	89.1	776.0110113620758	1:07:44
16.4%	410000	819.9999999944333	-6130117.280465341	184420.22776426625	-5945697.052701075	300.4975929109403	528.1549212311196	1.2132930513025475	89.1	785.335844039917	1:07:32
16.6%	415000	829.9999999941969	-6131180.870593273	184914.02279978278	-5946266.847793491	301.3021913075639	527.5724678897549	1.2146325575027335	89.2	794.6943542957306	1:07:21
16.8%	420000	839.9999999939604	-6131574.549631996	184254.35388694014	-5947320.195745056	300.2273150706644	527.5315701499425	1.2147267238600006	89.2	803.9645788669586	1:07:09
17.0%	425000	849.9999999937239	-6130827.112010138	184403.84301923687	-5946423.268990901	300.47089531653063	526.9859237141147	1.2159844639201287	89.2	813.3173861503601	1:06:58
17.2%	430000	859.9999999934874	-6130455.87987108	185400.3836619066	-5945055.496209173	302.09467633009143	526.936870051671	1.2160976624735422	89.3	822.6936364173889	1:06:47
17.4%	435000	869.999999993251	-6131887.265211006	184108.87042968342	-5947778.394781322	299.9902617428165	527.2319311985749	1.2154170831121578	89.3	832.062971830368	1:06:35
17.6%	440000	879.9999999930145	-6129347.999948672	184799.33305112892	-5944548.666897543	301.1153137951573	526.9666864592735	1.2160288542081992	89.3	841.3451533317566	1:06:24
17.8%	445000	889.999999992778	-6132648.543672272	184778.1828015016	-5947870.36087077	301.0808512029594	526.9666864592735	1.2160288542081992	89.4	850.7026352882385	1:06:13
18.0%	450000	899.9999999925416	-6133550.450856116	184554.34650987352	-5948996.104346242	300.71612837588253	526.9214416178575	1.216133270214686	89.3	860.9203374385834	1:06:06
18.2%	455000	909.9999999923051	-6134622.979738733	184845.52693059362	-5949777.452808139	301.1905829223818	526.8797030718323	1.2162296102979644	89.3	870.3387444019318	1:05:55
18.4%	460000	919.9999999920686	-6133695.536262384	182703.96444765548	-5950991.571814728	297.7010829960837	526.6146940742127	1.2168416551070576	89.4	879.5725214481354	1:05:43
18.6%	465000	929.9999999918322	-6133647.35025013	183739.8158207836	-5949907.534429346	299.3889176116898	526.2136499547419	1.2177690487429882	89.4	888.9281485080719	1:05:32
18.8%	470000	939.9999999915957	-6133623.8454004	183819.32492237762	-5949804.520478023	299.5184711532571	526.2140654161745	1.2177680872786205	89.4	898.290486574173	1:05:21
19.0%	475000	949.9999999913592	-6135651.572399	183946.74708676082	-5951704.825312239	299.7260950898765	524.8213661297846	1.220999633964016	89.5	907.5297057628632	1:05:10
19.2%	480000	959.9999999911228	-6134156.279443341	183683.27841636498	-5950473.001026976	299.2967945612891	524.6792435141473	1.2213303725320388	89.5	916.8946490287781	1:04:59
19.4%	485000	969.9999999908863	-6135729.717980381	183228.9930641368	-5952500.724916244	298.5565739439837	524.0039268447551	1.222904377452903	89.5	926.2762734889984	1:04:48
19.6%	490000	979.9999999906498	-6135098.913295735	184162.24570797937	-5950936.667587755	300.0772323687794	524.0300147297484	1.2228434973737856	89.6	935.6661729812622	1:04:37
19.8%	495000	989.9999999904134	-6136760.782075405	184332.346927544	-5952428.435147861	300.3543983155416	523.5526402096758	1.223958484259247	89.6	944.9430086612701	1:04:26
20.0%	500000	999.9999999901769	-6136297.874151116	184041.34642294917	-5952256.527728167	299.88023692757065	523.6128008475094	1.2238178572100693	89.6	955.1712651252747	1:04:19
20.2%	505000	1009.9999999899404	-6135819.039360009	184614.44889366263	-5951204.590466347	300.81406026695424	523.6128008475094	1.2238178572100693	89.6	964.6109125614166	1:04:08
20.4%	510000	1019.999999989704	-6135944.303839687	183628.7707197148	-5952315.533119973	299.20797875275736	523.7764915897525	1.223435389389093	89.6	973.9914283752441	1:03:58
20.6%	515000	1029.9999999894676	-6137122.347395036	184649.7485749621	-5952472.598820074	300.87157819429666	523.3576815532966	1.2244144273168647	89.6	983.279970407486	1:03:47
20.8%	520000	1039.9999999892311	-6137474.507865716	184745.3084885082	-5952729.199377208	301.0272852137896	522.9767074161127	1.2253063795269492	89.7	992.6573295593262	1:03:36
21.0%	525000	1049.9999999889947	-6137037.591016187	184374.9479547737	-5952662.643061413	300.42381318555476	523.391113263934	1.2243362176037136	89.7	1002.0538382530212	1:03:25
21.2%	530000	1059.9999999887582	-6137648.268132845	184324.8755428735	-5953323.392589971	300.3422243087289	523.4697258027002	1.224152351806658	89.7	1011.3275747299194	1:03:14
21.4%	535000	1069.9999999885217	-6137101.430045944	183080.70055732245	-5954020.7294886215	298.31494350092083	523.84905772911	1.223265913121738	89.7	1020.7094933986664	1:03:04
21.6%	540000	1079.9999999882853	-6138010.527054096	184738.98945559864	-5953271.537598497	301.0169888693925	523.8356910249081	1.2232971271720614	89.7	1030.0967690944672	1:02:53
21.8%	545000	1089.9999999880488	-6139101.1459199395	184475.7437281684	-5954625.402191771	300.5880516080309	523.9006697973927	1.223145403094789	89.8	1039.4887640476227	1:02:43
22.0%	550000	1099.9999999878123	-6138628.125138177	182629.46440397514	-5955998.660734202	297.5796913024007	523.9006697973927	1.223145403094789	89.7	1049.768052816391	1:02:36
22.2%	555000	1109.9999999875758	-6138937.413360718	183898.86738165925	-5955038.545979058	299.6480790484328	523.6199466938389	1.2238011557562802	89.7	1059.0938003063202	1:02:25
22.4%	560000	1119.9999999873394	-6138673.004624918	184614.43891459025	-5954058.565710328	300.81404400687654	523.6199466938389	1.2238011557562802	89.8	1068.4661881923676	1:02:14
22.6%	565000	1129.999999987103	-6138983.035401089	184190.70723002427	-5954792.328171065	300.12360807804276	523.6199466938389	1.2238011557562802	89.8	1077.8515536785126	1:02:04
22.8%	570000	1139.9999999868664	-6139293.33906824	183663.3544656876	-5955629.984602552	299.2643301223693	523.6199466938389	1.2238011557562802	89.8	1087.1172630786896	1:01:53
23.0%	575000	1149.99999998663	-6139381.592493343	183341.09601645035	-5956040.496476892	298.7392364845131	523.8003865406605	1.223379578188262	89.8	1096.4939403533936	1:01:43
23.2%	580000	1159.9999999863935	-6138605.111365423	183866.2133024492	-5954738.898062973	299.5948719120991	523.6725361103216	1.2236782564552202	89.8	1105.8650770187378	1:01:32
23.4%	585000	1169.999999986157	-6140980.151211065	184467.06857022853	-5956513.082640837	300.573916151684	523.6725361103216	1.2236782564552202	89.9	1115.2603750228882	1:01:22
23.6%	590000	1179.9999999859206	-6139648.27394807	183893.10326624787	-5955755.170681822	299.638686896458	523.5612748414483	1.2239382985974647	89.9	1124.517730474472	1:01:11
23.8%	595000	1189.999999985684	-6140593.729153257	184266.53915877975	-5956327.189994477	300.24716996891044	523.1018148962211	1.2250133295142407	89.9	1133.893074274063	1:01:01
24.0%	600000	1199.9999999854476	-6140311.3592716865	184945.99135530187	-5955365.367916385	301.35428143942625	523.1018148962211	1.2250133295142407	89.9	1144.1534276008606	1:00:53
24.2%	605000	1209.9999999852112	-6141466.458728353	184202.34262248006	-5957264.116105872	300.14256699305935	522.4901113159632	1.2264475098428218	89.9	1153.5890424251556	1:00:43
24.4%	610000	1219.9999999849747	-6139128.908378205	184195.03409183255	-5954933.874286373	300.13065834348276	522.4901113159632	1.2264475098428218	89.9	1163.0014152526855	1:00:33
24.6%	615000	1229.9999999847382	-6141355.39936409	183590.22837401868	-5957765.170990071	299.1451771704839	521.8095450263485	1.2280470950538183	89.9	1172.3106713294983	1:00:22
24.8%	620000	1239.9999999845018	-6141895.945561482	184733.18406075847	-5957162.761500723	301.00752945598373	521.8095450263485	1.2280470950538183	89.9	1181.7153899669647	1:00:12
25.0%	625000	1249.9999999842653	-6142357.308671084	182934.0824450852	-5959423.226225999	298.07604134610534	521.8754247224952	1.2278920707594303	89.9	1191.154179096222	1:00:02
25.2%	630000	1259.9999999840288	-6140987.862893953	184220.77541337203	-5956767.087480581	300.1726017097541	521.6721579236913	1.22837051241423	90	1200.4740664958954	59:51
25.4%	635000	1269.9999999837923	-6143175.631322028	185849.26168618494	-5957326.369635843	302.82608615124553	521.6642944784682	1.2283890285832304	90	1209.8584744930267	59:41
25.6%	640000	1279.9999999835559	-6141543.813234257	183366.05578583197	-5958177.757448425	298.77990637582445	521.4280866316449	1.2289454909889619	90	1219.242223739624	59:31
25.8%	645000	1289.9999999833194	-6141979.90327712	183203.3352892612	-5958776.567987858	298.5147667101296	521.2211067038459	1.2294335123789675	90	1228.642365694046	59:21
26.0%	650000	1299.999999983083	-6144027.215950573	184483.04138135994	-5959544.174569213	300.5999425336878	520.6949090982507	1.230675938527463	90	1238.9257028102875	59:13
26.2%	655000	1309.9999999828465	-6143407.829536321	183925.75933345046	-5959482.07020287	299.6918972720621	520.3657398584032	1.2314544307150808	90	1248.2549188137054	59:03
26.4%	660000	1319.99999998261	-6143672.764154617	184056.76335634512	-5959616.000798272	299.9053575525245	519.6844843423141	1.2330687469954653	90	1257.6722095012665	58:53
26.6%	665000	1329.9999999823735	-6144007.165489107	185235.66808020932	-5958771.497408898	301.82628583727507	519.4416383078072	1.233645223414371	90	1267.120165348053	58:42
26.8%	670000	1339.999999982137	-6142933.348714845	183066.47576050565	-5959866.87295434	298.29176536447176	519.0183451646603	1.234651341153777	90	1276.445186138153	58:32
27.0%	675000	1349.9999999819006	-6144754.313617258	184060.83931799288	-5960693.474299265	299.91199899678895	519.2643174921262	1.2340664943738957	90	1285.863273859024	58:22
27.2%	680000	1359.9999999816641	-6143542.322412638	184727.78879474173	-5958814.533617896	300.9987383137603	519.2643174921262	1.2340664943738957	90	1295.28884100914	58:12
27.4%	685000	1369.9999999814277	-6144667.264404931	184269.3178995131	-5960397.946505418	300.251697698389	519.2643174921262	1.2340664943738957	90.1	1304.5840311050415	58:02
27.6%	690000	1379.9999999811912	-6144952.587183483	183308.11591074872	-5961644.471272734	298.6854981148265	519.2643174921262	1.2340664943738957	90.1	1313.9910476207733	57:52
27.8%	695000	1389.9999999809547	-6144582.498487371	182627.75253944547	-5961954.745947925	297.57690195994735	519.1856913564555	1.2342533829596727	90.1	1323.4108273983002	57:41
28.0%	700000	1399.9999999807183	-6144899.994152752	184735.795425586	-5960164.198727165	301.01178446019014	519.1856913564555	1.2342533829596727	90	1333.6949932575226	57:34
28.2%	705000	1409.9999999804818	-6145432.152703973	184267.6613066336	-5961164.49139734	300.2489984165437	519.0088650528307	1.2346738930475358	90.1	1343.0491390228271	57:23
28.4%	710000	1419.9999999802453	-6145956.557928509	183670.06228140127	-5962286.495647108	299.275259956369	518.634911849503	1.2355641344231574	90.1	1352.463590145111	57:13
28.6%	715000	1429.9999999800089	-6145465.993290171	185167.99559474253	-5960297.997695428	301.7160190881467	518.7634989817639	1.23525787222645	90.1	1361.8860311508179	57:03
28.8%	720000	1439.9999999797724	-6146277.6002299385	184601.5073220263	-5961676.092907912	300.7929730403938	518.691719645448	1.2354288138221785	90.1	1371.3284561634064	56:53
29.0%	725000	1449.999999979536	-6148432.246846341	184371.28083067728	-5964060.966015663	300.41783790845403	518.691719645448	1.2354288138221785	90.1	1380.6343188285828	56:43
29.2%	730000	1459.9999999792994	-6147292.676805671	184716.20865535602	-5962576.468150315	300.97986942907687	518.7056526422273	1.235395628863433	90.1	1390.094453573227	56:33
29.4%	735000	1469.999999979063	-6147856.63810182	185079.4996569017	-5962777.138444918	301.5718222360663	518.687924674861	1.235437852814196	90.1	1399.569129228592	56:23
29.6%	740000	1479.9999999788265	-6147185.41291086	182937.284018321	-5964248.128892539	298.0812580463695	518.4451670502685	1.2360163362827319	90.1	1409.0132548809052	56:13
29.8%	745000	1489.99999997859	-6148319.33846942	183814.5519507203	-5964504.7865186995	299.51069398850984	518.4451670502685	1.2360163362827319	90.2	1418.3607079982758	56:03
30.0%	750000	1499.9999999783536	-6148789.587886722	184106.66016447573	-5964682.927722246	299.98666029745084	517.903726315031	1.2373085254674752	90.1	1428.65873670578	55:55
30.2%	755000	1509.999999978117	-6146993.32180461	184927.4238843841	-5962065.897920226	301.3240272727067	517.5865802261667	1.2380666741030115	90.1	1438.1625909805298	55:46
30.4%	760000	1519.9999999778806	-6147715.649498813	184462.31097136263	-5963253.33852745	300.56616403563595	517.5044966049309	1.2382630492004427	90.1	1447.5208475589752	55:36
30.6%	765000	1529.9999999776442	-6148811.954925377	184493.8894625407	-5964318.065462836	300.61761858973676	517.4112834663852	1.2384861258685584	90.1	1456.9705419540405	55:26
30.8%	770000	1539.9999999774077	-6147360.307262393	183843.43584243744	-5963516.871419955	299.55775791441494	517.397412753297	1.2385193279783722	90.1	1466.402853012085	55:16
31.0%	775000	1549.9999999771712	-6148884.681321741	184237.12522110582	-5964647.556100635	300.1992423767141	517.397412753297	1.2385193279783722	90.2	1475.8543355464935	55:06
31.2%	780000	1559.9999999769348	-6148638.446534648	184881.62082480048	-5963756.825709847	301.2493949543342	517.3590283458394	1.238611217416701	90.2	1485.1754388809204	54:56
31.4%	785000	1569.9999999766983	-6149979.641691182	183430.55427119086	-5966549.087419991	298.8850013528328	517.0046162428692	1.239460298435585	90.2	1494.6107594966888	54:46
31.6%	790000	1579.9999999764618	-6149584.301369062	184702.7981353595	-5964881.503233702	300.9580180897336	516.5563795946933	1.2405358277517726	90.2	1504.0378506183624	54:36
31.8%	795000	1589.9999999762254	-6150406.016860824	184334.6092064569	-5966071.407654367	300.3580845129618	516.5563795946933	1.2405358277517726	90.2	1513.5125486850739	54:26
32.0%	800000	1599.9999999759889	-6150416.64895618	183733.4561036	-5966683.19285258	299.3785549756144	516.567090813619	1.2405101047603695	90.2	1523.8555250167847	54:18
32.2%	805000	1609.9999999757524	-6150597.381453141	185033.7273582194	-5965563.654094921	301.4972400400524	516.4706633330335	1.2407417137800782	90.2	1533.2558257579803	54:08
32.4%	810000	1619.999999975516	-6151775.022697114	184382.15183154124	-5967392.870865573	300.4355513102416	516.4706633330335	1.2407417137800782	90.2	1542.7108545303345	53:58
32.6%	815000	1629.9999999752795	-6150079.508717049	183967.24462917328	-5966112.264087875	299.75949414935167	516.4109670944691	1.2408851414337534	90.2	1552.0571937561035	53:48
32.8%	820000	1639.999999975043	-6149705.797796455	184086.66395036227	-5965619.133846093	299.95407811120543	516.472764727775	1.240736665521407	90.2	1561.4954433441162	53:38
33.0%	825000	1649.9999999748065	-6149741.759267543	183936.62649223255	-5965805.13277531	299.70960441349325	516.8419363677792	1.2398504278588	90.2	1570.97021317482	53:28
33.2%	830000	1659.99999997457	-6151024.777187779	182961.9025287033	-5968062.874659075	298.1213718842094	516.8581204648605	1.2398116050970087	90.2	1580.4246113300323	53:19
33.4%	835000	1669.9999999743336	-6151368.157241876	183373.80598793316	-5967994.3512539435	298.7925346927082	516.7940322939736	1.239965355436699	90.2	1589.7934584617615	53:09
33.6%	840000	1679.9999999740971	-6151261.994275121	183949.83709904607	-5967312.157176075	299.73113001074734	516.7226698301097	1.2401366020028675	90.2	1599.2405302524567	52:59
33.8%	845000	1689.9999999738607	-6150372.601030011	184391.97959336042	-5965980.62143665	300.4515648398103	516.7630944249031	1.2400395903931658	90.2	1608.703703403473	52:49
34.0%	850000	1699.9999999736242	-6151338.316091278	183068.12667039357	-5968270.1894208845	298.2944553863497	516.7630944249031	1.2400395903931658	90.2	1619.0382719039917	52:41
34.2%	855000	1709.9999999733877	-6151431.975263606	183357.84842798463	-5968074.126835621	298.76653316125265	516.797951232488	1.2399559526362882	90.2	1628.4533305168152	52:31
34.4%	860000	1719.9999999731513	-6151311.360367494	184284.57887775975	-5967026.781489734	300.276564207254	516.797951232488	1.2399559526362882	90.2	1637.8913815021515	52:21
34.6%	865000	1729.9999999729148	-6152253.431521693	183953.46708097795	-5968299.9644407155	299.7370447677459	516.8594299609842	1.2398084639557294	90.2	1647.3580749034882	52:11
34.8%	870000	1739.9999999726783	-6151592.339752196	182868.2589642569	-5968724.080787939	297.9687873979582	516.9750547222334	1.23953117290207	90.2	1656.695719242096	52:01
35.0%	875000	1749.9999999724419	-6151444.297374921	184501.6205894329	-5966942.676785488	300.63021582513636	516.9750547222334	1.23953117290207	90.2	1666.1691210269928	51:52
35.2%	880000	1759.9999999722054	-6152195.397068971	183783.37863601244	-5968412.018432958	299.4598996361422	516.7159421201844	1.240152748745489	90.2	1675.6116211414337	51:42
35.4%	885000	1769.999999971969	-6153351.555627909	185010.6866485433	-5968340.868979366	301.45969709869206	516.8100071687435	1.2399270274418897	90.2	1685.0683665275574	51:32
35.6%	890000	1779.9999999717324	-6151673.056810515	184103.97426046213	-5967569.082550053	299.98228383777143	516.5878460308454	1.240460264143921	90.3	1694.4056720733643	51:22
35.8%	895000	1789.999999971496	-6152270.595107498	183168.74086449808	-5969101.854242999	298.4583979403071	516.5476755433526	1.2405567313160437	90.3	1703.8791153430939	51:12
36.0%	900000	1799.9999999712595	-6152669.019001132	184231.81171378138	-5968437.207287351	300.1905844535553	516.5476755433526	1.2405567313160437	90.2	1714.196449995041	51:04
36.2%	905000	1809.999999971023	-6154242.727073459	183543.00294912382	-5970699.724124335	299.0682272248237	516.5476755433526	1.2405567313160437	90.2	1723.7174217700958	50:54
36.4%	910000	1819.9999999707866	-6153333.331850497	183447.7916016938	-5969885.540248803	298.913088165148	516.6232271330973	1.2403753108372557	90.2	1733.0743968486786	50:44
36.6%	915000	1829.99999997055	-6154119.545235986	184517.6311617751	-5969601.91407421	300.6563037359272	516.4172442021251	1.240870058340172	90.2	1742.534509420395	50:35
36.8%	920000	1839.9999999703136	-6153264.257732671	183846.18332727102	-5969418.0744054	299.5622347149756	516.4896345776391	1.2406961399428342	90.2	1751.9805018901825	50:25
37.0%	925000	1849.9999999700772	-6152767.606308817	183995.77084064423	-5968771.835468173	299.80597526471416	516.3643185020162	1.2409972435739858	90.3	1761.346953868866	50:15
37.2%	930000	1859.9999999698407	-6151488.439893667	183279.24316224438	-5968209.196731422	298.6384523458701	516.3602259008599	1.2410070795499175	90.3	1770.7904546260834	50:05
37.4%	935000	1869.9999999696042	-6152735.732589547	184141.70721488137	-5968594.025374665	300.04376658353016	516.4960082473032	1.2406808294908207	90.3	1780.2473690509796	49:55
37.6%	940000	1879.9999999693678	-6154848.876999695	184005.90092705243	-5970842.976072642	299.822481407335	516.2519513156692	1.2412673585210954	90.3	1789.7054631710052	49:46
37.8%	945000	1889.9999999691313	-6153175.105582541	184259.94140018852	-5968915.164182352	300.2364194639398	516.2676021096836	1.2412297291605356	90.3	1799.0618314743042	49:36
38.0%	950000	1899.9999999688948	-6153756.204245107	184663.06243686908	-5969093.141808238	300.8932720372329	516.2676021096836	1.2412297291605356	90.3	1809.3706691265106	49:27
38.2%	955000	1909.9999999686584	-6153595.602508408	183715.79878486542	-5969879.803723543	299.34978382701894	516.2676021096836	1.2412297291605356	90.3	1818.8714349269867	49:18
38.4%	960000	1919.999999968422	-6152818.682063565	184388.69230682717	-5968429.989756738	300.4462084767777	516.0282161690141	1.241805536717161	90.3	1828.3383564949036	49:08
38.6%	965000	1929.9999999681854	-6154010.060916536	183799.18222917386	-5970210.878687361	299.4856502913818	516.0340757256364	1.2417914360400963	90.3	1837.6902458667755	48:58
38.8%	970000	1939.999999967949	-6155033.196940757	183398.72768283536	-5971634.469257922	298.83314254478694	515.5744514869996	1.2428984680927697	90.3	1847.1483218669891	48:48
39.0%	975000	1949.9999999677125	-6154697.517725557	183496.26319695503	-5971201.254528602	298.9920686429249	515.5744514869996	1.2428984680927697	90.3	1856.5988976955414	48:38
39.2%	980000	1959.999999967476	-6155234.625370072	184569.76097560648	-5970664.864394465	300.7412449799824	515.4088027122039	1.2432979269443678	90.3	1865.986040353775	48:29
39.4%	985000	1969.9999999672395	-6154442.366407957	185417.12695449006	-5969025.239453467	302.12195814825054	515.2741909983024	1.243622729676117	90.3	1875.452544927597	48:19
39.6%	990000	1979.999999967003	-6154952.751777757	184898.35815781236	-5970054.393619944	301.2766670618616	515.2741909983024	1.243622729676117	90.3	1884.9033744335175	48:09
39.8%	995000	1989.9999999667666	-6155806.338954605	184121.50127819504	-5971684.837676411	300.0108426716016	514.939326056526	1.2444314572909876	90.3	1894.3656735420227	47:59
40.0%	1000000	1999.9999999665301	-6154264.551727697	184995.22163578955	-5969269.330091908	301.4344981323792	514.9633277357392	1.2443734561809436	90.3	1904.7217977046967	47:51
40.2%	1005000	2009.9999999662937	-6155511.651461044	184905.9875234834	-5970605.663937561	301.289098485721	514.9633277357392	1.2443734561809436	90.3	1914.1119339466095	47:41
40.4%	1010000	2019.9999999660572	-6154819.534644573	184839.6939555527	-5969979.84068902	301.18107856930425	515.2162685329195	1.2437625422148677	90.3	1923.5772550106049	47:31
40.6%	1015000	2029.9999999658207	-6157007.196299278	184881.69630864784	-5972125.49999063	301.249517949055	515.0697492721725	1.2441163489924691	90.3	1933.0370416641235	47:22
40.8%	1020000	2039.9999999655843	-6157096.101269067	184584.6634329177	-5972511.43783615	300.7655273084708	514.9762241902865	1.2443422935661204	90.3	1942.382473230362	47:12
41.0%	1025000	2049.999999965348	-6155906.366204049	183465.31465116792	-5972441.0515528815	298.9416405330269	515.1319335976159	1.2439661650669749	90.3	1951.8402404785156	47:02
41.2%	1030000	2059.9999999651113	-6156822.906315761	183111.01739865541	-5973711.888917105	298.3643423003674	514.9763471792824	1.2443419963866287	90.3	1961.3085877895355	46:52
41.4%	1035000	2069.999999964875	-6155782.573820418	184279.1420948569	-5971503.431725561	300.26770541667946	514.9836021728663	1.2443244663271045	90.3	1970.8004658222198	46:43
41.6%	1040000	2079.9999999646384	-6156453.4364893	183061.1576043066	-5973392.278884993	298.2830998663541	515.0929666016783	1.244060271621798	90.3	1980.1398222446442	46:33
41.8%	1045000	2089.999999964402	-6157125.5153703615	184020.69129923478	-5973104.824071127	299.8465811023247	515.120404308693	1.2439940071893358	90.3	1989.595286846161	46:23
42.0%	1050000	2099.9999999641655	-6156864.140611671	184644.3689457662	-5972219.771665905	300.86281253098673	515.5155963897959	1.243040366632147	90.3	1999.928904056549	46:15
42.2%	1055000	2109.999999963929	-6156917.241079807	183776.73730928407	-5973140.503770523	299.44907814047554	515.3907333962909	1.243341516286512	90.3	2009.431331396103	46:05
42.4%	1060000	2119.9999999636925	-6155356.307316177	183300.4805472816	-5972055.826768895	298.6730569180517	514.3649333061794	1.245821117357386	90.3	2018.913150548935	45:55
42.6%	1065000	2129.999999963456	-6157206.591515031	184002.50689762132	-5973204.08461741	299.81695111552983	514.4247042073717	1.2456763656565057	90.3	2028.2612705230713	45:45
42.8%	1070000	2139.9999999632196	-6157398.073525446	184329.38098549368	-5973068.692539952	300.34956555691394	513.9529212874231	1.2468198338785137	90.3	2037.7045044898987	45:36
43.0%	1075000	2149.999999962983	-6157855.283769821	184616.837197713	-5973238.446572108	300.81795181197066	514.2034775398455	1.246212295192628	90.3	2047.1853506565094	45:26
43.2%	1080000	2159.9999999627466	-6157436.679414353	183173.89484799813	-5974262.784566355	298.46679593251463	514.2398013478321	1.2461242678248465	90.3	2056.517412185669	45:16
43.4%	1085000	2169.99999996251	-6157593.331645574	183631.68723727035	-5973961.644408304	299.2127309782358	514.3153400830522	1.2459412465462991	90.3	2065.9959008693695	45:06
43.6%	1090000	2179.9999999622737	-6158446.498012811	183409.55283562274	-5975036.945177188	298.8507812409047	514.1721893105147	1.2462881292748624	90.3	2075.448835372925	44:57
43.8%	1095000	2189.9999999620372	-6157244.0777971065	183820.8567720916	-5973423.221025015	299.52096717637414	514.2727939096478	1.2460443241987726	90.3	2084.916933298111	44:47
44.0%	1100000	2199.9999999618008	-6157533.917424776	183807.0478690421	-5973726.869555733	299.4984667046123	514.2727939096478	1.2460443241987726	90.3	2095.2638058662415	44:38
44.2%	1105000	2209.9999999615643	-6158918.272508645	183948.9371597394	-5974969.335348906	299.7296636336655	514.0810882931075	1.2465089857100533	90.3	2104.657605409622	44:29
44.4%	1110000	2219.999999961328	-6159373.732554199	184053.83694786206	-5975319.895606337	299.9005892105931	514.5420064333313	1.2453923837683611	90.3	2114.1260011196136	44:19
44.6%	1115000	2229.9999999610914	-6158425.268315894	184495.16371451286	-5973930.10460138	300.6196948785204	514.5479157082831	1.2453780811819664	90.3	2123.5955350399017	44:09
44.8%	1120000	2239.999999960855	-6157974.134177244	184959.68587037697	-5973014.448306867	301.37659552539196	514.1416497655825	1.2463621576527222	90.3	2132.929784297943	43:59
45.0%	1125000	2249.9999999606184	-6158821.314874401	183163.56575393744	-5975657.749120464	298.44996552329206	514.1869185686373	1.246252428445284	90.3	2142.394595146179	43:50
45.2%	1130000	2259.999999960382	-6159875.374368425	183757.3621554426	-5976118.012212982	299.41750792086225	514.1308414982896	1.246388359184038	90.3	2151.8543541431427	43:40
45.4%	1135000	2269.9999999601455	-6159041.642500995	183331.73403974462	-5975709.90846125	298.72398191347685	513.902008915162	1.2469433565626513	90.3	2161.210540533066	43:30
45.6%	1140000	2279.999999959909	-6158175.8758236915	183618.6788948953	-5974557.196928796	299.19153495424837	513.893888159053	1.2469630612587255	90.4	2170.6753039360046	43:20
45.8%	1145000	2289.9999999596726	-6159795.138693623	183715.801028429	-5976079.337665195	299.3497874827213	513.893888159053	1.2469630612587255	90.4	2180.1589550971985	43:11
46.0%	1150000	2299.999999959436	-6158382.456214138	184746.91905353052	-5973635.537160608	301.0299094970274	514.1908299818539	1.24624294829135	90.3	2190.511317253113	43:02
46.2%	1155000	2309.9999999591996	-6158964.44075919	184281.50768176583	-5974682.933077425	300.2715599459823	514.2413924441717	1.2461204122352532	90.3	2199.904550075531	42:52
46.4%	1160000	2319.999999958963	-6160602.847654058	183413.22572321087	-5977189.621930847	298.8567659091412	513.92595365814	1.246885259208415	90.3	2209.3688640594482	42:43
46.6%	1165000	2329.9999999587267	-6159112.483480847	183053.53571588435	-5976058.947764963	298.2706806260566	514.5664264022288	1.2453332807221529	90.3	2218.845234632492	42:33
46.8%	1170000	2339.99999995849	-6159265.570467999	184286.6077606841	-5974978.962707315	300.2798701051073	514.584896800934	1.2452885809994079	90.3	2228.3039247989655	42:23
47.0%	1175000	2349.9999999582537	-6159357.753791801	182892.82994985714	-5976464.923841944	298.00882379807456	514.5140321442664	1.2454600961423026	90.4	2237.656810283661	42:14
47.2%	1180000	2359.9999999580173	-6160139.141459648	183285.17396399984	-5976853.967495648	298.6481160995329	514.4342628921684	1.245653219788128	90.4	2247.109643936157	42:04
47.4%	1185000	2369.999999957781	-6159441.78876887	185155.97546183824	-5974285.813307032	301.6964332702134	514.4342628921684	1.245653219788128	90.4	2256.5865354537964	41:54
47.6%	1190000	2379.9999999575443	-6159272.4973613955	183844.4774277814	-5975428.019933614	299.5594550920644	514.4342628921684	1.245653219788128	90.4	2266.092483997345	41:45
47.8%	1195000	2389.999999957308	-6159899.425054166	183698.70437371213	-5976200.720680454	299.32192989002914	514.2406119215326	1.246122303616778	90.4	2275.4477775096893	41:35
48.0%	1200000	2399.9999999570714	-6159546.46311412	184188.40328098397	-5975358.059833136	300.1198539825772	514.268562202559	1.24605457739134	90.3	2285.7740211486816	41:26
48.2%	1205000	2409.999999956835	-6159858.9790278	185660.20965078782	-5974198.769377013	302.5180414087547	514.3279544100124	1.2459106887861728	90.3	2295.2721338272095	41:16
48.4%	1210000	2419.9999999565985	-6160545.171266416	184201.09773079443	-5976344.073535622	300.14053854444774	514.3279544100124	1.2459106887861728	90.4	2304.6090297698975	41:07
48.6%	1215000	2429.999999956362	-6161352.06345251	184565.7787123294	-5976786.284740181	300.7347562095064	514.3279544100124	1.2459106887861728	90.4	2314.0663120746613	40:57
48.8%	1220000	2439.9999999561255	-6161570.313946981	183881.61226849008	-5977688.701678491	299.61996326072557	514.3279544100124	1.2459106887861728	90.4	2323.515739440918	40:47
49.0%	1225000	2449.999999955889	-6160714.550259631	183574.71076031492	-5977139.839499316	299.11989249524936	514.3096159192196	1.2459551136248064	90.4	2332.9958395957947	40:38
49.2%	1230000	2459.9999999556526	-6161221.917993356	183572.1341433593	-5977649.7838499965	299.11569410984225	514.3704319099558	1.2458077995687349	90.4	2342.3252744674683	40:28
49.4%	1235000	2469.999999955416	-6161147.9961495865	183503.5397188607	-5977644.456430726	299.0039251368894	514.1222612947347	1.2464091602009075	90.4	2351.792153596878	40:18
49.6%	1240000	2479.9999999551796	-6162646.949097773	182699.5839177503	-5979947.365180023	297.6939452828938	514.0569920358453	1.246567415420503	90.4	2361.2430193424225	40:09
49.8%	1245000	2489.999999954943	-6162945.859775174	184948.29190690658	-5977997.567868268	301.3580299990499	514.0569920358453	1.246567415420503	90.4	2370.7176604270935	39:59
50.0%	1250000	2499.9999999547067	-6162393.97680227	183570.9038895596	-5978823.072912711	299.11368951246175	514.027956263151	1.2466378299722431	90.4	2381.051615715027	39:50
50.2%	1255000	2509.9999999544702	-6161372.413279653	184422.3094680667	-5976950.103811586	300.5009848760667	514.027956263151	1.2466378299722431	90.4	2390.452634334564	39:40
50.4%	1260000	2519.9999999542338	-6161585.919962561	183846.93067162638	-5977738.989290934	299.56345245113494	514.0298000835282	1.2466333582932987	90.4	2399.924686908722	39:31
50.6%	1265000	2529.9999999539973	-6163144.099080442	183771.52286838862	-5979372.576212054	299.4405816379147	513.9413006696076	1.2468480254575043	90.4	2409.293137073517	39:21
50.8%	1270000	2539.999999953761	-6160887.309368823	184557.55648862818	-5976329.752880194	300.72135877224827	514.1763272440758	1.2462780995298048	90.4	2418.751850128174	39:11
51.0%	1275000	2549.9999999535244	-6163097.116706287	183948.65718899108	-5979148.4595172955	299.7292074443582	514.274919863826	1.2460391731928904	90.4	2428.2173619270325	39:02
51.2%	1280000	2559.999999953288	-6162246.846502335	183598.27418201318	-5978648.572320322	299.1582871528578	514.31139376182	1.245950806677486	90.4	2437.6748988628387	38:52
51.4%	1285000	2569.9999999530514	-6163631.796988042	183835.61059464703	-5979796.186393395	299.54500731675296	514.1884108141004	1.2462488116493915	90.4	2447.0178446769714	38:42
51.6%	1290000	2579.999999952815	-6162756.412964508	184525.3605585301	-5978231.052405978	300.6688981522106	514.4566120290141	1.245599105848059	90.4	2456.4621107578278	38:33
51.8%	1295000	2589.9999999525785	-6163246.81054859	183903.32551322805	-5979343.485035362	299.6553432071509	514.4566120290141	1.245599105848059	90.4	2465.939250230789	38:23
52.0%	1300000	2599.999999952342	-6161912.113329666	184823.37514158592	-5977088.73818808	301.1544884041384	514.4566120290141	1.245599105848059	90.4	2476.266112804413	38:14
52.2%	1305000	2609.9999999521056	-6162178.171553163	184243.83393842776	-5977934.337614735	300.2101736798103	514.55439392344	1.2453624019316152	90.4	2485.6773228645325	38:04
52.4%	1310000	2619.999999951869	-6161532.526952412	184989.5840966006	-5976542.942855812	301.42531222594823	514.5000664475551	1.2454939031699457	90.4	2495.1486117839813	37:55
52.6%	1315000	2629.9999999516326	-6161631.320949746	184402.5985666414	-5977228.722383105	300.4688675833803	514.5000664475551	1.2454939031699457	90.4	2504.6138603687286	37:45
52.8%	1320000	2639.999999951396	-6162238.274797685	183459.54035434913	-5978778.734443337	298.93223179128614	514.5093284566842	1.2454714822433202	90.4	2513.9675583839417	37:35
53.0%	1325000	2649.9999999511597	-6163046.055735657	184196.49097961796	-5978849.564756039	300.13303222230263	514.5093284566842	1.2454714822433202	90.4	2523.4264960289	37:26
53.2%	1330000	2659.999999950923	-6161458.9834450465	184549.01413581663	-5976909.969309229	300.707439710935	514.5909080437631	1.2452740340419397	90.4	2532.87398481369	37:16
53.4%	1335000	2669.9999999506867	-6162106.407857705	184003.94681274393	-5978102.461044961	299.8192973387917	514.5790921547444	1.2453026283241568	90.4	2542.3460960388184	37:06
53.6%	1340000	2679.9999999504503	-6161487.28178486	185609.37774001528	-5975877.904044845	302.4352149909837	514.5790921547444	1.2453026283241568	90.4	2551.692156791687	36:57
53.8%	1345000	2689.999999950214	-6162996.000004448	185758.94894438988	-5977237.051060058	302.6789289665505	514.5790921547444	1.2453026283241568	90.4	2561.168325662613	36:47
54.0%	1350000	2699.9999999499773	-6164208.067352947	183882.1552065854	-5980325.912146362	299.62084793369615	514.6028335253816	1.245245175878643	90.4	2571.5050160884857	36:38
54.2%	1355000	2709.999999949741	-6162031.54783058	183527.91212730427	-5978503.635703276	299.0436379718616	514.5706536152674	1.2453230502726613	90.4	2581.0042045116425	36:29
54.4%	1360000	2719.9999999495044	-6162723.822792977	183742.26664290603	-5978981.556150071	299.39291102476255	514.54240238119	1.245391425420817	90.4	2590.341280937195	36:19
54.6%	1365000	2729.999999949268	-6162569.986533028	183847.10839658824	-5978722.87813644	299.5637420393427	514.3261115855519	1.2459151528696428	90.4	2599.8092288970947	36:09
54.8%	1370000	2739.9999999490315	-6163292.234652792	183643.81962545254	-5979648.41502734	299.23249970691165	514.3837756455353	1.2457754818117461	90.4	2609.2742772102356	36:00
55.0%	1375000	2749.999999948795	-6163008.683376482	184286.35831351756	-5978722.325062964	300.279463651466	514.3527751783394	1.2458505657304513	90.4	2618.6144433021545	35:50
55.2%	1380000	2759.9999999485585	-6163419.93165169	183142.7521845505	-5980277.17946714	298.4160515238546	514.3527751783394	1.2458505657304513	90.4	2628.058852672577	35:40
55.4%	1385000	2769.999999948322	-6162792.809779848	184388.90143533994	-5978403.908344508	300.4465492344889	513.981813139488	1.246749747869104	90.4	2637.5271713733673	35:31
55.6%	1390000	2779.9999999480856	-6164254.110220194	184766.78205829344	-5979487.328161901	301.06227462959225	513.8698785154122	1.2470213233596692	90.4	2646.99241566658	35:21
55.8%	1395000	2789.999999947849	-6164665.993349921	184362.27682827014	-5980303.716521651	300.4031666270945	513.7742571588038	1.247253413366122	90.4	2656.3517043590546	35:11
56.0%	1400000	2799.9999999476127	-6163115.863316352	184519.87341903566	-5978595.989897316	300.65995730971173	513.7742571588038	1.247253413366122	90.4	2666.7074897289276	35:02
56.2%	1405000	2809.999999947376	-6164010.562886737	184555.17379716565	-5979455.389089571	300.71747637248217	513.1959148591978	1.248658996275868	90.4	2676.2104845046997	34:53
56.4%	1410000	2819.9999999471397	-6164106.053423836	184556.19088573387	-5979549.862538102	300.71913363465035	512.7923776467546	1.2496416169087285	90.4	2685.6852984428406	34:43
56.6%	1415000	2829.9999999469032	-6165047.197844158	183685.47933831648	-5981361.718505842	299.3003807825872	512.7923776467546	1.2496416169087285	90.4	2695.0496940612793	34:33
56.8%	1420000	2839.999999946667	-6165659.946410295	184127.36773939608	-5981532.578670898	300.0204015876229	512.892859690223	1.2493967966877062	90.4	2704.526724100113	34:24
57.0%	1425000	2849.9999999464303	-6165102.328835473	183356.02522505575	-5981746.303610418	298.7635624020352	512.2939267406363	1.2508574911632493	90.4	2714.0196702480316	34:14
57.2%	1430000	2859.999999946194	-6166163.025384028	183561.0927136172	-5982601.932670412	299.09770300821515	512.2939267406363	1.2508574911632493	90.4	2723.3941733837128	34:04
57.4%	1435000	2869.9999999459574	-6165209.173700476	184678.55022788682	-5980530.623472589	300.91850811885354	512.1719415486948	1.2511554108241538	90.4	2732.890990972519	33:55
57.6%	1440000	2879.999999945721	-6165995.554981156	184066.0460642428	-5981929.5089169135	299.9204829615577	512.224723535724	1.251026486026831	90.4	2742.3822996616364	33:45
57.8%	1445000	2889.9999999454844	-6165372.290239027	184705.40595832633	-5980666.8842807	300.9622673227693	512.1021077537259	1.251326027053048	90.4	2751.8710124492645	33:36
58.0%	1450000	2899.999999945248	-6165540.152162808	183733.31411310448	-5981806.838049703	299.37832361378037	511.9969505007357	1.25158303250488	90.4	2762.228842973709	33:27
58.2%	1455000	2909.9999999450115	-6167038.433919623	183876.31593857377	-5983162.117981049	299.6113333267405	512.3560225720677	1.2507058914308484	90.4	2771.666494369507	33:17
58.4%	1460000	2919.999999944775	-6165304.445965417	185095.43612504442	-5980209.009840372	301.5977894001591	511.6713905445146	1.2523793743070584	90.4	2781.146769285202	33:07
58.6%	1465000	2929.9999999445386	-6167024.412578607	183389.5736008779	-5983634.838977729	298.81822672114396	511.6713905445146	1.2523793743070584	90.4	2790.648763656616	32:58
58.8%	1470000	2939.999999944302	-6167107.417125517	183679.21285121405	-5983428.204274302	299.29017005726104	511.55429012991135	1.252666057747705	90.4	2800.0097353458405	32:48
59.0%	1475000	2949.9999999440656	-6167570.41096084	183835.9857454425	-5983734.425215398	299.5456185941187	511.76617503466116	1.2521474204455987	90.4	2809.4992191791534	32:39
59.2%	1480000	2959.999999943829	-6167218.333412696	183895.9302207512	-5983322.403191945	299.64329318630934	511.67271780348716	1.2523761256840544	90.4	2818.9675998687744	32:29
59.4%	1485000	2969.9999999435927	-6167690.51329389	184208.82246834238	-5983481.690825548	300.1531253689364	512.0726256665032	1.2513980709414039	90.4	2828.4524126052856	32:19
59.6%	1490000	2979.999999943356	-6166407.109972348	184948.53813310032	-5981458.571839248	301.3584312043809	511.95826699949157	1.2516776019589078	90.4	2837.8228516578674	32:10
59.8%	1495000	2989.9999999431197	-6166230.227886361	183638.249181389	-5982591.978704972	299.2234231264691	511.95826699949157	1.2516776019589078	90.4	2847.3086223602295	32:00
60.0%	1500000	2999.9999999428833	-6167661.712460838	184824.00107259725	-5982837.711388241	301.15550830723964	511.56995755414783	1.252627693394475	90.4	2857.6452815532684	31:51
60.2%	1505000	3009.999999942647	-6168540.631492675	184414.14614896686	-5984126.485343709	300.4876834190118	511.40342000263405	1.2530356092215051	90.4	2867.183860063553	31:41
60.4%	1510000	3019.9999999424103	-6167134.069106701	184025.11185256823	-5983108.957254132	299.853784030399	511.212589686461	1.2535033543168095	90.4	2876.6704223155975	31:32
60.6%	1515000	3029.999999942174	-6167474.116328888	186242.01978876154	-5981232.096540126	303.46605317574887	511.3084741136139	1.2532682878996704	90.4	2886.0449278354645	31:22
60.8%	1520000	3039.9999999419374	-6168133.270632473	183409.62922622077	-5984723.641406252	298.8509057131012	511.3084741136139	1.2532682878996704	90.4	2895.5455360412598	31:13
61.0%	1525000	3049.999999941701	-6167787.372035455	183215.30303508134	-5984572.069000374	298.534267167618	511.3084741136139	1.2532682878996704	90.4	2905.043570280075	31:03
61.2%	1530000	3059.9999999414645	-6169596.287489438	185651.9180917927	-5983944.369397646	302.50453099533786	511.4029345312905	1.253036798719726	90.4	2914.439114332199	30:53
61.4%	1535000	3069.999999941228	-6167852.657071367	183458.01979758765	-5984394.637273779	298.92975416910633	511.4029345312905	1.253036798719726	90.4	2923.931900501251	30:44
61.6%	1540000	3079.9999999409915	-6167305.348719855	184683.42925198103	-5982621.919467874	300.92645808732414	511.7895983398091	1.252090112850418	90.4	2933.414801120758	30:34
61.8%	1545000	3089.999999940755	-6168766.055346644	184858.5211323988	-5983907.534214245	301.2117559054737	510.69946902115777	1.254762800457139	90.4	2942.9133913517	30:24
62.0%	1550000	3099.9999999405186	-6167972.124585977	184416.54893970923	-5983555.575646267	300.4915985689013	510.973826640698	1.2540890795793314	90.4	2953.289337158203	30:15
62.2%	1555000	3109.999999940282	-6167847.561269321	184802.06842666413	-5983045.492842657	301.1197708646122	510.95951742049897	1.2541241998504626	90.4	2962.7158098220825	30:06
62.4%	1560000	3119.9999999400457	-6168371.315343937	184772.51616889387	-5983598.799175043	301.07161789119544	510.93229727845704	1.2541910138668009	90.4	2972.1997017860413	29:56
62.6%	1565000	3129.999999939809	-6169532.395123491	184793.72828730414	-5984738.666836187	301.1061812934865	510.93229727845704	1.2541910138668009	90.4	2981.6962645053864	29:47
62.8%	1570000	3139.9999999395727	-6168743.569967316	184676.1597778156	-5984067.410189501	300.9146130770727	511.4255548829044	1.252981376903781	90.4	2991.098598718643	29:37
63.0%	1575000	3149.9999999393362	-6168145.25996894	184109.57008948326	-5984035.689879457	299.9914017809145	511.4255548829044	1.252981376903781	90.4	3000.589332818985	29:27
63.2%	1580000	3159.9999999391	-6167811.560995277	182559.6208178793	-5985251.940177398	297.46588692336644	511.4255548829044	1.252981376903781	90.4	3010.0935730934143	29:18
63.4%	1585000	3169.9999999388633	-6168521.963458834	183715.56418553778	-5984806.399273297	299.3494015667099	511.4551461596383	1.252908883120221	90.4	3019.4903621673584	29:08
63.6%	1590000	3179.999999938627	-6170102.906843951	183385.81516921177	-5986717.0916747395	298.8121026658682	511.2729542679201	1.2533553566480315	90.4	3028.966483592987	28:59
63.8%	1595000	3189.9999999383904	-6168329.4276097575	183038.1669498032	-5985291.2606599545	298.24563848578066	511.2729542679201	1.2533553566480315	90.4	3038.4509234428406	28:49
64.0%	1600000	3199.999999938154	-6169134.1466316655	184074.59673596054	-5985059.549895705	299.93441557784445	511.37541155166275	1.2531042390101756	90.4	3048.811900138855	28:40
64.2%	1605000	3209.9999999379174	-6169350.259339625	184832.1159401396	-5984518.143399485	301.16873081646673	511.42758091323674	1.2529764131936287	90.4	3058.2374403476715	28:30
64.4%	1610000	3219.999999937681	-6169301.234451935	184922.60706447903	-5984378.627387456	301.31617866084616	511.066104678347	1.2538626413979663	90.4	3067.713587284088	28:21
64.6%	1615000	3229.9999999374445	-6169195.464890425	183096.68933260167	-5986098.7755578235	298.34099589519036	511.1081909867172	1.2537593942759082	90.4	3077.225817680359	28:11
64.8%	1620000	3239.999999937208	-6168910.521466098	184166.34055809956	-5984744.180907998	300.0839045902562	510.933162566638	1.2541888898381794	90.4	3086.718850851059	28:01
65.0%	1625000	3249.9999999369716	-6168575.581253423	183528.42914126854	-5985047.152112155	299.0444804035929	511.32831198533495	1.2532196651753957	90.4	3096.0976486206055	27:52
65.2%	1630000	3259.999999936735	-6169372.267525249	183161.4380692164	-5986210.829456033	298.4464986360374	511.32831198533495	1.2532196651753957	90.4	3105.568730354309	27:42
65.4%	1635000	3269.9999999364986	-6169166.068933027	184476.23488370434	-5984689.834049323	300.5888519055801	511.32831198533495	1.2532196651753957	90.4	3115.0554456710815	27:33
65.6%	1640000	3279.999999936262	-6169170.7449357435	184248.37182188898	-5984922.373113855	300.21756778767764	511.32831198533495	1.2532196651753957	90.4	3124.538161277771	27:23
65.8%	1645000	3289.9999999360257	-6170320.451246528	183379.00098843517	-5986941.450258093	298.80099951874683	511.1730608304713	1.2536002873466818	90.4	3133.921014547348	27:13
66.0%	1650000	3299.999999935789	-6169497.4474488525	184154.4317217994	-5985343.015727053	300.0645001209854	511.1730608304713	1.2536002873466818	90.4	3144.284074306488	27:04
66.2%	1655000	3309.9999999355528	-6170308.741814757	184231.58368379134	-5986077.158130965	300.1902128974416	511.20285736182484	1.2535272186231237	90.4	3153.8125591278076	26:55
66.4%	1660000	3319.9999999353163	-6170664.829492659	185048.0077675671	-5985616.821725092	301.5205087925466	511.20285736182484	1.2535272186231237	90.4	3163.20134973526	26:45
66.6%	1665000	3329.99999993508	-6169557.742008522	184030.7305882442	-5985527.011420278	299.86293929805214	511.1932141111412	1.2535508654104328	90.4	3172.6861815452576	26:35
66.8%	1670000	3339.9999999348433	-6168814.152079612	183985.1999000422	-5984828.95217957	299.788750786444	511.16681769697107	1.2536155981878379	90.4	3182.162057876587	26:26
67.0%	1675000	3349.999999934607	-6169146.805097953	184157.4279404054	-5984989.377157548	300.06938221277034	511.0355579388065	1.2539375900290965	90.4	3191.6524765491486	26:16
67.2%	1680000	3359.9999999343704	-6171442.055886316	184806.67725255096	-5986635.3786337655	301.1272805673272	510.6718878683225	1.2548305696165416	90.4	3201.019071340561	26:07
67.4%	1685000	3369.999999934134	-6171225.133210134	184007.85323558107	-5987217.279974553	299.8256625335086	510.0977123534121	1.256243030349037	90.4	3210.5253596305847	25:57
67.6%	1690000	3379.9999999338975	-6171327.162039527	184008.59125217324	-5987318.570787353	299.82686507084503	510.5222550171209	1.2551983574535288	90.4	3220.011955499649	25:47
67.8%	1695000	3389.999999933661	-6171861.696349699	185149.62380875612	-5986712.072540943	301.6860837739281	510.70548357823384	1.2547480231682258	90.4	3229.528033018112	25:38
68.0%	1700000	3399.9999999334245	-6170895.084995977	182819.88357028362	-5988075.201425693	297.8899636722676	510.7935524182326	1.254531684879757	90.4	3239.9181690216064	25:29
68.2%	1705000	3409.999999933188	-6170511.2220421415	184532.8650432112	-5985978.356998931	300.6811260927682	511.18684388125115	1.2535664867185459	90.4	3249.3500509262085	25:19
68.4%	1710000	3419.9999999329516	-6170281.534111764	185399.36034967858	-5984882.173762086	302.09300892698144	511.07756534177855	1.2538345241439586	90.4	3258.835877895355	25:09
68.6%	1715000	3429.999999932715	-6169692.669986617	185243.30735359862	-5984449.362633018	301.8387334049464	511.0191319949951	1.2539778959728611	90.4	3268.2346432209015	25:00
68.8%	1720000	3439.9999999324787	-6169945.663663691	183155.1884298693	-5986790.475233821	298.4363153627428	510.6223028724262	1.2549524224386666	90.4	3277.7220187187195	24:50
69.0%	1725000	3449.999999932242	-6170183.906769641	184481.54266916605	-5985702.364100475	300.5975005054342	510.2753464447065	1.2558057143182004	90.4	3287.2175149917603	24:41
69.2%	1730000	3459.9999999320057	-6170417.759561388	183707.46819526784	-5986710.29136612	299.33620981644566	510.2753464447065	1.2558057143182004	90.4	3296.706396341324	24:31
69.4%	1735000	3469.9999999317693	-6170467.360569788	183610.83456309026	-5986856.526006698	299.17875326075415	509.94917585489196	1.256608945130065	90.4	3306.0917661190033	24:21
69.6%	1740000	3479.999999931533	-6169317.445568585	183770.34088956896	-5985547.104679015	299.4386557006437	510.70506561936526	1.2547490500487082	90.4	3315.5914356708527	24:12
69.8%	1745000	3489.9999999312963	-6170767.836668195	183763.72250830205	-5987004.114159893	299.42787159271916	510.737274414651	1.2546699213903696	90.4	3325.0923647880554	24:02
70.0%	1750000	3499.99999993106	-6171666.04065261	184459.75976078832	-5987206.280891822	300.5620070478376	510.737274414651	1.2546699213903696	90.4	3335.467793941498	23:53
70.2%	1755000	3509.9999999308234	-6170707.839690727	185212.6368394384	-5985495.202851289	301.7887583247168	510.8974463276327	1.2542765687069413	90.4	3344.8841650485992	23:43
70.4%	1760000	3519.999999930587	-6169992.056105813	184109.4502261719	-5985882.605879641	299.9912064735072	510.8037851873093	1.2545065532472142	90.4	3354.362352371216	23:34
70.6%	1765000	3529.9999999303504	-6171124.078635603	184243.06181199264	-5986881.01682361	300.2089155632903	510.8037851873093	1.2545065532472142	90.4	3363.8790106773376	23:24
70.8%	1770000	3539.999999930114	-6169789.753648822	184936.21980265772	-5984853.533846164	301.33835949808514	511.0908484947444	1.253801937225552	90.4	3373.274022579193	23:15
71.0%	1775000	3549.9999999298775	-6170104.059277054	184498.1256260839	-5985605.93365097	300.62452106981357	511.2883691960364	1.2533175690043243	90.4	3382.765347957611	23:05
71.2%	1780000	3559.999999929641	-6171387.4374498855	184324.8786101418	-5987062.558839744	300.34222930659035	511.01198188983733	1.2539954416941739	90.4	3392.251634836197	22:56
71.4%	1785000	3569.9999999294046	-6171722.965957843	184429.9340297648	-5987293.031928078	300.5134084722473	511.0381212834303	1.2539313003335806	90.4	3401.765183210373	22:46
71.6%	1790000	3579.999999929168	-6171036.1604656	184063.09032428218	-5986973.070141317	299.91566682639615	511.3293814086848	1.253217044120512	90.4	3411.1445693969727	22:36
71.8%	1795000	3589.9999999289316	-6170969.802584221	183257.41493902734	-5987712.387645193	298.6028850514699	510.8770778250657	1.2543265763048905	90.4	3420.633450984955	22:27
72.0%	1800000	3599.999999928695	-6169656.202325064	183840.9528639293	-5985815.249461135	299.5537121051564	510.8770778250657	1.2543265763048905	90.4	3431.0072124004364	22:17
72.2%	1805000	3609.9999999284587	-6170345.204619089	185701.77015119503	-5984643.434467894	302.585760825892	510.42771365086674	1.2554308451583693	90.4	3440.562686443329	22:08
72.4%	1810000	3619.999999928222	-6171445.522315105	184419.91393907304	-5987025.608376033	300.4970815585995	510.52866156596775	1.2551826061545424	90.4	3449.9331521987915	21:58
72.6%	1815000	3629.9999999279858	-6170373.919460796	184302.15463978882	-5986071.764821007	300.3052024659057	510.85955819915455	1.2543695926917517	90.4	3459.419879436493	21:49
72.8%	1820000	3639.9999999277493	-6170570.878074273	183981.86493771672	-5986589.013136555	299.78331673962924	511.135792544209	1.2536916907174669	90.4	3468.901044845581	21:39
73.0%	1825000	3649.999999927513	-6170599.4165447755	184503.29722996603	-5986096.119314809	300.6329477729844	511.13724266456904	1.253688133935268	90.4	3478.272433280945	21:30
73.2%	1830000	3659.9999999272763	-6171169.279982636	184110.83229478635	-5987058.447687849	299.9934584406418	511.13724266456904	1.253688133935268	90.4	3487.7727394104004	21:20
73.4%	1835000	3669.99999992704	-6171972.145402571	184008.56464459994	-5987963.580757971	299.82682171599276	510.75183727467765	1.254634147495669	90.4	3497.2558925151825	21:10
73.6%	1840000	3679.9999999268034	-6169322.206652379	184583.71579831082	-5984738.490854068	300.76398321582013	510.76511481690136	1.2546015327822018	90.4	3506.7354547977448	21:01
73.8%	1845000	3689.999999926567	-6171721.167203979	184179.08634729427	-5987542.080856685	300.1046728054308	510.73684260744636	1.2546709821627016	90.4	3516.1531319618225	20:51
74.0%	1850000	3699.9999999263305	-6170336.445474602	184207.00962894323	-5986129.435845659	300.1501714962383	510.2380216792824	1.255897578608421	90.4	3526.510066986084	20:42
74.2%	1855000	3709.999999926094	-6170962.550214481	183241.816214452	-5987720.734000029	298.5774682127414	510.2132874753545	1.2559584622184414	90.4	3536.0371940135956	20:32
74.4%	1860000	3719.9999999258575	-6171049.017528574	184880.67565150285	-5986168.341877071	301.24785487218446	510.4688284789769	1.2553297286542398	90.4	3545.5340237617493	20:23
74.6%	1865000	3729.999999925621	-6171462.324930396	183036.7954315033	-5988425.529498893	298.24340370951586	510.4700058617627	1.2553268332762626	90.4	3554.939957141876	20:13
74.8%	1870000	3739.9999999253846	-6170820.232835002	183789.0277315397	-5987031.205103463	299.469104372676	510.7102041932412	1.2547364252359738	90.4	3564.4284222126007	20:04
75.0%	1875000	3749.999999925148	-6170910.220581319	183205.41690291007	-5987704.803678409	298.51815852836154	511.1868604804248	1.2535664460129456	90.4	3573.93976020813	19:54
75.2%	1880000	3759.9999999249117	-6171374.100151574	183799.9639133957	-5987574.136238178	299.4869239815291	511.0478823391181	1.253907350144813	90.4	3583.311113357544	19:44
75.4%	1885000	3769.999999924675	-6170145.7741450425	183505.91212670645	-5986639.862018336	299.0077907803478	510.6422895193918	1.254903303336037	90.4	3592.7951130867004	19:35
75.6%	1890000	3779.9999999244387	-6172493.12235776	184297.22742912127	-5988195.894928638	300.2971739813771	510.355612126162	1.2556082086985099	90.4	3602.2839674949646	19:25
75.8%	1895000	3789.9999999242023	-6171032.476687985	183385.33179127646	-5987647.144896708	298.8113150412796	510.5804888162625	1.2550551969320598	90.4	3611.7794983386993	19:16
76.0%	1900000	3799.999999923966	-6171250.959595414	184233.55848476195	-5987017.401110652	300.1934306731994	510.7722226588585	1.2545840739051946	90.4	3622.1392481327057	19:06
76.2%	1905000	3809.9999999237293	-6171095.742020119	183195.86763138554	-5987899.874388734	298.5025987758226	510.7722226588585	1.2545840739051946	90.4	3631.576378107071	18:57
76.4%	1910000	3819.999999923493	-6171631.011498187	183372.29867658077	-5988258.712821606	298.79007865283313	511.02119483323503	1.2539728340427847	90.4	3641.107701063156	18:47
76.6%	1915000	3829.9999999232564	-6172484.749939848	183730.20738194528	-5988754.542557903	299.3732614508795	510.9496667257512	1.254148378346845	90.4	3650.6082701683044	18:38
76.8%	1920000	3839.99999992302	-6170539.192209202	183240.43271214102	-5987298.75949706	298.5752139095162	510.2760251309913	1.255804044049419	90.4	3659.997283220291	18:28
77.0%	1925000	3849.9999999227834	-6170810.541335406	183270.22966457607	-5987540.31167083	298.62376559276356	510.3657027746181	1.2555833835565309	90.4	3669.5000002384186	18:18
77.2%	1930000	3859.999999922547	-6171751.394310536	184105.5596837692	-5987645.834626767	299.98486715465214	510.3632894916209	1.2555893206568154	90.4	3679.0058584213257	18:09
77.4%	1935000	3869.9999999223105	-6171478.854019067	183903.85843599797	-5987574.9955830695	299.6562115609725	510.8215325475605	1.2544629682017152	90.4	3688.5130014419556	17:59
77.6%	1940000	3879.999999922074	-6172852.387555672	184307.63106361363	-5988544.756492058	300.31412584810226	510.85142924381483	1.2543895529264009	90.4	3697.8879566192627	17:50
77.8%	1945000	3889.9999999218376	-6173356.680061227	183842.04169527872	-5989514.638365948	299.55548626628587	511.1180114454219	1.2537353049421704	90.4	3707.3893134593964	17:40
78.0%	1950000	3899.999999921601	-6172610.760463294	183923.89077962106	-5988686.869683673	299.68885261728224	511.1029225562064	1.253772317982572	90.4	3717.7423503398895	17:31
78.2%	1955000	3909.9999999213646	-6172102.0501897335	184078.98195502203	-5988023.068234712	299.94156093162877	511.0272368394742	1.2539580079999815	90.4	3727.2770335674286	17:21
78.4%	1960000	3919.999999921128	-6172337.629167534	183661.75188536983	-5988675.877282165	299.26171884955085	511.1583029259458	1.2536364806614493	90.4	3736.756434440613	17:12
78.6%	1965000	3929.9999999208917	-6172246.40281536	184366.19109708152	-5987880.211718278	300.4095446061811	511.1583029259458	1.2536364806614493	90.4	3746.1386964321136	17:02
78.8%	1970000	3939.9999999206552	-6173365.027347122	184394.01581153777	-5988971.011535585	300.454882689855	511.12607610667817	1.2537155232268324	90.4	3755.619570016861	16:52
79.0%	1975000	3949.9999999204188	-6172125.8507743785	184360.12547020355	-5987765.725304175	300.3996611660703	511.04745097898245	1.2539084085311596	90.4	3765.1207485198975	16:43
79.2%	1980000	3959.9999999201823	-6172017.2712950185	183741.47298079482	-5988275.798314224	299.39161781762965	510.75246119654975	1.25463261486735	90.4	3774.4907813072205	16:33
79.4%	1985000	3969.999999919946	-6172756.227244212	183874.077071688	-5988882.150172524	299.6076852772929	510.75246119654975	1.25463261486735	90.4	3783.975561141968	16:24
79.6%	1990000	3979.9999999197094	-6172867.381672816	184711.46400702436	-5988155.917665792	300.9721384148592	510.5277741570933	1.2551847879362987	90.4	3793.4718832969666	16:14
79.8%	1995000	3989.999999919473	-6172654.705094323	184726.1104772799	-5987928.594617043	300.99600363349487	510.7433851712578	1.2546549099722404	90.4	3802.993708372116	16:05
80.0%	2000000	3999.9999999192364	-6172757.258541906	184515.51237249488	-5988241.746169412	300.65285134306174	510.3585137824294	1.2556010699062103	90.4	3813.408676147461	15:55
80.2%	2005000	4009.999999919	-6174606.600546466	185140.30226862937	-5989466.298277837	301.6708950909714	510.04741721408425	1.2563669069066052	90.4	3822.8731133937836	15:46
80.4%	2010000	4019.9999999187635	-6171630.6997222	182732.42964741754	-5988898.270074782	297.7474646978846	510.42926613357133	1.2554270267357137	90.4	3832.375401735306	15:36
80.6%	2015000	4029.999999918527	-6172190.7870338075	184619.79710048175	-5987570.989933326	300.8227747300857	510.656844070571	1.254867536549465	90.4	3841.8726258277893	15:27
80.8%	2020000	4039.9999999182905	-6172168.211013899	183546.72564107802	-5988621.485372821	299.07429304517836	510.59749401542956	1.2550133979341416	90.4	3851.2572870254517	15:17
81.0%	2025000	4049.999999918054	-6172676.808211448	184623.58764732184	-5988053.220564126	300.828951114396	510.4993120343608	1.2552547688797475	90.4	3860.7434430122375	15:07
81.2%	2030000	4059.9999999178176	-6173338.846668392	184344.2538647189	-5988994.592803674	300.37379969034396	510.51241471445957	1.2552225518342752	90.4	3870.2291684150696	14:58
81.4%	2035000	4069.999999917581	-6173200.188418228	184064.4566148187	-5989135.73180341	299.9178930844505	510.5067513080369	1.2552364768909838	90.4	3879.603724002838	14:48
81.6%	2040000	4079.9999999173447	-6172371.336514199	185901.3658400601	-5986469.970674139	302.91098558451245	510.80225582614935	1.2545103092870036	90.4	3889.077945947647	14:39
81.8%	2045000	4089.999999917108	-6173185.179957109	183769.83895019942	-5989415.3410069095	299.4378378317246	511.0901220271193	1.2538037193897469	90.4	3898.5679507255554	14:29
82.0%	2050000	4099.999999917781	-6173399.740713058	184497.79567126115	-5988901.945041797	300.62398343556805	511.32619290155776	1.2532248588805073	90.4	3908.947071313858	14:20
82.2%	2055000	4109.999999919818	-6172533.841785424	183514.80571355188	-5989019.036071872	299.02228214863095	511.7213587894584	1.2522570827547066	90.4	3918.3986678123474	14:10
82.4%	2060000	4119.999999921855	-6172697.731371257	184318.66242045726	-5988379.0689508	300.33210053676976	511.2491948633336	1.2534136041275552	90.4	3927.8708539009094	14:01
82.6%	2065000	4129.999999923893	-6173025.081353378	184465.95855399902	-5988559.122799379	300.57210747153493	511.2491948633336	1.2534136041275552	90.4	3937.367504835129	13:51
82.8%	2070000	4139.99999992593	-6173416.218003381	183803.0544923193	-5989613.163511062	299.49195982569057	510.92590407304914	1.254206707533355	90.4	3946.8888080120087	13:41
83.0%	2075000	4149.999999927967	-6173388.904903391	185593.5072850409	-5987795.397618351	302.40935538991926	510.7091275445213	1.2547390704018682	90.4	3956.278185606003	13:32
83.2%	2080000	4159.999999930004	-6171259.331072135	183525.76853872804	-5987733.562533407	299.04014517058295	510.5824755557908	1.2550503133571445	90.4	3965.7653555870056	13:22
83.4%	2085000	4169.999999932042	-6172887.5806010235	183421.85307883375	-5989465.72752219	298.8708234755442	510.6522755223117	1.2548787632161709	90.4	3975.287216901779	13:13
83.6%	2090000	4179.999999934079	-6175341.334151031	183833.671039774	-5991507.663111257	299.54184697161224	510.641847033976	1.2549043907447819	90.4	3984.7860276699066	13:03
83.8%	2095000	4189.999999936116	-6174189.656734567	183993.3182521967	-5990196.338482371	299.8019789735599	510.523478749748	1.2551953487237693	90.4	3994.1864743232727	12:53
84.0%	2100000	4199.999999938153	-6173786.075526391	184281.6280316431	-5989504.447494748	300.2717560462088	509.7366725405111	1.257132810843689	90.4	4004.5796291828156	12:44
84.2%	2105000	4209.999999940191	-6174527.212583283	183838.00722270308	-5990689.20536058	299.5489124250519	509.7366725405111	1.257132810843689	90.4	4014.1050968170166	12:35
84.4%	2110000	4219.999999942228	-6174108.989042231	183560.2489401474	-5990548.740102083	299.096328148745	509.5892133162974	1.2574965858690945	90.4	4023.499336719513	12:25
84.6%	2115000	4229.999999944265	-6174075.880188243	183715.5648860343	-5990360.315302209	299.3494027081114	509.319609113254	1.258162231484926	90.4	4032.986568927765	12:15
84.8%	2120000	4239.9999999463025	-6174813.499794406	184337.14379929585	-5990476.35599511	300.3622144235272	509.62598045751037	1.2574058633464595	90.4	4042.475703239441	12:06
85.0%	2125000	4249.99999994834	-6173110.01898065	184266.41603433678	-5988843.602946313	300.24696934775744	509.81707472875934	1.2569345510483216	90.4	4051.973212003708	11:56
85.2%	2130000	4259.999999950377	-6172852.115690038	183670.9773079216	-5989181.138382116	299.2767509168246	509.7262758439794	1.2571584521122556	90.4	4061.3563697338104	11:47
85.4%	2135000	4269.999999952414	-6173002.4764087815	184358.85652957985	-5988643.619879202	300.39759353169205	509.79845365594616	1.2569804622699596	90.4	4070.840749502182	11:37
85.6%	2140000	4279.999999954452	-6174132.934235252	185451.388641298	-5988681.545593955	302.17778474894214	509.7218421413099	1.257169387226909	90.4	4080.3235986232758	11:28
85.8%	2145000	4289.999999956489	-6173358.496085123	183796.01431405536	-5989562.481771068	299.48048843425147	509.65071679543416	1.2573448340663702	90.4	4089.830103158951	11:18
86.0%	2150000	4299.999999958526	-6174690.382034166	183459.62139993563	-5991230.76063423	298.9323638484035	509.5730163052694	1.2575365559723326	90.4	4100.218158006668	11:09
86.2%	2155000	4309.999999960563	-6175414.079878262	184219.2065052371	-5991194.873373025	300.17004530298806	509.36713302317327	1.2580448450564021	90.4	4109.657705783844	10:59
86.4%	2160000	4319.999999962601	-6174641.994933051	185615.77285706496	-5989026.222075986	302.4456353082293	509.1461817017925	1.2585907917429555	90.4	4119.1518766880035	10:49
86.6%	2165000	4329.999999964638	-6173788.096819799	183243.32624229538	-5990544.770577504	298.5799286789151	509.47828753503524	1.2577703733780716	90.4	4128.538484096527	10:40
86.8%	2170000	4339.999999966675	-6174741.688311249	184247.78940891664	-5990493.898902332	300.2166187936416	509.8767957961487	1.256787328280692	90.4	4138.01668715477	10:30
87.0%	2175000	4349.9999999687125	-6174678.787352041	184579.73363224728	-5990099.053719794	300.75749460374556	509.87656780329047	1.256787890256969	90.4	4147.538462877274	10:21
87.2%	2180000	4359.99999997075	-6175455.728393033	182818.7350109763	-5992636.993382057	297.88809218934324	509.69192419384285	1.2572431806811484	90.4	4157.031551122665	10:11
87.4%	2185000	4369.999999972787	-6174939.158680957	184500.66764736973	-5990438.491033587	300.62866308442216	509.6098847757845	1.2574455776557407	90.4	4166.42184305191	10:02
87.6%	2190000	4379.999999974824	-6173577.189519195	185432.50879927856	-5988144.680719917	302.14702159920444	509.6098847757845	1.2574455776557407	90.4	4175.932473659515	9:52
87.8%	2195000	4389.999999976862	-6176143.181869078	183622.09245343495	-5992521.089415643	299.1970970671297	509.59374447615755	1.2574854045739632	90.4	4185.430311203003	9:42
88.0%	2200000	4399.999999978899	-6174764.425137079	183352.11932770308	-5991412.305809376	298.75719806355204	509.3526590931002	1.2580805940660345	90.4	4195.799241542816	9:33
88.2%	2205000	4409.999999980936	-6175398.673228494	183845.8446706515	-5991552.828557842	299.561682901868	509.76100830792836	1.257072795873539	90.4	4205.272578716278	9:23
88.4%	2210000	4419.999999982973	-6176492.253390655	185343.43649105073	-5991148.816899604	302.0018855989838	510.01856325206586	1.256437985031256	90.4	4214.751722574234	9:14
88.6%	2215000	4429.999999985011	-6173815.552944249	183429.94415946395	-5990385.608784785	298.8840072259544	509.8249935562528	1.2569150277844447	90.4	4224.248884677887	9:04
88.8%	2220000	4439.999999987048	-6173859.793726285	184150.75642051463	-5989709.03730577	300.0585115198287	509.75230374632497	1.257094261725701	90.4	4233.635355710983	8:55
89.0%	2225000	4449.999999989085	-6174350.5927132275	183521.63544333354	-5990828.957269894	299.0334106315772	509.66787444025266	1.2573025063522663	90.4	4243.128280162811	8:45
89.2%	2230000	4459.999999991122	-6175285.597762948	183564.23881186746	-5991721.358951081	299.1028293165531	509.5961437425888	1.2574794841160553	90.4	4252.623533964157	8:36
89.4%	2235000	4469.99999999316	-6176171.458888296	184596.197628434	-5991575.261259862	300.78432133139785	509.3347703659166	1.2581247800549586	90.4	4262.137057304382	8:26
89.6%	2240000	4479.999999995197	-6176725.223258508	184088.27458838574	-5992636.948670123	299.95670251339266	509.1759680085232	1.2585171653863978	90.4	4271.513948440552	8:16
89.8%	2245000	4489.999999997234	-6175242.254790892	183434.57221905544	-5991807.682571837	298.89154826840917	509.396970093332	1.2579711571970145	90.4	4281.019616365433	8:07
90.0%	2250000	4499.9999999992715	-6175731.493874284	183746.3562687085	-5991985.137605576	299.39957473364336	509.08080661540185	1.2587524173251254	90.4	4291.399938583374	7:57
90.2%	2255000	4510.000000001309	-6176161.4283084525	183747.68990488607	-5992413.738403566	299.4017477841055	509.3882741513127	1.2579926324542987	90.4	4300.960974216461	7:48
90.4%	2260000	4520.000000003346	-6175497.673689572	183432.3997842546	-5992065.273905317	298.88800846458	509.2955092712125	1.258221767668712	90.4	4310.3294241428375	7:38
90.6%	2265000	4530.000000005383	-6175954.986937953	184556.08311225707	-5991398.903825697	300.7189580266341	509.51036451595303	1.2576911885781623	90.4	4319.82216334343	7:29
90.8%	2270000	4540.000000007421	-6176152.431001883	185088.12102879613	-5991064.309973087	301.58587005247597	509.4584465903863	1.2578193574562164	90.4	4329.331417798996	7:19
91.0%	2275000	4550.000000009458	-6176574.805776715	183614.5784860202	-5992960.2272906955	299.1848536752376	509.41477506092326	1.2579271888302117	90.4	4338.724507808685	7:10
91.2%	2280000	4560.000000011495	-6176134.346722561	184714.6848606278	-5991419.661861933	300.97738653089664	509.51694952379887	1.2576749341506068	90.4	4348.222804546356	7:00
91.4%	2285000	4570.000000013532	-6175452.890550469	183665.5183229292	-5991787.37222754	299.26785594977116	509.63018094088454	1.2573954995324212	90.4	4357.73445892334	6:50
91.6%	2290000	4580.00000001557	-6177333.493737243	184937.50567861716	-5992395.988058626	301.3404547272001	509.4700914066738	1.2577906078287358	90.4	4367.249133110046	6:41
91.8%	2295000	4590.000000017607	-6175332.84128076	184582.8614925338	-5990749.979788226	300.7625911948216	509.49601917173004	1.2577266000678455	90.4	4376.635858297348	6:31
92.0%	2300000	4600.000000019644	-6175742.419238309	184015.91123977661	-5991726.507998533	299.8387923885889	509.48856528085156	1.2577450007886284	90.4	4386.998255252838	6:22
92.2%	2305000	4610.000000021681	-6176303.361518858	183670.69767851732	-5992632.66384034	299.2762952837093	509.3846585198886	1.258001561733218	90.4	4396.540652513504	6:12
92.4%	2310000	4620.000000023719	-6177425.3725143885	185324.86260756798	-5992100.509906821	301.971620983517	510.0816496287494	1.2562825900664283	90.4	4406.05908203125	6:03
92.6%	2315000	4630.000000025756	-6177535.914547917	185023.10946601682	-5992512.8050819	301.4799390580108	510.04097732489635	1.2563827700705854	90.4	4415.454086780548	5:53
92.8%	2320000	4640.000000027793	-6175534.807297603	184263.98347848517	-5991270.823819118	300.2430056980706	510.27287179723896	1.2558118045428672	90.4	4424.960152864456	5:44
93.0%	2325000	4650.0000000298305	-6177249.248112865	183262.7968775579	-5993986.451235306	298.61165447765075	510.0865227928157	1.256270588041475	90.4	4434.453852653503	5:34
93.2%	2330000	4660.000000031868	-6176971.377130406	184226.69731383224	-5992744.679816574	300.18225095948833	509.88604016736764	1.2567645423879816	90.4	4443.846318721771	5:24
93.4%	2335000	4670.000000033905	-6178093.376340458	183964.30875203846	-5994129.06758842	299.75471037903105	509.7354468953634	1.2571358335856604	90.4	4453.332022190094	5:15
93.6%	2340000	4680.000000035942	-6177731.380512781	183372.4867949143	-5994358.893717867	298.7903851761852	509.5581053680488	1.257573354618927	90.4	4462.816622018814	5:05
93.8%	2345000	4690.00000003798	-6176799.581222501	184893.56601710297	-5991906.015205397	301.26885866272056	509.19096589861306	1.258480096578452	90.4	4472.318890810013	4:56
94.0%	2350000	4700.000000040017	-6178090.86020997	184073.0128696783	-5994017.847340291	299.9318347980077	509.1538486040868	1.2585718397254952	90.4	4482.675719261169	4:46
94.2%	2355000	4710.000000042054	-6177506.250668699	183880.87713740196	-5993625.373531297	299.61876542508065	509.1538486040868	1.2585718397254952	90.4	4492.124382019043	4:37
94.4%	2360000	4720.000000044091	-6178089.983519673	183748.84369055514	-5994341.139829118	299.4036277829565	508.94228528784123	1.2590950181680076	90.4	4501.62504863739	4:27
94.6%	2365000	4730.000000046129	-6177166.085505661	183527.49361480415	-5993638.591890857	299.04295604016454	508.9051768209995	1.2591868291533552	90.4	4511.139427185059	4:18
94.8%	2370000	4740.000000048166	-6177592.635044152	184213.10190091204	-5993379.53314324	300.160098352333	509.1052908650413	1.2586918805187455	90.4	4520.556384086609	4:08
95.0%	2375000	4750.000000050203	-6177073.360240752	183185.07708977998	-5993888.283150972	298.48501647577893	509.00226504485613	1.258946649057623	90.4	4530.054849386215	3:58
95.2%	2380000	4760.0000000522405	-6178434.535727048	183865.59984971865	-5994568.93587733	299.5938723413301	508.6973610452072	1.2597012389140627	90.4	4539.552756786346	3:49
95.4%	2385000	4770.000000054278	-6178662.003884232	184342.41998549123	-5994319.583898741	300.37081153497576	508.571801385794	1.2600122425090114	90.4	4549.077351808548	3:39
95.6%	2390000	4780.000000056315	-6177560.713273587	183953.42269657916	-5993607.290577007	299.7369724470186	508.1388169568156	1.2610858973118382	90.4	4558.471026659012	3:30
95.8%	2395000	4790.000000058352	-6178567.044975741	185125.9243821239	-5993441.120593617	301.647467507466	508.10794006814365	1.2611625314397203	90.4	4567.97630906105	3:20
96.0%	2400000	4800.0000000603895	-6177653.341183779	184949.02033551372	-5992704.320848265	301.35921691355327	508.2840203108318	1.2607256382938974	90.4	4578.33047580719	3:11
96.2%	2405000	4810.000000062427	-6178965.138836088	183594.08324738347	-5995371.0555887045	299.1514583695755	508.23669321520737	1.2608430373003767	90.4	4587.871483325958	3:01
96.4%	2410000	4820.000000064464	-6179736.327801615	182824.7512852105	-5996911.576516405	297.8978952133802	508.93764066402235	1.2591065088148854	90.4	4597.374855518341	2:52
96.6%	2415000	4830.000000066501	-6176796.9756360715	182001.27558530724	-5994795.700050765	296.5561092897781	509.3182484344809	1.2581655927519662	90.4	4606.7744653224945	2:42
96.8%	2420000	4840.000000068539	-6179952.998321699	183826.5583479671	-5996126.4399737315	299.530257425319	508.8615580420804	1.2592947645850077	90.4	4616.277456998825	2:32
97.0%	2425000	4850.000000070576	-6178883.6495900545	184747.59471213855	-5994136.054877916	301.03101042715747	509.1725806639731	1.25852553785464	90.4	4625.792312145233	2:23
97.2%	2430000	4860.000000072613	-6179136.729859208	184190.19511775806	-5994946.53474145	300.1227736332252	509.0231391133007	1.2588950220558208	90.4	4635.188736915588	2:13
97.4%	2435000	4870.00000007465	-6178171.68426783	185170.62703250756	-5993001.057235323	301.72030679955384	509.08040416375803	1.258753412427226	90.4	4644.691012620926	2:04
97.6%	2440000	4880.000000076688	-6177659.421522874	185167.3786367734	-5992492.042886101	301.7150138058797	509.038664277839	1.2588566270305988	90.4	4654.181748151779	1:54
97.8%	2445000	4890.000000078725	-6177769.841364952	184402.46694951536	-5993367.374415437	300.46865312409864	508.74198389126485	1.259590747827731	90.4	4663.711543798447	1:45
98.0%	2450000	4900.000000080762	-6178143.0751654655	184310.64245739765	-5993832.432708068	300.3190326665916	508.7197436734968	1.2596458146358875	90.4	4674.090121984482	1:35
98.2%	2455000	4910.0000000827995	-6179776.771377205	183389.04190322466	-5996387.72947398	298.8173603635492	508.385961226698	1.260472839168773	90.4	4683.52362537384	1:26
98.4%	2460000	4920.000000084837	-6178464.256700332	185672.99100271982	-5992791.265697612	302.53886757048474	508.385961226698	1.260472839168773	90.4	4693.014721393585	1:16
98.6%	2465000	4930.000000086874	-6176842.840719266	184193.10284228937	-5992649.737876977	300.1275115311939	508.7526344033927	1.2595643788506905	90.4	4702.532526254654	1:06
98.8%	2470000	4940.000000088911	-6177997.225163222	183457.8966267445	-5994539.328536478	298.929553472348	508.6568450367386	1.2598015778096496	90.4	4711.9129185676575	0:57
99.0%	2475000	4950.000000090949	-6179985.016572062	183192.7114809566	-5996792.305091105	298.49745608828636	508.74790351968767	1.2595760916313314	90.4	4721.41343164444	0:47
99.2%	2480000	4960.000000092986	-6178988.661395093	185127.72957383175	-5993860.9318212615	301.65040891888015	508.83679225985065	1.259356056182583	90.4	4730.908522129059	0:38
99.4%	2485000	4970.000000095023	-6178724.56060811	184082.4351414937	-5994642.125466617	299.947187614966	508.8837783439263	1.2592397777472013	90.4	4740.296085596085	0:28
99.6%	2490000	4980.00000009706	-6179118.861156057	184133.8570181601	-5994985.004137897	300.0309753336374	509.1451669245467	1.2585933002402963	90.4	4749.782718658447	0:19
99.8%	2495000	4990.000000099098	-6180214.049116783	185166.8557557342	-5995047.193361049	301.71416181423234	508.9887178335771	1.2589801571014094	90.4	4759.3003079891205	0:09
100.0%	2500000	5000.000000101135	-6178669.4759265855	184511.75854384573	-5994157.71738274	300.6467347880236	508.9911933162749	1.2589740340414493	90.4	4769.685945272446	0:00
