#"Progress (%)"	"Step"	"Time (ps)"	"Potential Energy (kJ/mole)"	"Kinetic Energy (kJ/mole)"	"Total Energy (kJ/mole)"	"Temperature (K)"	"Box Volume (nm^3)"	"Density (g/mL)"	"Speed (ns/day)"	"Elapsed Time (s)"	"Time Remaining"
0.2%	5000	10.000000000000009	-5191466.134125968	183257.35021428298	-5008208.783911685	303.47061049602695	641.7214191486057	0.9828322861532571	0	0.0009338855743408203	--
0.4%	10000	19.999999999999794	-5213396.388437364	181466.55451978935	-5031929.833917575	300.50508762861574	632.0238253973185	0.9979125851131444	102	8.481663227081299	1:10:23
0.6%	15000	29.99999999999425	-5230548.169751198	181167.50278242363	-5049380.666968774	300.0098637633675	619.2141510810288	1.0185563885357722	102	16.950801849365234	1:10:12
0.8%	20000	40.00000000000292	-5240184.752639068	182432.59506607542	-5057752.157572993	302.10483199904644	613.0400305208987	1.0288145929384556	101	25.54982566833496	1:10:24
1.0%	25000	50.00000000001514	-5251657.172194349	182113.9973308319	-5069543.174863516	301.57724034117325	601.0885443517476	1.0492705864749576	101	34.252265214920044	1:10:38
1.2%	30000	60.00000000002736	-5260311.56152376	179820.61500697813	-5080490.946516782	297.7794437829075	595.1116296724946	1.0598087787369068	101	42.95583152770996	1:10:44
1.4%	35000	70.00000000001826	-5264514.554806783	181385.97332091405	-5083128.581485868	300.37164672930885	594.5015002111794	1.060896447244115	100	51.6086220741272	1:10:40
1.6%	40000	79.99999999999496	-5273696.567284968	182444.6089935814	-5091251.958291386	302.1247268295154	582.7579377278066	1.0822753129961225	100	60.3678035736084	1:10:42
1.8%	45000	89.99999999997165	-5278863.397363467	180972.0829975147	-5097891.314365952	299.6862523973842	578.1472771818683	1.0909063388305735	99.9	69.2209312915802	1:10:48
2.0%	50000	99.99999999994834	-5282145.608586092	181843.69091867964	-5100301.917667412	301.12961817583624	576.4480167992924	1.0941221256294744	98.5	78.9258201122284	1:11:37
2.2%	55000	109.99999999992504	-5285005.899415416	182021.71291979455	-5102984.186495621	301.4244191499685	570.1401518354326	1.1062271748883696	98.4	87.76663279533386	1:11:31
2.4%	60000	119.99999999990173	-5289845.61021627	181899.96220826858	-5107945.648008002	301.2228023378084	564.5578000548606	1.1171655575284734	98.3	96.6550064086914	1:11:27
2.6%	65000	129.99999999989262	-5290282.982940692	181827.55148615892	-5108455.431454534	301.10289158923877	564.5578000548606	1.1171655575284734	98.2	105.60446047782898	1:11:25
2.8%	70000	139.99999999994037	-5293627.153101411	182571.9325643038	-5111055.2205371065	302.33557218820073	564.5578000548606	1.1171655575284734	98.1	114.52450513839722	1:11:21
3.0%	75000	149.99999999998812	-5296433.174830962	180675.0821922645	-5115758.0926386975	299.194424835861	561.3343510056295	1.1235808539517147	98	123.3872742652893	1:11:14
3.2%	80000	160.00000000003587	-5297198.034597854	181748.35498970674	-5115449.679608148	300.97174373023404	558.7639560783979	1.1287494882129532	97.9	132.334787607193	1:11:09
3.4%	85000	170.00000000008362	-5300863.651194971	180706.17996297064	-5120157.471232001	299.2459221397903	556.3651203796319	1.1336162285388773	97.8	141.334698677063	1:11:06
3.6%	90000	180.00000000013137	-5301878.596982697	182308.5108273173	-5119570.08615538	301.8993509111401	556.0460555121571	1.1342667090308087	97.8	150.19321823120117	1:10:58
3.8%	95000	190.0000000001791	-5301511.863407256	180956.28262128678	-5120555.580785969	299.6600872814184	555.9605452973708	1.1344411663564848	97.7	159.21157598495483	1:10:54
4.0%	100000	200.00000000022686	-5305212.18717758	180271.98623210864	-5124940.200945471	298.52690575968785	553.4092029962806	1.1396711981668575	97.1	169.04870223999023	1:11:10
4.2%	105000	210.0000000002746	-5307778.52756649	182036.60033507092	-5125741.927231419	301.4490724203413	551.0428919739234	1.1445652210412383	97	178.1671166419983	1:11:07
4.4%	110000	220.00000000032236	-5310354.219563946	181084.27531038292	-5129269.944253563	299.8720406871268	550.7280401877813	1.1452195701535115	97	187.06406211853027	1:10:57
4.6%	115000	230.0000000003701	-5310010.783628355	179821.5214746739	-5130189.26215368	297.7809448757953	548.95728661305	1.1489136674852243	96.9	196.1047580242157	1:10:51
4.8%	120000	240.00000000041786	-5311466.761749862	180933.34898204324	-5130533.412767818	299.62210962052785	548.95728661305	1.1489136674852243	96.9	205.12063145637512	1:10:45
5.0%	125000	250.0000000004656	-5311784.069977578	180710.49753406693	-5131073.57244351	299.2530719536172	548.95728661305	1.1489136674852243	96.9	214.05986952781677	1:10:36
5.2%	130000	260.00000000051335	-5312855.156659648	180754.42962351412	-5132100.727036133	299.32582263995704	548.95728661305	1.1489136674852243	96.8	223.0764684677124	1:10:29
5.4%	135000	270.0000000005611	-5313167.842849625	181123.78430833496	-5132044.05854129	299.9374668199099	548.95728661305	1.1489136674852243	96.8	232.14006185531616	1:10:23
5.6%	140000	280.00000000060885	-5313970.311183626	180670.6432085684	-5133299.667975058	299.1870739651284	547.8904054939574	1.1511508928263077	96.8	241.05728721618652	1:10:14
5.8%	145000	290.0000000006566	-5316023.473970722	180685.25288642637	-5135338.221084296	299.21126730773386	547.8904054939574	1.1511508928263077	96.7	250.1051640510559	1:10:07
6.0%	150000	300.00000000070435	-5316839.586223224	181796.13383941306	-5135043.452383811	301.05086457680426	547.8904054939574	1.1511508928263077	96.4	260.00234389305115	1:10:13
6.2%	155000	310.0000000007521	-5317836.549542308	181803.54535470382	-5136033.004187604	301.06313790208895	547.4864192829529	1.152000318622287	96.3	269.0408148765564	1:10:06
6.4%	160000	320.00000000079984	-5318815.525809137	181266.31322902397	-5137549.212580113	300.17349194263625	547.4864192829529	1.152000318622287	96.4	277.8748519420624	1:09:55
6.6%	165000	330.0000000008476	-5318048.480808718	181634.58616017314	-5136413.894648545	300.7833447595319	547.4864192829529	1.152000318622287	96.4	286.87426352500916	1:09:46
6.8%	170000	340.00000000089534	-5320236.58111476	181270.99887193652	-5138965.582242823	300.18125127623773	547.3835193131446	1.1522168775682964	96.4	295.8244469165802	1:09:37
7.0%	175000	350.0000000009431	-5322442.669646136	181941.8939923839	-5140500.7756537525	301.292240557393	544.7634105606003	1.1577586108551177	96.4	304.83775806427	1:09:29
7.2%	180000	360.00000000099084	-5321196.279260501	182024.88492532092	-5139171.3943351805	301.4296719294748	544.7634105606003	1.1577586108551177	96.4	313.69684743881226	1:09:18
7.4%	185000	370.0000000010386	-5321451.942980988	180813.73651938033	-5140638.2064616075	299.4240337069298	544.7634105606003	1.1577586108551177	96.4	322.7427566051483	1:09:10
7.6%	190000	380.00000000108633	-5326478.785522468	181047.41454483624	-5145431.370977632	299.8109999757408	541.7539012619044	1.164190101790204	96.3	331.8188228607178	1:09:03
7.8%	195000	390.0000000011341	-5324058.419427811	180705.65772980833	-5143352.761698003	299.2450573318227	541.7539012619044	1.164190101790204	96.3	340.91587471961975	1:08:55
8.0%	200000	400.00000000118183	-5324924.899102551	180106.07630122174	-5144818.822801329	298.2521621384648	540.8455727164564	1.166145312584429	96.1	350.812597990036	1:08:57
8.2%	205000	410.0000000012296	-5325194.136185536	181252.48107387056	-5143941.655111666	300.150586162519	539.8320739563086	1.1683346727308073	96	359.8379318714142	1:08:49
8.4%	210000	420.00000000127733	-5326990.070524324	182441.80925560597	-5144548.261268718	302.12009051783866	539.5680222283438	1.1689064278691152	96	368.9030590057373	1:08:40
8.6%	215000	430.0000000013251	-5327819.352382579	180550.63080553015	-5147268.721577048	298.98833575804133	539.5680222283438	1.1689064278691152	96	378.0370855331421	1:08:33
8.8%	220000	440.0000000013728	-5328410.160785477	181646.58028961308	-5146763.580495863	300.80320680478815	538.8744750599138	1.170410844538912	96	387.007940530777	1:08:24
9.0%	225000	450.0000000014206	-5329846.050434169	181238.39764230984	-5148607.65279186	300.1272642735546	537.926156114194	1.1724741812358483	96	396.1246974468231	1:08:16
9.2%	230000	460.0000000014683	-5328934.918890868	182529.8785188312	-5146405.040372037	302.26593150618453	537.2381314242094	1.1739757335975936	95.9	405.227596282959	1:08:08
9.4%	235000	470.00000000151607	-5328926.853705637	179815.6247188135	-5149111.228986824	297.77117996268913	536.7689635414076	1.1750018579579866	95.9	414.26692175865173	1:07:59
9.6%	240000	480.0000000015638	-5331479.102893748	181390.5285501661	-5150088.574343583	300.37919010042305	536.7689635414076	1.1750018579579866	95.9	423.38433837890625	1:07:51
9.8%	245000	490.00000000161157	-5332930.4436837975	180824.67094080747	-5152105.77274299	299.4421408963115	536.0629174830109	1.1765494476221166	95.9	432.5332901477814	1:07:44
10.0%	250000	500.0000000016593	-5332714.770588604	181231.60205731963	-5151483.168531284	300.11601091687754	536.0629174830109	1.1765494476221166	95.7	442.4792273044586	1:07:43
10.2%	255000	510.00000000170706	-5334092.097269837	181394.39505762403	-5152697.702212213	300.38559296163095	536.0629174830109	1.1765494476221166	95.7	451.54836893081665	1:07:34
10.4%	260000	520.0000000015274	-5333673.061074576	180537.66980808857	-5153135.391266488	298.96687259816457	536.0629174830109	1.1765494476221166	95.7	460.65056109428406	1:07:26
10.6%	265000	530.0000000012909	-5335164.230030644	182398.3254196255	-5152765.9046110185	302.0480821305283	534.4124073131208	1.1801831709453499	95.6	469.797385931015	1:07:18
10.8%	270000	540.0000000010544	-5335360.597475299	181833.68112166104	-5153526.916353637	301.1130421465058	534.4124073131208	1.1801831709453499	95.6	478.92080068588257	1:07:10
11.0%	275000	550.000000000818	-5337159.775466222	181159.93333692197	-5155999.8421293	299.9973289087228	534.2341257657224	1.180577014902113	95.6	487.9684054851532	1:07:01
11.2%	280000	560.0000000005815	-5335052.81883237	181392.44177309916	-5153660.377059272	300.3823583604182	534.2341257657224	1.180577014902113	95.6	497.0752811431885	1:06:52
11.4%	285000	570.000000000345	-5335961.999881901	182178.34766797614	-5153783.652213925	301.68380324888716	533.6208801386001	1.1819337528387581	95.6	506.2492368221283	1:06:44
11.6%	290000	580.0000000001086	-5337982.914463901	180617.6862356691	-5157365.228228232	299.0993782471832	533.2354332306855	1.1827881084985674	95.6	515.3829438686371	1:06:36
11.8%	295000	589.9999999998721	-5338325.950991878	181745.32158993732	-5156580.629401941	300.9667204791675	533.2354332306855	1.1827881084985674	95.6	524.436840057373	1:06:27
12.0%	300000	599.9999999996356	-5339924.563559153	181707.42452757264	-5158217.139031581	300.90396368039046	533.2354332306855	1.1827881084985674	95.4	534.4012591838837	1:06:25
12.2%	305000	609.9999999993992	-5339895.183520792	180661.0908003157	-5159234.092720476	299.1712553627052	531.6494179223165	1.1863165992358782	95.4	543.6151695251465	1:06:17
12.4%	310000	619.9999999991627	-5339764.241519464	181161.51725087847	-5158602.724268585	299.99995183945265	531.6368843418356	1.186344567187332	95.4	552.6503450870514	1:06:08
12.6%	315000	629.9999999989262	-5340395.195123261	181897.2805049951	-5158497.914618266	301.21836148930424	531.3452471374264	1.1869957110808824	95.3	561.8148066997528	1:05:59
12.8%	320000	639.9999999986898	-5342772.5931939315	180029.60350519852	-5162742.989688733	298.12552467443754	530.827430639901	1.188153612738204	95.3	570.9415736198425	1:05:51
13.0%	325000	649.9999999984533	-5341532.563465795	181911.51428940045	-5159621.049176394	301.2419323596574	530.4274035565736	1.1890496705607478	95.3	580.1120636463165	1:05:42
13.2%	330000	659.9999999982168	-5340978.617238665	180928.47558701597	-5160050.141651649	299.6140393730732	529.5588750303336	1.1909998287144359	95.3	589.1444237232208	1:05:33
13.4%	335000	669.9999999979804	-5340669.49342313	181639.3145921538	-5159030.178830977	300.79117495099854	529.5588750303336	1.1909998287144359	95.3	598.3338258266449	1:05:25
13.6%	340000	679.9999999977439	-5342571.903224925	181628.50471156157	-5160943.398513363	300.77327399881915	529.5588750303336	1.1909998287144359	95.3	607.5823748111725	1:05:17
13.8%	345000	689.9999999975074	-5342761.779114604	180686.97894765087	-5162074.800166953	299.214125631577	529.5588750303336	1.1909998287144359	95.3	616.7662179470062	1:05:09
14.0%	350000	699.999999997271	-5343738.60746924	182114.10156910357	-5161624.505900136	301.57741295772536	529.5588750303336	1.1909998287144359	95.1	626.7525532245636	1:05:05
14.2%	355000	709.9999999970345	-5344173.031011869	180639.8115770048	-5163533.219434865	299.1360173824469	529.5588750303336	1.1909998287144359	90.1	671.0440247058868	1:08:32
14.4%	360000	719.999999996798	-5344245.497656495	181384.9211922237	-5162860.576464271	300.3699044246449	529.0830133907614	1.1920710238140293	90.2	680.1946425437927	1:08:20
14.6%	365000	729.9999999965615	-5344416.77965227	180473.88199719094	-5163942.897655078	298.86124122298276	529.0830133907614	1.1920710238140293	90.3	689.2735788822174	1:08:07
14.8%	370000	739.9999999963251	-5344317.752172448	180511.44672017967	-5163806.305452268	298.923447674212	528.575945753868	1.1932145882193153	90.3	698.4361298084259	1:07:55
15.0%	375000	749.9999999960886	-5344189.526039607	181730.87644160652	-5162458.649598001	300.9427995942616	528.3892853278527	1.1936361068790406	90.4	707.6180055141449	1:07:44
15.2%	380000	759.9999999958521	-5344530.425444254	181610.65847918918	-5162919.766965064	300.7437209848376	528.1629737355412	1.1941475658442116	90.4	716.7907340526581	1:07:32
15.4%	385000	769.9999999956157	-5345548.624855252	181248.07714745397	-5164300.547707798	300.1432933459599	528.3142517799621	1.1938056324061068	90.5	725.8786818981171	1:07:20
15.6%	390000	779.9999999953792	-5347158.919619635	181288.22891763848	-5165870.690701996	300.2097838970682	527.9204310796399	1.1946961934500149	90.5	735.0486698150635	1:07:08
15.8%	395000	789.9999999951427	-5346342.9221700365	181064.9459526908	-5165277.976217345	299.8400316464392	527.9204310796399	1.1946961934500149	90.5	744.2527272701263	1:06:57
16.0%	400000	799.9999999949063	-5348579.284598418	181630.72536343947	-5166948.559234978	300.77695135517234	527.5841091531101	1.1954577829642326	90.5	754.2528715133667	1:06:49
16.2%	405000	809.9999999946698	-5346344.247454121	182588.51610866535	-5163755.731345455	302.36303421537565	527.579084967139	1.195469167422778	90.5	763.5049185752869	1:06:38
16.4%	410000	819.9999999944333	-5346802.533918604	182032.51397702485	-5164770.01994158	301.44230549083204	527.579084967139	1.195469167422778	90.6	772.4922232627869	1:06:26
16.6%	415000	829.9999999941969	-5348478.456380285	181653.084197942	-5166825.372182343	300.8139771505826	527.112651506313	1.1965270187558437	90.6	781.661299943924	1:06:15
16.8%	420000	839.9999999939604	-5347066.752376822	182536.40027800942	-5164530.352098812	302.2767314126386	526.3273742429787	1.1983122298407614	90.7	790.7636008262634	1:06:03
17.0%	425000	849.9999999937239	-5347908.424662249	180822.35268693627	-5167086.071975313	299.43830191295416	525.6744567837801	1.199800601524676	90.7	799.8268206119537	1:05:51
17.2%	430000	859.9999999934874	-5347456.635753883	180343.05205250432	-5167113.583701379	298.64458937715625	525.629083123956	1.199904171410929	90.8	808.9792547225952	1:05:40
17.4%	435000	869.999999993251	-5348566.844890938	181306.65301157278	-5167260.191879366	300.24029383856595	526.2611257328186	1.1984630796680653	90.8	818.2114210128784	1:05:29
17.6%	440000	879.9999999930145	-5349289.983256356	180185.07927609867	-5169104.903980257	298.38298952950197	525.6582385815404	1.1998376191292233	90.8	827.4051439762115	1:05:18
17.8%	445000	889.999999992778	-5349939.852391692	180693.72731698828	-5169246.125074703	299.2253008000506	525.6582385815404	1.1998376191292233	90.9	836.5136530399323	1:05:06
18.0%	450000	899.9999999925416	-5348640.881526196	180653.79528488466	-5167987.086241311	299.15917413093393	525.7564711887475	1.199613440856561	90.8	846.5273752212524	1:04:59
18.2%	455000	909.9999999923051	-5349008.533931885	180699.69981859098	-5168308.834113294	299.23519114663395	525.397311464137	1.2004334923179139	90.9	855.7922160625458	1:04:49
18.4%	460000	919.9999999920686	-5350295.725206954	181718.19903986048	-5168577.526167094	300.9218060633452	525.397311464137	1.2004334923179139	90.9	864.9830768108368	1:04:38
18.6%	465000	929.9999999918322	-5349452.423426237	180510.09061081332	-5168942.332815424	298.92120198345617	525.8174943011531	1.1994742211717118	90.9	874.1021432876587	1:04:26
18.8%	470000	939.9999999915957	-5349355.493790339	181374.46397750403	-5167981.029812835	300.3525874802967	525.8174943011531	1.1994742211717118	91	883.2776713371277	1:04:16
19.0%	475000	949.9999999913592	-5349266.079668437	180898.02520551332	-5168368.054462924	299.5636141330834	525.8174943011531	1.1994742211717118	91	892.509604215622	1:04:05
19.2%	480000	959.9999999911228	-5350243.646494037	181058.32224693793	-5169185.3242470985	299.8290629184388	525.8296150340838	1.1994465724690213	91	901.5817432403564	1:03:54
19.4%	485000	969.9999999908863	-5351107.078218186	181579.0131222405	-5169528.065095946	300.69131688873256	525.9434006146254	1.1991870773894795	91.1	910.8025584220886	1:03:43
19.6%	490000	979.9999999906498	-5352264.002472293	180483.49065541144	-5171780.511816882	298.8771529742594	525.6526564055599	1.1998503608221576	91.1	919.9905340671539	1:03:32
19.8%	495000	989.9999999904134	-5352106.579785578	181792.8958566678	-5170313.68392891	301.04550254030573	525.3166493468518	1.200617818299721	91.1	929.0948486328125	1:03:21
20.0%	500000	999.9999999901769	-5352301.827940945	181184.05363634878	-5171117.774304596	300.037271655815	525.5241017221679	1.200143870449495	91.1	939.2392244338989	1:03:14
20.2%	505000	1009.9999999899404	-5351418.368585504	182293.255573254	-5169125.11301225	301.8740885068848	525.5241017221679	1.200143870449495	91	949.1879019737244	1:03:07
20.4%	510000	1019.999999989704	-5351661.331439632	181900.32342139367	-5169761.0080182385	301.22340049972365	525.0229330165286	1.2012894862165595	91.1	958.3811385631561	1:02:56
20.6%	515000	1029.9999999894676	-5352143.725445826	181586.9590817879	-5170556.766364038	300.7044752433198	524.499468714596	1.2024884048043367	91.1	967.5026154518127	1:02:45
20.8%	520000	1039.9999999892311	-5352675.4609976215	181263.2957417763	-5171412.1652558455	300.16849504239656	524.6093769673633	1.2022364775507506	91.1	976.692054271698	1:02:35
21.0%	525000	1049.9999999889947	-5352398.9373593815	181152.13964382806	-5171246.797715553	299.98442270442337	524.6093769673633	1.2022364775507506	91.1	985.9174642562866	1:02:24
21.2%	530000	1059.9999999887582	-5352684.293049075	181560.86339697993	-5171123.429652095	300.66126129642635	524.3851532504353	1.202750546131739	91.2	995.1103012561798	1:02:14
21.4%	535000	1069.9999999885217	-5352895.14217212	181624.34400265577	-5171270.798169464	300.76638394573115	523.7423496505869	1.2042267154376753	91.2	1004.2343156337738	1:02:03
21.6%	540000	1079.9999999882853	-5353037.879866082	181904.1084876755	-5171133.771378406	301.22966849592666	523.797395826812	1.2041001625442833	91.2	1013.4321689605713	1:01:52
21.8%	545000	1089.9999999880488	-5353215.52979001	181821.6553595363	-5171393.874430474	301.0931277181382	523.6217340115011	1.2045041076188094	91.2	1022.6578984260559	1:01:42
22.0%	550000	1099.9999999878123	-5353469.107243734	180233.09944853466	-5173236.0077952	298.46251000182264	524.2790927660309	1.2029938598692131	91.2	1032.7056505680084	1:01:35
22.2%	555000	1109.9999999875758	-5352268.770647864	180856.67001027908	-5171412.100637585	299.4951307334803	523.8324928387141	1.204019487293485	91.2	1041.8688688278198	1:01:24
22.4%	560000	1119.9999999873394	-5353517.8772977665	182415.25620310687	-5171102.62109466	302.07611917893735	523.40814453552	1.2049956349361608	91.2	1051.062319278717	1:01:13
22.6%	565000	1129.999999987103	-5354063.807156261	180132.09629017505	-5173931.710866086	298.29525073449406	523.431414981725	1.2049420638563642	91.3	1060.190969467163	1:01:03
22.8%	570000	1139.9999999868664	-5353684.624951053	180614.9300855315	-5173069.694865522	299.0948141161188	523.3331071184442	1.2051684116223733	91.3	1069.3764050006866	1:00:52
23.0%	575000	1149.99999998663	-5353931.363773519	181028.13750450627	-5172903.226269013	299.7790775715881	523.1838243193312	1.2055122886795886	91.3	1078.6129322052002	1:00:42
23.2%	580000	1159.9999999863935	-5355569.483025943	181223.25685194033	-5174346.2261740025	300.10219141895175	523.235943307998	1.2053922088530495	91.3	1087.7981791496277	1:00:32
23.4%	585000	1169.999999986157	-5354997.330103064	181371.19055613226	-5173626.139546932	300.3471667581213	523.235943307998	1.2053922088530495	91.4	1096.9165034294128	1:00:21
23.6%	590000	1179.9999999859206	-5355101.852858487	181771.20334065566	-5173330.64951783	301.00958015536617	522.9370186412467	1.2060812430034187	91.4	1106.107308626175	1:00:11
23.8%	595000	1189.999999985684	-5353521.8293151455	180609.5051461931	-5172912.324168952	299.08583052200385	522.77977411766	1.2064440146327973	91.4	1115.3385219573975	1:00:01
24.0%	600000	1199.9999999854476	-5352961.258121679	180154.49184639603	-5172806.766275283	298.33233734035645	522.5574664018249	1.2069572630895131	91.4	1125.390076637268	59:53
24.2%	605000	1209.9999999852112	-5354666.34435223	179742.7539062015	-5174923.590446029	297.65050731318917	522.5574664018249	1.2069572630895131	91.4	1134.5013072490692	59:43
24.4%	610000	1219.9999999849747	-5356453.228596059	181568.9144162245	-5174884.314179834	300.6745936278303	522.4155972275299	1.2072850290123387	91.4	1143.6224989891052	59:32
24.6%	615000	1229.9999999847382	-5356764.349928761	181462.46038988116	-5175301.8895388795	300.4983078290539	522.392803712366	1.2073377063643627	91.4	1152.8111979961395	59:22
24.8%	620000	1239.9999999845018	-5356795.028612867	181270.79976551473	-5175524.228847352	300.1809215598728	522.0976788149519	1.2080201752417263	91.5	1161.9552974700928	59:11
25.0%	625000	1249.9999999842653	-5354852.730830994	181409.85531314244	-5173442.875517852	300.4111948443118	521.3999627800774	1.2096366982698907	91.5	1171.0318920612335	59:01
25.2%	630000	1259.9999999840288	-5355607.38039423	181161.47467541567	-5174445.905718814	299.99988133531366	521.8239615306933	1.2086538295505986	91.5	1180.1523990631104	58:51
25.4%	635000	1269.9999999837923	-5356926.054469655	180528.8831482032	-5176397.171321452	298.95232206015606	521.8239615306933	1.2086538295505986	91.5	1189.3407094478607	58:40
25.6%	640000	1279.9999999835559	-5357815.091185791	181481.498223841	-5176333.59296195	300.5298341121064	522.2793010378901	1.2076000871602233	91.6	1198.344826221466	58:30
25.8%	645000	1289.9999999833194	-5357488.514480418	180768.68552993672	-5176719.828950481	299.3494301439408	522.00756736085	1.2082287094879363	91.6	1207.5490520000458	58:20
26.0%	650000	1299.999999983083	-5357291.135559278	181284.5265990213	-5176006.608960256	300.2036529293897	522.0675265532905	1.20808994502928	91.5	1217.5282957553864	58:12
26.2%	655000	1309.9999999828465	-5357150.607746707	182022.88856361268	-5175127.719183095	301.4263659932836	521.8511983195815	1.2085907467229644	91.6	1226.7333347797394	58:02
26.4%	660000	1319.99999998261	-5357473.103181485	182124.9479050679	-5175348.155276417	301.59537427929246	521.6991897079106	1.2089428964006177	91.6	1235.846319437027	57:51
26.6%	665000	1329.9999999823735	-5358579.830863824	181987.4359957425	-5176592.394868081	301.3676572298827	521.8878246695834	1.2085059272165375	91.6	1244.9309494495392	57:41
26.8%	670000	1339.999999982137	-5357941.890303003	179914.72097044022	-5178027.169332562	297.9352814295272	521.6381049902973	1.2090844656892314	91.6	1254.0376317501068	57:30
27.0%	675000	1349.9999999819006	-5358637.338982966	181332.48092148284	-5177304.858061483	300.28306435543243	521.1290230760912	1.210265599356661	91.7	1263.2306690216064	57:20
27.2%	680000	1359.9999999816641	-5359036.55233	181083.4062109559	-5177953.146119044	299.87060147536596	521.1223217090723	1.2102811627544159	91.7	1272.2521712779999	57:10
27.4%	685000	1369.9999999814277	-5358022.049250063	181845.59540441644	-5176176.453845646	301.13277196720423	520.8868761748655	1.2108282206818446	91.7	1281.4340462684631	57:00
27.6%	690000	1379.9999999811912	-5359564.536927085	181569.210653757	-5177995.326273329	300.675084191427	520.4054976321584	1.2119482448303067	91.7	1290.557448387146	56:50
27.8%	695000	1389.9999999809547	-5358731.383549793	180400.60400572247	-5178330.77954407	298.73989429320966	520.4505034987591	1.211843441817019	91.7	1299.6213500499725	56:39
28.0%	700000	1399.9999999807183	-5359752.80996022	180820.28189289974	-5178932.528067321	299.43487271827394	520.7724263003963	1.2110943237450296	91.7	1309.5666856765747	56:31
28.2%	705000	1409.9999999804818	-5359265.893276203	181936.43899751388	-5177329.45427869	301.2832071919016	520.6665068094652	1.2113406973691498	91.7	1318.7819046974182	56:21
28.4%	710000	1419.9999999802453	-5359782.356139954	181081.23611149684	-5178701.120028458	299.8670078328359	520.7028589130966	1.2112561294014308	91.7	1327.9229130744934	56:11
28.6%	715000	1429.9999999800089	-5358918.7833464295	181364.90287725607	-5177553.880469173	300.3367544840983	520.8288168063342	1.2109631977023632	91.8	1336.9989953041077	56:01
28.8%	720000	1439.9999999797724	-5362117.614675863	180984.0512995283	-5181133.5633763345	299.7060716729244	520.8966002260563	1.2108056170488088	91.8	1346.1077055931091	55:51
29.0%	725000	1449.999999979536	-5358340.943090835	180938.86804887006	-5177402.075041965	299.63124908793446	520.7073446927429	1.2112456946953583	91.8	1355.293753862381	55:41
29.2%	730000	1459.9999999792994	-5359530.650346901	180675.8761283174	-5178854.7742185835	299.19573957853515	520.7073446927429	1.2112456946953583	91.8	1364.3437345027924	55:30
29.4%	735000	1469.999999979063	-5360530.949575653	180162.97120953602	-5180367.978366117	298.3463790009267	520.4842371097836	1.2117648998509531	91.8	1373.5496037006378	55:20
29.6%	740000	1479.9999999788265	-5360839.864796161	180489.3851639476	-5180350.479632213	298.88691416584027	520.6349759977301	1.2114140588550981	91.9	1382.6753325462341	55:10
29.8%	745000	1489.99999997859	-5361649.378026241	180849.74614041715	-5180799.631885825	299.4836649395488	521.1394213683453	1.2102414509332424	91.9	1391.8677048683167	55:00
30.0%	750000	1499.9999999783536	-5360604.534501128	180735.84632282192	-5179868.688178306	299.2950490551623	521.1394213683453	1.2102414509332424	91.8	1401.8429646492004	54:52
30.2%	755000	1509.999999978117	-5361619.697938937	181824.38471174586	-5179795.313227191	301.0976474723545	521.1394213683453	1.2102414509332424	91.9	1410.9651124477386	54:42
30.4%	760000	1519.9999999778806	-5362928.586920521	181751.32267772962	-5181177.264242792	300.97665816392526	521.1394213683453	1.2102414509332424	91.9	1420.0899317264557	54:32
30.6%	765000	1529.9999999776442	-5361977.118975765	181063.8605734788	-5180913.258402286	299.8382342795576	521.1644296028318	1.2101833771272208	91.9	1429.2696404457092	54:22
30.8%	770000	1539.9999999774077	-5362549.33092187	181568.4425151405	-5180980.888406729	300.6738121688062	521.3217999921849	1.2098180614445657	91.9	1438.2959220409393	54:12
31.0%	775000	1549.9999999771712	-5361985.343793318	181082.15062375227	-5180903.193169566	299.86852224735804	521.3561108008772	1.2097384424754987	91.9	1447.4653670787811	54:02
31.2%	780000	1559.9999999769348	-5362856.333745473	182612.6616037665	-5180243.672141707	302.4030186860149	520.8566803436154	1.2108984165073076	91.9	1456.5859744548798	53:52
31.4%	785000	1569.9999999766983	-5363614.798657268	182440.17601614984	-5181174.622641118	302.11738590504	520.3825317510914	1.2120017313667524	92	1465.763253211975	53:42
31.6%	790000	1579.9999999764618	-5362569.353508236	180906.02585728772	-5181663.327650948	299.5768630569356	520.3825317510914	1.2120017313667524	92	1474.7878353595734	53:32
31.8%	795000	1589.9999999762254	-5363774.061865594	182310.95851983866	-5181463.1033457555	301.90340424238656	519.9599649335858	1.2129867143442405	92	1483.9855473041534	53:22
32.0%	800000	1599.9999999759889	-5364279.0595178045	180820.68862507425	-5183458.370892731	299.4355462588504	519.3760732640657	1.2143503752331473	92	1493.9505598545074	53:14
32.2%	805000	1609.9999999757524	-5362999.033769267	180405.02744535572	-5182594.006323911	298.7472194232763	519.4561420026037	1.2141631958067702	92	1503.178522348404	53:04
32.4%	810000	1619.999999975516	-5363271.373222386	182281.71620615548	-5180989.657016231	301.854979539228	519.4059386057532	1.2142805512550423	92	1512.2116606235504	52:54
32.6%	815000	1629.9999999752795	-5362686.3974035885	180130.08332044462	-5182556.314083144	298.2919172957409	519.5734196560506	1.213889135962446	92	1521.414523601532	52:44
32.8%	820000	1639.999999975043	-5364455.367883413	181514.0793463089	-5182941.288537105	300.5837878177254	519.4463747856547	1.2141860258733959	92	1530.6146264076233	52:35
33.0%	825000	1649.9999999748065	-5364569.059173108	182419.77479285098	-5182149.284380257	302.0836018757384	519.6759996019656	1.2136495238156293	92	1539.690108537674	52:25
33.2%	830000	1659.99999997457	-5364123.416923374	180349.71254839512	-5183773.704374979	298.65561902891	519.6759996019656	1.2136495238156293	92	1548.8097567558289	52:15
33.4%	835000	1669.9999999743336	-5364728.613936412	181692.50350706652	-5183036.110429346	300.87925476041033	519.5620684201517	1.2139156566474134	92.1	1557.985196352005	52:05
33.6%	840000	1679.9999999740971	-5363609.710963655	180964.26001882768	-5182645.450944828	299.6732976967118	519.6878894167563	1.2136217570187635	92.1	1567.1153960227966	51:55
33.8%	845000	1689.9999999738607	-5365067.575769449	179960.5437870181	-5185107.03198243	298.0111631232507	519.3546733088674	1.2144004124138266	92.1	1576.1846692562103	51:45
34.0%	850000	1699.9999999736242	-5364864.341167243	181677.9517789723	-5183186.389388271	300.8551573814874	519.2490327350306	1.2146474806765428	92.1	1586.267766237259	51:37
34.2%	855000	1709.9999999733877	-5364896.9179999735	181397.718149141	-5183499.199850832	300.3910959366014	519.0756417640495	1.2150532190490055	92.1	1595.4023480415344	51:27
34.4%	860000	1719.9999999731513	-5363920.4342238195	182387.14455932938	-5181533.28966449	302.02956684316894	518.9689811999864	1.2153029416073957	92.1	1604.530187368393	51:17
34.6%	865000	1729.9999999729148	-5366389.129385859	180993.66812499525	-5185395.461260864	299.72199694900246	518.9708695099141	1.2152985196470418	92.1	1613.6158075332642	51:07
34.8%	870000	1739.9999999726783	-5364780.114180655	181202.02707137266	-5183578.087109283	300.06703531491536	518.9331370197073	1.2153868860207027	92.1	1622.7755534648895	50:57
35.0%	875000	1749.9999999724419	-5365739.830227313	181621.2415905337	-5184118.588636779	300.7612464115499	519.3142281305882	1.2144949922241262	92.1	1631.9576184749603	50:48
35.2%	880000	1759.9999999722054	-5365746.240888409	181633.21979566122	-5184113.021092748	300.78108208645426	519.5529021353499	1.213937073324307	92.1	1640.9737210273743	50:38
35.4%	885000	1769.999999971969	-5365399.584943587	181485.48174120928	-5183914.103202377	300.5364307394519	520.1028688445818	1.212653433072689	92.1	1650.2892670631409	50:28
35.6%	890000	1779.9999999717324	-5364176.528025467	181448.14820310418	-5182728.379822363	300.474607125897	520.1028688445818	1.212653433072689	92.2	1659.4252536296844	50:18
35.8%	895000	1789.999999971496	-5365394.003650049	181593.62813055082	-5183800.375519498	300.71551905846354	519.9181003101859	1.213084385942815	92.2	1668.6037726402283	50:09
36.0%	900000	1799.9999999712595	-5365113.287189759	180206.49057635845	-5184906.796613401	298.4184462266208	520.0445907630202	1.2127893274112398	92.1	1678.594367980957	50:00
36.2%	905000	1809.999999971023	-5364817.953938623	179854.43918128687	-5184963.514757336	297.83545595821727	519.9871634430614	1.2129232677190864	92.1	1687.725098848343	49:51
36.4%	910000	1819.9999999707866	-5365127.17048172	180826.02000974998	-5184301.15047197	299.4443749282622	520.1826233542107	1.212467508792326	92.2	1696.839806318283	49:41
36.6%	915000	1829.99999997055	-5365262.466541825	181860.1475977964	-5183402.318944029	301.1568701166313	519.7369508751374	1.2135071951173593	92.2	1706.0217938423157	49:31
36.8%	920000	1839.9999999703136	-5364187.064985699	180607.17108667266	-5183579.893899026	299.0819653647985	519.1339050972805	1.2149168514376827	92.2	1715.0405082702637	49:21
37.0%	925000	1849.9999999700772	-5365668.698087203	180784.29594533832	-5184884.402141865	299.37528068847	519.3125318186449	1.2144989593195343	92.2	1724.2170803546906	49:11
37.2%	930000	1859.9999999698407	-5364967.790952411	181662.47525076565	-5183305.315701645	300.82952855155105	519.3125318186449	1.2144989593195343	92.2	1733.3446736335754	49:02
37.4%	935000	1869.9999999696042	-5366220.593128016	180894.25389342563	-5185326.3392345905	299.55736891355855	519.3125318186449	1.2144989593195343	92.2	1742.5389947891235	48:52
37.6%	940000	1879.9999999693678	-5366569.195602839	182101.83328788207	-5184467.362314957	301.55709692244665	519.2407883808149	1.2146667664959585	92.2	1751.557011127472	48:42
37.8%	945000	1889.9999999691313	-5365940.262436238	180891.99495880312	-5185048.267477435	299.55362816172425	518.7602713160342	1.215791887561692	92.3	1760.7430791854858	48:32
38.0%	950000	1899.9999999688948	-5365603.162973902	180463.71358910724	-5185139.449384795	298.84440253681095	518.7602713160342	1.215791887561692	92.2	1770.7277476787567	48:24
38.2%	955000	1909.9999999686584	-5366878.948030758	181630.5709877048	-5185248.377043053	300.7766957119559	518.8966384053153	1.2154723749871108	92.2	1779.9529995918274	48:14
38.4%	960000	1919.999999968422	-5365487.524776792	180229.69288756783	-5185257.831889224	298.45686880306533	518.7875710843018	1.2157279098593685	92.2	1788.9682466983795	48:04
38.6%	965000	1929.9999999681854	-5367902.312404083	181337.15455829178	-5186565.157845791	300.29080380715965	518.911207282819	1.2154382495569955	92.3	1798.1614758968353	47:55
38.8%	970000	1939.999999967949	-5366891.031883141	180574.83679925342	-5186316.195083887	299.02842041322305	518.9562108042397	1.2153328475979075	92.3	1807.2951929569244	47:45
39.0%	975000	1949.9999999677125	-5366690.3531244155	181989.55890325204	-5184700.794221164	301.3711727234615	519.205086515905	1.2147502900783238	92.3	1816.383481502533	47:35
39.2%	980000	1959.999999967476	-5367833.236024823	179707.55158758195	-5188125.684437241	297.59221295768384	519.002748980242	1.215223870575967	92.3	1825.5110263824463	47:25
39.4%	985000	1969.9999999672395	-5368336.767599124	181776.7896841123	-5186559.977915012	301.01883103156433	518.7442750094255	1.215829378442542	92.3	1834.741057395935	47:16
39.6%	990000	1979.999999967003	-5367758.138346046	181328.4290176295	-5186429.709328417	300.27635448139677	518.7442750094255	1.215829378442542	92.3	1843.77188372612	47:06
39.8%	995000	1989.9999999667666	-5366424.3007715875	181326.70935996773	-5185097.591411619	300.27350676172904	518.509555363589	1.2163797618215049	92.3	1852.9494643211365	46:56
40.0%	1000000	1999.9999999665301	-5367868.753042388	181814.02718895904	-5186054.725853429	301.0804956159096	518.4504182411616	1.216518508356105	92.3	1862.92147731781	46:48
40.2%	1005000	2009.9999999662937	-5366745.518472555	180760.00465986747	-5185985.513812687	299.33505479181184	518.4504182411616	1.216518508356105	92.3	1872.1657710075378	46:38
40.4%	1010000	2019.9999999660572	-5369326.90451799	180727.44788857576	-5188599.456629414	299.2811414112674	518.0453895230111	1.217469631446882	92.3	1881.302063703537	46:29
40.6%	1015000	2029.9999999658207	-5369348.955206059	180799.2660294402	-5188549.689176619	299.4000708568112	518.2235047873221	1.2170511827983885	92.3	1890.395630121231	46:19
40.8%	1020000	2039.9999999655843	-5369007.707962604	180663.38614990443	-5188344.3218127	299.1750564170159	518.1689735092291	1.2171792633278982	92.3	1899.5195410251617	46:09
41.0%	1025000	2049.999999965348	-5368807.89544338	181010.96273953465	-5187796.932703845	299.7506364945728	517.9371275078644	1.217724113523335	92.3	1908.718032836914	46:00
41.2%	1030000	2059.9999999651113	-5369108.6669708295	182942.01958337263	-5186166.647387457	302.94842909943594	518.0580736228054	1.2174398230005163	92.4	1917.7339911460876	45:50
41.4%	1035000	2069.999999964875	-5370388.290765968	182475.89388710132	-5187912.3968788665	302.17653400518765	518.0580736228054	1.2174398230005163	92.4	1926.937260389328	45:40
41.6%	1040000	2079.9999999646384	-5367565.992655093	180620.9341966678	-5186945.058458425	299.1047568074755	518.1237269364049	1.2172855568391103	92.4	1936.0923101902008	45:31
41.8%	1045000	2089.999999964402	-5368499.222514058	182470.22900901063	-5186028.993505048	302.1671530771618	518.1660703695818	1.2171860828430678	92.4	1945.3045573234558	45:21
42.0%	1050000	2099.9999999641655	-5368701.200797709	181028.88211300774	-5187672.318684701	299.7803106287957	518.2123517869197	1.2170773762541884	92.4	1955.3090875148773	45:13
42.2%	1055000	2109.999999963929	-5369513.649245397	181854.57994572909	-5187659.069299668	301.1476501930107	518.2123517869197	1.2170773762541884	92.4	1964.4412651062012	45:03
42.4%	1060000	2119.9999999636925	-5368993.850115901	181437.25133496363	-5187556.5987809375	300.4565621240281	518.2338747110497	1.2170268294541668	92.4	1973.5983922481537	44:53
42.6%	1065000	2129.999999963456	-5368651.26136451	181609.20447514605	-5187042.0568893645	300.74131318239955	518.2338747110497	1.2170268294541668	92.4	1982.6861214637756	44:44
42.8%	1070000	2139.9999999632196	-5367957.358359055	181635.59414563724	-5186321.764213418	300.785013963871	518.2337737012263	1.2170270666669294	92.4	1991.8146653175354	44:34
43.0%	1075000	2149.999999962983	-5368734.547835569	181831.10649263053	-5186903.441342939	301.1087786108671	518.1825487206868	1.2171473759825557	92.4	2001.0100367069244	44:24
43.2%	1080000	2159.9999999627466	-5368614.962734245	180481.87961229734	-5188133.083121947	298.8744851181718	518.1825487206868	1.2171473759825557	92.4	2010.148800611496	44:15
43.4%	1085000	2169.99999996251	-5370169.915518308	181907.7228483496	-5188262.192669959	301.2356538069608	518.1825487206868	1.2171473759825557	92.4	2019.2380766868591	44:05
43.6%	1090000	2179.9999999622737	-5368897.492471977	182212.37539779305	-5186685.117074184	301.7401525081625	518.1825487206868	1.2171473759825557	92.4	2028.3623480796814	43:55
43.8%	1095000	2189.9999999620372	-5369291.161888852	180944.85086449265	-5188346.311024359	299.6411565143342	517.4726216080552	1.2188171955753164	92.4	2037.5977804660797	43:46
44.0%	1100000	2199.9999999618008	-5369584.597270742	181676.15568232394	-5187908.441588419	300.8521830803434	517.5357054307099	1.2186686306608432	92.4	2047.5751917362213	43:37
44.2%	1105000	2209.9999999615643	-5369150.429039805	181117.26578397886	-5188033.163255827	299.92667227025845	517.149034502291	1.2195798258858446	92.4	2056.8491773605347	43:28
44.4%	1110000	2219.999999961328	-5369607.139613997	180856.69140109353	-5188750.448212904	299.4951661562534	517.310602928465	1.2191989220498387	92.4	2065.8770411014557	43:18
44.6%	1115000	2229.9999999610914	-5369176.352695558	181817.08760569154	-5187359.265089867	301.0855636065419	517.8089674751744	1.218025505681446	92.4	2075.067003965378	43:09
44.8%	1120000	2239.999999960855	-5369525.805083	181819.51353289347	-5187706.291550106	301.08958089484236	517.8089674751744	1.218025505681446	92.4	2084.2113177776337	42:59
45.0%	1125000	2249.9999999606184	-5370429.817175097	181133.82462499206	-5189295.992550105	299.95409338916863	517.8089674751744	1.218025505681446	92.5	2093.308604955673	42:49
45.2%	1130000	2259.999999960382	-5369990.461433205	181425.78435340532	-5188564.6770798	300.43757302541906	517.5756000318901	1.2185746959796333	92.5	2102.4491560459137	42:40
45.4%	1135000	2269.9999999601455	-5368698.8827625085	181785.16785566715	-5186913.7149068415	301.0327051208361	517.8467894645582	1.2179365447210184	92.5	2111.6575360298157	42:30
45.6%	1140000	2279.999999959909	-5370404.535673024	182786.11023934218	-5187618.425433682	302.69024625569386	517.9408317479853	1.2177154045314174	92.5	2120.6917560100555	42:21
45.8%	1145000	2289.9999999596726	-5371750.154760166	181713.2142543841	-5190036.940505782	300.9135513554716	517.9408317479853	1.2177154045314174	92.5	2129.9020409584045	42:11
46.0%	1150000	2299.999999959436	-5371314.546572387	181093.64479971954	-5190220.901772668	299.8875563793798	517.9408317479853	1.2177154045314174	92.5	2139.8763086795807	42:02
46.2%	1155000	2309.9999999591996	-5370904.070091448	182197.90145248614	-5188706.168638961	301.71618393602375	517.6293423614676	1.2184481787257477	92.5	2149.11572098732	41:53
46.4%	1160000	2319.999999958963	-5370647.075798478	181708.91710938278	-5188938.158689096	300.906435366861	517.5741992924427	1.2185779938751786	92.5	2158.252051591873	41:43
46.6%	1165000	2329.9999999587267	-5371417.933161266	181237.10232875095	-5190180.830832515	300.12511925947445	517.2326317122621	1.2193827125087486	92.5	2167.3433747291565	41:34
46.8%	1170000	2339.99999995849	-5371357.516959075	181316.15826552347	-5190041.358693551	300.2560343543813	517.3010703341354	1.2192213889059842	92.5	2176.48273563385	41:24
47.0%	1175000	2349.9999999582537	-5371333.110386585	182137.65170123908	-5189195.458685346	301.6164115188639	517.4216035719851	1.2189373715772795	92.5	2185.7135910987854	41:15
47.2%	1180000	2359.9999999580173	-5371691.920541339	179903.72861297664	-5191788.191928362	297.9170782991951	517.6383763165314	1.2184269140618473	92.5	2194.7568910121918	41:05
47.4%	1185000	2369.999999957781	-5371484.113825305	181201.4292109887	-5190282.684614317	300.0660452697384	517.7975916340841	1.2180522652972117	92.5	2203.9471044540405	40:56
47.6%	1190000	2379.9999999575443	-5369727.126339093	179842.8879800428	-5189884.23835905	297.81632739344536	517.9284356400007	1.2177445493526136	92.5	2213.0873577594757	40:46
47.8%	1195000	2389.999999957308	-5371247.88750574	181443.17067347086	-5189804.716832269	300.4663644335585	517.9763670147167	1.2176318643460757	92.5	2222.300672531128	40:37
48.0%	1200000	2399.9999999570714	-5371802.910472634	181452.73767534486	-5190350.17279729	300.4822072027349	517.5733290522983	1.218580042774204	92.5	2232.1731448173523	40:28
48.2%	1205000	2409.999999956835	-5369106.950669924	181500.1948457635	-5187606.75582416	300.5607953546563	517.6348981664457	1.2184351010517327	92.5	2241.4011981487274	40:18
48.4%	1210000	2419.9999999565985	-5372018.5779661	180821.48184478216	-5191197.096121318	299.4368598152711	518.2307197363971	1.217034238680699	92.5	2250.548757791519	40:09
48.6%	1215000	2429.999999956362	-5371471.513608938	182138.78597809924	-5189332.727630839	301.61828985930055	517.9794039823752	1.2176247252425447	92.5	2259.63299202919	39:59
48.8%	1220000	2439.9999999561255	-5371545.370559401	181446.20495809626	-5190099.165601305	300.4713891499293	517.8401875012478	1.2179520722381498	92.5	2268.752385854721	39:50
49.0%	1225000	2449.999999955889	-5371353.006835438	181025.04085540172	-5190327.965980036	299.7739495808519	518.0792442144789	1.2173900740061925	92.5	2277.9492223262787	39:40
49.2%	1230000	2459.9999999556526	-5372963.187820287	180984.87776136884	-5191978.310058919	299.70744027767074	517.9188623247985	1.217767058384925	92.6	2286.9817106723785	39:30
49.4%	1235000	2469.999999955416	-5372005.82705237	179249.29810306043	-5192756.528949309	296.83335409310314	518.0656086502012	1.2174221158949572	92.6	2296.1745257377625	39:21
49.6%	1240000	2479.9999999551796	-5371887.293097231	180659.39690585347	-5191227.896191377	299.1684503063953	518.2109903150346	1.2170805738255652	92.6	2305.2989807128906	39:11
49.8%	1245000	2489.999999954943	-5370678.104470426	181504.3147067589	-5189173.789763668	300.5676177643985	518.2109903150346	1.2170805738255652	92.6	2314.5100014209747	39:02
50.0%	1250000	2499.9999999547067	-5371984.668904809	180771.7882442325	-5191212.880660577	299.35456817851593	518.0117469245258	1.2175487007773016	92.6	2324.3662643432617	38:53
50.2%	1255000	2509.9999999544702	-5371427.336356159	180361.75544115648	-5191065.580915003	298.6755618252789	518.1735194856873	1.2171685849198586	92.6	2333.6061000823975	38:44
50.4%	1260000	2519.9999999542338	-5372462.521082469	182493.49568506205	-5189969.025397407	302.20568224053386	518.5507863669283	1.2162830450498017	92.6	2342.739740371704	38:34
50.6%	1265000	2529.9999999539973	-5371828.320115719	182794.7966263891	-5189033.52348933	302.70463074383065	518.5507863669283	1.2162830450498017	92.6	2351.8364293575287	38:25
50.8%	1270000	2539.999999953761	-5372676.2984328335	180359.7998022831	-5192316.498630551	298.6723233253108	518.2018208883483	1.2171021097033703	92.6	2360.974805831909	38:15
51.0%	1275000	2549.9999999535244	-5372067.37572021	181516.9444616891	-5190550.431258521	300.5885323931138	517.9671459670052	1.2176535410906408	92.6	2370.1715083122253	38:06
51.2%	1280000	2559.999999953288	-5372829.476494499	181238.54075937858	-5191590.9357351195	300.12750127263905	518.2824930116279	1.2169126643472916	92.6	2379.1879012584686	37:56
51.4%	1285000	2569.9999999530514	-5372155.671078686	181534.55119174923	-5190621.119886937	300.6176887959208	517.8943349978946	1.2178247314829207	92.6	2388.371707677841	37:47
51.6%	1290000	2579.999999952815	-5372632.533251974	180477.10671367132	-5192155.426538303	298.8665812908045	517.6119395258291	1.2184891446536352	92.6	2397.5056862831116	37:37
51.8%	1295000	2589.9999999525785	-5371679.751905214	182185.391013039	-5189494.360892175	301.6954668914296	517.6119395258291	1.2184891446536352	92.6	2406.746325969696	37:28
52.0%	1300000	2599.999999952342	-5372322.620416693	180977.5099985146	-5191345.110418179	299.69523940557065	517.5197505577721	1.218706201600183	92.6	2416.5999352931976	37:19
52.2%	1305000	2609.9999999521056	-5372350.551523405	180976.17471185286	-5191374.376811552	299.69302819680905	517.6137929579759	1.2184847815802746	92.6	2425.848124027252	37:09
52.4%	1310000	2619.999999951869	-5371318.91107876	181386.3270659764	-5189932.584012784	300.37223252425736	517.4332202690106	1.218910005676553	92.6	2435.014894247055	37:00
52.6%	1315000	2629.9999999516326	-5371337.894780184	182566.81519756306	-5188771.079582621	302.32709792833	517.5721188662479	1.218582892055522	92.6	2444.122887134552	36:50
52.8%	1320000	2639.999999951396	-5372725.586001722	180838.0517796717	-5191887.534222051	299.4642993054248	517.5721188662479	1.218582892055522	92.6	2453.2558772563934	36:41
53.0%	1325000	2649.9999999511597	-5373406.330877446	181016.25412377488	-5192390.07675367	299.75939892404085	517.645254969456	1.2184107231747963	92.6	2462.4747116565704	36:31
53.2%	1330000	2659.999999950923	-5371655.235718414	181496.75526983096	-5190158.480448583	300.55509948375743	517.763210651542	1.2181331475090165	92.6	2471.5032045841217	36:22
53.4%	1335000	2669.9999999506867	-5373398.667021417	181007.3092417684	-5192391.357779649	299.7445863732747	517.6382651773012	1.2184271756635072	92.6	2480.7066276073456	36:12
53.6%	1340000	2679.9999999504503	-5371705.318158464	182126.1581023653	-5189579.160056098	301.59737834249773	517.8145755550659	1.2180123141169976	92.7	2489.84480881691	36:03
53.8%	1345000	2689.999999950214	-5372335.938541804	181374.4605865075	-5190961.477955297	300.3525818648724	517.7587459674212	1.2181436515898514	92.7	2499.0461020469666	35:54
54.0%	1350000	2699.9999999499773	-5372587.671359648	181714.2479619076	-5190873.42339774	300.9152631550412	517.464209678967	1.2188370087404183	92.6	2508.9138956069946	35:45
54.2%	1355000	2709.999999949741	-5374192.856619548	180972.32716668924	-5193220.5294528585	299.68665673679203	517.5615868601468	1.2186076893410618	92.6	2518.1523609161377	35:35
54.4%	1360000	2719.9999999495044	-5373400.72135418	181575.84335359032	-5191824.87800059	300.68606781344977	517.4800601138021	1.2187996757143351	92.6	2527.2978944778442	35:26
54.6%	1365000	2729.999999949268	-5373701.446295878	181718.74153830414	-5191982.704757574	300.9227044302248	517.5958515824768	1.2185270178017191	92.7	2536.3933503627777	35:16
54.8%	1370000	2739.9999999490315	-5373456.3192610815	181333.73948369623	-5192122.579777385	300.2851485099987	517.9114168767462	1.217784564894875	92.7	2545.5295038223267	35:07
55.0%	1375000	2749.999999948795	-5373391.759840071	180497.64054269757	-5192894.119297374	298.90058491261357	518.2342772450062	1.217025884139188	92.7	2554.7230768203735	34:57
55.2%	1380000	2759.9999999485585	-5372912.2537725065	181263.3891497497	-5191648.864622757	300.16864972418523	517.8563134384534	1.2179141454655553	92.7	2563.756283760071	34:48
55.4%	1385000	2769.999999948322	-5373711.576155491	181084.7771108596	-5192626.799044631	299.8728716589642	517.7384644215882	1.218191370347484	92.7	2572.9465544223785	34:38
55.6%	1390000	2779.9999999480856	-5376255.85886193	181173.4412369478	-5195082.417624982	300.0196977286504	517.7384644215882	1.218191370347484	92.7	2582.0897369384766	34:29
55.8%	1395000	2789.999999947849	-5372958.4563014	181610.16797385053	-5191348.28832755	300.74290871752936	518.0532854331793	1.2174510753811012	92.7	2591.302109003067	34:19
56.0%	1400000	2799.9999999476127	-5373668.907504428	180915.90833797713	-5192752.999166451	299.5932282528992	518.2657632707507	1.2169519465746497	92.7	2601.200999736786	34:11
56.2%	1405000	2809.999999947376	-5375724.711531743	181306.0774481811	-5194418.6340835625	300.23934071677496	518.2002864261384	1.2171057137098553	92.7	2610.4362065792084	34:01
56.4%	1410000	2819.9999999471397	-5373525.366223613	181924.00928683646	-5191601.356936776	301.26262383258126	518.3843024422092	1.2166736656259942	92.7	2619.569058895111	33:52
56.6%	1415000	2829.9999999469032	-5374854.043075283	180891.81298699486	-5193962.230088288	299.5533268199463	518.3072574186923	1.2168545209967012	92.7	2628.6740152835846	33:42
56.8%	1420000	2839.999999946667	-5373446.413720189	181498.76836172192	-5191947.645358467	300.558433124806	518.3758264199877	1.2166935595957757	92.7	2637.801502466202	33:33
57.0%	1425000	2849.9999999464303	-5374316.870645727	181299.58673406957	-5193017.2839116575	300.22859222034805	517.8688887158462	1.2178845711687525	92.7	2647.016961336136	33:23
57.2%	1430000	2859.999999946194	-5374000.330851663	181377.38145599765	-5192622.949395665	300.35741876798323	517.5842038870553	1.2185544394878132	92.7	2656.0447204113007	33:14
57.4%	1435000	2869.9999999459574	-5373730.759811667	180370.27922859037	-5193360.480583076	298.6896770516165	517.7784176743264	1.2180973712427674	92.7	2665.248555421829	33:04
57.6%	1440000	2879.999999945721	-5373603.887987471	181955.7968029576	-5191648.091184514	301.3152633415131	517.5976180611241	1.2185228591621062	92.7	2674.403872489929	32:55
57.8%	1445000	2889.9999999454844	-5372968.323775945	181919.82483148947	-5191048.498944456	301.25569445584813	517.2585807662974	1.219321540342499	92.7	2683.6158294677734	32:46
58.0%	1450000	2899.999999945248	-5373438.952661351	182050.44583814824	-5191388.506823203	301.47200030436113	517.4513657957642	1.2188672620187324	92.7	2693.4758644104004	32:37
58.2%	1455000	2909.9999999450115	-5374319.882317335	181257.23432495454	-5193062.647992381	300.15845745393847	517.1590273348743	1.219556260490332	92.7	2702.7220482826233	32:27
58.4%	1460000	2919.999999944775	-5373520.854544448	181241.5395662978	-5192279.31497815	300.13246723861795	517.5578987118555	1.218616373211752	92.7	2711.8757815361023	32:18
58.6%	1465000	2929.9999999445386	-5373328.314233112	180579.80332619045	-5192748.510906922	299.03664488531035	517.1023128676617	1.2196900183208976	92.7	2720.978677034378	32:08
58.8%	1470000	2939.999999944302	-5374421.887743388	182923.67015007036	-5191498.217593318	302.91804279449383	517.1023128676617	1.2196900183208976	92.7	2730.11426448822	31:59
59.0%	1475000	2949.9999999440656	-5374321.607697044	179764.99742019997	-5194556.610276843	297.68734214008583	517.3549016143885	1.2190945277356888	92.7	2739.353186607361	31:50
59.2%	1480000	2959.999999943829	-5373966.767155044	180946.4650618614	-5193020.302093183	299.6438295938063	517.3528245335964	1.2190994221862597	92.7	2748.408365011215	31:40
59.4%	1485000	2969.9999999435927	-5375176.678955335	181634.89216609843	-5193541.786789237	300.78385149939714	517.5620455644444	1.2186066093148331	92.7	2757.63529920578	31:31
59.6%	1490000	2979.999999943356	-5375115.768029538	181634.011122684	-5193481.756906854	300.7823925086252	517.4978304451531	1.2187578234150334	92.7	2766.7913749217987	31:21
59.8%	1495000	2989.9999999431197	-5375089.532348386	180639.39260151546	-5194450.139746871	299.13532356717906	517.17733307869	1.2195130937019878	92.7	2776.003959417343	31:12
60.0%	1500000	2999.9999999428833	-5374617.956752671	181644.95407945706	-5192973.002673214	300.8005138323739	517.0777940542947	1.2197478536258914	92.7	2785.864331007004	31:03
60.2%	1505000	3009.999999942647	-5375020.63710214	181268.27159178976	-5193752.36551035	300.17673495331724	517.020289672708	1.2198835172495741	92.7	2795.104769229889	30:54
60.4%	1510000	3019.9999999424103	-5374973.433548807	181817.12680827398	-5193156.306740534	301.0856285252566	517.020289672708	1.2198835172495741	92.7	2804.284057855606	30:44
60.6%	1515000	3029.999999942174	-5374960.930806038	181709.7216896085	-5193251.209116429	300.90776773607837	516.7553593386447	1.22050892759492	92.7	2813.396176815033	30:35
60.8%	1520000	3039.9999999419374	-5375190.7829155605	180737.39657449577	-5194453.386341065	299.2976162418062	516.6917453711357	1.2206591940080376	92.8	2822.546230316162	30:25
61.0%	1525000	3049.999999941701	-5375578.428058107	180751.23829220928	-5194827.1897658985	299.32053785733723	517.0273821723079	1.2198667830810248	92.8	2831.78102350235	30:16
61.2%	1530000	3059.9999999414645	-5377063.71009105	182296.05080965316	-5194767.659281396	301.87871736403866	517.3272366142339	1.2191597209981178	92.8	2840.837321996689	30:06
61.4%	1535000	3069.999999941228	-5375610.295463739	180124.4111316538	-5195485.884332085	298.2825242613377	517.2673810597814	1.2193007959696673	92.8	2850.030481338501	29:57
61.6%	1540000	3079.9999999409915	-5376563.7253955575	181603.5921963129	-5194960.133199245	300.732019357722	516.9603058261121	1.220025062557674	92.8	2859.174975156784	29:48
61.8%	1545000	3089.999999940755	-5376413.716389476	181529.42449563567	-5194884.291893841	300.60919908678994	517.2610975034797	1.219315607725736	92.8	2868.3858506679535	29:38
62.0%	1550000	3099.9999999405186	-5376242.846866086	181459.94585894115	-5194782.901007145	300.4941438146851	517.1491449836765	1.219579565340371	92.8	2878.2662811279297	29:29
62.2%	1555000	3109.999999940282	-5375950.227214728	181951.51406522826	-5193998.713149499	301.30817121106486	517.2094718821409	1.2194373145568738	92.8	2887.5137062072754	29:20
62.4%	1560000	3119.9999999400457	-5374674.045845471	180448.06028214254	-5194225.9855633285	298.81848096468684	516.3990857287199	1.2213509800570501	92.8	2896.6661133766174	29:11
62.6%	1565000	3129.999999939809	-5375251.031022225	181841.6397181741	-5193409.391304051	301.12622142766253	516.5597104475328	1.2209711998423416	92.8	2905.769124031067	29:01
62.8%	1570000	3139.9999999395727	-5376891.778802632	179647.9137140082	-5197243.865088624	297.4934537980597	516.6685755902363	1.2207139339465867	92.8	2914.9251997470856	28:52
63.0%	1575000	3149.9999999393362	-5376413.570514614	180931.64529908734	-5195481.9252155265	299.61928835466256	516.4463573942639	1.2212391866554422	92.8	2924.146118402481	28:42
63.2%	1580000	3159.9999999391	-5375571.950747324	180423.9334412636	-5195148.0173060605	298.778527385077	516.1552143272119	1.221928040148612	92.8	2933.1860172748566	28:33
63.4%	1585000	3169.9999999388633	-5376738.139123097	180412.13633906713	-5196326.00278403	298.75899161310684	516.3034272447508	1.2215772667268288	92.8	2942.390280723572	28:23
63.6%	1590000	3179.999999938627	-5376091.636213535	181791.88869079898	-5194299.747522737	301.0438346932004	516.5435068793088	1.2210095007596367	92.8	2951.5402569770813	28:14
63.8%	1595000	3189.9999999383904	-5375041.234481087	180586.20201223277	-5194455.032468854	299.0472409850431	516.5333726811509	1.2210334565249128	92.8	2960.762020587921	28:05
64.0%	1600000	3199.999999938154	-5376239.835742082	181236.20399317422	-5195003.631748908	300.1236316332178	516.5333726811509	1.2210334565249128	92.8	2970.6253576278687	27:56
64.2%	1605000	3209.9999999379174	-5376414.279353045	180140.71833802795	-5196273.561015017	298.3095286781759	516.5333726811509	1.2210334565249128	92.8	2979.8851578235626	27:46
64.4%	1610000	3219.999999937681	-5375127.284681911	181041.7220977615	-5194085.562584149	299.80157339401313	517.1983873887373	1.2194634492958807	92.8	2989.041477918625	27:37
64.6%	1615000	3229.9999999374445	-5376207.682216599	182302.17327703992	-5193905.508939559	301.88885605104593	517.0906268541331	1.2197175827618572	92.8	2998.1520895957947	27:28
64.8%	1620000	3239.999999937208	-5375668.477791666	180586.52378020776	-5195081.954011458	299.0477738265564	516.8835866568452	1.2202061464839207	92.8	3007.3038346767426	27:18
65.0%	1625000	3249.9999999369716	-5376476.061888897	182226.77862462448	-5194249.283264272	301.76400397188024	517.212750923568	1.2194295835303954	92.8	3016.5297152996063	27:09
65.2%	1630000	3259.999999936735	-5377181.39122778	180432.4234903388	-5196748.967737441	298.7925867413483	517.4841115605939	1.2187901335816866	92.8	3025.5648186206818	26:59
65.4%	1635000	3269.9999999364986	-5375647.1828697175	181522.5633708814	-5194124.619498836	300.59783719753733	517.4389725659713	1.2188964552238566	92.8	3034.7771878242493	26:50
65.6%	1640000	3279.999999936262	-5376563.243259287	181822.9926120312	-5194740.250647256	301.09534218228134	516.7640994596007	1.2204882849154723	92.8	3043.9135460853577	26:41
65.8%	1645000	3289.9999999360257	-5376406.771032842	182043.70708362304	-5194363.063949219	301.4608410578296	516.8505574792965	1.2202841233862864	92.8	3053.126409292221	26:31
66.0%	1650000	3299.999999935789	-5376078.140575171	181382.96354777314	-5194695.177027399	300.36666260348	516.8505574792965	1.2202841233862864	92.8	3063.0133476257324	26:22
66.2%	1655000	3309.9999999355528	-5377372.6980999075	180746.08913588064	-5196626.608964027	299.31201095452667	516.6421859312421	1.2207762870128356	92.8	3072.263620853424	26:13
66.4%	1660000	3319.9999999353163	-5376660.770610223	180705.35729555995	-5195955.413314663	299.2445598185461	516.5660390078463	1.2209562414647177	92.8	3081.4164111614227	26:03
66.6%	1665000	3329.99999993508	-5376199.785656636	181263.78700991647	-5194935.998646719	300.1693085728893	516.55857821216	1.2209738760669557	92.8	3090.5171480178833	25:54
66.8%	1670000	3339.9999999348433	-5375480.875933721	181884.7059521142	-5193596.169981606	301.1975382741098	516.0405250492878	1.222199611929891	92.8	3099.6714923381805	25:45
67.0%	1675000	3349.999999934607	-5377230.796643276	181414.14199919294	-5195816.654644083	300.41829351310315	516.3721063696521	1.2214147930830295	92.8	3108.8956751823425	25:35
67.2%	1680000	3359.9999999343704	-5375922.713420411	181176.85208822557	-5194745.861332185	300.02534603207926	516.4731969745735	1.2211757224768178	92.8	3117.946305990219	25:26
67.4%	1685000	3369.999999934134	-5376447.434848338	180534.85215407828	-5195912.58269426	298.9622066178824	516.4731969745735	1.2211757224768178	92.8	3127.145162820816	25:17
67.6%	1690000	3379.9999999338975	-5375912.541796397	180953.36240126632	-5194959.179395131	299.65525145381656	516.904672901302	1.2201563702554568	92.8	3136.3062064647675	25:07
67.8%	1695000	3389.999999933661	-5377384.180078798	180460.3393320792	-5196923.840746718	298.8388148327485	517.1462089809511	1.2195864892796082	92.8	3145.531003713608	24:58
68.0%	1700000	3399.9999999334245	-5377423.1476222165	180716.49425152628	-5196706.6533706905	299.26300240118854	516.7425100276611	1.2205392767503787	92.8	3155.5553991794586	24:49
68.2%	1705000	3409.999999933188	-5377159.204412232	182830.3132393673	-5194328.8911728645	302.7634455646858	516.7581487024879	1.2205023395159869	92.8	3165.4441614151	24:40
68.4%	1710000	3419.9999999329516	-5375769.321927813	180943.56378554204	-5194825.758142271	299.63902513660537	516.9618393103605	1.2200214435493182	92.8	3174.6575112342834	24:30
68.6%	1715000	3429.999999932715	-5377196.379089111	180872.59232654152	-5196323.78676257	299.52149777977354	517.2734214305494	1.21928655779585	92.8	3183.758840084076	24:21
68.8%	1720000	3439.9999999324787	-5376178.333573297	182057.9294141122	-5194120.404159185	301.4843929607202	516.9087867591546	1.22014665954828	92.8	3192.904723405838	24:12
69.0%	1725000	3449.999999932242	-5376528.692199889	181244.82158198193	-5195283.870617907	300.1379021928075	516.4869517448889	1.2211432008583711	92.8	3202.3330743312836	24:02
69.2%	1730000	3459.9999999320057	-5376930.391841473	181787.06150043214	-5195143.330341041	301.0358409597655	517.0714888854609	1.2197627272290916	92.8	3211.384749889374	23:53
69.4%	1735000	3469.9999999317693	-5377319.113806401	181745.06220577343	-5195574.051600628	300.96629094403306	516.9243689121244	1.2201098794832685	92.8	3220.5910336971283	23:44
69.6%	1740000	3479.999999931533	-5377234.803768249	181514.73182096932	-5195720.07194728	300.58486830308277	516.9243689121244	1.2201098794832685	92.8	3229.982799053192	23:34
69.8%	1745000	3489.9999999312963	-5378227.354246645	180729.93388667845	-5197497.420359966	299.2852581758121	516.6461723646852	1.220766867522907	92.8	3239.2000501155853	23:25
70.0%	1750000	3499.99999993106	-5377325.726004813	180622.40324186767	-5196703.322762946	299.10718951777676	516.2007043416123	1.2218203581488098	92.8	3249.0741741657257	23:16
70.2%	1755000	3509.9999999308234	-5377011.9846315235	180847.59653173227	-5196164.3880997915	299.48010522934254	516.2007043416123	1.2218203581488098	92.8	3258.4515199661255	23:07
70.4%	1760000	3519.999999930587	-5377879.880767949	182023.26352800115	-5195856.617239947	301.4269869270238	516.4455614829063	1.2212410687475956	92.8	3267.613839864731	22:57
70.6%	1765000	3529.9999999303504	-5376885.884583822	181946.72565383764	-5194939.158929985	301.3002416948609	516.5465162294912	1.221002387276052	92.8	3276.709759950638	22:48
70.8%	1770000	3539.999999930114	-5378018.521445979	181538.0809006952	-5196480.440545284	300.6235339253383	516.5465162294912	1.221002387276052	92.8	3285.861186981201	22:39
71.0%	1775000	3549.9999999298775	-5377434.712958261	181463.29452354944	-5195971.418434712	300.4996891381978	516.5139050918197	1.2210794777019947	92.8	3295.072653055191	22:29
71.2%	1780000	3559.999999929641	-5377870.643912813	180688.28801553303	-5197182.355897279	299.2162934225492	516.3747093058871	1.2214086361881127	92.8	3304.1156153678894	22:20
71.4%	1785000	3569.9999999294046	-5377609.735304987	181564.62436371754	-5196045.110941269	300.66748938425246	516.6279081165884	1.2208100250616047	92.8	3313.334942340851	22:10
71.6%	1790000	3579.999999929168	-5377270.816798512	181113.9828275584	-5196156.833970954	299.9212357582278	516.449838915164	1.2212309539686796	92.8	3322.5125799179077	22:01
71.8%	1795000	3589.9999999289316	-5377747.610130951	181918.89508101082	-5195828.71504994	301.25415480712445	516.6180360395024	1.2208333535748082	92.8	3331.7970762252808	21:52
72.0%	1800000	3599.999999928695	-5377908.700953468	182583.3941424345	-5195325.306811033	302.35455233883863	516.466194558319	1.221192279573524	92.8	3341.6808993816376	21:43
72.2%	1805000	3609.9999999284587	-5378766.523660891	182215.61819698717	-5196550.905463903	301.74552252060676	516.5676386380277	1.2209524605882012	92.8	3350.928811073303	21:33
72.4%	1810000	3619.999999928222	-5378066.86405017	181035.2342403993	-5197031.629809771	299.7908296283076	516.9155734763016	1.2201306399298335	92.8	3360.087010383606	21:24
72.6%	1815000	3629.9999999279858	-5377789.120841861	181185.33240146755	-5196603.788440393	300.0393892659999	516.7778637710162	1.2204557773682065	92.8	3369.185571193695	21:15
72.8%	1820000	3639.9999999277493	-5377129.078945119	181790.8226076519	-5195338.256337467	301.04206928022734	516.7943306510738	1.2204168893663274	92.8	3378.3302285671234	21:05
73.0%	1825000	3649.999999927513	-5378512.940943316	181558.70684147824	-5196954.2341018375	300.6576900824264	516.5835527316378	1.220914847405109	92.8	3387.5646452903748	20:56
73.2%	1830000	3659.9999999272763	-5377603.977783471	181367.48484530294	-5196236.492938168	300.3410301730055	516.6708184659024	1.2207086348093414	92.8	3396.5945613384247	20:46
73.4%	1835000	3669.99999992704	-5377340.149371023	181925.53721177706	-5195414.612159247	301.2651540465889	516.6708184659024	1.2207086348093414	92.8	3405.7898416519165	20:37
73.6%	1840000	3679.9999999268034	-5377930.2044156585	180795.93050954395	-5197134.2739061145	299.3945473006862	516.8075113282907	1.220385763810417	92.9	3414.945809841156	20:28
73.8%	1845000	3689.999999926567	-5378702.565818202	180412.82803265878	-5198289.737785543	298.7601370442521	516.8075113282907	1.220385763810417	92.9	3424.1627621650696	20:18
74.0%	1850000	3699.9999999263305	-5378894.561252523	180319.09488868798	-5198575.466363835	298.60491677946453	516.8977030030497	1.2201728229610946	92.8	3434.0213809013367	20:09
74.2%	1855000	3709.999999926094	-5378026.666554509	181527.51597317244	-5196499.150581337	300.6060386106814	516.7397113266377	1.2205458872826214	92.8	3443.262975692749	20:00
74.4%	1860000	3719.9999999258575	-5376955.592721283	181219.73188519076	-5195735.860836092	300.0963541425194	516.5197373581485	1.221065689921572	92.8	3452.4085307121277	19:51
74.6%	1865000	3729.999999925621	-5378829.009601196	180756.2971073964	-5198072.7124938	299.3289151569731	516.4627598806966	1.221200400975726	92.9	3461.533933162689	19:41
74.8%	1870000	3739.9999999253846	-5378770.892728875	180878.77021485983	-5197892.122514016	299.5317282427664	516.2748151881981	1.2216449667904592	92.9	3470.689707994461	19:32
75.0%	1875000	3749.999999925148	-5379714.528914989	182243.5113221805	-5197471.017592808	301.79171299384655	516.3677695480937	1.221425051387902	92.9	3479.9157197475433	19:23
75.2%	1880000	3759.9999999249117	-5377530.214483137	182358.1645840158	-5195172.049899122	301.9815765672521	516.3640899341585	1.2214337552709322	92.9	3488.957277774811	19:13
75.4%	1885000	3769.999999924675	-5378039.838198641	182205.59425951834	-5195834.243939123	301.7289230749655	515.7613282163318	1.2228612246608628	92.9	3498.174273252487	19:04
75.6%	1890000	3779.9999999244387	-5378533.5240281895	181715.09059317072	-5196818.433435019	300.9166585360371	515.7613282163318	1.2228612246608628	92.9	3507.3361382484436	18:54
75.8%	1895000	3789.9999999242023	-5378933.117396625	180344.44169273894	-5198588.675703886	298.6468905943782	515.8876514743266	1.2225617877320407	92.9	3516.5685572624207	18:45
76.0%	1900000	3799.999999923966	-5379038.01946881	181467.37313192087	-5197570.64633689	300.5064432343965	515.8876514743266	1.2225617877320407	92.9	3526.4478466510773	18:36
76.2%	1905000	3809.9999999237293	-5379235.440240277	180903.56320706048	-5198331.877033217	299.5727849560189	515.865277312987	1.2226148128063952	92.9	3535.715229511261	18:27
76.4%	1910000	3819.999999923493	-5377851.546029135	180631.80262587208	-5197219.743403262	299.1227547150187	515.4378346283813	1.2236287037602895	92.9	3544.867750644684	18:17
76.6%	1915000	3829.9999999232564	-5378575.791001576	180123.5178418549	-5198452.273159721	298.2810449907911	515.3453432269476	1.2238483140374226	92.9	3553.9832854270935	18:08
76.8%	1920000	3839.99999992302	-5378568.410419479	181717.27903396107	-5196851.131385518	300.92028255145533	515.7361531726908	1.2229209171693447	92.9	3563.13996219635	17:59
77.0%	1925000	3849.9999999227834	-5379073.971308414	180980.39986460478	-5198093.571443809	299.70002496765375	515.9281250922637	1.2224658799954886	92.9	3572.3724625110626	17:49
77.2%	1930000	3859.999999922547	-5379390.474017348	180800.28467430826	-5198590.18934304	299.4017577129162	515.88732819358	1.2225625538502725	92.9	3581.440008878708	17:40
77.4%	1935000	3869.9999999223105	-5378931.870176751	180054.89580380384	-5198876.974372948	298.16740822939255	515.8563537570973	1.222635962243703	92.9	3590.649730682373	17:31
77.6%	1940000	3879.999999922074	-5380000.0255838195	181336.03917438656	-5198663.986409433	300.2889567530892	515.8563537570973	1.222635962243703	92.9	3599.800927400589	17:21
77.8%	1945000	3889.9999999218376	-5379584.426706231	180615.2687910335	-5198969.157915197	299.0953750058477	515.7859405221325	1.2228028720923871	92.9	3609.027265548706	17:12
78.0%	1950000	3899.999999921601	-5379872.653886367	181781.48106887133	-5198091.172817496	301.02659987355196	515.9454543131419	1.2224248206527355	92.9	3618.9027638435364	17:03
78.2%	1955000	3909.9999999213646	-5379405.357135477	182262.35964546746	-5197142.997490009	301.8229254509078	516.1196295662011	1.222012288091899	92.9	3628.1757390499115	16:54
78.4%	1960000	3919.999999921128	-5378773.196180057	181144.91967888546	-5197628.276501171	299.97246658279266	516.2993991885204	1.2215867972084211	92.9	3637.366688966751	16:44
78.6%	1965000	3929.9999999208917	-5378821.737474623	181106.76151516978	-5197714.975959454	299.9092774052526	516.0918419601054	1.2220780841253658	92.9	3646.4763350486755	16:35
78.8%	1970000	3939.9999999206552	-5379937.327397087	180835.70528403946	-5199101.622113047	299.46041355426007	515.482571229601	1.2235225100838854	92.9	3655.6210758686066	16:25
79.0%	1975000	3949.9999999204188	-5379601.835100315	181354.7566440726	-5198247.078456242	300.31995251913037	515.6390032008087	1.2231513239694114	92.9	3664.829055070877	16:16
79.2%	1980000	3959.9999999201823	-5381795.584342053	180798.37757993664	-5200997.206762116	299.39859960169963	515.2838099400742	1.2239944614768423	92.9	3673.8910517692566	16:07
79.4%	1985000	3969.999999919946	-5379535.1018752195	181497.53456038947	-5198037.56731483	300.55638997377736	515.1387752610025	1.2243390708373316	92.9	3683.1161229610443	15:57
79.6%	1990000	3979.9999999197094	-5379865.91239739	180653.74045515346	-5199212.171942237	299.1590833339646	515.6485221778807	1.2231287443460674	92.9	3692.2766547203064	15:48
79.8%	1995000	3989.999999919473	-5380988.053286334	180617.14471376536	-5200370.908572569	299.09848149743465	515.5579387671779	1.2233436477838007	92.9	3701.5035486221313	15:39
80.0%	2000000	3999.9999999192364	-5380243.758527542	181708.56222375963	-5198535.196303783	300.9058476831659	515.5579387671779	1.2233436477838007	92.9	3711.398937225342	15:30
80.2%	2005000	4009.999999919	-5379717.284148723	181169.5296145843	-5198547.754534138	300.01322015803567	515.662006662336	1.2230967597120888	92.9	3720.6614582538605	15:20
80.4%	2010000	4019.9999999187635	-5380587.570617676	181619.48444993937	-5198968.086167736	300.7583366208743	516.3855594986968	1.2213829721877194	92.9	3729.822961330414	15:11
80.6%	2015000	4029.999999918527	-5379901.861700954	181815.14669683477	-5198086.715004119	301.08234949919506	516.3080038565322	1.2215664385295724	92.9	3738.928982257843	15:02
80.8%	2020000	4039.9999999182905	-5378708.688718862	181525.95446600328	-5197182.734252859	300.6034527851559	515.8179289867342	1.2227270399349714	92.9	3748.072408914566	14:52
81.0%	2025000	4049.999999918054	-5380842.392659958	181274.72267576927	-5199567.669984189	300.18741782301566	515.5887505153626	1.2232705403772073	92.9	3757.3025307655334	14:43
81.2%	2030000	4059.9999999178176	-5379948.247827489	181217.33120111612	-5198730.916626372	300.0923786563471	515.1064232544852	1.224415967229632	92.9	3766.3759002685547	14:34
81.4%	2035000	4069.999999917581	-5381079.167762092	181602.8150786348	-5199476.352683458	300.7307324659497	515.1067510300603	1.2244151881024958	92.9	3775.594531059265	14:24
81.6%	2040000	4079.9999999173447	-5380660.491805698	181075.5884701232	-5199584.903335575	299.8576554484785	514.9409761271918	1.2248093639756317	92.9	3784.765346288681	14:15
81.8%	2045000	4089.999999917108	-5379527.977180013	181701.00539015554	-5197826.971789858	300.8933337135785	515.254499216619	1.2240640895212855	92.9	3793.9918835163116	14:06
82.0%	2050000	4099.999999917781	-5380589.770626601	181547.2454023296	-5199042.525224271	300.6387101619402	515.067172751659	1.2245092733941958	92.9	3803.901932001114	13:57
82.2%	2055000	4109.999999919818	-5380279.353631288	181269.9172560721	-5199009.436375216	300.17946014138664	515.3530474626117	1.2238300181995017	92.9	3813.1885850429535	13:47
82.4%	2060000	4119.999999921855	-5380844.045171896	181905.90503143848	-5198938.140140457	301.23264353748374	515.205979987832	1.2241793650575106	92.9	3822.3783292770386	13:38
82.6%	2065000	4129.999999923893	-5379785.325948114	182395.33326737216	-5197389.9926807415	302.04312718454685	515.3445674593444	1.2238501563424224	92.9	3831.502243757248	13:29
82.8%	2070000	4139.99999992593	-5380965.740298531	181657.08315310453	-5199308.657145427	300.8205993426153	515.1944987685513	1.224206646155742	92.9	3840.670281648636	13:19
83.0%	2075000	4149.999999927967	-5378948.241913864	179925.07955689204	-5199023.162356973	297.9524350473807	515.0925614839805	1.2244489177600981	92.9	3849.908710002899	13:10
83.2%	2080000	4159.999999930004	-5380850.472928309	182015.2971177752	-5198835.175810534	301.4137947065104	515.0898013891876	1.2244554789365627	92.9	3858.992334127426	13:01
83.4%	2085000	4169.999999932042	-5380639.0800893605	181866.85398917698	-5198772.226100183	301.1679757704242	515.017189637125	1.224628113674659	92.9	3868.2485332489014	12:51
83.6%	2090000	4179.999999934079	-5380124.409053336	180981.43848276188	-5199142.970570574	299.7017448991372	515.1118690886458	1.2244030225341178	92.9	3877.4263463020325	12:42
83.8%	2095000	4189.999999936116	-5380914.696132441	182297.2309395971	-5198617.465192844	301.88067163629097	515.1188537751283	1.2243864204020507	92.9	3886.667759180069	12:33
84.0%	2100000	4199.999999938153	-5380407.536301723	181262.01538069703	-5199145.520921025	300.16637478933205	515.6981102129076	1.2230111318324364	92.9	3896.5616850852966	12:23
84.2%	2105000	4209.999999940191	-5381165.729561161	180864.102788545	-5200301.626772616	299.50743926983864	516.0289337909092	1.222227065490272	92.9	3905.8182055950165	12:14
84.4%	2110000	4219.999999942228	-5380282.816045178	182452.86631965177	-5197829.949725526	302.1384008010134	516.0289337909092	1.222227065490272	92.9	3914.9857387542725	12:05
84.6%	2115000	4229.999999944265	-5380433.903229399	181996.94668991055	-5198436.956539488	301.38340675459233	515.9939310149732	1.2223099760393012	92.9	3924.110793352127	11:56
84.8%	2120000	4239.9999999463025	-5380303.003793305	179968.99812680765	-5200334.005666497	298.0251633456389	516.2532892714315	1.2216959050186893	92.9	3933.2720777988434	11:46
85.0%	2125000	4249.99999994834	-5379916.471021732	181174.9432907583	-5198741.527730974	300.0221851005694	516.2532892714315	1.2216959050186893	92.9	3942.5105295181274	11:37
85.2%	2130000	4259.999999950377	-5378623.535505582	181722.91213671205	-5196900.62336887	300.92961086013617	515.8033824327723	1.2227615229676012	92.9	3951.5574855804443	11:28
85.4%	2135000	4269.999999952414	-5381526.573958382	182284.86390843216	-5199241.71004995	301.86019207302513	515.5824354869934	1.2232855234092774	92.9	3960.784514904022	11:18
85.6%	2140000	4279.999999954452	-5380681.127146397	181477.58633680586	-5199203.540809591	300.52335610320057	515.8190294793706	1.2227244312640484	92.9	3969.947530269623	11:09
85.8%	2145000	4289.999999956489	-5380590.5976473475	181293.81714551052	-5199296.780501837	300.21903789382156	515.8905897367148	1.2225548246135238	92.9	3979.1891667842865	11:00
86.0%	2150000	4299.999999958526	-5380047.382377366	180358.81478772877	-5199688.567589637	298.6706921603518	515.8272860599589	1.2227048597464554	92.9	3989.084101676941	10:50
86.2%	2155000	4309.999999960563	-5380810.711359004	180540.2170269694	-5200270.494332034	298.97109074312806	515.8272860599589	1.2227048597464554	92.9	3998.33828663826	10:41
86.4%	2160000	4319.999999962601	-5380251.177933868	180329.4253008327	-5199921.752633035	298.6220237412129	515.7947052678912	1.2227820933674844	92.9	4007.4961869716644	10:32
86.6%	2165000	4329.999999964638	-5381438.592702814	181515.2244022264	-5199923.368300588	300.5856840080715	515.7515616366687	1.2228843814915076	92.9	4016.6137177944183	10:22
86.8%	2170000	4339.999999966675	-5380396.852670064	181418.38718554017	-5198978.465484524	300.4253234591924	515.716640312048	1.222967188093276	92.9	4025.796333551407	10:13
87.0%	2175000	4349.9999999687125	-5380676.673081687	180914.44612995753	-5199762.2269517295	299.5908068648356	515.8238014223778	1.2227131197051722	92.9	4035.037184715271	10:04
87.2%	2180000	4359.99999997075	-5380904.981315233	181727.90641599617	-5199177.074899237	300.93788128957084	515.6755513915781	1.223064633863961	92.9	4044.096713066101	9:54
87.4%	2185000	4369.999999972787	-5381538.785491634	180233.07150554625	-5201305.713986088	298.46246372877687	515.4867850125755	1.2235125085504381	92.9	4053.32017326355	9:45
87.6%	2190000	4379.999999974824	-5381349.532519431	180969.39576333112	-5200380.1367561	299.6818023898004	515.4867850125755	1.2235125085504381	92.9	4062.5076925754547	9:36
87.8%	2195000	4389.999999976862	-5380532.885527896	181038.18360890812	-5199494.701918988	299.79571372523964	515.4867850125755	1.2235125085504381	92.9	4071.7394778728485	9:27
88.0%	2200000	4399.999999978899	-5381029.689618432	180888.73625145425	-5200140.953366978	299.5482318056849	515.4062812368531	1.2237036148294411	92.9	4081.6711761951447	9:17
88.2%	2205000	4409.999999980936	-5380985.99121207	181492.93808119258	-5199493.053130877	300.5487782935562	515.2976945861338	1.223961481065606	92.9	4090.937549829483	9:08
88.4%	2210000	4419.999999982973	-5381775.811610584	182306.21784169276	-5199469.593768891	301.89555377150816	515.2976945861338	1.223961481065606	92.9	4100.109781742096	8:59
88.6%	2215000	4429.999999985011	-5380821.36097437	180242.56100981875	-5200578.799964551	298.47817816343127	515.3496403969525	1.2238381091515482	92.9	4109.238194942474	8:49
88.8%	2220000	4439.999999987048	-5381277.653895238	180216.38941208023	-5201061.2644831585	298.4348385062002	515.7003376659218	1.2230058493076192	92.9	4118.409263849258	8:40
89.0%	2225000	4449.999999989085	-5381342.130386657	181377.48675090703	-5199964.64363575	300.3575931343069	515.5032091149085	1.223473527038217	92.9	4127.648673534393	8:31
89.2%	2230000	4459.999999991122	-5379777.236509863	181517.5376278006	-5198259.698882063	300.5895146646668	515.5032091149085	1.223473527038217	92.9	4136.712837934494	8:21
89.4%	2235000	4469.99999999316	-5380957.7537293825	180922.3519122282	-5200035.401817154	299.6038986866333	515.8969605352495	1.222539727314875	92.9	4145.94734621048	8:12
89.6%	2240000	4479.999999995197	-5381317.196023591	181635.30479959794	-5199681.891223993	300.78453481245316	515.7463810595489	1.2228966651392066	92.9	4155.114381074905	8:03
89.8%	2245000	4489.999999997234	-5381794.337795364	180204.83748813745	-5201589.500307227	298.4157087446532	515.6963155423759	1.2230153880234775	92.9	4164.357348442078	7:54
90.0%	2250000	4499.9999999992715	-5381433.976479646	179939.6949769958	-5201494.28150265	297.97663789903356	515.6963155423759	1.2230153880234775	92.9	4174.2530562877655	7:44
90.2%	2255000	4510.000000001309	-5380707.746349545	181312.41703658216	-5199395.329312963	300.2498389519623	515.6576433678298	1.2231071090813668	92.9	4183.529541492462	7:35
90.4%	2260000	4520.000000003346	-5379428.168458754	181161.0083183065	-5198267.160140447	299.9991090570042	515.528756568873	1.2234128967955575	92.9	4192.69433760643	7:26
90.6%	2265000	4530.000000005383	-5382225.870485647	180364.7006222366	-5201861.16986341	298.6804389879103	515.1560393160515	1.2242980404397346	92.9	4201.811534881592	7:16
90.8%	2270000	4540.000000007421	-5380997.249116765	181041.97505552007	-5199955.274061245	299.8019922871453	515.0482214031848	1.2245543295675514	92.9	4210.997351646423	7:07
91.0%	2275000	4550.000000009458	-5382370.091450078	180786.1232199911	-5201583.968230087	299.3783066197834	515.3033174479525	1.2239481255019091	92.9	4220.246604919434	6:58
91.2%	2280000	4560.000000011495	-5382061.790177489	180507.01799642548	-5201554.772181063	298.91611379374376	515.8468736082403	1.2226584316459868	93	4229.319371461868	6:48
91.4%	2285000	4570.000000013532	-5380612.40456202	181856.29654319293	-5198756.108018827	301.1504928450501	515.8167168413916	1.2227299132867615	93	4238.532053947449	6:39
91.6%	2290000	4580.00000001557	-5381185.808506756	181026.17851002025	-5200159.629996736	299.7758335147907	515.7089670484479	1.2229853846929244	93	4247.674446582794	6:30
91.8%	2295000	4590.000000017607	-5381822.010722011	181777.36298512472	-5200044.6477368865	301.0197804068992	516.0863602747885	1.222091064603064	93	4256.91966676712	6:21
92.0%	2300000	4600.000000019644	-5381153.566646034	181283.61808146143	-5199869.948564572	300.20214844196687	515.8695725215565	1.2226046331293974	92.9	4266.808742761612	6:11
92.2%	2305000	4610.000000021681	-5381911.566801356	182860.39402900264	-5199051.1727723535	302.81325876772604	516.0457931414526	1.2221871350135303	92.9	4276.064440011978	6:02
92.4%	2310000	4620.000000023719	-5381597.288546173	181725.56287163394	-5199871.725674539	300.9340004256519	516.0459353807312	1.2221867981384489	92.9	4285.24703836441	5:53
92.6%	2315000	4630.000000025756	-5382026.824267842	181300.25600324452	-5200726.568264597	300.229700517095	516.0562568696381	1.222162353540963	93	4294.38059592247	5:43
92.8%	2320000	4640.000000027793	-5380796.831127148	182151.42202160915	-5198645.409105539	301.6392149017817	516.0562568696381	1.222162353540963	93	4303.5417740345	5:34
93.0%	2325000	4650.0000000298305	-5380458.0278406255	181492.4657982286	-5198965.5620423965	300.5479962021463	516.2508821532588	1.22170160140879	93	4312.774995803833	5:25
93.2%	2330000	4660.000000031868	-5381800.674944164	180781.42923439757	-5201019.245709767	299.3705334708644	515.9557108652481	1.2224005203812107	93	4321.822718381882	5:16
93.4%	2335000	4670.000000033905	-5381935.705964909	181425.03790428568	-5200510.668060623	300.4363369201836	515.4794377183518	1.223529947667751	93	4331.045547485352	5:06
93.6%	2340000	4680.000000035942	-5381134.338152033	181063.19430743292	-5200071.143844601	299.83713095593396	515.5741176493619	1.2233052588653686	93	4340.194927453995	4:57
93.8%	2345000	4690.00000003798	-5381686.859775598	181512.5252869666	-5200174.334488631	300.58121432565645	516.1015221361808	1.2220551624122438	93	4349.4179010391235	4:48
94.0%	2350000	4700.000000040017	-5381028.308369354	181668.46894865652	-5199359.839420698	300.83945399877564	515.962302876098	1.222384902810996	93	4359.283083677292	4:38
94.2%	2355000	4710.000000042054	-5381420.344271375	181214.47730862006	-5200205.866962755	300.08765266583674	515.6613130594609	1.223098404868333	93	4368.539534330368	4:29
94.4%	2360000	4720.000000044091	-5380880.067039836	181850.88710333878	-5199029.1799364975	301.1415349177797	515.3456417699083	1.2238476050544227	93	4377.708385229111	4:20
94.6%	2365000	4730.000000046129	-5381440.642818864	183068.36349188443	-5198372.27932698	303.1576521565395	515.407285681922	1.2237012300298937	93	4386.8319981098175	4:10
94.8%	2370000	4740.000000048166	-5380655.477869518	180237.96302589893	-5200417.514843619	298.47056399141815	515.2918528537194	1.223975356804992	93	4395.985960960388	4:01
95.0%	2375000	4750.000000050203	-5381527.462107815	181031.89378909912	-5200495.568318715	299.7852979058735	515.2314647514892	1.2241188137831285	93	4405.218742132187	3:52
95.2%	2380000	4760.0000000522405	-5381465.884234672	182660.2738843894	-5198805.610350283	302.4818636974201	515.3647245293477	1.2238022888185103	93	4414.257685661316	3:43
95.4%	2385000	4770.000000054278	-5381261.361242566	181511.74367828728	-5199749.617564279	300.57991999687346	515.7748150428115	1.2228292484637613	93	4423.484651565552	3:33
95.6%	2390000	4780.000000056315	-5381541.976437193	180523.58015294618	-5201018.396284247	298.94354040306985	515.6840837458191	1.2230443974032197	93	4432.657807588577	3:24
95.8%	2395000	4790.000000058352	-5380110.754746411	181762.18980802267	-5198348.564938389	300.9946539204967	515.5106640660924	1.2234558340280532	93	4441.914229631424	3:15
96.0%	2400000	4800.0000000603895	-5382093.264156122	181119.67559283788	-5200973.588563284	299.9306628668963	515.2902949467535	1.2239790573205134	93	4451.7980036735535	3:05
96.2%	2405000	4810.000000062427	-5381224.449694064	181100.1978918874	-5200124.251802177	299.89840817265576	514.5443291995276	1.2257535331047542	93	4461.089172124863	2:56
96.4%	2410000	4820.000000064464	-5382686.611945118	179196.90292842378	-5203489.709016694	296.7465887021628	515.1204911153275	1.2243825286191767	93	4470.259540319443	2:47
96.6%	2415000	4830.000000066501	-5381623.025453102	180583.39432297522	-5201039.631130126	299.04259150619777	515.1204911153275	1.2243825286191767	93	4479.367756128311	2:37
96.8%	2420000	4840.000000068539	-5381407.68915849	181530.19681906508	-5199877.492339425	300.6104780393796	515.4099486780079	1.2236949074674472	93	4488.530759096146	2:28
97.0%	2425000	4850.000000070576	-5381284.532482369	179684.2513086084	-5201600.28117376	297.5536281485258	515.5682964076099	1.2233190711104156	93	4497.758479118347	2:19
97.2%	2430000	4860.000000072613	-5382813.979920208	181072.34733037668	-5201741.632589832	299.8522881840472	515.4876671661578	1.2235104147545801	93	4506.841197252274	2:10
97.4%	2435000	4870.00000007465	-5382021.613499627	180996.78597361056	-5201024.827526017	299.7271600457166	515.7333910362408	1.2229274668217416	93	4516.0627546310425	2:00
97.6%	2440000	4880.000000076688	-5381815.942725071	180452.60895845236	-5201363.333766619	298.82601348425607	515.6705698306471	1.2230764491028998	93	4525.213539838791	1:51
97.8%	2445000	4890.000000078725	-5380643.962233794	182028.04360348737	-5198615.918630307	301.4349026391321	515.6820226293229	1.2230492857585866	93	4534.471722841263	1:42
98.0%	2450000	4900.000000080762	-5380491.527913285	181750.94431124508	-5198740.58360204	300.97603159638015	515.7721439388879	1.2228355813067462	93	4544.359065055847	1:32
98.2%	2455000	4910.0000000827995	-5382959.507190514	180493.0213785012	-5202466.485812013	298.89293566647416	515.8783047404311	1.2225839382268295	93	4553.607581853867	1:23
98.4%	2460000	4920.000000084837	-5382550.40185046	183223.02904932547	-5199327.372801134	303.41377531386144	515.3645940271442	1.22380259871348	93	4562.768737077713	1:14
98.6%	2465000	4930.000000086874	-5381731.843331138	181122.68501881865	-5200609.158312319	299.93564641783473	515.3645940271442	1.22380259871348	93	4571.876171112061	1:05
98.8%	2470000	4940.000000088911	-5381662.305656418	181901.34110955766	-5199760.96454686	301.2250857715453	515.7841310835786	1.2228071618456524	93	4581.014721393585	0:55
99.0%	2475000	4950.000000090949	-5381530.960995277	180874.0133211621	-5200656.947674115	299.5238509192494	515.7841310835786	1.2228071618456524	93	4590.234646081924	0:46
99.2%	2480000	4960.000000092986	-5382292.768064324	181067.5169332194	-5201225.251131104	299.8442891402296	515.6345656375267	1.2231618504386692	93	4599.285623073578	0:37
99.4%	2485000	4970.000000095023	-5382273.301604858	181771.55602629323	-5200501.745578565	301.0101641959278	515.4998419350352	1.223481518612803	93	4608.511347293854	0:27
99.6%	2490000	4980.00000009706	-5382783.731791592	180915.87416691933	-5201867.857624673	299.5931716662916	515.7241505092047	1.2229493787184587	93	4617.657936096191	0:18
99.8%	2495000	4990.000000099098	-5381589.026225275	181509.01082578694	-5200080.015399489	300.57539444624365	515.7648288668897	1.222852924735027	93	4626.878710269928	0:09
100.0%	2500000	5000.000000101135	-5381566.572570999	181664.69115205074	-5199901.881418948	300.8331980410149	515.4439509372546	1.2236141840611354	93	4636.772188425064	0:00
